[2026-02-25T23:39:48.908-0500] {taskinstance.py:1979} INFO - Dependencies all met for dep_context=non-requeueable deps ti=<TaskInstance: tutorial.templated scheduled__2026-02-25T00:00:00+00:00 [queued]>
[2026-02-25T23:39:48.913-0500] {taskinstance.py:1979} INFO - Dependencies all met for dep_context=requeueable deps ti=<TaskInstance: tutorial.templated scheduled__2026-02-25T00:00:00+00:00 [queued]>
[2026-02-25T23:39:48.913-0500] {taskinstance.py:2193} INFO - Starting attempt 1 of 2
[2026-02-25T23:39:48.921-0500] {taskinstance.py:2217} INFO - Executing <Task(BashOperator): templated> on 2026-02-25 00:00:00+00:00
[2026-02-25T23:39:48.925-0500] {standard_task_runner.py:60} INFO - Started process 91667 to run task
[2026-02-25T23:39:48.931-0500] {standard_task_runner.py:87} INFO - Running: ['airflow', 'tasks', 'run', 'tutorial', 'templated', 'scheduled__2026-02-25T00:00:00+00:00', '--job-id', '11', '--raw', '--subdir', 'DAGS_FOLDER/test_dag.py', '--cfg-path', '/tmp/tmpuool4uw0']
[2026-02-25T23:39:48.935-0500] {standard_task_runner.py:88} INFO - Job 11: Subtask templated
[2026-02-25T23:39:48.979-0500] {task_command.py:423} INFO - Running <TaskInstance: tutorial.templated scheduled__2026-02-25T00:00:00+00:00 [running]> on host dawson-ubuntu
[2026-02-25T23:39:49.024-0500] {taskinstance.py:2513} INFO - Exporting env vars: AIRFLOW_CTX_DAG_EMAIL='airflow@example.com' AIRFLOW_CTX_DAG_OWNER='airflow' AIRFLOW_CTX_DAG_ID='tutorial' AIRFLOW_CTX_TASK_ID='templated' AIRFLOW_CTX_EXECUTION_DATE='2026-02-25T00:00:00+00:00' AIRFLOW_CTX_TRY_NUMBER='1' AIRFLOW_CTX_DAG_RUN_ID='scheduled__2026-02-25T00:00:00+00:00'
[2026-02-25T23:39:49.025-0500] {subprocess.py:63} INFO - Tmp dir root location: /tmp
[2026-02-25T23:39:49.026-0500] {subprocess.py:75} INFO - Running command: ['/usr/bin/bash', '-c', '\n\n    echo "2026-02-25"\n    echo "2026-03-04"\n\n    echo "2026-02-25"\n    echo "2026-03-04"\n\n    echo "2026-02-25"\n    echo "2026-03-04"\n\n    echo "2026-02-25"\n    echo "2026-03-04"\n\n    echo "2026-02-25"\n    echo "2026-03-04"\n']
[2026-02-25T23:39:49.035-0500] {subprocess.py:86} INFO - Output:
[2026-02-25T23:39:49.036-0500] {subprocess.py:93} INFO - 2026-02-25
[2026-02-25T23:39:49.037-0500] {subprocess.py:93} INFO - 2026-03-04
[2026-02-25T23:39:49.037-0500] {subprocess.py:93} INFO - 2026-02-25
[2026-02-25T23:39:49.037-0500] {subprocess.py:93} INFO - 2026-03-04
[2026-02-25T23:39:49.037-0500] {subprocess.py:93} INFO - 2026-02-25
[2026-02-25T23:39:49.037-0500] {subprocess.py:93} INFO - 2026-03-04
[2026-02-25T23:39:49.037-0500] {subprocess.py:93} INFO - 2026-02-25
[2026-02-25T23:39:49.037-0500] {subprocess.py:93} INFO - 2026-03-04
[2026-02-25T23:39:49.037-0500] {subprocess.py:93} INFO - 2026-02-25
[2026-02-25T23:39:49.037-0500] {subprocess.py:93} INFO - 2026-03-04
[2026-02-25T23:39:49.037-0500] {subprocess.py:97} INFO - Command exited with return code 0
[2026-02-25T23:39:49.066-0500] {taskinstance.py:1149} INFO - Marking task as SUCCESS. dag_id=tutorial, task_id=templated, execution_date=20260225T000000, start_date=20260226T043948, end_date=20260226T043949
[2026-02-25T23:39:49.104-0500] {local_task_job_runner.py:234} INFO - Task exited with return code 0
[2026-02-25T23:39:49.125-0500] {taskinstance.py:3312} INFO - 0 downstream tasks scheduled from follow-on schedule check
