[2026-02-25T23:39:57.571-0500] {taskinstance.py:1979} INFO - Dependencies all met for dep_context=non-requeueable deps ti=<TaskInstance: tutorial.templated manual__2026-02-26T04:39:37.172125+00:00 [queued]>
[2026-02-25T23:39:57.575-0500] {taskinstance.py:1979} INFO - Dependencies all met for dep_context=requeueable deps ti=<TaskInstance: tutorial.templated manual__2026-02-26T04:39:37.172125+00:00 [queued]>
[2026-02-25T23:39:57.575-0500] {taskinstance.py:2193} INFO - Starting attempt 1 of 2
[2026-02-25T23:39:57.584-0500] {taskinstance.py:2217} INFO - Executing <Task(BashOperator): templated> on 2026-02-26 04:39:37.172125+00:00
[2026-02-25T23:39:57.588-0500] {standard_task_runner.py:60} INFO - Started process 91681 to run task
[2026-02-25T23:39:57.594-0500] {standard_task_runner.py:87} INFO - Running: ['airflow', 'tasks', 'run', 'tutorial', 'templated', 'manual__2026-02-26T04:39:37.172125+00:00', '--job-id', '13', '--raw', '--subdir', 'DAGS_FOLDER/test_dag.py', '--cfg-path', '/tmp/tmp2cxypzun']
[2026-02-25T23:39:57.597-0500] {standard_task_runner.py:88} INFO - Job 13: Subtask templated
[2026-02-25T23:39:57.638-0500] {task_command.py:423} INFO - Running <TaskInstance: tutorial.templated manual__2026-02-26T04:39:37.172125+00:00 [running]> on host dawson-ubuntu
[2026-02-25T23:39:57.689-0500] {taskinstance.py:2513} INFO - Exporting env vars: AIRFLOW_CTX_DAG_EMAIL='airflow@example.com' AIRFLOW_CTX_DAG_OWNER='airflow' AIRFLOW_CTX_DAG_ID='tutorial' AIRFLOW_CTX_TASK_ID='templated' AIRFLOW_CTX_EXECUTION_DATE='2026-02-26T04:39:37.172125+00:00' AIRFLOW_CTX_TRY_NUMBER='1' AIRFLOW_CTX_DAG_RUN_ID='manual__2026-02-26T04:39:37.172125+00:00'
[2026-02-25T23:39:57.690-0500] {subprocess.py:63} INFO - Tmp dir root location: /tmp
[2026-02-25T23:39:57.691-0500] {subprocess.py:75} INFO - Running command: ['/usr/bin/bash', '-c', '\n\n    echo "2026-02-26"\n    echo "2026-03-05"\n\n    echo "2026-02-26"\n    echo "2026-03-05"\n\n    echo "2026-02-26"\n    echo "2026-03-05"\n\n    echo "2026-02-26"\n    echo "2026-03-05"\n\n    echo "2026-02-26"\n    echo "2026-03-05"\n']
[2026-02-25T23:39:57.701-0500] {subprocess.py:86} INFO - Output:
[2026-02-25T23:39:57.703-0500] {subprocess.py:93} INFO - 2026-02-26
[2026-02-25T23:39:57.703-0500] {subprocess.py:93} INFO - 2026-03-05
[2026-02-25T23:39:57.703-0500] {subprocess.py:93} INFO - 2026-02-26
[2026-02-25T23:39:57.703-0500] {subprocess.py:93} INFO - 2026-03-05
[2026-02-25T23:39:57.703-0500] {subprocess.py:93} INFO - 2026-02-26
[2026-02-25T23:39:57.703-0500] {subprocess.py:93} INFO - 2026-03-05
[2026-02-25T23:39:57.703-0500] {subprocess.py:93} INFO - 2026-02-26
[2026-02-25T23:39:57.703-0500] {subprocess.py:93} INFO - 2026-03-05
[2026-02-25T23:39:57.703-0500] {subprocess.py:93} INFO - 2026-02-26
[2026-02-25T23:39:57.703-0500] {subprocess.py:93} INFO - 2026-03-05
[2026-02-25T23:39:57.704-0500] {subprocess.py:97} INFO - Command exited with return code 0
[2026-02-25T23:39:57.730-0500] {taskinstance.py:1149} INFO - Marking task as SUCCESS. dag_id=tutorial, task_id=templated, execution_date=20260226T043937, start_date=20260226T043957, end_date=20260226T043957
[2026-02-25T23:39:57.767-0500] {local_task_job_runner.py:234} INFO - Task exited with return code 0
[2026-02-25T23:39:57.788-0500] {taskinstance.py:3312} INFO - 0 downstream tasks scheduled from follow-on schedule check
