[2026-02-25T23:28:45.251-0500] {processor.py:161} INFO - Started process (PID=90273) to work on /home/dawson/miniconda3/envs/snc_dev/lib/python3.9/site-packages/airflow/example_dags/plugins/event_listener.py
[2026-02-25T23:28:45.252-0500] {processor.py:830} INFO - Processing file /home/dawson/miniconda3/envs/snc_dev/lib/python3.9/site-packages/airflow/example_dags/plugins/event_listener.py for tasks to queue
[2026-02-25T23:28:45.253-0500] {logging_mixin.py:188} INFO - [2026-02-25T23:28:45.253-0500] {dagbag.py:540} INFO - Filling up the DagBag from /home/dawson/miniconda3/envs/snc_dev/lib/python3.9/site-packages/airflow/example_dags/plugins/event_listener.py
[2026-02-25T23:28:45.257-0500] {processor.py:842} WARNING - No viable dags retrieved from /home/dawson/miniconda3/envs/snc_dev/lib/python3.9/site-packages/airflow/example_dags/plugins/event_listener.py
[2026-02-25T23:28:45.274-0500] {processor.py:183} INFO - Processing /home/dawson/miniconda3/envs/snc_dev/lib/python3.9/site-packages/airflow/example_dags/plugins/event_listener.py took 0.029 seconds
[2026-02-25T23:29:33.468-0500] {processor.py:161} INFO - Started process (PID=90420) to work on /home/dawson/miniconda3/envs/snc_dev/lib/python3.9/site-packages/airflow/example_dags/plugins/event_listener.py
[2026-02-25T23:29:33.471-0500] {processor.py:830} INFO - Processing file /home/dawson/miniconda3/envs/snc_dev/lib/python3.9/site-packages/airflow/example_dags/plugins/event_listener.py for tasks to queue
[2026-02-25T23:29:33.473-0500] {logging_mixin.py:188} INFO - [2026-02-25T23:29:33.472-0500] {dagbag.py:540} INFO - Filling up the DagBag from /home/dawson/miniconda3/envs/snc_dev/lib/python3.9/site-packages/airflow/example_dags/plugins/event_listener.py
[2026-02-25T23:29:33.477-0500] {processor.py:842} WARNING - No viable dags retrieved from /home/dawson/miniconda3/envs/snc_dev/lib/python3.9/site-packages/airflow/example_dags/plugins/event_listener.py
[2026-02-25T23:29:33.493-0500] {processor.py:183} INFO - Processing /home/dawson/miniconda3/envs/snc_dev/lib/python3.9/site-packages/airflow/example_dags/plugins/event_listener.py took 0.030 seconds
[2026-02-25T23:30:18.943-0500] {processor.py:161} INFO - Started process (PID=90534) to work on /home/dawson/miniconda3/envs/snc_dev/lib/python3.9/site-packages/airflow/example_dags/plugins/event_listener.py
[2026-02-25T23:30:18.945-0500] {processor.py:830} INFO - Processing file /home/dawson/miniconda3/envs/snc_dev/lib/python3.9/site-packages/airflow/example_dags/plugins/event_listener.py for tasks to queue
[2026-02-25T23:30:18.946-0500] {logging_mixin.py:188} INFO - [2026-02-25T23:30:18.946-0500] {dagbag.py:540} INFO - Filling up the DagBag from /home/dawson/miniconda3/envs/snc_dev/lib/python3.9/site-packages/airflow/example_dags/plugins/event_listener.py
[2026-02-25T23:30:18.950-0500] {processor.py:842} WARNING - No viable dags retrieved from /home/dawson/miniconda3/envs/snc_dev/lib/python3.9/site-packages/airflow/example_dags/plugins/event_listener.py
[2026-02-25T23:30:18.968-0500] {processor.py:183} INFO - Processing /home/dawson/miniconda3/envs/snc_dev/lib/python3.9/site-packages/airflow/example_dags/plugins/event_listener.py took 0.032 seconds
[2026-02-25T23:30:52.597-0500] {processor.py:161} INFO - Started process (PID=90583) to work on /home/dawson/miniconda3/envs/snc_dev/lib/python3.9/site-packages/airflow/example_dags/plugins/event_listener.py
[2026-02-25T23:30:52.599-0500] {processor.py:830} INFO - Processing file /home/dawson/miniconda3/envs/snc_dev/lib/python3.9/site-packages/airflow/example_dags/plugins/event_listener.py for tasks to queue
[2026-02-25T23:30:52.600-0500] {logging_mixin.py:188} INFO - [2026-02-25T23:30:52.599-0500] {dagbag.py:540} INFO - Filling up the DagBag from /home/dawson/miniconda3/envs/snc_dev/lib/python3.9/site-packages/airflow/example_dags/plugins/event_listener.py
[2026-02-25T23:30:52.604-0500] {processor.py:842} WARNING - No viable dags retrieved from /home/dawson/miniconda3/envs/snc_dev/lib/python3.9/site-packages/airflow/example_dags/plugins/event_listener.py
[2026-02-25T23:30:52.621-0500] {processor.py:183} INFO - Processing /home/dawson/miniconda3/envs/snc_dev/lib/python3.9/site-packages/airflow/example_dags/plugins/event_listener.py took 0.030 seconds
[2026-02-25T23:31:33.733-0500] {processor.py:161} INFO - Started process (PID=90644) to work on /home/dawson/miniconda3/envs/snc_dev/lib/python3.9/site-packages/airflow/example_dags/plugins/event_listener.py
[2026-02-25T23:31:33.736-0500] {processor.py:830} INFO - Processing file /home/dawson/miniconda3/envs/snc_dev/lib/python3.9/site-packages/airflow/example_dags/plugins/event_listener.py for tasks to queue
[2026-02-25T23:31:33.737-0500] {logging_mixin.py:188} INFO - [2026-02-25T23:31:33.736-0500] {dagbag.py:540} INFO - Filling up the DagBag from /home/dawson/miniconda3/envs/snc_dev/lib/python3.9/site-packages/airflow/example_dags/plugins/event_listener.py
[2026-02-25T23:31:33.741-0500] {processor.py:842} WARNING - No viable dags retrieved from /home/dawson/miniconda3/envs/snc_dev/lib/python3.9/site-packages/airflow/example_dags/plugins/event_listener.py
[2026-02-25T23:31:33.759-0500] {processor.py:183} INFO - Processing /home/dawson/miniconda3/envs/snc_dev/lib/python3.9/site-packages/airflow/example_dags/plugins/event_listener.py took 0.033 seconds
[2026-02-25T23:32:07.614-0500] {processor.py:161} INFO - Started process (PID=91214) to work on /home/dawson/miniconda3/envs/snc_dev/lib/python3.9/site-packages/airflow/example_dags/plugins/event_listener.py
[2026-02-25T23:32:07.616-0500] {processor.py:830} INFO - Processing file /home/dawson/miniconda3/envs/snc_dev/lib/python3.9/site-packages/airflow/example_dags/plugins/event_listener.py for tasks to queue
[2026-02-25T23:32:07.617-0500] {logging_mixin.py:188} INFO - [2026-02-25T23:32:07.616-0500] {dagbag.py:540} INFO - Filling up the DagBag from /home/dawson/miniconda3/envs/snc_dev/lib/python3.9/site-packages/airflow/example_dags/plugins/event_listener.py
[2026-02-25T23:32:07.623-0500] {processor.py:842} WARNING - No viable dags retrieved from /home/dawson/miniconda3/envs/snc_dev/lib/python3.9/site-packages/airflow/example_dags/plugins/event_listener.py
[2026-02-25T23:32:07.637-0500] {processor.py:183} INFO - Processing /home/dawson/miniconda3/envs/snc_dev/lib/python3.9/site-packages/airflow/example_dags/plugins/event_listener.py took 0.029 seconds
[2026-02-25T23:32:41.824-0500] {processor.py:161} INFO - Started process (PID=91275) to work on /home/dawson/miniconda3/envs/snc_dev/lib/python3.9/site-packages/airflow/example_dags/plugins/event_listener.py
[2026-02-25T23:32:41.826-0500] {processor.py:830} INFO - Processing file /home/dawson/miniconda3/envs/snc_dev/lib/python3.9/site-packages/airflow/example_dags/plugins/event_listener.py for tasks to queue
[2026-02-25T23:32:41.827-0500] {logging_mixin.py:188} INFO - [2026-02-25T23:32:41.826-0500] {dagbag.py:540} INFO - Filling up the DagBag from /home/dawson/miniconda3/envs/snc_dev/lib/python3.9/site-packages/airflow/example_dags/plugins/event_listener.py
[2026-02-25T23:32:41.831-0500] {processor.py:842} WARNING - No viable dags retrieved from /home/dawson/miniconda3/envs/snc_dev/lib/python3.9/site-packages/airflow/example_dags/plugins/event_listener.py
[2026-02-25T23:32:41.848-0500] {processor.py:183} INFO - Processing /home/dawson/miniconda3/envs/snc_dev/lib/python3.9/site-packages/airflow/example_dags/plugins/event_listener.py took 0.031 seconds
[2026-02-25T23:33:29.930-0500] {processor.py:161} INFO - Started process (PID=91342) to work on /home/dawson/miniconda3/envs/snc_dev/lib/python3.9/site-packages/airflow/example_dags/plugins/event_listener.py
[2026-02-25T23:33:29.933-0500] {processor.py:830} INFO - Processing file /home/dawson/miniconda3/envs/snc_dev/lib/python3.9/site-packages/airflow/example_dags/plugins/event_listener.py for tasks to queue
[2026-02-25T23:33:29.935-0500] {logging_mixin.py:188} INFO - [2026-02-25T23:33:29.934-0500] {dagbag.py:540} INFO - Filling up the DagBag from /home/dawson/miniconda3/envs/snc_dev/lib/python3.9/site-packages/airflow/example_dags/plugins/event_listener.py
[2026-02-25T23:33:29.939-0500] {processor.py:842} WARNING - No viable dags retrieved from /home/dawson/miniconda3/envs/snc_dev/lib/python3.9/site-packages/airflow/example_dags/plugins/event_listener.py
[2026-02-25T23:33:29.954-0500] {processor.py:183} INFO - Processing /home/dawson/miniconda3/envs/snc_dev/lib/python3.9/site-packages/airflow/example_dags/plugins/event_listener.py took 0.032 seconds
[2026-02-25T23:34:03.259-0500] {processor.py:161} INFO - Started process (PID=91387) to work on /home/dawson/miniconda3/envs/snc_dev/lib/python3.9/site-packages/airflow/example_dags/plugins/event_listener.py
[2026-02-25T23:34:03.261-0500] {processor.py:830} INFO - Processing file /home/dawson/miniconda3/envs/snc_dev/lib/python3.9/site-packages/airflow/example_dags/plugins/event_listener.py for tasks to queue
[2026-02-25T23:34:03.263-0500] {logging_mixin.py:188} INFO - [2026-02-25T23:34:03.262-0500] {dagbag.py:540} INFO - Filling up the DagBag from /home/dawson/miniconda3/envs/snc_dev/lib/python3.9/site-packages/airflow/example_dags/plugins/event_listener.py
[2026-02-25T23:34:03.267-0500] {processor.py:842} WARNING - No viable dags retrieved from /home/dawson/miniconda3/envs/snc_dev/lib/python3.9/site-packages/airflow/example_dags/plugins/event_listener.py
[2026-02-25T23:34:03.283-0500] {processor.py:183} INFO - Processing /home/dawson/miniconda3/envs/snc_dev/lib/python3.9/site-packages/airflow/example_dags/plugins/event_listener.py took 0.030 seconds
[2026-02-25T23:34:37.032-0500] {processor.py:161} INFO - Started process (PID=91432) to work on /home/dawson/miniconda3/envs/snc_dev/lib/python3.9/site-packages/airflow/example_dags/plugins/event_listener.py
[2026-02-25T23:34:37.033-0500] {processor.py:830} INFO - Processing file /home/dawson/miniconda3/envs/snc_dev/lib/python3.9/site-packages/airflow/example_dags/plugins/event_listener.py for tasks to queue
[2026-02-25T23:34:37.035-0500] {logging_mixin.py:188} INFO - [2026-02-25T23:34:37.034-0500] {dagbag.py:540} INFO - Filling up the DagBag from /home/dawson/miniconda3/envs/snc_dev/lib/python3.9/site-packages/airflow/example_dags/plugins/event_listener.py
[2026-02-25T23:34:37.039-0500] {processor.py:842} WARNING - No viable dags retrieved from /home/dawson/miniconda3/envs/snc_dev/lib/python3.9/site-packages/airflow/example_dags/plugins/event_listener.py
[2026-02-25T23:34:37.056-0500] {processor.py:183} INFO - Processing /home/dawson/miniconda3/envs/snc_dev/lib/python3.9/site-packages/airflow/example_dags/plugins/event_listener.py took 0.030 seconds
