[2026-02-25T23:28:44.068-0500] {processor.py:161} INFO - Started process (PID=90268) to work on /home/dawson/miniconda3/envs/snc_dev/lib/python3.9/site-packages/airflow/example_dags/plugins/listener_plugin.py
[2026-02-25T23:28:44.069-0500] {processor.py:830} INFO - Processing file /home/dawson/miniconda3/envs/snc_dev/lib/python3.9/site-packages/airflow/example_dags/plugins/listener_plugin.py for tasks to queue
[2026-02-25T23:28:44.071-0500] {logging_mixin.py:188} INFO - [2026-02-25T23:28:44.070-0500] {dagbag.py:540} INFO - Filling up the DagBag from /home/dawson/miniconda3/envs/snc_dev/lib/python3.9/site-packages/airflow/example_dags/plugins/listener_plugin.py
[2026-02-25T23:28:44.075-0500] {processor.py:842} WARNING - No viable dags retrieved from /home/dawson/miniconda3/envs/snc_dev/lib/python3.9/site-packages/airflow/example_dags/plugins/listener_plugin.py
[2026-02-25T23:28:44.147-0500] {processor.py:183} INFO - Processing /home/dawson/miniconda3/envs/snc_dev/lib/python3.9/site-packages/airflow/example_dags/plugins/listener_plugin.py took 0.085 seconds
[2026-02-25T23:29:32.322-0500] {processor.py:161} INFO - Started process (PID=90419) to work on /home/dawson/miniconda3/envs/snc_dev/lib/python3.9/site-packages/airflow/example_dags/plugins/listener_plugin.py
[2026-02-25T23:29:32.326-0500] {processor.py:830} INFO - Processing file /home/dawson/miniconda3/envs/snc_dev/lib/python3.9/site-packages/airflow/example_dags/plugins/listener_plugin.py for tasks to queue
[2026-02-25T23:29:32.328-0500] {logging_mixin.py:188} INFO - [2026-02-25T23:29:32.327-0500] {dagbag.py:540} INFO - Filling up the DagBag from /home/dawson/miniconda3/envs/snc_dev/lib/python3.9/site-packages/airflow/example_dags/plugins/listener_plugin.py
[2026-02-25T23:29:32.332-0500] {processor.py:842} WARNING - No viable dags retrieved from /home/dawson/miniconda3/envs/snc_dev/lib/python3.9/site-packages/airflow/example_dags/plugins/listener_plugin.py
[2026-02-25T23:29:32.349-0500] {processor.py:183} INFO - Processing /home/dawson/miniconda3/envs/snc_dev/lib/python3.9/site-packages/airflow/example_dags/plugins/listener_plugin.py took 0.032 seconds
[2026-02-25T23:30:17.793-0500] {processor.py:161} INFO - Started process (PID=90533) to work on /home/dawson/miniconda3/envs/snc_dev/lib/python3.9/site-packages/airflow/example_dags/plugins/listener_plugin.py
[2026-02-25T23:30:17.795-0500] {processor.py:830} INFO - Processing file /home/dawson/miniconda3/envs/snc_dev/lib/python3.9/site-packages/airflow/example_dags/plugins/listener_plugin.py for tasks to queue
[2026-02-25T23:30:17.797-0500] {logging_mixin.py:188} INFO - [2026-02-25T23:30:17.796-0500] {dagbag.py:540} INFO - Filling up the DagBag from /home/dawson/miniconda3/envs/snc_dev/lib/python3.9/site-packages/airflow/example_dags/plugins/listener_plugin.py
[2026-02-25T23:30:17.801-0500] {processor.py:842} WARNING - No viable dags retrieved from /home/dawson/miniconda3/envs/snc_dev/lib/python3.9/site-packages/airflow/example_dags/plugins/listener_plugin.py
[2026-02-25T23:30:17.818-0500] {processor.py:183} INFO - Processing /home/dawson/miniconda3/envs/snc_dev/lib/python3.9/site-packages/airflow/example_dags/plugins/listener_plugin.py took 0.032 seconds
[2026-02-25T23:30:51.433-0500] {processor.py:161} INFO - Started process (PID=90581) to work on /home/dawson/miniconda3/envs/snc_dev/lib/python3.9/site-packages/airflow/example_dags/plugins/listener_plugin.py
[2026-02-25T23:30:51.435-0500] {processor.py:830} INFO - Processing file /home/dawson/miniconda3/envs/snc_dev/lib/python3.9/site-packages/airflow/example_dags/plugins/listener_plugin.py for tasks to queue
[2026-02-25T23:30:51.436-0500] {logging_mixin.py:188} INFO - [2026-02-25T23:30:51.435-0500] {dagbag.py:540} INFO - Filling up the DagBag from /home/dawson/miniconda3/envs/snc_dev/lib/python3.9/site-packages/airflow/example_dags/plugins/listener_plugin.py
[2026-02-25T23:30:51.442-0500] {processor.py:842} WARNING - No viable dags retrieved from /home/dawson/miniconda3/envs/snc_dev/lib/python3.9/site-packages/airflow/example_dags/plugins/listener_plugin.py
[2026-02-25T23:30:51.462-0500] {processor.py:183} INFO - Processing /home/dawson/miniconda3/envs/snc_dev/lib/python3.9/site-packages/airflow/example_dags/plugins/listener_plugin.py took 0.035 seconds
[2026-02-25T23:31:32.587-0500] {processor.py:161} INFO - Started process (PID=90643) to work on /home/dawson/miniconda3/envs/snc_dev/lib/python3.9/site-packages/airflow/example_dags/plugins/listener_plugin.py
[2026-02-25T23:31:32.589-0500] {processor.py:830} INFO - Processing file /home/dawson/miniconda3/envs/snc_dev/lib/python3.9/site-packages/airflow/example_dags/plugins/listener_plugin.py for tasks to queue
[2026-02-25T23:31:32.591-0500] {logging_mixin.py:188} INFO - [2026-02-25T23:31:32.590-0500] {dagbag.py:540} INFO - Filling up the DagBag from /home/dawson/miniconda3/envs/snc_dev/lib/python3.9/site-packages/airflow/example_dags/plugins/listener_plugin.py
[2026-02-25T23:31:32.595-0500] {processor.py:842} WARNING - No viable dags retrieved from /home/dawson/miniconda3/envs/snc_dev/lib/python3.9/site-packages/airflow/example_dags/plugins/listener_plugin.py
[2026-02-25T23:31:32.612-0500] {processor.py:183} INFO - Processing /home/dawson/miniconda3/envs/snc_dev/lib/python3.9/site-packages/airflow/example_dags/plugins/listener_plugin.py took 0.031 seconds
[2026-02-25T23:32:06.464-0500] {processor.py:161} INFO - Started process (PID=91213) to work on /home/dawson/miniconda3/envs/snc_dev/lib/python3.9/site-packages/airflow/example_dags/plugins/listener_plugin.py
[2026-02-25T23:32:06.466-0500] {processor.py:830} INFO - Processing file /home/dawson/miniconda3/envs/snc_dev/lib/python3.9/site-packages/airflow/example_dags/plugins/listener_plugin.py for tasks to queue
[2026-02-25T23:32:06.467-0500] {logging_mixin.py:188} INFO - [2026-02-25T23:32:06.466-0500] {dagbag.py:540} INFO - Filling up the DagBag from /home/dawson/miniconda3/envs/snc_dev/lib/python3.9/site-packages/airflow/example_dags/plugins/listener_plugin.py
[2026-02-25T23:32:06.471-0500] {processor.py:842} WARNING - No viable dags retrieved from /home/dawson/miniconda3/envs/snc_dev/lib/python3.9/site-packages/airflow/example_dags/plugins/listener_plugin.py
[2026-02-25T23:32:06.487-0500] {processor.py:183} INFO - Processing /home/dawson/miniconda3/envs/snc_dev/lib/python3.9/site-packages/airflow/example_dags/plugins/listener_plugin.py took 0.028 seconds
[2026-02-25T23:32:40.830-0500] {processor.py:161} INFO - Started process (PID=91272) to work on /home/dawson/miniconda3/envs/snc_dev/lib/python3.9/site-packages/airflow/example_dags/plugins/listener_plugin.py
[2026-02-25T23:32:40.832-0500] {processor.py:830} INFO - Processing file /home/dawson/miniconda3/envs/snc_dev/lib/python3.9/site-packages/airflow/example_dags/plugins/listener_plugin.py for tasks to queue
[2026-02-25T23:32:40.834-0500] {logging_mixin.py:188} INFO - [2026-02-25T23:32:40.833-0500] {dagbag.py:540} INFO - Filling up the DagBag from /home/dawson/miniconda3/envs/snc_dev/lib/python3.9/site-packages/airflow/example_dags/plugins/listener_plugin.py
[2026-02-25T23:32:40.838-0500] {processor.py:842} WARNING - No viable dags retrieved from /home/dawson/miniconda3/envs/snc_dev/lib/python3.9/site-packages/airflow/example_dags/plugins/listener_plugin.py
[2026-02-25T23:32:40.854-0500] {processor.py:183} INFO - Processing /home/dawson/miniconda3/envs/snc_dev/lib/python3.9/site-packages/airflow/example_dags/plugins/listener_plugin.py took 0.030 seconds
[2026-02-25T23:33:13.931-0500] {processor.py:161} INFO - Started process (PID=91322) to work on /home/dawson/miniconda3/envs/snc_dev/lib/python3.9/site-packages/airflow/example_dags/plugins/listener_plugin.py
[2026-02-25T23:33:13.933-0500] {processor.py:830} INFO - Processing file /home/dawson/miniconda3/envs/snc_dev/lib/python3.9/site-packages/airflow/example_dags/plugins/listener_plugin.py for tasks to queue
[2026-02-25T23:33:13.934-0500] {logging_mixin.py:188} INFO - [2026-02-25T23:33:13.934-0500] {dagbag.py:540} INFO - Filling up the DagBag from /home/dawson/miniconda3/envs/snc_dev/lib/python3.9/site-packages/airflow/example_dags/plugins/listener_plugin.py
[2026-02-25T23:33:13.939-0500] {processor.py:842} WARNING - No viable dags retrieved from /home/dawson/miniconda3/envs/snc_dev/lib/python3.9/site-packages/airflow/example_dags/plugins/listener_plugin.py
[2026-02-25T23:33:13.955-0500] {processor.py:183} INFO - Processing /home/dawson/miniconda3/envs/snc_dev/lib/python3.9/site-packages/airflow/example_dags/plugins/listener_plugin.py took 0.030 seconds
[2026-02-25T23:33:47.920-0500] {processor.py:161} INFO - Started process (PID=91366) to work on /home/dawson/miniconda3/envs/snc_dev/lib/python3.9/site-packages/airflow/example_dags/plugins/listener_plugin.py
[2026-02-25T23:33:47.922-0500] {processor.py:830} INFO - Processing file /home/dawson/miniconda3/envs/snc_dev/lib/python3.9/site-packages/airflow/example_dags/plugins/listener_plugin.py for tasks to queue
[2026-02-25T23:33:47.923-0500] {logging_mixin.py:188} INFO - [2026-02-25T23:33:47.923-0500] {dagbag.py:540} INFO - Filling up the DagBag from /home/dawson/miniconda3/envs/snc_dev/lib/python3.9/site-packages/airflow/example_dags/plugins/listener_plugin.py
[2026-02-25T23:33:47.928-0500] {processor.py:842} WARNING - No viable dags retrieved from /home/dawson/miniconda3/envs/snc_dev/lib/python3.9/site-packages/airflow/example_dags/plugins/listener_plugin.py
[2026-02-25T23:33:47.949-0500] {processor.py:183} INFO - Processing /home/dawson/miniconda3/envs/snc_dev/lib/python3.9/site-packages/airflow/example_dags/plugins/listener_plugin.py took 0.035 seconds
[2026-02-25T23:34:20.599-0500] {processor.py:161} INFO - Started process (PID=91411) to work on /home/dawson/miniconda3/envs/snc_dev/lib/python3.9/site-packages/airflow/example_dags/plugins/listener_plugin.py
[2026-02-25T23:34:20.600-0500] {processor.py:830} INFO - Processing file /home/dawson/miniconda3/envs/snc_dev/lib/python3.9/site-packages/airflow/example_dags/plugins/listener_plugin.py for tasks to queue
[2026-02-25T23:34:20.602-0500] {logging_mixin.py:188} INFO - [2026-02-25T23:34:20.601-0500] {dagbag.py:540} INFO - Filling up the DagBag from /home/dawson/miniconda3/envs/snc_dev/lib/python3.9/site-packages/airflow/example_dags/plugins/listener_plugin.py
[2026-02-25T23:34:20.606-0500] {processor.py:842} WARNING - No viable dags retrieved from /home/dawson/miniconda3/envs/snc_dev/lib/python3.9/site-packages/airflow/example_dags/plugins/listener_plugin.py
[2026-02-25T23:34:20.623-0500] {processor.py:183} INFO - Processing /home/dawson/miniconda3/envs/snc_dev/lib/python3.9/site-packages/airflow/example_dags/plugins/listener_plugin.py took 0.030 seconds
[2026-02-25T23:34:55.282-0500] {processor.py:161} INFO - Started process (PID=91461) to work on /home/dawson/miniconda3/envs/snc_dev/lib/python3.9/site-packages/airflow/example_dags/plugins/listener_plugin.py
[2026-02-25T23:34:55.284-0500] {processor.py:830} INFO - Processing file /home/dawson/miniconda3/envs/snc_dev/lib/python3.9/site-packages/airflow/example_dags/plugins/listener_plugin.py for tasks to queue
[2026-02-25T23:34:55.285-0500] {logging_mixin.py:188} INFO - [2026-02-25T23:34:55.284-0500] {dagbag.py:540} INFO - Filling up the DagBag from /home/dawson/miniconda3/envs/snc_dev/lib/python3.9/site-packages/airflow/example_dags/plugins/listener_plugin.py
[2026-02-25T23:34:55.290-0500] {processor.py:842} WARNING - No viable dags retrieved from /home/dawson/miniconda3/envs/snc_dev/lib/python3.9/site-packages/airflow/example_dags/plugins/listener_plugin.py
[2026-02-25T23:34:55.306-0500] {processor.py:183} INFO - Processing /home/dawson/miniconda3/envs/snc_dev/lib/python3.9/site-packages/airflow/example_dags/plugins/listener_plugin.py took 0.031 seconds
