[2026-02-25T23:28:41.723-0500] {processor.py:161} INFO - Started process (PID=90264) to work on /home/dawson/miniconda3/envs/snc_dev/lib/python3.9/site-packages/airflow/example_dags/subdags/subdag.py
[2026-02-25T23:28:41.724-0500] {processor.py:830} INFO - Processing file /home/dawson/miniconda3/envs/snc_dev/lib/python3.9/site-packages/airflow/example_dags/subdags/subdag.py for tasks to queue
[2026-02-25T23:28:41.725-0500] {logging_mixin.py:188} INFO - [2026-02-25T23:28:41.725-0500] {dagbag.py:540} INFO - Filling up the DagBag from /home/dawson/miniconda3/envs/snc_dev/lib/python3.9/site-packages/airflow/example_dags/subdags/subdag.py
[2026-02-25T23:28:41.729-0500] {processor.py:842} WARNING - No viable dags retrieved from /home/dawson/miniconda3/envs/snc_dev/lib/python3.9/site-packages/airflow/example_dags/subdags/subdag.py
[2026-02-25T23:28:41.752-0500] {processor.py:183} INFO - Processing /home/dawson/miniconda3/envs/snc_dev/lib/python3.9/site-packages/airflow/example_dags/subdags/subdag.py took 0.035 seconds
[2026-02-25T23:29:30.878-0500] {processor.py:161} INFO - Started process (PID=90413) to work on /home/dawson/miniconda3/envs/snc_dev/lib/python3.9/site-packages/airflow/example_dags/subdags/subdag.py
[2026-02-25T23:29:30.880-0500] {processor.py:830} INFO - Processing file /home/dawson/miniconda3/envs/snc_dev/lib/python3.9/site-packages/airflow/example_dags/subdags/subdag.py for tasks to queue
[2026-02-25T23:29:30.881-0500] {logging_mixin.py:188} INFO - [2026-02-25T23:29:30.881-0500] {dagbag.py:540} INFO - Filling up the DagBag from /home/dawson/miniconda3/envs/snc_dev/lib/python3.9/site-packages/airflow/example_dags/subdags/subdag.py
[2026-02-25T23:29:30.885-0500] {processor.py:842} WARNING - No viable dags retrieved from /home/dawson/miniconda3/envs/snc_dev/lib/python3.9/site-packages/airflow/example_dags/subdags/subdag.py
[2026-02-25T23:29:30.907-0500] {processor.py:183} INFO - Processing /home/dawson/miniconda3/envs/snc_dev/lib/python3.9/site-packages/airflow/example_dags/subdags/subdag.py took 0.035 seconds
[2026-02-25T23:30:15.500-0500] {processor.py:161} INFO - Started process (PID=90529) to work on /home/dawson/miniconda3/envs/snc_dev/lib/python3.9/site-packages/airflow/example_dags/subdags/subdag.py
[2026-02-25T23:30:15.502-0500] {processor.py:830} INFO - Processing file /home/dawson/miniconda3/envs/snc_dev/lib/python3.9/site-packages/airflow/example_dags/subdags/subdag.py for tasks to queue
[2026-02-25T23:30:15.503-0500] {logging_mixin.py:188} INFO - [2026-02-25T23:30:15.502-0500] {dagbag.py:540} INFO - Filling up the DagBag from /home/dawson/miniconda3/envs/snc_dev/lib/python3.9/site-packages/airflow/example_dags/subdags/subdag.py
[2026-02-25T23:30:15.507-0500] {processor.py:842} WARNING - No viable dags retrieved from /home/dawson/miniconda3/envs/snc_dev/lib/python3.9/site-packages/airflow/example_dags/subdags/subdag.py
[2026-02-25T23:30:15.525-0500] {processor.py:183} INFO - Processing /home/dawson/miniconda3/envs/snc_dev/lib/python3.9/site-packages/airflow/example_dags/subdags/subdag.py took 0.031 seconds
[2026-02-25T23:30:49.823-0500] {processor.py:161} INFO - Started process (PID=90578) to work on /home/dawson/miniconda3/envs/snc_dev/lib/python3.9/site-packages/airflow/example_dags/subdags/subdag.py
[2026-02-25T23:30:49.825-0500] {processor.py:830} INFO - Processing file /home/dawson/miniconda3/envs/snc_dev/lib/python3.9/site-packages/airflow/example_dags/subdags/subdag.py for tasks to queue
[2026-02-25T23:30:49.826-0500] {logging_mixin.py:188} INFO - [2026-02-25T23:30:49.826-0500] {dagbag.py:540} INFO - Filling up the DagBag from /home/dawson/miniconda3/envs/snc_dev/lib/python3.9/site-packages/airflow/example_dags/subdags/subdag.py
[2026-02-25T23:30:49.830-0500] {processor.py:842} WARNING - No viable dags retrieved from /home/dawson/miniconda3/envs/snc_dev/lib/python3.9/site-packages/airflow/example_dags/subdags/subdag.py
[2026-02-25T23:30:49.848-0500] {processor.py:183} INFO - Processing /home/dawson/miniconda3/envs/snc_dev/lib/python3.9/site-packages/airflow/example_dags/subdags/subdag.py took 0.032 seconds
[2026-02-25T23:31:30.974-0500] {processor.py:161} INFO - Started process (PID=90640) to work on /home/dawson/miniconda3/envs/snc_dev/lib/python3.9/site-packages/airflow/example_dags/subdags/subdag.py
[2026-02-25T23:31:30.976-0500] {processor.py:830} INFO - Processing file /home/dawson/miniconda3/envs/snc_dev/lib/python3.9/site-packages/airflow/example_dags/subdags/subdag.py for tasks to queue
[2026-02-25T23:31:30.977-0500] {logging_mixin.py:188} INFO - [2026-02-25T23:31:30.977-0500] {dagbag.py:540} INFO - Filling up the DagBag from /home/dawson/miniconda3/envs/snc_dev/lib/python3.9/site-packages/airflow/example_dags/subdags/subdag.py
[2026-02-25T23:31:30.981-0500] {processor.py:842} WARNING - No viable dags retrieved from /home/dawson/miniconda3/envs/snc_dev/lib/python3.9/site-packages/airflow/example_dags/subdags/subdag.py
[2026-02-25T23:31:30.999-0500] {processor.py:183} INFO - Processing /home/dawson/miniconda3/envs/snc_dev/lib/python3.9/site-packages/airflow/example_dags/subdags/subdag.py took 0.031 seconds
[2026-02-25T23:32:05.995-0500] {processor.py:161} INFO - Started process (PID=91211) to work on /home/dawson/miniconda3/envs/snc_dev/lib/python3.9/site-packages/airflow/example_dags/subdags/subdag.py
[2026-02-25T23:32:05.997-0500] {processor.py:830} INFO - Processing file /home/dawson/miniconda3/envs/snc_dev/lib/python3.9/site-packages/airflow/example_dags/subdags/subdag.py for tasks to queue
[2026-02-25T23:32:05.998-0500] {logging_mixin.py:188} INFO - [2026-02-25T23:32:05.998-0500] {dagbag.py:540} INFO - Filling up the DagBag from /home/dawson/miniconda3/envs/snc_dev/lib/python3.9/site-packages/airflow/example_dags/subdags/subdag.py
[2026-02-25T23:32:06.002-0500] {processor.py:842} WARNING - No viable dags retrieved from /home/dawson/miniconda3/envs/snc_dev/lib/python3.9/site-packages/airflow/example_dags/subdags/subdag.py
[2026-02-25T23:32:06.019-0500] {processor.py:183} INFO - Processing /home/dawson/miniconda3/envs/snc_dev/lib/python3.9/site-packages/airflow/example_dags/subdags/subdag.py took 0.029 seconds
[2026-02-25T23:32:38.525-0500] {processor.py:161} INFO - Started process (PID=91269) to work on /home/dawson/miniconda3/envs/snc_dev/lib/python3.9/site-packages/airflow/example_dags/subdags/subdag.py
[2026-02-25T23:32:38.527-0500] {processor.py:830} INFO - Processing file /home/dawson/miniconda3/envs/snc_dev/lib/python3.9/site-packages/airflow/example_dags/subdags/subdag.py for tasks to queue
[2026-02-25T23:32:38.528-0500] {logging_mixin.py:188} INFO - [2026-02-25T23:32:38.527-0500] {dagbag.py:540} INFO - Filling up the DagBag from /home/dawson/miniconda3/envs/snc_dev/lib/python3.9/site-packages/airflow/example_dags/subdags/subdag.py
[2026-02-25T23:32:38.532-0500] {processor.py:842} WARNING - No viable dags retrieved from /home/dawson/miniconda3/envs/snc_dev/lib/python3.9/site-packages/airflow/example_dags/subdags/subdag.py
[2026-02-25T23:32:38.548-0500] {processor.py:183} INFO - Processing /home/dawson/miniconda3/envs/snc_dev/lib/python3.9/site-packages/airflow/example_dags/subdags/subdag.py took 0.028 seconds
[2026-02-25T23:33:11.645-0500] {processor.py:161} INFO - Started process (PID=91318) to work on /home/dawson/miniconda3/envs/snc_dev/lib/python3.9/site-packages/airflow/example_dags/subdags/subdag.py
[2026-02-25T23:33:11.647-0500] {processor.py:830} INFO - Processing file /home/dawson/miniconda3/envs/snc_dev/lib/python3.9/site-packages/airflow/example_dags/subdags/subdag.py for tasks to queue
[2026-02-25T23:33:11.649-0500] {logging_mixin.py:188} INFO - [2026-02-25T23:33:11.648-0500] {dagbag.py:540} INFO - Filling up the DagBag from /home/dawson/miniconda3/envs/snc_dev/lib/python3.9/site-packages/airflow/example_dags/subdags/subdag.py
[2026-02-25T23:33:11.653-0500] {processor.py:842} WARNING - No viable dags retrieved from /home/dawson/miniconda3/envs/snc_dev/lib/python3.9/site-packages/airflow/example_dags/subdags/subdag.py
[2026-02-25T23:33:11.673-0500] {processor.py:183} INFO - Processing /home/dawson/miniconda3/envs/snc_dev/lib/python3.9/site-packages/airflow/example_dags/subdags/subdag.py took 0.033 seconds
[2026-02-25T23:33:46.549-0500] {processor.py:161} INFO - Started process (PID=91364) to work on /home/dawson/miniconda3/envs/snc_dev/lib/python3.9/site-packages/airflow/example_dags/subdags/subdag.py
[2026-02-25T23:33:46.551-0500] {processor.py:830} INFO - Processing file /home/dawson/miniconda3/envs/snc_dev/lib/python3.9/site-packages/airflow/example_dags/subdags/subdag.py for tasks to queue
[2026-02-25T23:33:46.553-0500] {logging_mixin.py:188} INFO - [2026-02-25T23:33:46.552-0500] {dagbag.py:540} INFO - Filling up the DagBag from /home/dawson/miniconda3/envs/snc_dev/lib/python3.9/site-packages/airflow/example_dags/subdags/subdag.py
[2026-02-25T23:33:46.556-0500] {processor.py:842} WARNING - No viable dags retrieved from /home/dawson/miniconda3/envs/snc_dev/lib/python3.9/site-packages/airflow/example_dags/subdags/subdag.py
[2026-02-25T23:33:46.572-0500] {processor.py:183} INFO - Processing /home/dawson/miniconda3/envs/snc_dev/lib/python3.9/site-packages/airflow/example_dags/subdags/subdag.py took 0.029 seconds
[2026-02-25T23:34:18.304-0500] {processor.py:161} INFO - Started process (PID=91408) to work on /home/dawson/miniconda3/envs/snc_dev/lib/python3.9/site-packages/airflow/example_dags/subdags/subdag.py
[2026-02-25T23:34:18.306-0500] {processor.py:830} INFO - Processing file /home/dawson/miniconda3/envs/snc_dev/lib/python3.9/site-packages/airflow/example_dags/subdags/subdag.py for tasks to queue
[2026-02-25T23:34:18.307-0500] {logging_mixin.py:188} INFO - [2026-02-25T23:34:18.307-0500] {dagbag.py:540} INFO - Filling up the DagBag from /home/dawson/miniconda3/envs/snc_dev/lib/python3.9/site-packages/airflow/example_dags/subdags/subdag.py
[2026-02-25T23:34:18.311-0500] {processor.py:842} WARNING - No viable dags retrieved from /home/dawson/miniconda3/envs/snc_dev/lib/python3.9/site-packages/airflow/example_dags/subdags/subdag.py
[2026-02-25T23:34:18.328-0500] {processor.py:183} INFO - Processing /home/dawson/miniconda3/envs/snc_dev/lib/python3.9/site-packages/airflow/example_dags/subdags/subdag.py took 0.030 seconds
[2026-02-25T23:34:52.988-0500] {processor.py:161} INFO - Started process (PID=91456) to work on /home/dawson/miniconda3/envs/snc_dev/lib/python3.9/site-packages/airflow/example_dags/subdags/subdag.py
[2026-02-25T23:34:52.990-0500] {processor.py:830} INFO - Processing file /home/dawson/miniconda3/envs/snc_dev/lib/python3.9/site-packages/airflow/example_dags/subdags/subdag.py for tasks to queue
[2026-02-25T23:34:52.992-0500] {logging_mixin.py:188} INFO - [2026-02-25T23:34:52.991-0500] {dagbag.py:540} INFO - Filling up the DagBag from /home/dawson/miniconda3/envs/snc_dev/lib/python3.9/site-packages/airflow/example_dags/subdags/subdag.py
[2026-02-25T23:34:52.996-0500] {processor.py:842} WARNING - No viable dags retrieved from /home/dawson/miniconda3/envs/snc_dev/lib/python3.9/site-packages/airflow/example_dags/subdags/subdag.py
[2026-02-25T23:34:53.012-0500] {processor.py:183} INFO - Processing /home/dawson/miniconda3/envs/snc_dev/lib/python3.9/site-packages/airflow/example_dags/subdags/subdag.py took 0.030 seconds
