[2026-02-25T23:29:25.321-0500] {processor.py:161} INFO - Started process (PID=90397) to work on /home/dawson/miniconda3/envs/snc_dev/lib/python3.9/site-packages/airflow/example_dags/example_branch_operator.py
[2026-02-25T23:29:25.323-0500] {processor.py:830} INFO - Processing file /home/dawson/miniconda3/envs/snc_dev/lib/python3.9/site-packages/airflow/example_dags/example_branch_operator.py for tasks to queue
[2026-02-25T23:29:25.324-0500] {logging_mixin.py:188} INFO - [2026-02-25T23:29:25.323-0500] {dagbag.py:540} INFO - Filling up the DagBag from /home/dawson/miniconda3/envs/snc_dev/lib/python3.9/site-packages/airflow/example_dags/example_branch_operator.py
[2026-02-25T23:29:25.328-0500] {processor.py:842} WARNING - No viable dags retrieved from /home/dawson/miniconda3/envs/snc_dev/lib/python3.9/site-packages/airflow/example_dags/example_branch_operator.py
[2026-02-25T23:29:25.344-0500] {processor.py:183} INFO - Processing /home/dawson/miniconda3/envs/snc_dev/lib/python3.9/site-packages/airflow/example_dags/example_branch_operator.py took 0.029 seconds
[2026-02-25T23:30:30.559-0500] {processor.py:161} INFO - Started process (PID=90550) to work on /home/dawson/miniconda3/envs/snc_dev/lib/python3.9/site-packages/airflow/example_dags/example_branch_operator.py
[2026-02-25T23:30:30.561-0500] {processor.py:830} INFO - Processing file /home/dawson/miniconda3/envs/snc_dev/lib/python3.9/site-packages/airflow/example_dags/example_branch_operator.py for tasks to queue
[2026-02-25T23:30:30.562-0500] {logging_mixin.py:188} INFO - [2026-02-25T23:30:30.561-0500] {dagbag.py:540} INFO - Filling up the DagBag from /home/dawson/miniconda3/envs/snc_dev/lib/python3.9/site-packages/airflow/example_dags/example_branch_operator.py
[2026-02-25T23:30:30.568-0500] {processor.py:842} WARNING - No viable dags retrieved from /home/dawson/miniconda3/envs/snc_dev/lib/python3.9/site-packages/airflow/example_dags/example_branch_operator.py
[2026-02-25T23:30:30.584-0500] {processor.py:183} INFO - Processing /home/dawson/miniconda3/envs/snc_dev/lib/python3.9/site-packages/airflow/example_dags/example_branch_operator.py took 0.031 seconds
[2026-02-25T23:31:25.875-0500] {processor.py:161} INFO - Started process (PID=90633) to work on /home/dawson/miniconda3/envs/snc_dev/lib/python3.9/site-packages/airflow/example_dags/example_branch_operator.py
[2026-02-25T23:31:25.877-0500] {processor.py:830} INFO - Processing file /home/dawson/miniconda3/envs/snc_dev/lib/python3.9/site-packages/airflow/example_dags/example_branch_operator.py for tasks to queue
[2026-02-25T23:31:25.879-0500] {logging_mixin.py:188} INFO - [2026-02-25T23:31:25.878-0500] {dagbag.py:540} INFO - Filling up the DagBag from /home/dawson/miniconda3/envs/snc_dev/lib/python3.9/site-packages/airflow/example_dags/example_branch_operator.py
[2026-02-25T23:31:25.883-0500] {processor.py:842} WARNING - No viable dags retrieved from /home/dawson/miniconda3/envs/snc_dev/lib/python3.9/site-packages/airflow/example_dags/example_branch_operator.py
[2026-02-25T23:31:25.901-0500] {processor.py:183} INFO - Processing /home/dawson/miniconda3/envs/snc_dev/lib/python3.9/site-packages/airflow/example_dags/example_branch_operator.py took 0.032 seconds
[2026-02-25T23:32:17.756-0500] {processor.py:161} INFO - Started process (PID=91240) to work on /home/dawson/miniconda3/envs/snc_dev/lib/python3.9/site-packages/airflow/example_dags/example_branch_operator.py
[2026-02-25T23:32:17.758-0500] {processor.py:830} INFO - Processing file /home/dawson/miniconda3/envs/snc_dev/lib/python3.9/site-packages/airflow/example_dags/example_branch_operator.py for tasks to queue
[2026-02-25T23:32:17.759-0500] {logging_mixin.py:188} INFO - [2026-02-25T23:32:17.758-0500] {dagbag.py:540} INFO - Filling up the DagBag from /home/dawson/miniconda3/envs/snc_dev/lib/python3.9/site-packages/airflow/example_dags/example_branch_operator.py
[2026-02-25T23:32:17.764-0500] {processor.py:842} WARNING - No viable dags retrieved from /home/dawson/miniconda3/envs/snc_dev/lib/python3.9/site-packages/airflow/example_dags/example_branch_operator.py
[2026-02-25T23:32:17.780-0500] {processor.py:183} INFO - Processing /home/dawson/miniconda3/envs/snc_dev/lib/python3.9/site-packages/airflow/example_dags/example_branch_operator.py took 0.030 seconds
[2026-02-25T23:33:06.855-0500] {processor.py:161} INFO - Started process (PID=91311) to work on /home/dawson/miniconda3/envs/snc_dev/lib/python3.9/site-packages/airflow/example_dags/example_branch_operator.py
[2026-02-25T23:33:06.857-0500] {processor.py:830} INFO - Processing file /home/dawson/miniconda3/envs/snc_dev/lib/python3.9/site-packages/airflow/example_dags/example_branch_operator.py for tasks to queue
[2026-02-25T23:33:06.858-0500] {logging_mixin.py:188} INFO - [2026-02-25T23:33:06.858-0500] {dagbag.py:540} INFO - Filling up the DagBag from /home/dawson/miniconda3/envs/snc_dev/lib/python3.9/site-packages/airflow/example_dags/example_branch_operator.py
[2026-02-25T23:33:06.863-0500] {processor.py:842} WARNING - No viable dags retrieved from /home/dawson/miniconda3/envs/snc_dev/lib/python3.9/site-packages/airflow/example_dags/example_branch_operator.py
[2026-02-25T23:33:06.880-0500] {processor.py:183} INFO - Processing /home/dawson/miniconda3/envs/snc_dev/lib/python3.9/site-packages/airflow/example_dags/example_branch_operator.py took 0.031 seconds
[2026-02-25T23:33:58.006-0500] {processor.py:161} INFO - Started process (PID=91380) to work on /home/dawson/miniconda3/envs/snc_dev/lib/python3.9/site-packages/airflow/example_dags/example_branch_operator.py
[2026-02-25T23:33:58.008-0500] {processor.py:830} INFO - Processing file /home/dawson/miniconda3/envs/snc_dev/lib/python3.9/site-packages/airflow/example_dags/example_branch_operator.py for tasks to queue
[2026-02-25T23:33:58.010-0500] {logging_mixin.py:188} INFO - [2026-02-25T23:33:58.009-0500] {dagbag.py:540} INFO - Filling up the DagBag from /home/dawson/miniconda3/envs/snc_dev/lib/python3.9/site-packages/airflow/example_dags/example_branch_operator.py
[2026-02-25T23:33:58.015-0500] {processor.py:842} WARNING - No viable dags retrieved from /home/dawson/miniconda3/envs/snc_dev/lib/python3.9/site-packages/airflow/example_dags/example_branch_operator.py
[2026-02-25T23:33:58.032-0500] {processor.py:183} INFO - Processing /home/dawson/miniconda3/envs/snc_dev/lib/python3.9/site-packages/airflow/example_dags/example_branch_operator.py took 0.031 seconds
[2026-02-25T23:34:48.746-0500] {processor.py:161} INFO - Started process (PID=91448) to work on /home/dawson/miniconda3/envs/snc_dev/lib/python3.9/site-packages/airflow/example_dags/example_branch_operator.py
[2026-02-25T23:34:48.747-0500] {processor.py:830} INFO - Processing file /home/dawson/miniconda3/envs/snc_dev/lib/python3.9/site-packages/airflow/example_dags/example_branch_operator.py for tasks to queue
[2026-02-25T23:34:48.749-0500] {logging_mixin.py:188} INFO - [2026-02-25T23:34:48.748-0500] {dagbag.py:540} INFO - Filling up the DagBag from /home/dawson/miniconda3/envs/snc_dev/lib/python3.9/site-packages/airflow/example_dags/example_branch_operator.py
[2026-02-25T23:34:48.754-0500] {processor.py:842} WARNING - No viable dags retrieved from /home/dawson/miniconda3/envs/snc_dev/lib/python3.9/site-packages/airflow/example_dags/example_branch_operator.py
[2026-02-25T23:34:48.769-0500] {processor.py:183} INFO - Processing /home/dawson/miniconda3/envs/snc_dev/lib/python3.9/site-packages/airflow/example_dags/example_branch_operator.py took 0.031 seconds
