[2026-02-25T23:28:55.128-0500] {processor.py:161} INFO - Started process (PID=90293) to work on /home/dawson/miniconda3/envs/snc_dev/lib/python3.9/site-packages/airflow/example_dags/example_time_delta_sensor_async.py
[2026-02-25T23:28:55.129-0500] {processor.py:830} INFO - Processing file /home/dawson/miniconda3/envs/snc_dev/lib/python3.9/site-packages/airflow/example_dags/example_time_delta_sensor_async.py for tasks to queue
[2026-02-25T23:28:55.130-0500] {logging_mixin.py:188} INFO - [2026-02-25T23:28:55.130-0500] {dagbag.py:540} INFO - Filling up the DagBag from /home/dawson/miniconda3/envs/snc_dev/lib/python3.9/site-packages/airflow/example_dags/example_time_delta_sensor_async.py
[2026-02-25T23:28:55.142-0500] {processor.py:840} INFO - DAG(s) 'example_time_delta_sensor_async' retrieved from /home/dawson/miniconda3/envs/snc_dev/lib/python3.9/site-packages/airflow/example_dags/example_time_delta_sensor_async.py
[2026-02-25T23:28:55.155-0500] {logging_mixin.py:188} INFO - [2026-02-25T23:28:55.155-0500] {dag.py:3047} INFO - Sync 1 DAGs
[2026-02-25T23:28:55.169-0500] {logging_mixin.py:188} INFO - [2026-02-25T23:28:55.169-0500] {dag.py:3834} INFO - Setting next_dagrun for example_time_delta_sensor_async to None, run_after=None
[2026-02-25T23:28:55.186-0500] {processor.py:183} INFO - Processing /home/dawson/miniconda3/envs/snc_dev/lib/python3.9/site-packages/airflow/example_dags/example_time_delta_sensor_async.py took 0.064 seconds
[2026-02-25T23:29:45.135-0500] {processor.py:161} INFO - Started process (PID=90436) to work on /home/dawson/miniconda3/envs/snc_dev/lib/python3.9/site-packages/airflow/example_dags/example_time_delta_sensor_async.py
[2026-02-25T23:29:45.137-0500] {processor.py:830} INFO - Processing file /home/dawson/miniconda3/envs/snc_dev/lib/python3.9/site-packages/airflow/example_dags/example_time_delta_sensor_async.py for tasks to queue
[2026-02-25T23:29:45.139-0500] {logging_mixin.py:188} INFO - [2026-02-25T23:29:45.138-0500] {dagbag.py:540} INFO - Filling up the DagBag from /home/dawson/miniconda3/envs/snc_dev/lib/python3.9/site-packages/airflow/example_dags/example_time_delta_sensor_async.py
[2026-02-25T23:29:45.148-0500] {processor.py:840} INFO - DAG(s) 'example_time_delta_sensor_async' retrieved from /home/dawson/miniconda3/envs/snc_dev/lib/python3.9/site-packages/airflow/example_dags/example_time_delta_sensor_async.py
[2026-02-25T23:29:45.353-0500] {logging_mixin.py:188} INFO - [2026-02-25T23:29:45.352-0500] {dag.py:3047} INFO - Sync 1 DAGs
[2026-02-25T23:29:45.358-0500] {logging_mixin.py:188} INFO - [2026-02-25T23:29:45.358-0500] {dag.py:3834} INFO - Setting next_dagrun for example_time_delta_sensor_async to None, run_after=None
[2026-02-25T23:29:45.373-0500] {processor.py:183} INFO - Processing /home/dawson/miniconda3/envs/snc_dev/lib/python3.9/site-packages/airflow/example_dags/example_time_delta_sensor_async.py took 0.244 seconds
[2026-02-25T23:30:28.265-0500] {processor.py:161} INFO - Started process (PID=90548) to work on /home/dawson/miniconda3/envs/snc_dev/lib/python3.9/site-packages/airflow/example_dags/example_time_delta_sensor_async.py
[2026-02-25T23:30:28.266-0500] {processor.py:830} INFO - Processing file /home/dawson/miniconda3/envs/snc_dev/lib/python3.9/site-packages/airflow/example_dags/example_time_delta_sensor_async.py for tasks to queue
[2026-02-25T23:30:28.268-0500] {logging_mixin.py:188} INFO - [2026-02-25T23:30:28.267-0500] {dagbag.py:540} INFO - Filling up the DagBag from /home/dawson/miniconda3/envs/snc_dev/lib/python3.9/site-packages/airflow/example_dags/example_time_delta_sensor_async.py
[2026-02-25T23:30:28.277-0500] {processor.py:840} INFO - DAG(s) 'example_time_delta_sensor_async' retrieved from /home/dawson/miniconda3/envs/snc_dev/lib/python3.9/site-packages/airflow/example_dags/example_time_delta_sensor_async.py
[2026-02-25T23:30:28.301-0500] {logging_mixin.py:188} INFO - [2026-02-25T23:30:28.301-0500] {dag.py:3047} INFO - Sync 1 DAGs
[2026-02-25T23:30:28.313-0500] {logging_mixin.py:188} INFO - [2026-02-25T23:30:28.312-0500] {dag.py:3834} INFO - Setting next_dagrun for example_time_delta_sensor_async to None, run_after=None
[2026-02-25T23:30:28.330-0500] {processor.py:183} INFO - Processing /home/dawson/miniconda3/envs/snc_dev/lib/python3.9/site-packages/airflow/example_dags/example_time_delta_sensor_async.py took 0.071 seconds
[2026-02-25T23:31:19.328-0500] {processor.py:161} INFO - Started process (PID=90618) to work on /home/dawson/miniconda3/envs/snc_dev/lib/python3.9/site-packages/airflow/example_dags/example_time_delta_sensor_async.py
[2026-02-25T23:31:19.330-0500] {processor.py:830} INFO - Processing file /home/dawson/miniconda3/envs/snc_dev/lib/python3.9/site-packages/airflow/example_dags/example_time_delta_sensor_async.py for tasks to queue
[2026-02-25T23:31:19.332-0500] {logging_mixin.py:188} INFO - [2026-02-25T23:31:19.331-0500] {dagbag.py:540} INFO - Filling up the DagBag from /home/dawson/miniconda3/envs/snc_dev/lib/python3.9/site-packages/airflow/example_dags/example_time_delta_sensor_async.py
[2026-02-25T23:31:19.341-0500] {processor.py:840} INFO - DAG(s) 'example_time_delta_sensor_async' retrieved from /home/dawson/miniconda3/envs/snc_dev/lib/python3.9/site-packages/airflow/example_dags/example_time_delta_sensor_async.py
[2026-02-25T23:31:19.366-0500] {logging_mixin.py:188} INFO - [2026-02-25T23:31:19.366-0500] {dag.py:3047} INFO - Sync 1 DAGs
[2026-02-25T23:31:19.378-0500] {logging_mixin.py:188} INFO - [2026-02-25T23:31:19.378-0500] {dag.py:3834} INFO - Setting next_dagrun for example_time_delta_sensor_async to None, run_after=None
[2026-02-25T23:31:19.396-0500] {processor.py:183} INFO - Processing /home/dawson/miniconda3/envs/snc_dev/lib/python3.9/site-packages/airflow/example_dags/example_time_delta_sensor_async.py took 0.073 seconds
[2026-02-25T23:31:59.597-0500] {processor.py:161} INFO - Started process (PID=90692) to work on /home/dawson/miniconda3/envs/snc_dev/lib/python3.9/site-packages/airflow/example_dags/example_time_delta_sensor_async.py
[2026-02-25T23:31:59.599-0500] {processor.py:830} INFO - Processing file /home/dawson/miniconda3/envs/snc_dev/lib/python3.9/site-packages/airflow/example_dags/example_time_delta_sensor_async.py for tasks to queue
[2026-02-25T23:31:59.600-0500] {logging_mixin.py:188} INFO - [2026-02-25T23:31:59.599-0500] {dagbag.py:540} INFO - Filling up the DagBag from /home/dawson/miniconda3/envs/snc_dev/lib/python3.9/site-packages/airflow/example_dags/example_time_delta_sensor_async.py
[2026-02-25T23:31:59.610-0500] {processor.py:840} INFO - DAG(s) 'example_time_delta_sensor_async' retrieved from /home/dawson/miniconda3/envs/snc_dev/lib/python3.9/site-packages/airflow/example_dags/example_time_delta_sensor_async.py
[2026-02-25T23:31:59.634-0500] {logging_mixin.py:188} INFO - [2026-02-25T23:31:59.634-0500] {dag.py:3047} INFO - Sync 1 DAGs
[2026-02-25T23:31:59.646-0500] {logging_mixin.py:188} INFO - [2026-02-25T23:31:59.646-0500] {dag.py:3834} INFO - Setting next_dagrun for example_time_delta_sensor_async to None, run_after=None
[2026-02-25T23:31:59.663-0500] {processor.py:183} INFO - Processing /home/dawson/miniconda3/envs/snc_dev/lib/python3.9/site-packages/airflow/example_dags/example_time_delta_sensor_async.py took 0.072 seconds
[2026-02-25T23:32:48.732-0500] {processor.py:161} INFO - Started process (PID=91282) to work on /home/dawson/miniconda3/envs/snc_dev/lib/python3.9/site-packages/airflow/example_dags/example_time_delta_sensor_async.py
[2026-02-25T23:32:48.734-0500] {processor.py:830} INFO - Processing file /home/dawson/miniconda3/envs/snc_dev/lib/python3.9/site-packages/airflow/example_dags/example_time_delta_sensor_async.py for tasks to queue
[2026-02-25T23:32:48.735-0500] {logging_mixin.py:188} INFO - [2026-02-25T23:32:48.735-0500] {dagbag.py:540} INFO - Filling up the DagBag from /home/dawson/miniconda3/envs/snc_dev/lib/python3.9/site-packages/airflow/example_dags/example_time_delta_sensor_async.py
[2026-02-25T23:32:48.745-0500] {processor.py:840} INFO - DAG(s) 'example_time_delta_sensor_async' retrieved from /home/dawson/miniconda3/envs/snc_dev/lib/python3.9/site-packages/airflow/example_dags/example_time_delta_sensor_async.py
[2026-02-25T23:32:48.769-0500] {logging_mixin.py:188} INFO - [2026-02-25T23:32:48.769-0500] {dag.py:3047} INFO - Sync 1 DAGs
[2026-02-25T23:32:48.782-0500] {logging_mixin.py:188} INFO - [2026-02-25T23:32:48.782-0500] {dag.py:3834} INFO - Setting next_dagrun for example_time_delta_sensor_async to None, run_after=None
[2026-02-25T23:32:48.801-0500] {processor.py:183} INFO - Processing /home/dawson/miniconda3/envs/snc_dev/lib/python3.9/site-packages/airflow/example_dags/example_time_delta_sensor_async.py took 0.075 seconds
[2026-02-25T23:33:40.070-0500] {processor.py:161} INFO - Started process (PID=91354) to work on /home/dawson/miniconda3/envs/snc_dev/lib/python3.9/site-packages/airflow/example_dags/example_time_delta_sensor_async.py
[2026-02-25T23:33:40.071-0500] {processor.py:830} INFO - Processing file /home/dawson/miniconda3/envs/snc_dev/lib/python3.9/site-packages/airflow/example_dags/example_time_delta_sensor_async.py for tasks to queue
[2026-02-25T23:33:40.073-0500] {logging_mixin.py:188} INFO - [2026-02-25T23:33:40.072-0500] {dagbag.py:540} INFO - Filling up the DagBag from /home/dawson/miniconda3/envs/snc_dev/lib/python3.9/site-packages/airflow/example_dags/example_time_delta_sensor_async.py
[2026-02-25T23:33:40.082-0500] {processor.py:840} INFO - DAG(s) 'example_time_delta_sensor_async' retrieved from /home/dawson/miniconda3/envs/snc_dev/lib/python3.9/site-packages/airflow/example_dags/example_time_delta_sensor_async.py
[2026-02-25T23:33:40.109-0500] {logging_mixin.py:188} INFO - [2026-02-25T23:33:40.109-0500] {dag.py:3047} INFO - Sync 1 DAGs
[2026-02-25T23:33:40.120-0500] {logging_mixin.py:188} INFO - [2026-02-25T23:33:40.120-0500] {dag.py:3834} INFO - Setting next_dagrun for example_time_delta_sensor_async to None, run_after=None
[2026-02-25T23:33:40.140-0500] {processor.py:183} INFO - Processing /home/dawson/miniconda3/envs/snc_dev/lib/python3.9/site-packages/airflow/example_dags/example_time_delta_sensor_async.py took 0.079 seconds
[2026-02-25T23:34:28.455-0500] {processor.py:161} INFO - Started process (PID=91423) to work on /home/dawson/miniconda3/envs/snc_dev/lib/python3.9/site-packages/airflow/example_dags/example_time_delta_sensor_async.py
[2026-02-25T23:34:28.457-0500] {processor.py:830} INFO - Processing file /home/dawson/miniconda3/envs/snc_dev/lib/python3.9/site-packages/airflow/example_dags/example_time_delta_sensor_async.py for tasks to queue
[2026-02-25T23:34:28.458-0500] {logging_mixin.py:188} INFO - [2026-02-25T23:34:28.457-0500] {dagbag.py:540} INFO - Filling up the DagBag from /home/dawson/miniconda3/envs/snc_dev/lib/python3.9/site-packages/airflow/example_dags/example_time_delta_sensor_async.py
[2026-02-25T23:34:28.467-0500] {processor.py:840} INFO - DAG(s) 'example_time_delta_sensor_async' retrieved from /home/dawson/miniconda3/envs/snc_dev/lib/python3.9/site-packages/airflow/example_dags/example_time_delta_sensor_async.py
[2026-02-25T23:34:28.490-0500] {logging_mixin.py:188} INFO - [2026-02-25T23:34:28.490-0500] {dag.py:3047} INFO - Sync 1 DAGs
[2026-02-25T23:34:28.501-0500] {logging_mixin.py:188} INFO - [2026-02-25T23:34:28.501-0500] {dag.py:3834} INFO - Setting next_dagrun for example_time_delta_sensor_async to None, run_after=None
[2026-02-25T23:34:28.520-0500] {processor.py:183} INFO - Processing /home/dawson/miniconda3/envs/snc_dev/lib/python3.9/site-packages/airflow/example_dags/example_time_delta_sensor_async.py took 0.073 seconds
