[2026-02-25T23:28:53.983-0500] {processor.py:161} INFO - Started process (PID=90283) to work on /home/dawson/miniconda3/envs/snc_dev/lib/python3.9/site-packages/airflow/example_dags/example_trigger_controller_dag.py
[2026-02-25T23:28:53.985-0500] {processor.py:830} INFO - Processing file /home/dawson/miniconda3/envs/snc_dev/lib/python3.9/site-packages/airflow/example_dags/example_trigger_controller_dag.py for tasks to queue
[2026-02-25T23:28:53.987-0500] {logging_mixin.py:188} INFO - [2026-02-25T23:28:53.985-0500] {dagbag.py:540} INFO - Filling up the DagBag from /home/dawson/miniconda3/envs/snc_dev/lib/python3.9/site-packages/airflow/example_dags/example_trigger_controller_dag.py
[2026-02-25T23:28:53.998-0500] {processor.py:840} INFO - DAG(s) 'example_trigger_controller_dag' retrieved from /home/dawson/miniconda3/envs/snc_dev/lib/python3.9/site-packages/airflow/example_dags/example_trigger_controller_dag.py
[2026-02-25T23:28:54.011-0500] {logging_mixin.py:188} INFO - [2026-02-25T23:28:54.010-0500] {dag.py:3047} INFO - Sync 1 DAGs
[2026-02-25T23:28:54.032-0500] {logging_mixin.py:188} INFO - [2026-02-25T23:28:54.032-0500] {dag.py:3834} INFO - Setting next_dagrun for example_trigger_controller_dag to 2021-01-01 00:00:00+00:00, run_after=2021-01-01 00:00:00+00:00
[2026-02-25T23:28:54.048-0500] {processor.py:183} INFO - Processing /home/dawson/miniconda3/envs/snc_dev/lib/python3.9/site-packages/airflow/example_dags/example_trigger_controller_dag.py took 0.071 seconds
[2026-02-25T23:29:43.684-0500] {processor.py:161} INFO - Started process (PID=90434) to work on /home/dawson/miniconda3/envs/snc_dev/lib/python3.9/site-packages/airflow/example_dags/example_trigger_controller_dag.py
[2026-02-25T23:29:43.687-0500] {processor.py:830} INFO - Processing file /home/dawson/miniconda3/envs/snc_dev/lib/python3.9/site-packages/airflow/example_dags/example_trigger_controller_dag.py for tasks to queue
[2026-02-25T23:29:43.689-0500] {logging_mixin.py:188} INFO - [2026-02-25T23:29:43.688-0500] {dagbag.py:540} INFO - Filling up the DagBag from /home/dawson/miniconda3/envs/snc_dev/lib/python3.9/site-packages/airflow/example_dags/example_trigger_controller_dag.py
[2026-02-25T23:29:43.698-0500] {processor.py:840} INFO - DAG(s) 'example_trigger_controller_dag' retrieved from /home/dawson/miniconda3/envs/snc_dev/lib/python3.9/site-packages/airflow/example_dags/example_trigger_controller_dag.py
[2026-02-25T23:29:43.952-0500] {logging_mixin.py:188} INFO - [2026-02-25T23:29:43.952-0500] {dag.py:3047} INFO - Sync 1 DAGs
[2026-02-25T23:29:43.962-0500] {logging_mixin.py:188} INFO - [2026-02-25T23:29:43.961-0500] {dag.py:3834} INFO - Setting next_dagrun for example_trigger_controller_dag to 2021-01-01 00:00:00+00:00, run_after=2021-01-01 00:00:00+00:00
[2026-02-25T23:29:43.978-0500] {processor.py:183} INFO - Processing /home/dawson/miniconda3/envs/snc_dev/lib/python3.9/site-packages/airflow/example_dags/example_trigger_controller_dag.py took 0.302 seconds
[2026-02-25T23:30:28.004-0500] {processor.py:161} INFO - Started process (PID=90547) to work on /home/dawson/miniconda3/envs/snc_dev/lib/python3.9/site-packages/airflow/example_dags/example_trigger_controller_dag.py
[2026-02-25T23:30:28.006-0500] {processor.py:830} INFO - Processing file /home/dawson/miniconda3/envs/snc_dev/lib/python3.9/site-packages/airflow/example_dags/example_trigger_controller_dag.py for tasks to queue
[2026-02-25T23:30:28.008-0500] {logging_mixin.py:188} INFO - [2026-02-25T23:30:28.007-0500] {dagbag.py:540} INFO - Filling up the DagBag from /home/dawson/miniconda3/envs/snc_dev/lib/python3.9/site-packages/airflow/example_dags/example_trigger_controller_dag.py
[2026-02-25T23:30:28.018-0500] {processor.py:840} INFO - DAG(s) 'example_trigger_controller_dag' retrieved from /home/dawson/miniconda3/envs/snc_dev/lib/python3.9/site-packages/airflow/example_dags/example_trigger_controller_dag.py
[2026-02-25T23:30:28.043-0500] {logging_mixin.py:188} INFO - [2026-02-25T23:30:28.043-0500] {dag.py:3047} INFO - Sync 1 DAGs
[2026-02-25T23:30:28.062-0500] {logging_mixin.py:188} INFO - [2026-02-25T23:30:28.062-0500] {dag.py:3834} INFO - Setting next_dagrun for example_trigger_controller_dag to 2021-01-01 00:00:00+00:00, run_after=2021-01-01 00:00:00+00:00
[2026-02-25T23:30:28.082-0500] {processor.py:183} INFO - Processing /home/dawson/miniconda3/envs/snc_dev/lib/python3.9/site-packages/airflow/example_dags/example_trigger_controller_dag.py took 0.084 seconds
[2026-02-25T23:31:18.177-0500] {processor.py:161} INFO - Started process (PID=90617) to work on /home/dawson/miniconda3/envs/snc_dev/lib/python3.9/site-packages/airflow/example_dags/example_trigger_controller_dag.py
[2026-02-25T23:31:18.180-0500] {processor.py:830} INFO - Processing file /home/dawson/miniconda3/envs/snc_dev/lib/python3.9/site-packages/airflow/example_dags/example_trigger_controller_dag.py for tasks to queue
[2026-02-25T23:31:18.181-0500] {logging_mixin.py:188} INFO - [2026-02-25T23:31:18.180-0500] {dagbag.py:540} INFO - Filling up the DagBag from /home/dawson/miniconda3/envs/snc_dev/lib/python3.9/site-packages/airflow/example_dags/example_trigger_controller_dag.py
[2026-02-25T23:31:18.191-0500] {processor.py:840} INFO - DAG(s) 'example_trigger_controller_dag' retrieved from /home/dawson/miniconda3/envs/snc_dev/lib/python3.9/site-packages/airflow/example_dags/example_trigger_controller_dag.py
[2026-02-25T23:31:18.216-0500] {logging_mixin.py:188} INFO - [2026-02-25T23:31:18.216-0500] {dag.py:3047} INFO - Sync 1 DAGs
[2026-02-25T23:31:18.236-0500] {logging_mixin.py:188} INFO - [2026-02-25T23:31:18.235-0500] {dag.py:3834} INFO - Setting next_dagrun for example_trigger_controller_dag to 2021-01-01 00:00:00+00:00, run_after=2021-01-01 00:00:00+00:00
[2026-02-25T23:31:18.254-0500] {processor.py:183} INFO - Processing /home/dawson/miniconda3/envs/snc_dev/lib/python3.9/site-packages/airflow/example_dags/example_trigger_controller_dag.py took 0.083 seconds
[2026-02-25T23:31:58.454-0500] {processor.py:161} INFO - Started process (PID=90689) to work on /home/dawson/miniconda3/envs/snc_dev/lib/python3.9/site-packages/airflow/example_dags/example_trigger_controller_dag.py
[2026-02-25T23:31:58.456-0500] {processor.py:830} INFO - Processing file /home/dawson/miniconda3/envs/snc_dev/lib/python3.9/site-packages/airflow/example_dags/example_trigger_controller_dag.py for tasks to queue
[2026-02-25T23:31:58.457-0500] {logging_mixin.py:188} INFO - [2026-02-25T23:31:58.456-0500] {dagbag.py:540} INFO - Filling up the DagBag from /home/dawson/miniconda3/envs/snc_dev/lib/python3.9/site-packages/airflow/example_dags/example_trigger_controller_dag.py
[2026-02-25T23:31:58.467-0500] {processor.py:840} INFO - DAG(s) 'example_trigger_controller_dag' retrieved from /home/dawson/miniconda3/envs/snc_dev/lib/python3.9/site-packages/airflow/example_dags/example_trigger_controller_dag.py
[2026-02-25T23:31:58.490-0500] {logging_mixin.py:188} INFO - [2026-02-25T23:31:58.489-0500] {dag.py:3047} INFO - Sync 1 DAGs
[2026-02-25T23:31:58.508-0500] {logging_mixin.py:188} INFO - [2026-02-25T23:31:58.508-0500] {dag.py:3834} INFO - Setting next_dagrun for example_trigger_controller_dag to 2021-01-01 00:00:00+00:00, run_after=2021-01-01 00:00:00+00:00
[2026-02-25T23:31:58.527-0500] {processor.py:183} INFO - Processing /home/dawson/miniconda3/envs/snc_dev/lib/python3.9/site-packages/airflow/example_dags/example_trigger_controller_dag.py took 0.079 seconds
[2026-02-25T23:32:48.181-0500] {processor.py:161} INFO - Started process (PID=91281) to work on /home/dawson/miniconda3/envs/snc_dev/lib/python3.9/site-packages/airflow/example_dags/example_trigger_controller_dag.py
[2026-02-25T23:32:48.183-0500] {processor.py:830} INFO - Processing file /home/dawson/miniconda3/envs/snc_dev/lib/python3.9/site-packages/airflow/example_dags/example_trigger_controller_dag.py for tasks to queue
[2026-02-25T23:32:48.184-0500] {logging_mixin.py:188} INFO - [2026-02-25T23:32:48.184-0500] {dagbag.py:540} INFO - Filling up the DagBag from /home/dawson/miniconda3/envs/snc_dev/lib/python3.9/site-packages/airflow/example_dags/example_trigger_controller_dag.py
[2026-02-25T23:32:48.194-0500] {processor.py:840} INFO - DAG(s) 'example_trigger_controller_dag' retrieved from /home/dawson/miniconda3/envs/snc_dev/lib/python3.9/site-packages/airflow/example_dags/example_trigger_controller_dag.py
[2026-02-25T23:32:48.220-0500] {logging_mixin.py:188} INFO - [2026-02-25T23:32:48.220-0500] {dag.py:3047} INFO - Sync 1 DAGs
[2026-02-25T23:32:48.241-0500] {logging_mixin.py:188} INFO - [2026-02-25T23:32:48.240-0500] {dag.py:3834} INFO - Setting next_dagrun for example_trigger_controller_dag to 2021-01-01 00:00:00+00:00, run_after=2021-01-01 00:00:00+00:00
[2026-02-25T23:32:48.259-0500] {processor.py:183} INFO - Processing /home/dawson/miniconda3/envs/snc_dev/lib/python3.9/site-packages/airflow/example_dags/example_trigger_controller_dag.py took 0.084 seconds
[2026-02-25T23:33:38.924-0500] {processor.py:161} INFO - Started process (PID=91352) to work on /home/dawson/miniconda3/envs/snc_dev/lib/python3.9/site-packages/airflow/example_dags/example_trigger_controller_dag.py
[2026-02-25T23:33:38.926-0500] {processor.py:830} INFO - Processing file /home/dawson/miniconda3/envs/snc_dev/lib/python3.9/site-packages/airflow/example_dags/example_trigger_controller_dag.py for tasks to queue
[2026-02-25T23:33:38.928-0500] {logging_mixin.py:188} INFO - [2026-02-25T23:33:38.927-0500] {dagbag.py:540} INFO - Filling up the DagBag from /home/dawson/miniconda3/envs/snc_dev/lib/python3.9/site-packages/airflow/example_dags/example_trigger_controller_dag.py
[2026-02-25T23:33:38.937-0500] {processor.py:840} INFO - DAG(s) 'example_trigger_controller_dag' retrieved from /home/dawson/miniconda3/envs/snc_dev/lib/python3.9/site-packages/airflow/example_dags/example_trigger_controller_dag.py
[2026-02-25T23:33:38.960-0500] {logging_mixin.py:188} INFO - [2026-02-25T23:33:38.960-0500] {dag.py:3047} INFO - Sync 1 DAGs
[2026-02-25T23:33:38.981-0500] {logging_mixin.py:188} INFO - [2026-02-25T23:33:38.980-0500] {dag.py:3834} INFO - Setting next_dagrun for example_trigger_controller_dag to 2021-01-01 00:00:00+00:00, run_after=2021-01-01 00:00:00+00:00
[2026-02-25T23:33:38.998-0500] {processor.py:183} INFO - Processing /home/dawson/miniconda3/envs/snc_dev/lib/python3.9/site-packages/airflow/example_dags/example_trigger_controller_dag.py took 0.080 seconds
[2026-02-25T23:34:27.877-0500] {processor.py:161} INFO - Started process (PID=91422) to work on /home/dawson/miniconda3/envs/snc_dev/lib/python3.9/site-packages/airflow/example_dags/example_trigger_controller_dag.py
[2026-02-25T23:34:27.879-0500] {processor.py:830} INFO - Processing file /home/dawson/miniconda3/envs/snc_dev/lib/python3.9/site-packages/airflow/example_dags/example_trigger_controller_dag.py for tasks to queue
[2026-02-25T23:34:27.880-0500] {logging_mixin.py:188} INFO - [2026-02-25T23:34:27.880-0500] {dagbag.py:540} INFO - Filling up the DagBag from /home/dawson/miniconda3/envs/snc_dev/lib/python3.9/site-packages/airflow/example_dags/example_trigger_controller_dag.py
[2026-02-25T23:34:27.890-0500] {processor.py:840} INFO - DAG(s) 'example_trigger_controller_dag' retrieved from /home/dawson/miniconda3/envs/snc_dev/lib/python3.9/site-packages/airflow/example_dags/example_trigger_controller_dag.py
[2026-02-25T23:34:27.914-0500] {logging_mixin.py:188} INFO - [2026-02-25T23:34:27.914-0500] {dag.py:3047} INFO - Sync 1 DAGs
[2026-02-25T23:34:27.932-0500] {logging_mixin.py:188} INFO - [2026-02-25T23:34:27.932-0500] {dag.py:3834} INFO - Setting next_dagrun for example_trigger_controller_dag to 2021-01-01 00:00:00+00:00, run_after=2021-01-01 00:00:00+00:00
[2026-02-25T23:34:27.949-0500] {processor.py:183} INFO - Processing /home/dawson/miniconda3/envs/snc_dev/lib/python3.9/site-packages/airflow/example_dags/example_trigger_controller_dag.py took 0.077 seconds
