[2026-02-25T23:28:56.671-0500] {processor.py:161} INFO - Started process (PID=90300) to work on /home/dawson/miniconda3/envs/snc_dev/lib/python3.9/site-packages/airflow/example_dags/example_task_group.py
[2026-02-25T23:28:56.672-0500] {processor.py:830} INFO - Processing file /home/dawson/miniconda3/envs/snc_dev/lib/python3.9/site-packages/airflow/example_dags/example_task_group.py for tasks to queue
[2026-02-25T23:28:56.673-0500] {logging_mixin.py:188} INFO - [2026-02-25T23:28:56.673-0500] {dagbag.py:540} INFO - Filling up the DagBag from /home/dawson/miniconda3/envs/snc_dev/lib/python3.9/site-packages/airflow/example_dags/example_task_group.py
[2026-02-25T23:28:56.688-0500] {processor.py:840} INFO - DAG(s) 'example_task_group' retrieved from /home/dawson/miniconda3/envs/snc_dev/lib/python3.9/site-packages/airflow/example_dags/example_task_group.py
[2026-02-25T23:28:56.702-0500] {logging_mixin.py:188} INFO - [2026-02-25T23:28:56.702-0500] {dag.py:3047} INFO - Sync 1 DAGs
[2026-02-25T23:28:56.723-0500] {logging_mixin.py:188} INFO - [2026-02-25T23:28:56.723-0500] {dag.py:3834} INFO - Setting next_dagrun for example_task_group to 2026-02-25 00:00:00+00:00, run_after=2026-02-26 00:00:00+00:00
[2026-02-25T23:28:56.745-0500] {processor.py:183} INFO - Processing /home/dawson/miniconda3/envs/snc_dev/lib/python3.9/site-packages/airflow/example_dags/example_task_group.py took 0.079 seconds
[2026-02-25T23:29:47.827-0500] {processor.py:161} INFO - Started process (PID=90440) to work on /home/dawson/miniconda3/envs/snc_dev/lib/python3.9/site-packages/airflow/example_dags/example_task_group.py
[2026-02-25T23:29:47.829-0500] {processor.py:830} INFO - Processing file /home/dawson/miniconda3/envs/snc_dev/lib/python3.9/site-packages/airflow/example_dags/example_task_group.py for tasks to queue
[2026-02-25T23:29:47.830-0500] {logging_mixin.py:188} INFO - [2026-02-25T23:29:47.830-0500] {dagbag.py:540} INFO - Filling up the DagBag from /home/dawson/miniconda3/envs/snc_dev/lib/python3.9/site-packages/airflow/example_dags/example_task_group.py
[2026-02-25T23:29:47.844-0500] {processor.py:840} INFO - DAG(s) 'example_task_group' retrieved from /home/dawson/miniconda3/envs/snc_dev/lib/python3.9/site-packages/airflow/example_dags/example_task_group.py
[2026-02-25T23:29:48.034-0500] {logging_mixin.py:188} INFO - [2026-02-25T23:29:48.033-0500] {dag.py:3047} INFO - Sync 1 DAGs
[2026-02-25T23:29:48.043-0500] {logging_mixin.py:188} INFO - [2026-02-25T23:29:48.043-0500] {dag.py:3834} INFO - Setting next_dagrun for example_task_group to 2026-02-25 00:00:00+00:00, run_after=2026-02-26 00:00:00+00:00
[2026-02-25T23:29:48.057-0500] {processor.py:183} INFO - Processing /home/dawson/miniconda3/envs/snc_dev/lib/python3.9/site-packages/airflow/example_dags/example_task_group.py took 0.236 seconds
[2026-02-25T23:30:35.879-0500] {processor.py:161} INFO - Started process (PID=90559) to work on /home/dawson/miniconda3/envs/snc_dev/lib/python3.9/site-packages/airflow/example_dags/example_task_group.py
[2026-02-25T23:30:35.881-0500] {processor.py:830} INFO - Processing file /home/dawson/miniconda3/envs/snc_dev/lib/python3.9/site-packages/airflow/example_dags/example_task_group.py for tasks to queue
[2026-02-25T23:30:35.882-0500] {logging_mixin.py:188} INFO - [2026-02-25T23:30:35.881-0500] {dagbag.py:540} INFO - Filling up the DagBag from /home/dawson/miniconda3/envs/snc_dev/lib/python3.9/site-packages/airflow/example_dags/example_task_group.py
[2026-02-25T23:30:35.894-0500] {processor.py:840} INFO - DAG(s) 'example_task_group' retrieved from /home/dawson/miniconda3/envs/snc_dev/lib/python3.9/site-packages/airflow/example_dags/example_task_group.py
[2026-02-25T23:30:35.918-0500] {logging_mixin.py:188} INFO - [2026-02-25T23:30:35.917-0500] {dag.py:3047} INFO - Sync 1 DAGs
[2026-02-25T23:30:35.935-0500] {logging_mixin.py:188} INFO - [2026-02-25T23:30:35.935-0500] {dag.py:3834} INFO - Setting next_dagrun for example_task_group to 2026-02-25 00:00:00+00:00, run_after=2026-02-26 00:00:00+00:00
[2026-02-25T23:30:35.954-0500] {processor.py:183} INFO - Processing /home/dawson/miniconda3/envs/snc_dev/lib/python3.9/site-packages/airflow/example_dags/example_task_group.py took 0.083 seconds
[2026-02-25T23:31:20.722-0500] {processor.py:161} INFO - Started process (PID=90620) to work on /home/dawson/miniconda3/envs/snc_dev/lib/python3.9/site-packages/airflow/example_dags/example_task_group.py
[2026-02-25T23:31:20.724-0500] {processor.py:830} INFO - Processing file /home/dawson/miniconda3/envs/snc_dev/lib/python3.9/site-packages/airflow/example_dags/example_task_group.py for tasks to queue
[2026-02-25T23:31:20.726-0500] {logging_mixin.py:188} INFO - [2026-02-25T23:31:20.725-0500] {dagbag.py:540} INFO - Filling up the DagBag from /home/dawson/miniconda3/envs/snc_dev/lib/python3.9/site-packages/airflow/example_dags/example_task_group.py
[2026-02-25T23:31:20.740-0500] {processor.py:840} INFO - DAG(s) 'example_task_group' retrieved from /home/dawson/miniconda3/envs/snc_dev/lib/python3.9/site-packages/airflow/example_dags/example_task_group.py
[2026-02-25T23:31:20.763-0500] {logging_mixin.py:188} INFO - [2026-02-25T23:31:20.763-0500] {dag.py:3047} INFO - Sync 1 DAGs
[2026-02-25T23:31:20.783-0500] {logging_mixin.py:188} INFO - [2026-02-25T23:31:20.782-0500] {dag.py:3834} INFO - Setting next_dagrun for example_task_group to 2026-02-25 00:00:00+00:00, run_after=2026-02-26 00:00:00+00:00
[2026-02-25T23:31:20.801-0500] {processor.py:183} INFO - Processing /home/dawson/miniconda3/envs/snc_dev/lib/python3.9/site-packages/airflow/example_dags/example_task_group.py took 0.085 seconds
[2026-02-25T23:32:09.907-0500] {processor.py:161} INFO - Started process (PID=91228) to work on /home/dawson/miniconda3/envs/snc_dev/lib/python3.9/site-packages/airflow/example_dags/example_task_group.py
[2026-02-25T23:32:09.910-0500] {processor.py:830} INFO - Processing file /home/dawson/miniconda3/envs/snc_dev/lib/python3.9/site-packages/airflow/example_dags/example_task_group.py for tasks to queue
[2026-02-25T23:32:09.911-0500] {logging_mixin.py:188} INFO - [2026-02-25T23:32:09.910-0500] {dagbag.py:540} INFO - Filling up the DagBag from /home/dawson/miniconda3/envs/snc_dev/lib/python3.9/site-packages/airflow/example_dags/example_task_group.py
[2026-02-25T23:32:09.922-0500] {processor.py:840} INFO - DAG(s) 'example_task_group' retrieved from /home/dawson/miniconda3/envs/snc_dev/lib/python3.9/site-packages/airflow/example_dags/example_task_group.py
[2026-02-25T23:32:09.944-0500] {logging_mixin.py:188} INFO - [2026-02-25T23:32:09.943-0500] {dag.py:3047} INFO - Sync 1 DAGs
[2026-02-25T23:32:09.962-0500] {logging_mixin.py:188} INFO - [2026-02-25T23:32:09.962-0500] {dag.py:3834} INFO - Setting next_dagrun for example_task_group to 2026-02-25 00:00:00+00:00, run_after=2026-02-26 00:00:00+00:00
[2026-02-25T23:32:09.979-0500] {processor.py:183} INFO - Processing /home/dawson/miniconda3/envs/snc_dev/lib/python3.9/site-packages/airflow/example_dags/example_task_group.py took 0.078 seconds
[2026-02-25T23:32:59.033-0500] {processor.py:161} INFO - Started process (PID=91302) to work on /home/dawson/miniconda3/envs/snc_dev/lib/python3.9/site-packages/airflow/example_dags/example_task_group.py
[2026-02-25T23:32:59.035-0500] {processor.py:830} INFO - Processing file /home/dawson/miniconda3/envs/snc_dev/lib/python3.9/site-packages/airflow/example_dags/example_task_group.py for tasks to queue
[2026-02-25T23:32:59.037-0500] {logging_mixin.py:188} INFO - [2026-02-25T23:32:59.036-0500] {dagbag.py:540} INFO - Filling up the DagBag from /home/dawson/miniconda3/envs/snc_dev/lib/python3.9/site-packages/airflow/example_dags/example_task_group.py
[2026-02-25T23:32:59.050-0500] {processor.py:840} INFO - DAG(s) 'example_task_group' retrieved from /home/dawson/miniconda3/envs/snc_dev/lib/python3.9/site-packages/airflow/example_dags/example_task_group.py
[2026-02-25T23:32:59.073-0500] {logging_mixin.py:188} INFO - [2026-02-25T23:32:59.072-0500] {dag.py:3047} INFO - Sync 1 DAGs
[2026-02-25T23:32:59.093-0500] {logging_mixin.py:188} INFO - [2026-02-25T23:32:59.093-0500] {dag.py:3834} INFO - Setting next_dagrun for example_task_group to 2026-02-25 00:00:00+00:00, run_after=2026-02-26 00:00:00+00:00
[2026-02-25T23:32:59.114-0500] {processor.py:183} INFO - Processing /home/dawson/miniconda3/envs/snc_dev/lib/python3.9/site-packages/airflow/example_dags/example_task_group.py took 0.086 seconds
[2026-02-25T23:33:41.395-0500] {processor.py:161} INFO - Started process (PID=91356) to work on /home/dawson/miniconda3/envs/snc_dev/lib/python3.9/site-packages/airflow/example_dags/example_task_group.py
[2026-02-25T23:33:41.397-0500] {processor.py:830} INFO - Processing file /home/dawson/miniconda3/envs/snc_dev/lib/python3.9/site-packages/airflow/example_dags/example_task_group.py for tasks to queue
[2026-02-25T23:33:41.399-0500] {logging_mixin.py:188} INFO - [2026-02-25T23:33:41.398-0500] {dagbag.py:540} INFO - Filling up the DagBag from /home/dawson/miniconda3/envs/snc_dev/lib/python3.9/site-packages/airflow/example_dags/example_task_group.py
[2026-02-25T23:33:41.411-0500] {processor.py:840} INFO - DAG(s) 'example_task_group' retrieved from /home/dawson/miniconda3/envs/snc_dev/lib/python3.9/site-packages/airflow/example_dags/example_task_group.py
[2026-02-25T23:33:41.436-0500] {logging_mixin.py:188} INFO - [2026-02-25T23:33:41.436-0500] {dag.py:3047} INFO - Sync 1 DAGs
[2026-02-25T23:33:41.458-0500] {logging_mixin.py:188} INFO - [2026-02-25T23:33:41.457-0500] {dag.py:3834} INFO - Setting next_dagrun for example_task_group to 2026-02-25 00:00:00+00:00, run_after=2026-02-26 00:00:00+00:00
[2026-02-25T23:33:41.474-0500] {processor.py:183} INFO - Processing /home/dawson/miniconda3/envs/snc_dev/lib/python3.9/site-packages/airflow/example_dags/example_task_group.py took 0.085 seconds
[2026-02-25T23:34:30.745-0500] {processor.py:161} INFO - Started process (PID=91425) to work on /home/dawson/miniconda3/envs/snc_dev/lib/python3.9/site-packages/airflow/example_dags/example_task_group.py
[2026-02-25T23:34:30.748-0500] {processor.py:830} INFO - Processing file /home/dawson/miniconda3/envs/snc_dev/lib/python3.9/site-packages/airflow/example_dags/example_task_group.py for tasks to queue
[2026-02-25T23:34:30.750-0500] {logging_mixin.py:188} INFO - [2026-02-25T23:34:30.749-0500] {dagbag.py:540} INFO - Filling up the DagBag from /home/dawson/miniconda3/envs/snc_dev/lib/python3.9/site-packages/airflow/example_dags/example_task_group.py
[2026-02-25T23:34:30.765-0500] {processor.py:840} INFO - DAG(s) 'example_task_group' retrieved from /home/dawson/miniconda3/envs/snc_dev/lib/python3.9/site-packages/airflow/example_dags/example_task_group.py
[2026-02-25T23:34:30.787-0500] {logging_mixin.py:188} INFO - [2026-02-25T23:34:30.787-0500] {dag.py:3047} INFO - Sync 1 DAGs
[2026-02-25T23:34:30.805-0500] {logging_mixin.py:188} INFO - [2026-02-25T23:34:30.805-0500] {dag.py:3834} INFO - Setting next_dagrun for example_task_group to 2026-02-25 00:00:00+00:00, run_after=2026-02-26 00:00:00+00:00
[2026-02-25T23:34:30.825-0500] {processor.py:183} INFO - Processing /home/dawson/miniconda3/envs/snc_dev/lib/python3.9/site-packages/airflow/example_dags/example_task_group.py took 0.086 seconds
