[2026-02-25T23:29:14.977-0500] {processor.py:161} INFO - Started process (PID=90370) to work on /home/dawson/miniconda3/envs/snc_dev/lib/python3.9/site-packages/airflow/example_dags/example_kubernetes_executor.py
[2026-02-25T23:29:14.979-0500] {processor.py:830} INFO - Processing file /home/dawson/miniconda3/envs/snc_dev/lib/python3.9/site-packages/airflow/example_dags/example_kubernetes_executor.py for tasks to queue
[2026-02-25T23:29:14.980-0500] {logging_mixin.py:188} INFO - [2026-02-25T23:29:14.980-0500] {dagbag.py:540} INFO - Filling up the DagBag from /home/dawson/miniconda3/envs/snc_dev/lib/python3.9/site-packages/airflow/example_dags/example_kubernetes_executor.py
[2026-02-25T23:29:14.986-0500] {logging_mixin.py:188} INFO - [2026-02-25T23:29:14.986-0500] {example_kubernetes_executor.py:38} WARNING - The example_kubernetes_executor example DAG requires the kubernetes provider. Please install it with: pip install apache-airflow[cncf.kubernetes]
[2026-02-25T23:29:14.987-0500] {processor.py:842} WARNING - No viable dags retrieved from /home/dawson/miniconda3/envs/snc_dev/lib/python3.9/site-packages/airflow/example_dags/example_kubernetes_executor.py
[2026-02-25T23:29:15.002-0500] {processor.py:183} INFO - Processing /home/dawson/miniconda3/envs/snc_dev/lib/python3.9/site-packages/airflow/example_dags/example_kubernetes_executor.py took 0.030 seconds
[2026-02-25T23:30:08.639-0500] {processor.py:161} INFO - Started process (PID=90514) to work on /home/dawson/miniconda3/envs/snc_dev/lib/python3.9/site-packages/airflow/example_dags/example_kubernetes_executor.py
[2026-02-25T23:30:08.641-0500] {processor.py:830} INFO - Processing file /home/dawson/miniconda3/envs/snc_dev/lib/python3.9/site-packages/airflow/example_dags/example_kubernetes_executor.py for tasks to queue
[2026-02-25T23:30:08.642-0500] {logging_mixin.py:188} INFO - [2026-02-25T23:30:08.642-0500] {dagbag.py:540} INFO - Filling up the DagBag from /home/dawson/miniconda3/envs/snc_dev/lib/python3.9/site-packages/airflow/example_dags/example_kubernetes_executor.py
[2026-02-25T23:30:08.648-0500] {logging_mixin.py:188} INFO - [2026-02-25T23:30:08.648-0500] {example_kubernetes_executor.py:38} WARNING - The example_kubernetes_executor example DAG requires the kubernetes provider. Please install it with: pip install apache-airflow[cncf.kubernetes]
[2026-02-25T23:30:08.649-0500] {processor.py:842} WARNING - No viable dags retrieved from /home/dawson/miniconda3/envs/snc_dev/lib/python3.9/site-packages/airflow/example_dags/example_kubernetes_executor.py
[2026-02-25T23:30:08.666-0500] {processor.py:183} INFO - Processing /home/dawson/miniconda3/envs/snc_dev/lib/python3.9/site-packages/airflow/example_dags/example_kubernetes_executor.py took 0.033 seconds
[2026-02-25T23:30:56.598-0500] {processor.py:161} INFO - Started process (PID=90589) to work on /home/dawson/miniconda3/envs/snc_dev/lib/python3.9/site-packages/airflow/example_dags/example_kubernetes_executor.py
[2026-02-25T23:30:56.600-0500] {processor.py:830} INFO - Processing file /home/dawson/miniconda3/envs/snc_dev/lib/python3.9/site-packages/airflow/example_dags/example_kubernetes_executor.py for tasks to queue
[2026-02-25T23:30:56.601-0500] {logging_mixin.py:188} INFO - [2026-02-25T23:30:56.601-0500] {dagbag.py:540} INFO - Filling up the DagBag from /home/dawson/miniconda3/envs/snc_dev/lib/python3.9/site-packages/airflow/example_dags/example_kubernetes_executor.py
[2026-02-25T23:30:56.609-0500] {logging_mixin.py:188} INFO - [2026-02-25T23:30:56.608-0500] {example_kubernetes_executor.py:38} WARNING - The example_kubernetes_executor example DAG requires the kubernetes provider. Please install it with: pip install apache-airflow[cncf.kubernetes]
[2026-02-25T23:30:56.609-0500] {processor.py:842} WARNING - No viable dags retrieved from /home/dawson/miniconda3/envs/snc_dev/lib/python3.9/site-packages/airflow/example_dags/example_kubernetes_executor.py
[2026-02-25T23:30:56.626-0500] {processor.py:183} INFO - Processing /home/dawson/miniconda3/envs/snc_dev/lib/python3.9/site-packages/airflow/example_dags/example_kubernetes_executor.py took 0.034 seconds
[2026-02-25T23:31:46.996-0500] {processor.py:161} INFO - Started process (PID=90663) to work on /home/dawson/miniconda3/envs/snc_dev/lib/python3.9/site-packages/airflow/example_dags/example_kubernetes_executor.py
[2026-02-25T23:31:46.998-0500] {processor.py:830} INFO - Processing file /home/dawson/miniconda3/envs/snc_dev/lib/python3.9/site-packages/airflow/example_dags/example_kubernetes_executor.py for tasks to queue
[2026-02-25T23:31:46.999-0500] {logging_mixin.py:188} INFO - [2026-02-25T23:31:46.998-0500] {dagbag.py:540} INFO - Filling up the DagBag from /home/dawson/miniconda3/envs/snc_dev/lib/python3.9/site-packages/airflow/example_dags/example_kubernetes_executor.py
[2026-02-25T23:31:47.005-0500] {logging_mixin.py:188} INFO - [2026-02-25T23:31:47.004-0500] {example_kubernetes_executor.py:38} WARNING - The example_kubernetes_executor example DAG requires the kubernetes provider. Please install it with: pip install apache-airflow[cncf.kubernetes]
[2026-02-25T23:31:47.005-0500] {processor.py:842} WARNING - No viable dags retrieved from /home/dawson/miniconda3/envs/snc_dev/lib/python3.9/site-packages/airflow/example_dags/example_kubernetes_executor.py
[2026-02-25T23:31:47.022-0500] {processor.py:183} INFO - Processing /home/dawson/miniconda3/envs/snc_dev/lib/python3.9/site-packages/airflow/example_dags/example_kubernetes_executor.py took 0.033 seconds
[2026-02-25T23:32:36.460-0500] {processor.py:161} INFO - Started process (PID=91265) to work on /home/dawson/miniconda3/envs/snc_dev/lib/python3.9/site-packages/airflow/example_dags/example_kubernetes_executor.py
[2026-02-25T23:32:36.462-0500] {processor.py:830} INFO - Processing file /home/dawson/miniconda3/envs/snc_dev/lib/python3.9/site-packages/airflow/example_dags/example_kubernetes_executor.py for tasks to queue
[2026-02-25T23:32:36.464-0500] {logging_mixin.py:188} INFO - [2026-02-25T23:32:36.463-0500] {dagbag.py:540} INFO - Filling up the DagBag from /home/dawson/miniconda3/envs/snc_dev/lib/python3.9/site-packages/airflow/example_dags/example_kubernetes_executor.py
[2026-02-25T23:32:36.469-0500] {logging_mixin.py:188} INFO - [2026-02-25T23:32:36.468-0500] {example_kubernetes_executor.py:38} WARNING - The example_kubernetes_executor example DAG requires the kubernetes provider. Please install it with: pip install apache-airflow[cncf.kubernetes]
[2026-02-25T23:32:36.469-0500] {processor.py:842} WARNING - No viable dags retrieved from /home/dawson/miniconda3/envs/snc_dev/lib/python3.9/site-packages/airflow/example_dags/example_kubernetes_executor.py
[2026-02-25T23:32:36.487-0500] {processor.py:183} INFO - Processing /home/dawson/miniconda3/envs/snc_dev/lib/python3.9/site-packages/airflow/example_dags/example_kubernetes_executor.py took 0.033 seconds
[2026-02-25T23:33:27.203-0500] {processor.py:161} INFO - Started process (PID=91339) to work on /home/dawson/miniconda3/envs/snc_dev/lib/python3.9/site-packages/airflow/example_dags/example_kubernetes_executor.py
[2026-02-25T23:33:27.205-0500] {processor.py:830} INFO - Processing file /home/dawson/miniconda3/envs/snc_dev/lib/python3.9/site-packages/airflow/example_dags/example_kubernetes_executor.py for tasks to queue
[2026-02-25T23:33:27.206-0500] {logging_mixin.py:188} INFO - [2026-02-25T23:33:27.206-0500] {dagbag.py:540} INFO - Filling up the DagBag from /home/dawson/miniconda3/envs/snc_dev/lib/python3.9/site-packages/airflow/example_dags/example_kubernetes_executor.py
[2026-02-25T23:33:27.212-0500] {logging_mixin.py:188} INFO - [2026-02-25T23:33:27.211-0500] {example_kubernetes_executor.py:38} WARNING - The example_kubernetes_executor example DAG requires the kubernetes provider. Please install it with: pip install apache-airflow[cncf.kubernetes]
[2026-02-25T23:33:27.212-0500] {processor.py:842} WARNING - No viable dags retrieved from /home/dawson/miniconda3/envs/snc_dev/lib/python3.9/site-packages/airflow/example_dags/example_kubernetes_executor.py
[2026-02-25T23:33:27.229-0500] {processor.py:183} INFO - Processing /home/dawson/miniconda3/envs/snc_dev/lib/python3.9/site-packages/airflow/example_dags/example_kubernetes_executor.py took 0.033 seconds
[2026-02-25T23:34:15.859-0500] {processor.py:161} INFO - Started process (PID=91405) to work on /home/dawson/miniconda3/envs/snc_dev/lib/python3.9/site-packages/airflow/example_dags/example_kubernetes_executor.py
[2026-02-25T23:34:15.861-0500] {processor.py:830} INFO - Processing file /home/dawson/miniconda3/envs/snc_dev/lib/python3.9/site-packages/airflow/example_dags/example_kubernetes_executor.py for tasks to queue
[2026-02-25T23:34:15.863-0500] {logging_mixin.py:188} INFO - [2026-02-25T23:34:15.862-0500] {dagbag.py:540} INFO - Filling up the DagBag from /home/dawson/miniconda3/envs/snc_dev/lib/python3.9/site-packages/airflow/example_dags/example_kubernetes_executor.py
[2026-02-25T23:34:15.868-0500] {logging_mixin.py:188} INFO - [2026-02-25T23:34:15.868-0500] {example_kubernetes_executor.py:38} WARNING - The example_kubernetes_executor example DAG requires the kubernetes provider. Please install it with: pip install apache-airflow[cncf.kubernetes]
[2026-02-25T23:34:15.868-0500] {processor.py:842} WARNING - No viable dags retrieved from /home/dawson/miniconda3/envs/snc_dev/lib/python3.9/site-packages/airflow/example_dags/example_kubernetes_executor.py
[2026-02-25T23:34:15.885-0500] {processor.py:183} INFO - Processing /home/dawson/miniconda3/envs/snc_dev/lib/python3.9/site-packages/airflow/example_dags/example_kubernetes_executor.py took 0.033 seconds
