[2026-02-25T23:28:56.271-0500] {processor.py:161} INFO - Started process (PID=90299) to work on /home/dawson/miniconda3/envs/snc_dev/lib/python3.9/site-packages/airflow/example_dags/example_task_group_decorator.py
[2026-02-25T23:28:56.272-0500] {processor.py:830} INFO - Processing file /home/dawson/miniconda3/envs/snc_dev/lib/python3.9/site-packages/airflow/example_dags/example_task_group_decorator.py for tasks to queue
[2026-02-25T23:28:56.273-0500] {logging_mixin.py:188} INFO - [2026-02-25T23:28:56.273-0500] {dagbag.py:540} INFO - Filling up the DagBag from /home/dawson/miniconda3/envs/snc_dev/lib/python3.9/site-packages/airflow/example_dags/example_task_group_decorator.py
[2026-02-25T23:28:56.296-0500] {processor.py:840} INFO - DAG(s) 'example_task_group_decorator' retrieved from /home/dawson/miniconda3/envs/snc_dev/lib/python3.9/site-packages/airflow/example_dags/example_task_group_decorator.py
[2026-02-25T23:28:56.309-0500] {logging_mixin.py:188} INFO - [2026-02-25T23:28:56.309-0500] {dag.py:3047} INFO - Sync 1 DAGs
[2026-02-25T23:28:56.329-0500] {logging_mixin.py:188} INFO - [2026-02-25T23:28:56.329-0500] {dag.py:3834} INFO - Setting next_dagrun for example_task_group_decorator to 2026-02-25 00:00:00+00:00, run_after=2026-02-26 00:00:00+00:00
[2026-02-25T23:28:56.347-0500] {processor.py:183} INFO - Processing /home/dawson/miniconda3/envs/snc_dev/lib/python3.9/site-packages/airflow/example_dags/example_task_group_decorator.py took 0.083 seconds
[2026-02-25T23:29:46.482-0500] {processor.py:161} INFO - Started process (PID=90439) to work on /home/dawson/miniconda3/envs/snc_dev/lib/python3.9/site-packages/airflow/example_dags/example_task_group_decorator.py
[2026-02-25T23:29:46.484-0500] {processor.py:830} INFO - Processing file /home/dawson/miniconda3/envs/snc_dev/lib/python3.9/site-packages/airflow/example_dags/example_task_group_decorator.py for tasks to queue
[2026-02-25T23:29:46.485-0500] {logging_mixin.py:188} INFO - [2026-02-25T23:29:46.485-0500] {dagbag.py:540} INFO - Filling up the DagBag from /home/dawson/miniconda3/envs/snc_dev/lib/python3.9/site-packages/airflow/example_dags/example_task_group_decorator.py
[2026-02-25T23:29:46.638-0500] {processor.py:840} INFO - DAG(s) 'example_task_group_decorator' retrieved from /home/dawson/miniconda3/envs/snc_dev/lib/python3.9/site-packages/airflow/example_dags/example_task_group_decorator.py
[2026-02-25T23:29:46.700-0500] {logging_mixin.py:188} INFO - [2026-02-25T23:29:46.700-0500] {dag.py:3047} INFO - Sync 1 DAGs
[2026-02-25T23:29:46.712-0500] {logging_mixin.py:188} INFO - [2026-02-25T23:29:46.712-0500] {dag.py:3834} INFO - Setting next_dagrun for example_task_group_decorator to 2026-02-25 00:00:00+00:00, run_after=2026-02-26 00:00:00+00:00
[2026-02-25T23:29:46.730-0500] {processor.py:183} INFO - Processing /home/dawson/miniconda3/envs/snc_dev/lib/python3.9/site-packages/airflow/example_dags/example_task_group_decorator.py took 0.254 seconds
[2026-02-25T23:30:34.734-0500] {processor.py:161} INFO - Started process (PID=90558) to work on /home/dawson/miniconda3/envs/snc_dev/lib/python3.9/site-packages/airflow/example_dags/example_task_group_decorator.py
[2026-02-25T23:30:34.736-0500] {processor.py:830} INFO - Processing file /home/dawson/miniconda3/envs/snc_dev/lib/python3.9/site-packages/airflow/example_dags/example_task_group_decorator.py for tasks to queue
[2026-02-25T23:30:34.737-0500] {logging_mixin.py:188} INFO - [2026-02-25T23:30:34.737-0500] {dagbag.py:540} INFO - Filling up the DagBag from /home/dawson/miniconda3/envs/snc_dev/lib/python3.9/site-packages/airflow/example_dags/example_task_group_decorator.py
[2026-02-25T23:30:34.755-0500] {processor.py:840} INFO - DAG(s) 'example_task_group_decorator' retrieved from /home/dawson/miniconda3/envs/snc_dev/lib/python3.9/site-packages/airflow/example_dags/example_task_group_decorator.py
[2026-02-25T23:30:34.778-0500] {logging_mixin.py:188} INFO - [2026-02-25T23:30:34.777-0500] {dag.py:3047} INFO - Sync 1 DAGs
[2026-02-25T23:30:34.796-0500] {logging_mixin.py:188} INFO - [2026-02-25T23:30:34.796-0500] {dag.py:3834} INFO - Setting next_dagrun for example_task_group_decorator to 2026-02-25 00:00:00+00:00, run_after=2026-02-26 00:00:00+00:00
[2026-02-25T23:30:34.813-0500] {processor.py:183} INFO - Processing /home/dawson/miniconda3/envs/snc_dev/lib/python3.9/site-packages/airflow/example_dags/example_task_group_decorator.py took 0.086 seconds
[2026-02-25T23:31:20.474-0500] {processor.py:161} INFO - Started process (PID=90619) to work on /home/dawson/miniconda3/envs/snc_dev/lib/python3.9/site-packages/airflow/example_dags/example_task_group_decorator.py
[2026-02-25T23:31:20.476-0500] {processor.py:830} INFO - Processing file /home/dawson/miniconda3/envs/snc_dev/lib/python3.9/site-packages/airflow/example_dags/example_task_group_decorator.py for tasks to queue
[2026-02-25T23:31:20.477-0500] {logging_mixin.py:188} INFO - [2026-02-25T23:31:20.476-0500] {dagbag.py:540} INFO - Filling up the DagBag from /home/dawson/miniconda3/envs/snc_dev/lib/python3.9/site-packages/airflow/example_dags/example_task_group_decorator.py
[2026-02-25T23:31:20.495-0500] {processor.py:840} INFO - DAG(s) 'example_task_group_decorator' retrieved from /home/dawson/miniconda3/envs/snc_dev/lib/python3.9/site-packages/airflow/example_dags/example_task_group_decorator.py
[2026-02-25T23:31:20.517-0500] {logging_mixin.py:188} INFO - [2026-02-25T23:31:20.517-0500] {dag.py:3047} INFO - Sync 1 DAGs
[2026-02-25T23:31:20.536-0500] {logging_mixin.py:188} INFO - [2026-02-25T23:31:20.536-0500] {dag.py:3834} INFO - Setting next_dagrun for example_task_group_decorator to 2026-02-25 00:00:00+00:00, run_after=2026-02-26 00:00:00+00:00
[2026-02-25T23:31:20.553-0500] {processor.py:183} INFO - Processing /home/dawson/miniconda3/envs/snc_dev/lib/python3.9/site-packages/airflow/example_dags/example_task_group_decorator.py took 0.086 seconds
[2026-02-25T23:32:08.764-0500] {processor.py:161} INFO - Started process (PID=91224) to work on /home/dawson/miniconda3/envs/snc_dev/lib/python3.9/site-packages/airflow/example_dags/example_task_group_decorator.py
[2026-02-25T23:32:08.766-0500] {processor.py:830} INFO - Processing file /home/dawson/miniconda3/envs/snc_dev/lib/python3.9/site-packages/airflow/example_dags/example_task_group_decorator.py for tasks to queue
[2026-02-25T23:32:08.767-0500] {logging_mixin.py:188} INFO - [2026-02-25T23:32:08.767-0500] {dagbag.py:540} INFO - Filling up the DagBag from /home/dawson/miniconda3/envs/snc_dev/lib/python3.9/site-packages/airflow/example_dags/example_task_group_decorator.py
[2026-02-25T23:32:08.784-0500] {processor.py:840} INFO - DAG(s) 'example_task_group_decorator' retrieved from /home/dawson/miniconda3/envs/snc_dev/lib/python3.9/site-packages/airflow/example_dags/example_task_group_decorator.py
[2026-02-25T23:32:08.805-0500] {logging_mixin.py:188} INFO - [2026-02-25T23:32:08.804-0500] {dag.py:3047} INFO - Sync 1 DAGs
[2026-02-25T23:32:08.823-0500] {logging_mixin.py:188} INFO - [2026-02-25T23:32:08.823-0500] {dag.py:3834} INFO - Setting next_dagrun for example_task_group_decorator to 2026-02-25 00:00:00+00:00, run_after=2026-02-26 00:00:00+00:00
[2026-02-25T23:32:08.840-0500] {processor.py:183} INFO - Processing /home/dawson/miniconda3/envs/snc_dev/lib/python3.9/site-packages/airflow/example_dags/example_task_group_decorator.py took 0.083 seconds
[2026-02-25T23:32:58.329-0500] {processor.py:161} INFO - Started process (PID=91301) to work on /home/dawson/miniconda3/envs/snc_dev/lib/python3.9/site-packages/airflow/example_dags/example_task_group_decorator.py
[2026-02-25T23:32:58.332-0500] {processor.py:830} INFO - Processing file /home/dawson/miniconda3/envs/snc_dev/lib/python3.9/site-packages/airflow/example_dags/example_task_group_decorator.py for tasks to queue
[2026-02-25T23:32:58.333-0500] {logging_mixin.py:188} INFO - [2026-02-25T23:32:58.332-0500] {dagbag.py:540} INFO - Filling up the DagBag from /home/dawson/miniconda3/envs/snc_dev/lib/python3.9/site-packages/airflow/example_dags/example_task_group_decorator.py
[2026-02-25T23:32:58.350-0500] {processor.py:840} INFO - DAG(s) 'example_task_group_decorator' retrieved from /home/dawson/miniconda3/envs/snc_dev/lib/python3.9/site-packages/airflow/example_dags/example_task_group_decorator.py
[2026-02-25T23:32:58.373-0500] {logging_mixin.py:188} INFO - [2026-02-25T23:32:58.373-0500] {dag.py:3047} INFO - Sync 1 DAGs
[2026-02-25T23:32:58.391-0500] {logging_mixin.py:188} INFO - [2026-02-25T23:32:58.391-0500] {dag.py:3834} INFO - Setting next_dagrun for example_task_group_decorator to 2026-02-25 00:00:00+00:00, run_after=2026-02-26 00:00:00+00:00
[2026-02-25T23:32:58.409-0500] {processor.py:183} INFO - Processing /home/dawson/miniconda3/envs/snc_dev/lib/python3.9/site-packages/airflow/example_dags/example_task_group_decorator.py took 0.086 seconds
[2026-02-25T23:33:40.242-0500] {processor.py:161} INFO - Started process (PID=91355) to work on /home/dawson/miniconda3/envs/snc_dev/lib/python3.9/site-packages/airflow/example_dags/example_task_group_decorator.py
[2026-02-25T23:33:40.244-0500] {processor.py:830} INFO - Processing file /home/dawson/miniconda3/envs/snc_dev/lib/python3.9/site-packages/airflow/example_dags/example_task_group_decorator.py for tasks to queue
[2026-02-25T23:33:40.245-0500] {logging_mixin.py:188} INFO - [2026-02-25T23:33:40.244-0500] {dagbag.py:540} INFO - Filling up the DagBag from /home/dawson/miniconda3/envs/snc_dev/lib/python3.9/site-packages/airflow/example_dags/example_task_group_decorator.py
[2026-02-25T23:33:40.262-0500] {processor.py:840} INFO - DAG(s) 'example_task_group_decorator' retrieved from /home/dawson/miniconda3/envs/snc_dev/lib/python3.9/site-packages/airflow/example_dags/example_task_group_decorator.py
[2026-02-25T23:33:40.285-0500] {logging_mixin.py:188} INFO - [2026-02-25T23:33:40.285-0500] {dag.py:3047} INFO - Sync 1 DAGs
[2026-02-25T23:33:40.303-0500] {logging_mixin.py:188} INFO - [2026-02-25T23:33:40.303-0500] {dag.py:3834} INFO - Setting next_dagrun for example_task_group_decorator to 2026-02-25 00:00:00+00:00, run_after=2026-02-26 00:00:00+00:00
[2026-02-25T23:33:40.323-0500] {processor.py:183} INFO - Processing /home/dawson/miniconda3/envs/snc_dev/lib/python3.9/site-packages/airflow/example_dags/example_task_group_decorator.py took 0.087 seconds
[2026-02-25T23:34:29.603-0500] {processor.py:161} INFO - Started process (PID=91424) to work on /home/dawson/miniconda3/envs/snc_dev/lib/python3.9/site-packages/airflow/example_dags/example_task_group_decorator.py
[2026-02-25T23:34:29.605-0500] {processor.py:830} INFO - Processing file /home/dawson/miniconda3/envs/snc_dev/lib/python3.9/site-packages/airflow/example_dags/example_task_group_decorator.py for tasks to queue
[2026-02-25T23:34:29.607-0500] {logging_mixin.py:188} INFO - [2026-02-25T23:34:29.606-0500] {dagbag.py:540} INFO - Filling up the DagBag from /home/dawson/miniconda3/envs/snc_dev/lib/python3.9/site-packages/airflow/example_dags/example_task_group_decorator.py
[2026-02-25T23:34:29.625-0500] {processor.py:840} INFO - DAG(s) 'example_task_group_decorator' retrieved from /home/dawson/miniconda3/envs/snc_dev/lib/python3.9/site-packages/airflow/example_dags/example_task_group_decorator.py
[2026-02-25T23:34:29.648-0500] {logging_mixin.py:188} INFO - [2026-02-25T23:34:29.647-0500] {dag.py:3047} INFO - Sync 1 DAGs
[2026-02-25T23:34:29.665-0500] {logging_mixin.py:188} INFO - [2026-02-25T23:34:29.665-0500] {dag.py:3834} INFO - Setting next_dagrun for example_task_group_decorator to 2026-02-25 00:00:00+00:00, run_after=2026-02-26 00:00:00+00:00
[2026-02-25T23:34:29.684-0500] {processor.py:183} INFO - Processing /home/dawson/miniconda3/envs/snc_dev/lib/python3.9/site-packages/airflow/example_dags/example_task_group_decorator.py took 0.088 seconds
