[2026-02-25T23:29:06.566-0500] {processor.py:161} INFO - Started process (PID=90354) to work on /home/dawson/miniconda3/envs/snc_dev/lib/python3.9/site-packages/airflow/example_dags/example_python_decorator.py
[2026-02-25T23:29:06.567-0500] {processor.py:830} INFO - Processing file /home/dawson/miniconda3/envs/snc_dev/lib/python3.9/site-packages/airflow/example_dags/example_python_decorator.py for tasks to queue
[2026-02-25T23:29:06.569-0500] {logging_mixin.py:188} INFO - [2026-02-25T23:29:06.568-0500] {dagbag.py:540} INFO - Filling up the DagBag from /home/dawson/miniconda3/envs/snc_dev/lib/python3.9/site-packages/airflow/example_dags/example_python_decorator.py
[2026-02-25T23:29:06.583-0500] {logging_mixin.py:188} INFO - [2026-02-25T23:29:06.583-0500] {example_python_decorator.py:79} WARNING - The virtalenv_python example task requires virtualenv, please install it.
[2026-02-25T23:29:06.584-0500] {processor.py:840} INFO - DAG(s) 'example_python_decorator' retrieved from /home/dawson/miniconda3/envs/snc_dev/lib/python3.9/site-packages/airflow/example_dags/example_python_decorator.py
[2026-02-25T23:29:06.597-0500] {logging_mixin.py:188} INFO - [2026-02-25T23:29:06.596-0500] {dag.py:3047} INFO - Sync 1 DAGs
[2026-02-25T23:29:06.610-0500] {logging_mixin.py:188} INFO - [2026-02-25T23:29:06.610-0500] {dag.py:3834} INFO - Setting next_dagrun for example_python_decorator to None, run_after=None
[2026-02-25T23:29:06.636-0500] {processor.py:183} INFO - Processing /home/dawson/miniconda3/envs/snc_dev/lib/python3.9/site-packages/airflow/example_dags/example_python_decorator.py took 0.076 seconds
[2026-02-25T23:29:59.846-0500] {processor.py:161} INFO - Started process (PID=90496) to work on /home/dawson/miniconda3/envs/snc_dev/lib/python3.9/site-packages/airflow/example_dags/example_python_decorator.py
[2026-02-25T23:29:59.848-0500] {processor.py:830} INFO - Processing file /home/dawson/miniconda3/envs/snc_dev/lib/python3.9/site-packages/airflow/example_dags/example_python_decorator.py for tasks to queue
[2026-02-25T23:29:59.850-0500] {logging_mixin.py:188} INFO - [2026-02-25T23:29:59.849-0500] {dagbag.py:540} INFO - Filling up the DagBag from /home/dawson/miniconda3/envs/snc_dev/lib/python3.9/site-packages/airflow/example_dags/example_python_decorator.py
[2026-02-25T23:30:00.020-0500] {logging_mixin.py:188} INFO - [2026-02-25T23:30:00.019-0500] {example_python_decorator.py:79} WARNING - The virtalenv_python example task requires virtualenv, please install it.
[2026-02-25T23:30:00.020-0500] {processor.py:840} INFO - DAG(s) 'example_python_decorator' retrieved from /home/dawson/miniconda3/envs/snc_dev/lib/python3.9/site-packages/airflow/example_dags/example_python_decorator.py
[2026-02-25T23:30:00.089-0500] {logging_mixin.py:188} INFO - [2026-02-25T23:30:00.089-0500] {dag.py:3047} INFO - Sync 1 DAGs
[2026-02-25T23:30:00.095-0500] {logging_mixin.py:188} INFO - [2026-02-25T23:30:00.095-0500] {dag.py:3834} INFO - Setting next_dagrun for example_python_decorator to None, run_after=None
[2026-02-25T23:30:00.112-0500] {processor.py:183} INFO - Processing /home/dawson/miniconda3/envs/snc_dev/lib/python3.9/site-packages/airflow/example_dags/example_python_decorator.py took 0.272 seconds
[2026-02-25T23:30:44.877-0500] {processor.py:161} INFO - Started process (PID=90573) to work on /home/dawson/miniconda3/envs/snc_dev/lib/python3.9/site-packages/airflow/example_dags/example_python_decorator.py
[2026-02-25T23:30:44.879-0500] {processor.py:830} INFO - Processing file /home/dawson/miniconda3/envs/snc_dev/lib/python3.9/site-packages/airflow/example_dags/example_python_decorator.py for tasks to queue
[2026-02-25T23:30:44.880-0500] {logging_mixin.py:188} INFO - [2026-02-25T23:30:44.880-0500] {dagbag.py:540} INFO - Filling up the DagBag from /home/dawson/miniconda3/envs/snc_dev/lib/python3.9/site-packages/airflow/example_dags/example_python_decorator.py
[2026-02-25T23:30:44.893-0500] {logging_mixin.py:188} INFO - [2026-02-25T23:30:44.892-0500] {example_python_decorator.py:79} WARNING - The virtalenv_python example task requires virtualenv, please install it.
[2026-02-25T23:30:44.893-0500] {processor.py:840} INFO - DAG(s) 'example_python_decorator' retrieved from /home/dawson/miniconda3/envs/snc_dev/lib/python3.9/site-packages/airflow/example_dags/example_python_decorator.py
[2026-02-25T23:30:44.916-0500] {logging_mixin.py:188} INFO - [2026-02-25T23:30:44.916-0500] {dag.py:3047} INFO - Sync 1 DAGs
[2026-02-25T23:30:44.927-0500] {logging_mixin.py:188} INFO - [2026-02-25T23:30:44.926-0500] {dag.py:3834} INFO - Setting next_dagrun for example_python_decorator to None, run_after=None
[2026-02-25T23:30:44.945-0500] {processor.py:183} INFO - Processing /home/dawson/miniconda3/envs/snc_dev/lib/python3.9/site-packages/airflow/example_dags/example_python_decorator.py took 0.074 seconds
[2026-02-25T23:31:40.032-0500] {processor.py:161} INFO - Started process (PID=90653) to work on /home/dawson/miniconda3/envs/snc_dev/lib/python3.9/site-packages/airflow/example_dags/example_python_decorator.py
[2026-02-25T23:31:40.035-0500] {processor.py:830} INFO - Processing file /home/dawson/miniconda3/envs/snc_dev/lib/python3.9/site-packages/airflow/example_dags/example_python_decorator.py for tasks to queue
[2026-02-25T23:31:40.036-0500] {logging_mixin.py:188} INFO - [2026-02-25T23:31:40.036-0500] {dagbag.py:540} INFO - Filling up the DagBag from /home/dawson/miniconda3/envs/snc_dev/lib/python3.9/site-packages/airflow/example_dags/example_python_decorator.py
[2026-02-25T23:31:40.049-0500] {logging_mixin.py:188} INFO - [2026-02-25T23:31:40.049-0500] {example_python_decorator.py:79} WARNING - The virtalenv_python example task requires virtualenv, please install it.
[2026-02-25T23:31:40.050-0500] {processor.py:840} INFO - DAG(s) 'example_python_decorator' retrieved from /home/dawson/miniconda3/envs/snc_dev/lib/python3.9/site-packages/airflow/example_dags/example_python_decorator.py
[2026-02-25T23:31:40.073-0500] {logging_mixin.py:188} INFO - [2026-02-25T23:31:40.073-0500] {dag.py:3047} INFO - Sync 1 DAGs
[2026-02-25T23:31:40.086-0500] {logging_mixin.py:188} INFO - [2026-02-25T23:31:40.086-0500] {dag.py:3834} INFO - Setting next_dagrun for example_python_decorator to None, run_after=None
[2026-02-25T23:31:40.104-0500] {processor.py:183} INFO - Processing /home/dawson/miniconda3/envs/snc_dev/lib/python3.9/site-packages/airflow/example_dags/example_python_decorator.py took 0.079 seconds
[2026-02-25T23:32:28.218-0500] {processor.py:161} INFO - Started process (PID=91256) to work on /home/dawson/miniconda3/envs/snc_dev/lib/python3.9/site-packages/airflow/example_dags/example_python_decorator.py
[2026-02-25T23:32:28.220-0500] {processor.py:830} INFO - Processing file /home/dawson/miniconda3/envs/snc_dev/lib/python3.9/site-packages/airflow/example_dags/example_python_decorator.py for tasks to queue
[2026-02-25T23:32:28.221-0500] {logging_mixin.py:188} INFO - [2026-02-25T23:32:28.221-0500] {dagbag.py:540} INFO - Filling up the DagBag from /home/dawson/miniconda3/envs/snc_dev/lib/python3.9/site-packages/airflow/example_dags/example_python_decorator.py
[2026-02-25T23:32:28.234-0500] {logging_mixin.py:188} INFO - [2026-02-25T23:32:28.234-0500] {example_python_decorator.py:79} WARNING - The virtalenv_python example task requires virtualenv, please install it.
[2026-02-25T23:32:28.235-0500] {processor.py:840} INFO - DAG(s) 'example_python_decorator' retrieved from /home/dawson/miniconda3/envs/snc_dev/lib/python3.9/site-packages/airflow/example_dags/example_python_decorator.py
[2026-02-25T23:32:28.259-0500] {logging_mixin.py:188} INFO - [2026-02-25T23:32:28.258-0500] {dag.py:3047} INFO - Sync 1 DAGs
[2026-02-25T23:32:28.270-0500] {logging_mixin.py:188} INFO - [2026-02-25T23:32:28.270-0500] {dag.py:3834} INFO - Setting next_dagrun for example_python_decorator to None, run_after=None
[2026-02-25T23:32:28.287-0500] {processor.py:183} INFO - Processing /home/dawson/miniconda3/envs/snc_dev/lib/python3.9/site-packages/airflow/example_dags/example_python_decorator.py took 0.076 seconds
[2026-02-25T23:33:18.632-0500] {processor.py:161} INFO - Started process (PID=91327) to work on /home/dawson/miniconda3/envs/snc_dev/lib/python3.9/site-packages/airflow/example_dags/example_python_decorator.py
[2026-02-25T23:33:18.635-0500] {processor.py:830} INFO - Processing file /home/dawson/miniconda3/envs/snc_dev/lib/python3.9/site-packages/airflow/example_dags/example_python_decorator.py for tasks to queue
[2026-02-25T23:33:18.637-0500] {logging_mixin.py:188} INFO - [2026-02-25T23:33:18.636-0500] {dagbag.py:540} INFO - Filling up the DagBag from /home/dawson/miniconda3/envs/snc_dev/lib/python3.9/site-packages/airflow/example_dags/example_python_decorator.py
[2026-02-25T23:33:18.649-0500] {logging_mixin.py:188} INFO - [2026-02-25T23:33:18.649-0500] {example_python_decorator.py:79} WARNING - The virtalenv_python example task requires virtualenv, please install it.
[2026-02-25T23:33:18.650-0500] {processor.py:840} INFO - DAG(s) 'example_python_decorator' retrieved from /home/dawson/miniconda3/envs/snc_dev/lib/python3.9/site-packages/airflow/example_dags/example_python_decorator.py
[2026-02-25T23:33:18.674-0500] {logging_mixin.py:188} INFO - [2026-02-25T23:33:18.674-0500] {dag.py:3047} INFO - Sync 1 DAGs
[2026-02-25T23:33:18.684-0500] {logging_mixin.py:188} INFO - [2026-02-25T23:33:18.684-0500] {dag.py:3834} INFO - Setting next_dagrun for example_python_decorator to None, run_after=None
[2026-02-25T23:33:18.705-0500] {processor.py:183} INFO - Processing /home/dawson/miniconda3/envs/snc_dev/lib/python3.9/site-packages/airflow/example_dags/example_python_decorator.py took 0.078 seconds
[2026-02-25T23:34:07.553-0500] {processor.py:161} INFO - Started process (PID=91393) to work on /home/dawson/miniconda3/envs/snc_dev/lib/python3.9/site-packages/airflow/example_dags/example_python_decorator.py
[2026-02-25T23:34:07.555-0500] {processor.py:830} INFO - Processing file /home/dawson/miniconda3/envs/snc_dev/lib/python3.9/site-packages/airflow/example_dags/example_python_decorator.py for tasks to queue
[2026-02-25T23:34:07.556-0500] {logging_mixin.py:188} INFO - [2026-02-25T23:34:07.556-0500] {dagbag.py:540} INFO - Filling up the DagBag from /home/dawson/miniconda3/envs/snc_dev/lib/python3.9/site-packages/airflow/example_dags/example_python_decorator.py
[2026-02-25T23:34:07.569-0500] {logging_mixin.py:188} INFO - [2026-02-25T23:34:07.569-0500] {example_python_decorator.py:79} WARNING - The virtalenv_python example task requires virtualenv, please install it.
[2026-02-25T23:34:07.570-0500] {processor.py:840} INFO - DAG(s) 'example_python_decorator' retrieved from /home/dawson/miniconda3/envs/snc_dev/lib/python3.9/site-packages/airflow/example_dags/example_python_decorator.py
[2026-02-25T23:34:07.593-0500] {logging_mixin.py:188} INFO - [2026-02-25T23:34:07.593-0500] {dag.py:3047} INFO - Sync 1 DAGs
[2026-02-25T23:34:07.605-0500] {logging_mixin.py:188} INFO - [2026-02-25T23:34:07.605-0500] {dag.py:3834} INFO - Setting next_dagrun for example_python_decorator to None, run_after=None
[2026-02-25T23:34:07.623-0500] {processor.py:183} INFO - Processing /home/dawson/miniconda3/envs/snc_dev/lib/python3.9/site-packages/airflow/example_dags/example_python_decorator.py took 0.076 seconds
[2026-02-25T23:34:58.891-0500] {processor.py:161} INFO - Started process (PID=91468) to work on /home/dawson/miniconda3/envs/snc_dev/lib/python3.9/site-packages/airflow/example_dags/example_python_decorator.py
[2026-02-25T23:34:58.893-0500] {processor.py:830} INFO - Processing file /home/dawson/miniconda3/envs/snc_dev/lib/python3.9/site-packages/airflow/example_dags/example_python_decorator.py for tasks to queue
[2026-02-25T23:34:58.894-0500] {logging_mixin.py:188} INFO - [2026-02-25T23:34:58.894-0500] {dagbag.py:540} INFO - Filling up the DagBag from /home/dawson/miniconda3/envs/snc_dev/lib/python3.9/site-packages/airflow/example_dags/example_python_decorator.py
[2026-02-25T23:34:58.906-0500] {logging_mixin.py:188} INFO - [2026-02-25T23:34:58.906-0500] {example_python_decorator.py:79} WARNING - The virtalenv_python example task requires virtualenv, please install it.
[2026-02-25T23:34:58.907-0500] {processor.py:840} INFO - DAG(s) 'example_python_decorator' retrieved from /home/dawson/miniconda3/envs/snc_dev/lib/python3.9/site-packages/airflow/example_dags/example_python_decorator.py
[2026-02-25T23:34:58.929-0500] {logging_mixin.py:188} INFO - [2026-02-25T23:34:58.929-0500] {dag.py:3047} INFO - Sync 1 DAGs
[2026-02-25T23:34:58.940-0500] {logging_mixin.py:188} INFO - [2026-02-25T23:34:58.940-0500] {dag.py:3834} INFO - Setting next_dagrun for example_python_decorator to None, run_after=None
[2026-02-25T23:34:58.957-0500] {processor.py:183} INFO - Processing /home/dawson/miniconda3/envs/snc_dev/lib/python3.9/site-packages/airflow/example_dags/example_python_decorator.py took 0.072 seconds
