[2026-02-25T23:29:22.823-0500] {processor.py:161} INFO - Started process (PID=90390) to work on /home/dawson/miniconda3/envs/snc_dev/lib/python3.9/site-packages/airflow/example_dags/example_branch_python_dop_operator_3.py
[2026-02-25T23:29:22.825-0500] {processor.py:830} INFO - Processing file /home/dawson/miniconda3/envs/snc_dev/lib/python3.9/site-packages/airflow/example_dags/example_branch_python_dop_operator_3.py for tasks to queue
[2026-02-25T23:29:22.826-0500] {logging_mixin.py:188} INFO - [2026-02-25T23:29:22.825-0500] {dagbag.py:540} INFO - Filling up the DagBag from /home/dawson/miniconda3/envs/snc_dev/lib/python3.9/site-packages/airflow/example_dags/example_branch_python_dop_operator_3.py
[2026-02-25T23:29:22.840-0500] {processor.py:840} INFO - DAG(s) 'example_branch_dop_operator_v3' retrieved from /home/dawson/miniconda3/envs/snc_dev/lib/python3.9/site-packages/airflow/example_dags/example_branch_python_dop_operator_3.py
[2026-02-25T23:29:23.034-0500] {logging_mixin.py:188} INFO - [2026-02-25T23:29:23.034-0500] {dag.py:3047} INFO - Sync 1 DAGs
[2026-02-25T23:29:23.047-0500] {logging_mixin.py:188} INFO - [2026-02-25T23:29:23.047-0500] {dag.py:3834} INFO - Setting next_dagrun for example_branch_dop_operator_v3 to 2026-02-26 04:28:00+00:00, run_after=2026-02-26 04:29:00+00:00
[2026-02-25T23:29:23.061-0500] {processor.py:183} INFO - Processing /home/dawson/miniconda3/envs/snc_dev/lib/python3.9/site-packages/airflow/example_dags/example_branch_python_dop_operator_3.py took 0.244 seconds
[2026-02-25T23:30:14.414-0500] {processor.py:161} INFO - Started process (PID=90527) to work on /home/dawson/miniconda3/envs/snc_dev/lib/python3.9/site-packages/airflow/example_dags/example_branch_python_dop_operator_3.py
[2026-02-25T23:30:14.416-0500] {processor.py:830} INFO - Processing file /home/dawson/miniconda3/envs/snc_dev/lib/python3.9/site-packages/airflow/example_dags/example_branch_python_dop_operator_3.py for tasks to queue
[2026-02-25T23:30:14.418-0500] {logging_mixin.py:188} INFO - [2026-02-25T23:30:14.417-0500] {dagbag.py:540} INFO - Filling up the DagBag from /home/dawson/miniconda3/envs/snc_dev/lib/python3.9/site-packages/airflow/example_dags/example_branch_python_dop_operator_3.py
[2026-02-25T23:30:14.431-0500] {processor.py:840} INFO - DAG(s) 'example_branch_dop_operator_v3' retrieved from /home/dawson/miniconda3/envs/snc_dev/lib/python3.9/site-packages/airflow/example_dags/example_branch_python_dop_operator_3.py
[2026-02-25T23:30:14.457-0500] {logging_mixin.py:188} INFO - [2026-02-25T23:30:14.457-0500] {dag.py:3047} INFO - Sync 1 DAGs
[2026-02-25T23:30:14.479-0500] {logging_mixin.py:188} INFO - [2026-02-25T23:30:14.478-0500] {dag.py:3834} INFO - Setting next_dagrun for example_branch_dop_operator_v3 to 2026-02-26 04:29:00+00:00, run_after=2026-02-26 04:30:00+00:00
[2026-02-25T23:30:14.500-0500] {processor.py:183} INFO - Processing /home/dawson/miniconda3/envs/snc_dev/lib/python3.9/site-packages/airflow/example_dags/example_branch_python_dop_operator_3.py took 0.092 seconds
[2026-02-25T23:31:10.524-0500] {processor.py:161} INFO - Started process (PID=90604) to work on /home/dawson/miniconda3/envs/snc_dev/lib/python3.9/site-packages/airflow/example_dags/example_branch_python_dop_operator_3.py
[2026-02-25T23:31:10.527-0500] {processor.py:830} INFO - Processing file /home/dawson/miniconda3/envs/snc_dev/lib/python3.9/site-packages/airflow/example_dags/example_branch_python_dop_operator_3.py for tasks to queue
[2026-02-25T23:31:10.528-0500] {logging_mixin.py:188} INFO - [2026-02-25T23:31:10.528-0500] {dagbag.py:540} INFO - Filling up the DagBag from /home/dawson/miniconda3/envs/snc_dev/lib/python3.9/site-packages/airflow/example_dags/example_branch_python_dop_operator_3.py
[2026-02-25T23:31:10.541-0500] {processor.py:840} INFO - DAG(s) 'example_branch_dop_operator_v3' retrieved from /home/dawson/miniconda3/envs/snc_dev/lib/python3.9/site-packages/airflow/example_dags/example_branch_python_dop_operator_3.py
[2026-02-25T23:31:10.566-0500] {logging_mixin.py:188} INFO - [2026-02-25T23:31:10.566-0500] {dag.py:3047} INFO - Sync 1 DAGs
[2026-02-25T23:31:10.587-0500] {logging_mixin.py:188} INFO - [2026-02-25T23:31:10.587-0500] {dag.py:3834} INFO - Setting next_dagrun for example_branch_dop_operator_v3 to 2026-02-26 04:30:00+00:00, run_after=2026-02-26 04:31:00+00:00
[2026-02-25T23:31:10.604-0500] {processor.py:183} INFO - Processing /home/dawson/miniconda3/envs/snc_dev/lib/python3.9/site-packages/airflow/example_dags/example_branch_python_dop_operator_3.py took 0.086 seconds
[2026-02-25T23:32:04.850-0500] {processor.py:161} INFO - Started process (PID=91206) to work on /home/dawson/miniconda3/envs/snc_dev/lib/python3.9/site-packages/airflow/example_dags/example_branch_python_dop_operator_3.py
[2026-02-25T23:32:04.852-0500] {processor.py:830} INFO - Processing file /home/dawson/miniconda3/envs/snc_dev/lib/python3.9/site-packages/airflow/example_dags/example_branch_python_dop_operator_3.py for tasks to queue
[2026-02-25T23:32:04.854-0500] {logging_mixin.py:188} INFO - [2026-02-25T23:32:04.853-0500] {dagbag.py:540} INFO - Filling up the DagBag from /home/dawson/miniconda3/envs/snc_dev/lib/python3.9/site-packages/airflow/example_dags/example_branch_python_dop_operator_3.py
[2026-02-25T23:32:04.867-0500] {processor.py:840} INFO - DAG(s) 'example_branch_dop_operator_v3' retrieved from /home/dawson/miniconda3/envs/snc_dev/lib/python3.9/site-packages/airflow/example_dags/example_branch_python_dop_operator_3.py
[2026-02-25T23:32:04.891-0500] {logging_mixin.py:188} INFO - [2026-02-25T23:32:04.891-0500] {dag.py:3047} INFO - Sync 1 DAGs
[2026-02-25T23:32:04.912-0500] {logging_mixin.py:188} INFO - [2026-02-25T23:32:04.911-0500] {dag.py:3834} INFO - Setting next_dagrun for example_branch_dop_operator_v3 to 2026-02-26 04:31:00+00:00, run_after=2026-02-26 04:32:00+00:00
[2026-02-25T23:32:04.932-0500] {processor.py:183} INFO - Processing /home/dawson/miniconda3/envs/snc_dev/lib/python3.9/site-packages/airflow/example_dags/example_branch_python_dop_operator_3.py took 0.087 seconds
[2026-02-25T23:32:53.883-0500] {processor.py:161} INFO - Started process (PID=91289) to work on /home/dawson/miniconda3/envs/snc_dev/lib/python3.9/site-packages/airflow/example_dags/example_branch_python_dop_operator_3.py
[2026-02-25T23:32:53.885-0500] {processor.py:830} INFO - Processing file /home/dawson/miniconda3/envs/snc_dev/lib/python3.9/site-packages/airflow/example_dags/example_branch_python_dop_operator_3.py for tasks to queue
[2026-02-25T23:32:53.886-0500] {logging_mixin.py:188} INFO - [2026-02-25T23:32:53.885-0500] {dagbag.py:540} INFO - Filling up the DagBag from /home/dawson/miniconda3/envs/snc_dev/lib/python3.9/site-packages/airflow/example_dags/example_branch_python_dop_operator_3.py
[2026-02-25T23:32:53.900-0500] {processor.py:840} INFO - DAG(s) 'example_branch_dop_operator_v3' retrieved from /home/dawson/miniconda3/envs/snc_dev/lib/python3.9/site-packages/airflow/example_dags/example_branch_python_dop_operator_3.py
[2026-02-25T23:32:53.923-0500] {logging_mixin.py:188} INFO - [2026-02-25T23:32:53.923-0500] {dag.py:3047} INFO - Sync 1 DAGs
[2026-02-25T23:32:53.945-0500] {logging_mixin.py:188} INFO - [2026-02-25T23:32:53.945-0500] {dag.py:3834} INFO - Setting next_dagrun for example_branch_dop_operator_v3 to 2026-02-26 04:31:00+00:00, run_after=2026-02-26 04:32:00+00:00
[2026-02-25T23:32:53.967-0500] {processor.py:183} INFO - Processing /home/dawson/miniconda3/envs/snc_dev/lib/python3.9/site-packages/airflow/example_dags/example_branch_python_dop_operator_3.py took 0.089 seconds
[2026-02-25T23:33:45.394-0500] {processor.py:161} INFO - Started process (PID=91363) to work on /home/dawson/miniconda3/envs/snc_dev/lib/python3.9/site-packages/airflow/example_dags/example_branch_python_dop_operator_3.py
[2026-02-25T23:33:45.396-0500] {processor.py:830} INFO - Processing file /home/dawson/miniconda3/envs/snc_dev/lib/python3.9/site-packages/airflow/example_dags/example_branch_python_dop_operator_3.py for tasks to queue
[2026-02-25T23:33:45.397-0500] {logging_mixin.py:188} INFO - [2026-02-25T23:33:45.397-0500] {dagbag.py:540} INFO - Filling up the DagBag from /home/dawson/miniconda3/envs/snc_dev/lib/python3.9/site-packages/airflow/example_dags/example_branch_python_dop_operator_3.py
[2026-02-25T23:33:45.413-0500] {processor.py:840} INFO - DAG(s) 'example_branch_dop_operator_v3' retrieved from /home/dawson/miniconda3/envs/snc_dev/lib/python3.9/site-packages/airflow/example_dags/example_branch_python_dop_operator_3.py
[2026-02-25T23:33:45.437-0500] {logging_mixin.py:188} INFO - [2026-02-25T23:33:45.437-0500] {dag.py:3047} INFO - Sync 1 DAGs
[2026-02-25T23:33:45.457-0500] {logging_mixin.py:188} INFO - [2026-02-25T23:33:45.457-0500] {dag.py:3834} INFO - Setting next_dagrun for example_branch_dop_operator_v3 to 2026-02-26 04:32:00+00:00, run_after=2026-02-26 04:33:00+00:00
[2026-02-25T23:33:45.476-0500] {processor.py:183} INFO - Processing /home/dawson/miniconda3/envs/snc_dev/lib/python3.9/site-packages/airflow/example_dags/example_branch_python_dop_operator_3.py took 0.088 seconds
[2026-02-25T23:34:36.670-0500] {processor.py:161} INFO - Started process (PID=91431) to work on /home/dawson/miniconda3/envs/snc_dev/lib/python3.9/site-packages/airflow/example_dags/example_branch_python_dop_operator_3.py
[2026-02-25T23:34:36.672-0500] {processor.py:830} INFO - Processing file /home/dawson/miniconda3/envs/snc_dev/lib/python3.9/site-packages/airflow/example_dags/example_branch_python_dop_operator_3.py for tasks to queue
[2026-02-25T23:34:36.674-0500] {logging_mixin.py:188} INFO - [2026-02-25T23:34:36.673-0500] {dagbag.py:540} INFO - Filling up the DagBag from /home/dawson/miniconda3/envs/snc_dev/lib/python3.9/site-packages/airflow/example_dags/example_branch_python_dop_operator_3.py
[2026-02-25T23:34:36.687-0500] {processor.py:840} INFO - DAG(s) 'example_branch_dop_operator_v3' retrieved from /home/dawson/miniconda3/envs/snc_dev/lib/python3.9/site-packages/airflow/example_dags/example_branch_python_dop_operator_3.py
[2026-02-25T23:34:36.711-0500] {logging_mixin.py:188} INFO - [2026-02-25T23:34:36.711-0500] {dag.py:3047} INFO - Sync 1 DAGs
[2026-02-25T23:34:36.733-0500] {logging_mixin.py:188} INFO - [2026-02-25T23:34:36.733-0500] {dag.py:3834} INFO - Setting next_dagrun for example_branch_dop_operator_v3 to 2026-02-26 04:33:00+00:00, run_after=2026-02-26 04:34:00+00:00
[2026-02-25T23:34:36.750-0500] {processor.py:183} INFO - Processing /home/dawson/miniconda3/envs/snc_dev/lib/python3.9/site-packages/airflow/example_dags/example_branch_python_dop_operator_3.py took 0.086 seconds
