[2026-02-25T23:28:59.130-0500] {processor.py:161} INFO - Started process (PID=90303) to work on /home/dawson/miniconda3/envs/snc_dev/lib/python3.9/site-packages/airflow/example_dags/example_skip_dag.py
[2026-02-25T23:28:59.132-0500] {processor.py:830} INFO - Processing file /home/dawson/miniconda3/envs/snc_dev/lib/python3.9/site-packages/airflow/example_dags/example_skip_dag.py for tasks to queue
[2026-02-25T23:28:59.133-0500] {logging_mixin.py:188} INFO - [2026-02-25T23:28:59.132-0500] {dagbag.py:540} INFO - Filling up the DagBag from /home/dawson/miniconda3/envs/snc_dev/lib/python3.9/site-packages/airflow/example_dags/example_skip_dag.py
[2026-02-25T23:28:59.143-0500] {processor.py:840} INFO - DAG(s) 'example_skip_dag' retrieved from /home/dawson/miniconda3/envs/snc_dev/lib/python3.9/site-packages/airflow/example_dags/example_skip_dag.py
[2026-02-25T23:28:59.156-0500] {logging_mixin.py:188} INFO - [2026-02-25T23:28:59.156-0500] {dag.py:3047} INFO - Sync 1 DAGs
[2026-02-25T23:28:59.176-0500] {logging_mixin.py:188} INFO - [2026-02-25T23:28:59.176-0500] {dag.py:3834} INFO - Setting next_dagrun for example_skip_dag to 2026-02-25 00:00:00+00:00, run_after=2026-02-26 00:00:00+00:00
[2026-02-25T23:28:59.193-0500] {processor.py:183} INFO - Processing /home/dawson/miniconda3/envs/snc_dev/lib/python3.9/site-packages/airflow/example_dags/example_skip_dag.py took 0.068 seconds
[2026-02-25T23:29:51.834-0500] {processor.py:161} INFO - Started process (PID=90446) to work on /home/dawson/miniconda3/envs/snc_dev/lib/python3.9/site-packages/airflow/example_dags/example_skip_dag.py
[2026-02-25T23:29:51.836-0500] {processor.py:830} INFO - Processing file /home/dawson/miniconda3/envs/snc_dev/lib/python3.9/site-packages/airflow/example_dags/example_skip_dag.py for tasks to queue
[2026-02-25T23:29:51.837-0500] {logging_mixin.py:188} INFO - [2026-02-25T23:29:51.837-0500] {dagbag.py:540} INFO - Filling up the DagBag from /home/dawson/miniconda3/envs/snc_dev/lib/python3.9/site-packages/airflow/example_dags/example_skip_dag.py
[2026-02-25T23:29:51.850-0500] {processor.py:840} INFO - DAG(s) 'example_skip_dag' retrieved from /home/dawson/miniconda3/envs/snc_dev/lib/python3.9/site-packages/airflow/example_dags/example_skip_dag.py
[2026-02-25T23:29:52.043-0500] {logging_mixin.py:188} INFO - [2026-02-25T23:29:52.043-0500] {dag.py:3047} INFO - Sync 1 DAGs
[2026-02-25T23:29:52.053-0500] {logging_mixin.py:188} INFO - [2026-02-25T23:29:52.053-0500] {dag.py:3834} INFO - Setting next_dagrun for example_skip_dag to 2026-02-25 00:00:00+00:00, run_after=2026-02-26 00:00:00+00:00
[2026-02-25T23:29:52.069-0500] {processor.py:183} INFO - Processing /home/dawson/miniconda3/envs/snc_dev/lib/python3.9/site-packages/airflow/example_dags/example_skip_dag.py took 0.241 seconds
[2026-02-25T23:30:39.416-0500] {processor.py:161} INFO - Started process (PID=90563) to work on /home/dawson/miniconda3/envs/snc_dev/lib/python3.9/site-packages/airflow/example_dags/example_skip_dag.py
[2026-02-25T23:30:39.418-0500] {processor.py:830} INFO - Processing file /home/dawson/miniconda3/envs/snc_dev/lib/python3.9/site-packages/airflow/example_dags/example_skip_dag.py for tasks to queue
[2026-02-25T23:30:39.420-0500] {logging_mixin.py:188} INFO - [2026-02-25T23:30:39.419-0500] {dagbag.py:540} INFO - Filling up the DagBag from /home/dawson/miniconda3/envs/snc_dev/lib/python3.9/site-packages/airflow/example_dags/example_skip_dag.py
[2026-02-25T23:30:39.432-0500] {processor.py:840} INFO - DAG(s) 'example_skip_dag' retrieved from /home/dawson/miniconda3/envs/snc_dev/lib/python3.9/site-packages/airflow/example_dags/example_skip_dag.py
[2026-02-25T23:30:39.454-0500] {logging_mixin.py:188} INFO - [2026-02-25T23:30:39.454-0500] {dag.py:3047} INFO - Sync 1 DAGs
[2026-02-25T23:30:39.472-0500] {logging_mixin.py:188} INFO - [2026-02-25T23:30:39.471-0500] {dag.py:3834} INFO - Setting next_dagrun for example_skip_dag to 2026-02-25 00:00:00+00:00, run_after=2026-02-26 00:00:00+00:00
[2026-02-25T23:30:39.491-0500] {processor.py:183} INFO - Processing /home/dawson/miniconda3/envs/snc_dev/lib/python3.9/site-packages/airflow/example_dags/example_skip_dag.py took 0.080 seconds
[2026-02-25T23:31:23.429-0500] {processor.py:161} INFO - Started process (PID=90629) to work on /home/dawson/miniconda3/envs/snc_dev/lib/python3.9/site-packages/airflow/example_dags/example_skip_dag.py
[2026-02-25T23:31:23.432-0500] {processor.py:830} INFO - Processing file /home/dawson/miniconda3/envs/snc_dev/lib/python3.9/site-packages/airflow/example_dags/example_skip_dag.py for tasks to queue
[2026-02-25T23:31:23.433-0500] {logging_mixin.py:188} INFO - [2026-02-25T23:31:23.432-0500] {dagbag.py:540} INFO - Filling up the DagBag from /home/dawson/miniconda3/envs/snc_dev/lib/python3.9/site-packages/airflow/example_dags/example_skip_dag.py
[2026-02-25T23:31:23.446-0500] {processor.py:840} INFO - DAG(s) 'example_skip_dag' retrieved from /home/dawson/miniconda3/envs/snc_dev/lib/python3.9/site-packages/airflow/example_dags/example_skip_dag.py
[2026-02-25T23:31:23.469-0500] {logging_mixin.py:188} INFO - [2026-02-25T23:31:23.469-0500] {dag.py:3047} INFO - Sync 1 DAGs
[2026-02-25T23:31:23.489-0500] {logging_mixin.py:188} INFO - [2026-02-25T23:31:23.489-0500] {dag.py:3834} INFO - Setting next_dagrun for example_skip_dag to 2026-02-25 00:00:00+00:00, run_after=2026-02-26 00:00:00+00:00
[2026-02-25T23:31:23.507-0500] {processor.py:183} INFO - Processing /home/dawson/miniconda3/envs/snc_dev/lib/python3.9/site-packages/airflow/example_dags/example_skip_dag.py took 0.084 seconds
[2026-02-25T23:32:12.762-0500] {processor.py:161} INFO - Started process (PID=91235) to work on /home/dawson/miniconda3/envs/snc_dev/lib/python3.9/site-packages/airflow/example_dags/example_skip_dag.py
[2026-02-25T23:32:12.764-0500] {processor.py:830} INFO - Processing file /home/dawson/miniconda3/envs/snc_dev/lib/python3.9/site-packages/airflow/example_dags/example_skip_dag.py for tasks to queue
[2026-02-25T23:32:12.766-0500] {logging_mixin.py:188} INFO - [2026-02-25T23:32:12.765-0500] {dagbag.py:540} INFO - Filling up the DagBag from /home/dawson/miniconda3/envs/snc_dev/lib/python3.9/site-packages/airflow/example_dags/example_skip_dag.py
[2026-02-25T23:32:12.779-0500] {processor.py:840} INFO - DAG(s) 'example_skip_dag' retrieved from /home/dawson/miniconda3/envs/snc_dev/lib/python3.9/site-packages/airflow/example_dags/example_skip_dag.py
[2026-02-25T23:32:12.805-0500] {logging_mixin.py:188} INFO - [2026-02-25T23:32:12.805-0500] {dag.py:3047} INFO - Sync 1 DAGs
[2026-02-25T23:32:12.822-0500] {logging_mixin.py:188} INFO - [2026-02-25T23:32:12.822-0500] {dag.py:3834} INFO - Setting next_dagrun for example_skip_dag to 2026-02-25 00:00:00+00:00, run_after=2026-02-26 00:00:00+00:00
[2026-02-25T23:32:12.839-0500] {processor.py:183} INFO - Processing /home/dawson/miniconda3/envs/snc_dev/lib/python3.9/site-packages/airflow/example_dags/example_skip_dag.py took 0.082 seconds
[2026-02-25T23:33:02.579-0500] {processor.py:161} INFO - Started process (PID=91305) to work on /home/dawson/miniconda3/envs/snc_dev/lib/python3.9/site-packages/airflow/example_dags/example_skip_dag.py
[2026-02-25T23:33:02.582-0500] {processor.py:830} INFO - Processing file /home/dawson/miniconda3/envs/snc_dev/lib/python3.9/site-packages/airflow/example_dags/example_skip_dag.py for tasks to queue
[2026-02-25T23:33:02.584-0500] {logging_mixin.py:188} INFO - [2026-02-25T23:33:02.583-0500] {dagbag.py:540} INFO - Filling up the DagBag from /home/dawson/miniconda3/envs/snc_dev/lib/python3.9/site-packages/airflow/example_dags/example_skip_dag.py
[2026-02-25T23:33:02.596-0500] {processor.py:840} INFO - DAG(s) 'example_skip_dag' retrieved from /home/dawson/miniconda3/envs/snc_dev/lib/python3.9/site-packages/airflow/example_dags/example_skip_dag.py
[2026-02-25T23:33:02.619-0500] {logging_mixin.py:188} INFO - [2026-02-25T23:33:02.619-0500] {dag.py:3047} INFO - Sync 1 DAGs
[2026-02-25T23:33:02.640-0500] {logging_mixin.py:188} INFO - [2026-02-25T23:33:02.640-0500] {dag.py:3834} INFO - Setting next_dagrun for example_skip_dag to 2026-02-25 00:00:00+00:00, run_after=2026-02-26 00:00:00+00:00
[2026-02-25T23:33:02.659-0500] {processor.py:183} INFO - Processing /home/dawson/miniconda3/envs/snc_dev/lib/python3.9/site-packages/airflow/example_dags/example_skip_dag.py took 0.086 seconds
[2026-02-25T23:33:50.548-0500] {processor.py:161} INFO - Started process (PID=91369) to work on /home/dawson/miniconda3/envs/snc_dev/lib/python3.9/site-packages/airflow/example_dags/example_skip_dag.py
[2026-02-25T23:33:50.549-0500] {processor.py:830} INFO - Processing file /home/dawson/miniconda3/envs/snc_dev/lib/python3.9/site-packages/airflow/example_dags/example_skip_dag.py for tasks to queue
[2026-02-25T23:33:50.551-0500] {logging_mixin.py:188} INFO - [2026-02-25T23:33:50.550-0500] {dagbag.py:540} INFO - Filling up the DagBag from /home/dawson/miniconda3/envs/snc_dev/lib/python3.9/site-packages/airflow/example_dags/example_skip_dag.py
[2026-02-25T23:33:50.562-0500] {processor.py:840} INFO - DAG(s) 'example_skip_dag' retrieved from /home/dawson/miniconda3/envs/snc_dev/lib/python3.9/site-packages/airflow/example_dags/example_skip_dag.py
[2026-02-25T23:33:50.587-0500] {logging_mixin.py:188} INFO - [2026-02-25T23:33:50.586-0500] {dag.py:3047} INFO - Sync 1 DAGs
[2026-02-25T23:33:50.606-0500] {logging_mixin.py:188} INFO - [2026-02-25T23:33:50.606-0500] {dag.py:3834} INFO - Setting next_dagrun for example_skip_dag to 2026-02-25 00:00:00+00:00, run_after=2026-02-26 00:00:00+00:00
[2026-02-25T23:33:50.623-0500] {processor.py:183} INFO - Processing /home/dawson/miniconda3/envs/snc_dev/lib/python3.9/site-packages/airflow/example_dags/example_skip_dag.py took 0.081 seconds
[2026-02-25T23:34:41.972-0500] {processor.py:161} INFO - Started process (PID=91440) to work on /home/dawson/miniconda3/envs/snc_dev/lib/python3.9/site-packages/airflow/example_dags/example_skip_dag.py
[2026-02-25T23:34:41.974-0500] {processor.py:830} INFO - Processing file /home/dawson/miniconda3/envs/snc_dev/lib/python3.9/site-packages/airflow/example_dags/example_skip_dag.py for tasks to queue
[2026-02-25T23:34:41.975-0500] {logging_mixin.py:188} INFO - [2026-02-25T23:34:41.974-0500] {dagbag.py:540} INFO - Filling up the DagBag from /home/dawson/miniconda3/envs/snc_dev/lib/python3.9/site-packages/airflow/example_dags/example_skip_dag.py
[2026-02-25T23:34:41.987-0500] {processor.py:840} INFO - DAG(s) 'example_skip_dag' retrieved from /home/dawson/miniconda3/envs/snc_dev/lib/python3.9/site-packages/airflow/example_dags/example_skip_dag.py
[2026-02-25T23:34:42.010-0500] {logging_mixin.py:188} INFO - [2026-02-25T23:34:42.010-0500] {dag.py:3047} INFO - Sync 1 DAGs
[2026-02-25T23:34:42.027-0500] {logging_mixin.py:188} INFO - [2026-02-25T23:34:42.027-0500] {dag.py:3834} INFO - Setting next_dagrun for example_skip_dag to 2026-02-25 00:00:00+00:00, run_after=2026-02-26 00:00:00+00:00
[2026-02-25T23:34:42.044-0500] {processor.py:183} INFO - Processing /home/dawson/miniconda3/envs/snc_dev/lib/python3.9/site-packages/airflow/example_dags/example_skip_dag.py took 0.078 seconds
