[2026-02-25T23:29:03.136-0500] {processor.py:161} INFO - Started process (PID=90312) to work on /home/dawson/miniconda3/envs/snc_dev/lib/python3.9/site-packages/airflow/example_dags/example_sensors.py
[2026-02-25T23:29:03.137-0500] {processor.py:830} INFO - Processing file /home/dawson/miniconda3/envs/snc_dev/lib/python3.9/site-packages/airflow/example_dags/example_sensors.py for tasks to queue
[2026-02-25T23:29:03.138-0500] {logging_mixin.py:188} INFO - [2026-02-25T23:29:03.138-0500] {dagbag.py:540} INFO - Filling up the DagBag from /home/dawson/miniconda3/envs/snc_dev/lib/python3.9/site-packages/airflow/example_dags/example_sensors.py
[2026-02-25T23:29:03.152-0500] {processor.py:840} INFO - DAG(s) 'example_sensors' retrieved from /home/dawson/miniconda3/envs/snc_dev/lib/python3.9/site-packages/airflow/example_dags/example_sensors.py
[2026-02-25T23:29:03.164-0500] {logging_mixin.py:188} INFO - [2026-02-25T23:29:03.163-0500] {dag.py:3047} INFO - Sync 1 DAGs
[2026-02-25T23:29:03.176-0500] {logging_mixin.py:188} INFO - [2026-02-25T23:29:03.175-0500] {dag.py:3834} INFO - Setting next_dagrun for example_sensors to None, run_after=None
[2026-02-25T23:29:03.194-0500] {processor.py:183} INFO - Processing /home/dawson/miniconda3/envs/snc_dev/lib/python3.9/site-packages/airflow/example_dags/example_sensors.py took 0.064 seconds
[2026-02-25T23:29:57.191-0500] {processor.py:161} INFO - Started process (PID=90493) to work on /home/dawson/miniconda3/envs/snc_dev/lib/python3.9/site-packages/airflow/example_dags/example_sensors.py
[2026-02-25T23:29:57.192-0500] {processor.py:830} INFO - Processing file /home/dawson/miniconda3/envs/snc_dev/lib/python3.9/site-packages/airflow/example_dags/example_sensors.py for tasks to queue
[2026-02-25T23:29:57.194-0500] {logging_mixin.py:188} INFO - [2026-02-25T23:29:57.193-0500] {dagbag.py:540} INFO - Filling up the DagBag from /home/dawson/miniconda3/envs/snc_dev/lib/python3.9/site-packages/airflow/example_dags/example_sensors.py
[2026-02-25T23:29:57.336-0500] {processor.py:840} INFO - DAG(s) 'example_sensors' retrieved from /home/dawson/miniconda3/envs/snc_dev/lib/python3.9/site-packages/airflow/example_dags/example_sensors.py
[2026-02-25T23:29:57.399-0500] {logging_mixin.py:188} INFO - [2026-02-25T23:29:57.399-0500] {dag.py:3047} INFO - Sync 1 DAGs
[2026-02-25T23:29:57.405-0500] {logging_mixin.py:188} INFO - [2026-02-25T23:29:57.405-0500] {dag.py:3834} INFO - Setting next_dagrun for example_sensors to None, run_after=None
[2026-02-25T23:29:57.421-0500] {processor.py:183} INFO - Processing /home/dawson/miniconda3/envs/snc_dev/lib/python3.9/site-packages/airflow/example_dags/example_sensors.py took 0.236 seconds
[2026-02-25T23:30:43.180-0500] {processor.py:161} INFO - Started process (PID=90570) to work on /home/dawson/miniconda3/envs/snc_dev/lib/python3.9/site-packages/airflow/example_dags/example_sensors.py
[2026-02-25T23:30:43.183-0500] {processor.py:830} INFO - Processing file /home/dawson/miniconda3/envs/snc_dev/lib/python3.9/site-packages/airflow/example_dags/example_sensors.py for tasks to queue
[2026-02-25T23:30:43.184-0500] {logging_mixin.py:188} INFO - [2026-02-25T23:30:43.183-0500] {dagbag.py:540} INFO - Filling up the DagBag from /home/dawson/miniconda3/envs/snc_dev/lib/python3.9/site-packages/airflow/example_dags/example_sensors.py
[2026-02-25T23:30:43.199-0500] {processor.py:840} INFO - DAG(s) 'example_sensors' retrieved from /home/dawson/miniconda3/envs/snc_dev/lib/python3.9/site-packages/airflow/example_dags/example_sensors.py
[2026-02-25T23:30:43.222-0500] {logging_mixin.py:188} INFO - [2026-02-25T23:30:43.222-0500] {dag.py:3047} INFO - Sync 1 DAGs
[2026-02-25T23:30:43.234-0500] {logging_mixin.py:188} INFO - [2026-02-25T23:30:43.234-0500] {dag.py:3834} INFO - Setting next_dagrun for example_sensors to None, run_after=None
[2026-02-25T23:30:43.250-0500] {processor.py:183} INFO - Processing /home/dawson/miniconda3/envs/snc_dev/lib/python3.9/site-packages/airflow/example_dags/example_sensors.py took 0.076 seconds
[2026-02-25T23:31:36.586-0500] {processor.py:161} INFO - Started process (PID=90648) to work on /home/dawson/miniconda3/envs/snc_dev/lib/python3.9/site-packages/airflow/example_dags/example_sensors.py
[2026-02-25T23:31:36.588-0500] {processor.py:830} INFO - Processing file /home/dawson/miniconda3/envs/snc_dev/lib/python3.9/site-packages/airflow/example_dags/example_sensors.py for tasks to queue
[2026-02-25T23:31:36.590-0500] {logging_mixin.py:188} INFO - [2026-02-25T23:31:36.589-0500] {dagbag.py:540} INFO - Filling up the DagBag from /home/dawson/miniconda3/envs/snc_dev/lib/python3.9/site-packages/airflow/example_dags/example_sensors.py
[2026-02-25T23:31:36.603-0500] {processor.py:840} INFO - DAG(s) 'example_sensors' retrieved from /home/dawson/miniconda3/envs/snc_dev/lib/python3.9/site-packages/airflow/example_dags/example_sensors.py
[2026-02-25T23:31:36.628-0500] {logging_mixin.py:188} INFO - [2026-02-25T23:31:36.628-0500] {dag.py:3047} INFO - Sync 1 DAGs
[2026-02-25T23:31:36.639-0500] {logging_mixin.py:188} INFO - [2026-02-25T23:31:36.639-0500] {dag.py:3834} INFO - Setting next_dagrun for example_sensors to None, run_after=None
[2026-02-25T23:31:36.657-0500] {processor.py:183} INFO - Processing /home/dawson/miniconda3/envs/snc_dev/lib/python3.9/site-packages/airflow/example_dags/example_sensors.py took 0.077 seconds
[2026-02-25T23:32:26.506-0500] {processor.py:161} INFO - Started process (PID=91253) to work on /home/dawson/miniconda3/envs/snc_dev/lib/python3.9/site-packages/airflow/example_dags/example_sensors.py
[2026-02-25T23:32:26.509-0500] {processor.py:830} INFO - Processing file /home/dawson/miniconda3/envs/snc_dev/lib/python3.9/site-packages/airflow/example_dags/example_sensors.py for tasks to queue
[2026-02-25T23:32:26.510-0500] {logging_mixin.py:188} INFO - [2026-02-25T23:32:26.510-0500] {dagbag.py:540} INFO - Filling up the DagBag from /home/dawson/miniconda3/envs/snc_dev/lib/python3.9/site-packages/airflow/example_dags/example_sensors.py
[2026-02-25T23:32:26.523-0500] {processor.py:840} INFO - DAG(s) 'example_sensors' retrieved from /home/dawson/miniconda3/envs/snc_dev/lib/python3.9/site-packages/airflow/example_dags/example_sensors.py
[2026-02-25T23:32:26.547-0500] {logging_mixin.py:188} INFO - [2026-02-25T23:32:26.547-0500] {dag.py:3047} INFO - Sync 1 DAGs
[2026-02-25T23:32:26.557-0500] {logging_mixin.py:188} INFO - [2026-02-25T23:32:26.557-0500] {dag.py:3834} INFO - Setting next_dagrun for example_sensors to None, run_after=None
[2026-02-25T23:32:26.574-0500] {processor.py:183} INFO - Processing /home/dawson/miniconda3/envs/snc_dev/lib/python3.9/site-packages/airflow/example_dags/example_sensors.py took 0.074 seconds
[2026-02-25T23:33:15.651-0500] {processor.py:161} INFO - Started process (PID=91324) to work on /home/dawson/miniconda3/envs/snc_dev/lib/python3.9/site-packages/airflow/example_dags/example_sensors.py
[2026-02-25T23:33:15.654-0500] {processor.py:830} INFO - Processing file /home/dawson/miniconda3/envs/snc_dev/lib/python3.9/site-packages/airflow/example_dags/example_sensors.py for tasks to queue
[2026-02-25T23:33:15.655-0500] {logging_mixin.py:188} INFO - [2026-02-25T23:33:15.655-0500] {dagbag.py:540} INFO - Filling up the DagBag from /home/dawson/miniconda3/envs/snc_dev/lib/python3.9/site-packages/airflow/example_dags/example_sensors.py
[2026-02-25T23:33:15.669-0500] {processor.py:840} INFO - DAG(s) 'example_sensors' retrieved from /home/dawson/miniconda3/envs/snc_dev/lib/python3.9/site-packages/airflow/example_dags/example_sensors.py
[2026-02-25T23:33:15.698-0500] {logging_mixin.py:188} INFO - [2026-02-25T23:33:15.698-0500] {dag.py:3047} INFO - Sync 1 DAGs
[2026-02-25T23:33:15.711-0500] {logging_mixin.py:188} INFO - [2026-02-25T23:33:15.710-0500] {dag.py:3834} INFO - Setting next_dagrun for example_sensors to None, run_after=None
[2026-02-25T23:33:15.729-0500] {processor.py:183} INFO - Processing /home/dawson/miniconda3/envs/snc_dev/lib/python3.9/site-packages/airflow/example_dags/example_sensors.py took 0.084 seconds
[2026-02-25T23:33:55.703-0500] {processor.py:161} INFO - Started process (PID=91376) to work on /home/dawson/miniconda3/envs/snc_dev/lib/python3.9/site-packages/airflow/example_dags/example_sensors.py
[2026-02-25T23:33:55.706-0500] {processor.py:830} INFO - Processing file /home/dawson/miniconda3/envs/snc_dev/lib/python3.9/site-packages/airflow/example_dags/example_sensors.py for tasks to queue
[2026-02-25T23:33:55.707-0500] {logging_mixin.py:188} INFO - [2026-02-25T23:33:55.707-0500] {dagbag.py:540} INFO - Filling up the DagBag from /home/dawson/miniconda3/envs/snc_dev/lib/python3.9/site-packages/airflow/example_dags/example_sensors.py
[2026-02-25T23:33:55.720-0500] {processor.py:840} INFO - DAG(s) 'example_sensors' retrieved from /home/dawson/miniconda3/envs/snc_dev/lib/python3.9/site-packages/airflow/example_dags/example_sensors.py
[2026-02-25T23:33:55.745-0500] {logging_mixin.py:188} INFO - [2026-02-25T23:33:55.744-0500] {dag.py:3047} INFO - Sync 1 DAGs
[2026-02-25T23:33:55.757-0500] {logging_mixin.py:188} INFO - [2026-02-25T23:33:55.756-0500] {dag.py:3834} INFO - Setting next_dagrun for example_sensors to None, run_after=None
[2026-02-25T23:33:55.775-0500] {processor.py:183} INFO - Processing /home/dawson/miniconda3/envs/snc_dev/lib/python3.9/site-packages/airflow/example_dags/example_sensors.py took 0.078 seconds
[2026-02-25T23:34:46.254-0500] {processor.py:161} INFO - Started process (PID=91445) to work on /home/dawson/miniconda3/envs/snc_dev/lib/python3.9/site-packages/airflow/example_dags/example_sensors.py
[2026-02-25T23:34:46.256-0500] {processor.py:830} INFO - Processing file /home/dawson/miniconda3/envs/snc_dev/lib/python3.9/site-packages/airflow/example_dags/example_sensors.py for tasks to queue
[2026-02-25T23:34:46.258-0500] {logging_mixin.py:188} INFO - [2026-02-25T23:34:46.257-0500] {dagbag.py:540} INFO - Filling up the DagBag from /home/dawson/miniconda3/envs/snc_dev/lib/python3.9/site-packages/airflow/example_dags/example_sensors.py
[2026-02-25T23:34:46.271-0500] {processor.py:840} INFO - DAG(s) 'example_sensors' retrieved from /home/dawson/miniconda3/envs/snc_dev/lib/python3.9/site-packages/airflow/example_dags/example_sensors.py
[2026-02-25T23:34:46.295-0500] {logging_mixin.py:188} INFO - [2026-02-25T23:34:46.295-0500] {dag.py:3047} INFO - Sync 1 DAGs
[2026-02-25T23:34:46.309-0500] {logging_mixin.py:188} INFO - [2026-02-25T23:34:46.308-0500] {dag.py:3834} INFO - Setting next_dagrun for example_sensors to None, run_after=None
[2026-02-25T23:34:46.328-0500] {processor.py:183} INFO - Processing /home/dawson/miniconda3/envs/snc_dev/lib/python3.9/site-packages/airflow/example_dags/example_sensors.py took 0.079 seconds
