[2026-02-25T23:29:29.528-0500] {processor.py:161} INFO - Started process (PID=90407) to work on /home/dawson/miniconda3/envs/snc_dev/lib/python3.9/site-packages/airflow/example_dags/example_bash_operator.py
[2026-02-25T23:29:29.530-0500] {processor.py:830} INFO - Processing file /home/dawson/miniconda3/envs/snc_dev/lib/python3.9/site-packages/airflow/example_dags/example_bash_operator.py for tasks to queue
[2026-02-25T23:29:29.531-0500] {logging_mixin.py:188} INFO - [2026-02-25T23:29:29.530-0500] {dagbag.py:540} INFO - Filling up the DagBag from /home/dawson/miniconda3/envs/snc_dev/lib/python3.9/site-packages/airflow/example_dags/example_bash_operator.py
[2026-02-25T23:29:29.547-0500] {processor.py:840} INFO - DAG(s) 'example_bash_operator' retrieved from /home/dawson/miniconda3/envs/snc_dev/lib/python3.9/site-packages/airflow/example_dags/example_bash_operator.py
[2026-02-25T23:29:29.750-0500] {logging_mixin.py:188} INFO - [2026-02-25T23:29:29.749-0500] {dag.py:3047} INFO - Sync 1 DAGs
[2026-02-25T23:29:29.761-0500] {logging_mixin.py:188} INFO - [2026-02-25T23:29:29.761-0500] {dag.py:3834} INFO - Setting next_dagrun for example_bash_operator to 2026-02-25 00:00:00+00:00, run_after=2026-02-26 00:00:00+00:00
[2026-02-25T23:29:29.775-0500] {processor.py:183} INFO - Processing /home/dawson/miniconda3/envs/snc_dev/lib/python3.9/site-packages/airflow/example_dags/example_bash_operator.py took 0.253 seconds
[2026-02-25T23:30:33.580-0500] {processor.py:161} INFO - Started process (PID=90557) to work on /home/dawson/miniconda3/envs/snc_dev/lib/python3.9/site-packages/airflow/example_dags/example_bash_operator.py
[2026-02-25T23:30:33.582-0500] {processor.py:830} INFO - Processing file /home/dawson/miniconda3/envs/snc_dev/lib/python3.9/site-packages/airflow/example_dags/example_bash_operator.py for tasks to queue
[2026-02-25T23:30:33.584-0500] {logging_mixin.py:188} INFO - [2026-02-25T23:30:33.583-0500] {dagbag.py:540} INFO - Filling up the DagBag from /home/dawson/miniconda3/envs/snc_dev/lib/python3.9/site-packages/airflow/example_dags/example_bash_operator.py
[2026-02-25T23:30:33.602-0500] {processor.py:840} INFO - DAG(s) 'example_bash_operator' retrieved from /home/dawson/miniconda3/envs/snc_dev/lib/python3.9/site-packages/airflow/example_dags/example_bash_operator.py
[2026-02-25T23:30:33.629-0500] {logging_mixin.py:188} INFO - [2026-02-25T23:30:33.628-0500] {dag.py:3047} INFO - Sync 1 DAGs
[2026-02-25T23:30:33.650-0500] {logging_mixin.py:188} INFO - [2026-02-25T23:30:33.650-0500] {dag.py:3834} INFO - Setting next_dagrun for example_bash_operator to 2026-02-25 00:00:00+00:00, run_after=2026-02-26 00:00:00+00:00
[2026-02-25T23:30:33.666-0500] {processor.py:183} INFO - Processing /home/dawson/miniconda3/envs/snc_dev/lib/python3.9/site-packages/airflow/example_dags/example_bash_operator.py took 0.093 seconds
[2026-02-25T23:31:29.825-0500] {processor.py:161} INFO - Started process (PID=90639) to work on /home/dawson/miniconda3/envs/snc_dev/lib/python3.9/site-packages/airflow/example_dags/example_bash_operator.py
[2026-02-25T23:31:29.829-0500] {processor.py:830} INFO - Processing file /home/dawson/miniconda3/envs/snc_dev/lib/python3.9/site-packages/airflow/example_dags/example_bash_operator.py for tasks to queue
[2026-02-25T23:31:29.830-0500] {logging_mixin.py:188} INFO - [2026-02-25T23:31:29.829-0500] {dagbag.py:540} INFO - Filling up the DagBag from /home/dawson/miniconda3/envs/snc_dev/lib/python3.9/site-packages/airflow/example_dags/example_bash_operator.py
[2026-02-25T23:31:29.847-0500] {processor.py:840} INFO - DAG(s) 'example_bash_operator' retrieved from /home/dawson/miniconda3/envs/snc_dev/lib/python3.9/site-packages/airflow/example_dags/example_bash_operator.py
[2026-02-25T23:31:29.874-0500] {logging_mixin.py:188} INFO - [2026-02-25T23:31:29.873-0500] {dag.py:3047} INFO - Sync 1 DAGs
[2026-02-25T23:31:29.893-0500] {logging_mixin.py:188} INFO - [2026-02-25T23:31:29.893-0500] {dag.py:3834} INFO - Setting next_dagrun for example_bash_operator to 2026-02-25 00:00:00+00:00, run_after=2026-02-26 00:00:00+00:00
[2026-02-25T23:31:29.912-0500] {processor.py:183} INFO - Processing /home/dawson/miniconda3/envs/snc_dev/lib/python3.9/site-packages/airflow/example_dags/example_bash_operator.py took 0.093 seconds
[2026-02-25T23:32:21.311-0500] {processor.py:161} INFO - Started process (PID=91244) to work on /home/dawson/miniconda3/envs/snc_dev/lib/python3.9/site-packages/airflow/example_dags/example_bash_operator.py
[2026-02-25T23:32:21.313-0500] {processor.py:830} INFO - Processing file /home/dawson/miniconda3/envs/snc_dev/lib/python3.9/site-packages/airflow/example_dags/example_bash_operator.py for tasks to queue
[2026-02-25T23:32:21.314-0500] {logging_mixin.py:188} INFO - [2026-02-25T23:32:21.314-0500] {dagbag.py:540} INFO - Filling up the DagBag from /home/dawson/miniconda3/envs/snc_dev/lib/python3.9/site-packages/airflow/example_dags/example_bash_operator.py
[2026-02-25T23:32:21.330-0500] {processor.py:840} INFO - DAG(s) 'example_bash_operator' retrieved from /home/dawson/miniconda3/envs/snc_dev/lib/python3.9/site-packages/airflow/example_dags/example_bash_operator.py
[2026-02-25T23:32:21.357-0500] {logging_mixin.py:188} INFO - [2026-02-25T23:32:21.356-0500] {dag.py:3047} INFO - Sync 1 DAGs
[2026-02-25T23:32:21.376-0500] {logging_mixin.py:188} INFO - [2026-02-25T23:32:21.376-0500] {dag.py:3834} INFO - Setting next_dagrun for example_bash_operator to 2026-02-25 00:00:00+00:00, run_after=2026-02-26 00:00:00+00:00
[2026-02-25T23:32:21.393-0500] {processor.py:183} INFO - Processing /home/dawson/miniconda3/envs/snc_dev/lib/python3.9/site-packages/airflow/example_dags/example_bash_operator.py took 0.087 seconds
[2026-02-25T23:33:10.496-0500] {processor.py:161} INFO - Started process (PID=91315) to work on /home/dawson/miniconda3/envs/snc_dev/lib/python3.9/site-packages/airflow/example_dags/example_bash_operator.py
[2026-02-25T23:33:10.498-0500] {processor.py:830} INFO - Processing file /home/dawson/miniconda3/envs/snc_dev/lib/python3.9/site-packages/airflow/example_dags/example_bash_operator.py for tasks to queue
[2026-02-25T23:33:10.500-0500] {logging_mixin.py:188} INFO - [2026-02-25T23:33:10.499-0500] {dagbag.py:540} INFO - Filling up the DagBag from /home/dawson/miniconda3/envs/snc_dev/lib/python3.9/site-packages/airflow/example_dags/example_bash_operator.py
[2026-02-25T23:33:10.518-0500] {processor.py:840} INFO - DAG(s) 'example_bash_operator' retrieved from /home/dawson/miniconda3/envs/snc_dev/lib/python3.9/site-packages/airflow/example_dags/example_bash_operator.py
[2026-02-25T23:33:10.542-0500] {logging_mixin.py:188} INFO - [2026-02-25T23:33:10.542-0500] {dag.py:3047} INFO - Sync 1 DAGs
[2026-02-25T23:33:10.561-0500] {logging_mixin.py:188} INFO - [2026-02-25T23:33:10.560-0500] {dag.py:3834} INFO - Setting next_dagrun for example_bash_operator to 2026-02-25 00:00:00+00:00, run_after=2026-02-26 00:00:00+00:00
[2026-02-25T23:33:10.581-0500] {processor.py:183} INFO - Processing /home/dawson/miniconda3/envs/snc_dev/lib/python3.9/site-packages/airflow/example_dags/example_bash_operator.py took 0.090 seconds
[2026-02-25T23:34:02.112-0500] {processor.py:161} INFO - Started process (PID=91386) to work on /home/dawson/miniconda3/envs/snc_dev/lib/python3.9/site-packages/airflow/example_dags/example_bash_operator.py
[2026-02-25T23:34:02.114-0500] {processor.py:830} INFO - Processing file /home/dawson/miniconda3/envs/snc_dev/lib/python3.9/site-packages/airflow/example_dags/example_bash_operator.py for tasks to queue
[2026-02-25T23:34:02.116-0500] {logging_mixin.py:188} INFO - [2026-02-25T23:34:02.115-0500] {dagbag.py:540} INFO - Filling up the DagBag from /home/dawson/miniconda3/envs/snc_dev/lib/python3.9/site-packages/airflow/example_dags/example_bash_operator.py
[2026-02-25T23:34:02.134-0500] {processor.py:840} INFO - DAG(s) 'example_bash_operator' retrieved from /home/dawson/miniconda3/envs/snc_dev/lib/python3.9/site-packages/airflow/example_dags/example_bash_operator.py
[2026-02-25T23:34:02.159-0500] {logging_mixin.py:188} INFO - [2026-02-25T23:34:02.158-0500] {dag.py:3047} INFO - Sync 1 DAGs
[2026-02-25T23:34:02.178-0500] {logging_mixin.py:188} INFO - [2026-02-25T23:34:02.177-0500] {dag.py:3834} INFO - Setting next_dagrun for example_bash_operator to 2026-02-25 00:00:00+00:00, run_after=2026-02-26 00:00:00+00:00
[2026-02-25T23:34:02.194-0500] {processor.py:183} INFO - Processing /home/dawson/miniconda3/envs/snc_dev/lib/python3.9/site-packages/airflow/example_dags/example_bash_operator.py took 0.088 seconds
[2026-02-25T23:34:52.487-0500] {processor.py:161} INFO - Started process (PID=91454) to work on /home/dawson/miniconda3/envs/snc_dev/lib/python3.9/site-packages/airflow/example_dags/example_bash_operator.py
[2026-02-25T23:34:52.489-0500] {processor.py:830} INFO - Processing file /home/dawson/miniconda3/envs/snc_dev/lib/python3.9/site-packages/airflow/example_dags/example_bash_operator.py for tasks to queue
[2026-02-25T23:34:52.490-0500] {logging_mixin.py:188} INFO - [2026-02-25T23:34:52.490-0500] {dagbag.py:540} INFO - Filling up the DagBag from /home/dawson/miniconda3/envs/snc_dev/lib/python3.9/site-packages/airflow/example_dags/example_bash_operator.py
[2026-02-25T23:34:52.508-0500] {processor.py:840} INFO - DAG(s) 'example_bash_operator' retrieved from /home/dawson/miniconda3/envs/snc_dev/lib/python3.9/site-packages/airflow/example_dags/example_bash_operator.py
[2026-02-25T23:34:52.534-0500] {logging_mixin.py:188} INFO - [2026-02-25T23:34:52.534-0500] {dag.py:3047} INFO - Sync 1 DAGs
[2026-02-25T23:34:52.553-0500] {logging_mixin.py:188} INFO - [2026-02-25T23:34:52.552-0500] {dag.py:3834} INFO - Setting next_dagrun for example_bash_operator to 2026-02-25 00:00:00+00:00, run_after=2026-02-26 00:00:00+00:00
[2026-02-25T23:34:52.570-0500] {processor.py:183} INFO - Processing /home/dawson/miniconda3/envs/snc_dev/lib/python3.9/site-packages/airflow/example_dags/example_bash_operator.py took 0.089 seconds
