[2026-02-25T23:29:16.126-0500] {processor.py:161} INFO - Started process (PID=90371) to work on /home/dawson/miniconda3/envs/snc_dev/lib/python3.9/site-packages/airflow/example_dags/example_external_task_marker_dag.py
[2026-02-25T23:29:16.128-0500] {processor.py:830} INFO - Processing file /home/dawson/miniconda3/envs/snc_dev/lib/python3.9/site-packages/airflow/example_dags/example_external_task_marker_dag.py for tasks to queue
[2026-02-25T23:29:16.129-0500] {logging_mixin.py:188} INFO - [2026-02-25T23:29:16.128-0500] {dagbag.py:540} INFO - Filling up the DagBag from /home/dawson/miniconda3/envs/snc_dev/lib/python3.9/site-packages/airflow/example_dags/example_external_task_marker_dag.py
[2026-02-25T23:29:16.139-0500] {processor.py:840} INFO - DAG(s) 'example_external_task_marker_parent', 'example_external_task_marker_child' retrieved from /home/dawson/miniconda3/envs/snc_dev/lib/python3.9/site-packages/airflow/example_dags/example_external_task_marker_dag.py
[2026-02-25T23:29:16.344-0500] {logging_mixin.py:188} INFO - [2026-02-25T23:29:16.344-0500] {dag.py:3047} INFO - Sync 2 DAGs
[2026-02-25T23:29:16.352-0500] {logging_mixin.py:188} INFO - [2026-02-25T23:29:16.352-0500] {dag.py:3834} INFO - Setting next_dagrun for example_external_task_marker_child to None, run_after=None
[2026-02-25T23:29:16.354-0500] {logging_mixin.py:188} INFO - [2026-02-25T23:29:16.353-0500] {dag.py:3834} INFO - Setting next_dagrun for example_external_task_marker_parent to None, run_after=None
[2026-02-25T23:29:16.368-0500] {processor.py:183} INFO - Processing /home/dawson/miniconda3/envs/snc_dev/lib/python3.9/site-packages/airflow/example_dags/example_external_task_marker_dag.py took 0.247 seconds
[2026-02-25T23:30:09.783-0500] {processor.py:161} INFO - Started process (PID=90516) to work on /home/dawson/miniconda3/envs/snc_dev/lib/python3.9/site-packages/airflow/example_dags/example_external_task_marker_dag.py
[2026-02-25T23:30:09.785-0500] {processor.py:830} INFO - Processing file /home/dawson/miniconda3/envs/snc_dev/lib/python3.9/site-packages/airflow/example_dags/example_external_task_marker_dag.py for tasks to queue
[2026-02-25T23:30:09.787-0500] {logging_mixin.py:188} INFO - [2026-02-25T23:30:09.786-0500] {dagbag.py:540} INFO - Filling up the DagBag from /home/dawson/miniconda3/envs/snc_dev/lib/python3.9/site-packages/airflow/example_dags/example_external_task_marker_dag.py
[2026-02-25T23:30:09.797-0500] {processor.py:840} INFO - DAG(s) 'example_external_task_marker_child', 'example_external_task_marker_parent' retrieved from /home/dawson/miniconda3/envs/snc_dev/lib/python3.9/site-packages/airflow/example_dags/example_external_task_marker_dag.py
[2026-02-25T23:30:09.823-0500] {logging_mixin.py:188} INFO - [2026-02-25T23:30:09.823-0500] {dag.py:3047} INFO - Sync 2 DAGs
[2026-02-25T23:30:09.834-0500] {logging_mixin.py:188} INFO - [2026-02-25T23:30:09.834-0500] {dag.py:3834} INFO - Setting next_dagrun for example_external_task_marker_child to None, run_after=None
[2026-02-25T23:30:09.836-0500] {logging_mixin.py:188} INFO - [2026-02-25T23:30:09.836-0500] {dag.py:3834} INFO - Setting next_dagrun for example_external_task_marker_parent to None, run_after=None
[2026-02-25T23:30:09.852-0500] {processor.py:183} INFO - Processing /home/dawson/miniconda3/envs/snc_dev/lib/python3.9/site-packages/airflow/example_dags/example_external_task_marker_dag.py took 0.075 seconds
[2026-02-25T23:30:57.760-0500] {processor.py:161} INFO - Started process (PID=90594) to work on /home/dawson/miniconda3/envs/snc_dev/lib/python3.9/site-packages/airflow/example_dags/example_external_task_marker_dag.py
[2026-02-25T23:30:57.762-0500] {processor.py:830} INFO - Processing file /home/dawson/miniconda3/envs/snc_dev/lib/python3.9/site-packages/airflow/example_dags/example_external_task_marker_dag.py for tasks to queue
[2026-02-25T23:30:57.764-0500] {logging_mixin.py:188} INFO - [2026-02-25T23:30:57.763-0500] {dagbag.py:540} INFO - Filling up the DagBag from /home/dawson/miniconda3/envs/snc_dev/lib/python3.9/site-packages/airflow/example_dags/example_external_task_marker_dag.py
[2026-02-25T23:30:57.778-0500] {processor.py:840} INFO - DAG(s) 'example_external_task_marker_child', 'example_external_task_marker_parent' retrieved from /home/dawson/miniconda3/envs/snc_dev/lib/python3.9/site-packages/airflow/example_dags/example_external_task_marker_dag.py
[2026-02-25T23:30:57.871-0500] {logging_mixin.py:188} INFO - [2026-02-25T23:30:57.871-0500] {dag.py:3047} INFO - Sync 2 DAGs
[2026-02-25T23:30:57.889-0500] {logging_mixin.py:188} INFO - [2026-02-25T23:30:57.888-0500] {dag.py:3834} INFO - Setting next_dagrun for example_external_task_marker_child to None, run_after=None
[2026-02-25T23:30:57.893-0500] {logging_mixin.py:188} INFO - [2026-02-25T23:30:57.892-0500] {dag.py:3834} INFO - Setting next_dagrun for example_external_task_marker_parent to None, run_after=None
[2026-02-25T23:30:57.908-0500] {processor.py:183} INFO - Processing /home/dawson/miniconda3/envs/snc_dev/lib/python3.9/site-packages/airflow/example_dags/example_external_task_marker_dag.py took 0.156 seconds
[2026-02-25T23:31:48.151-0500] {processor.py:161} INFO - Started process (PID=90664) to work on /home/dawson/miniconda3/envs/snc_dev/lib/python3.9/site-packages/airflow/example_dags/example_external_task_marker_dag.py
[2026-02-25T23:31:48.153-0500] {processor.py:830} INFO - Processing file /home/dawson/miniconda3/envs/snc_dev/lib/python3.9/site-packages/airflow/example_dags/example_external_task_marker_dag.py for tasks to queue
[2026-02-25T23:31:48.155-0500] {logging_mixin.py:188} INFO - [2026-02-25T23:31:48.154-0500] {dagbag.py:540} INFO - Filling up the DagBag from /home/dawson/miniconda3/envs/snc_dev/lib/python3.9/site-packages/airflow/example_dags/example_external_task_marker_dag.py
[2026-02-25T23:31:48.166-0500] {processor.py:840} INFO - DAG(s) 'example_external_task_marker_parent', 'example_external_task_marker_child' retrieved from /home/dawson/miniconda3/envs/snc_dev/lib/python3.9/site-packages/airflow/example_dags/example_external_task_marker_dag.py
[2026-02-25T23:31:48.191-0500] {logging_mixin.py:188} INFO - [2026-02-25T23:31:48.190-0500] {dag.py:3047} INFO - Sync 2 DAGs
[2026-02-25T23:31:48.204-0500] {logging_mixin.py:188} INFO - [2026-02-25T23:31:48.204-0500] {dag.py:3834} INFO - Setting next_dagrun for example_external_task_marker_child to None, run_after=None
[2026-02-25T23:31:48.207-0500] {logging_mixin.py:188} INFO - [2026-02-25T23:31:48.206-0500] {dag.py:3834} INFO - Setting next_dagrun for example_external_task_marker_parent to None, run_after=None
[2026-02-25T23:31:48.224-0500] {processor.py:183} INFO - Processing /home/dawson/miniconda3/envs/snc_dev/lib/python3.9/site-packages/airflow/example_dags/example_external_task_marker_dag.py took 0.079 seconds
[2026-02-25T23:32:36.902-0500] {processor.py:161} INFO - Started process (PID=91266) to work on /home/dawson/miniconda3/envs/snc_dev/lib/python3.9/site-packages/airflow/example_dags/example_external_task_marker_dag.py
[2026-02-25T23:32:36.904-0500] {processor.py:830} INFO - Processing file /home/dawson/miniconda3/envs/snc_dev/lib/python3.9/site-packages/airflow/example_dags/example_external_task_marker_dag.py for tasks to queue
[2026-02-25T23:32:36.906-0500] {logging_mixin.py:188} INFO - [2026-02-25T23:32:36.905-0500] {dagbag.py:540} INFO - Filling up the DagBag from /home/dawson/miniconda3/envs/snc_dev/lib/python3.9/site-packages/airflow/example_dags/example_external_task_marker_dag.py
[2026-02-25T23:32:36.916-0500] {processor.py:840} INFO - DAG(s) 'example_external_task_marker_parent', 'example_external_task_marker_child' retrieved from /home/dawson/miniconda3/envs/snc_dev/lib/python3.9/site-packages/airflow/example_dags/example_external_task_marker_dag.py
[2026-02-25T23:32:36.942-0500] {logging_mixin.py:188} INFO - [2026-02-25T23:32:36.941-0500] {dag.py:3047} INFO - Sync 2 DAGs
[2026-02-25T23:32:36.956-0500] {logging_mixin.py:188} INFO - [2026-02-25T23:32:36.955-0500] {dag.py:3834} INFO - Setting next_dagrun for example_external_task_marker_child to None, run_after=None
[2026-02-25T23:32:36.958-0500] {logging_mixin.py:188} INFO - [2026-02-25T23:32:36.958-0500] {dag.py:3834} INFO - Setting next_dagrun for example_external_task_marker_parent to None, run_after=None
[2026-02-25T23:32:36.975-0500] {processor.py:183} INFO - Processing /home/dawson/miniconda3/envs/snc_dev/lib/python3.9/site-packages/airflow/example_dags/example_external_task_marker_dag.py took 0.079 seconds
[2026-02-25T23:33:27.629-0500] {processor.py:161} INFO - Started process (PID=91340) to work on /home/dawson/miniconda3/envs/snc_dev/lib/python3.9/site-packages/airflow/example_dags/example_external_task_marker_dag.py
[2026-02-25T23:33:27.631-0500] {processor.py:830} INFO - Processing file /home/dawson/miniconda3/envs/snc_dev/lib/python3.9/site-packages/airflow/example_dags/example_external_task_marker_dag.py for tasks to queue
[2026-02-25T23:33:27.632-0500] {logging_mixin.py:188} INFO - [2026-02-25T23:33:27.632-0500] {dagbag.py:540} INFO - Filling up the DagBag from /home/dawson/miniconda3/envs/snc_dev/lib/python3.9/site-packages/airflow/example_dags/example_external_task_marker_dag.py
[2026-02-25T23:33:27.641-0500] {processor.py:840} INFO - DAG(s) 'example_external_task_marker_parent', 'example_external_task_marker_child' retrieved from /home/dawson/miniconda3/envs/snc_dev/lib/python3.9/site-packages/airflow/example_dags/example_external_task_marker_dag.py
[2026-02-25T23:33:27.670-0500] {logging_mixin.py:188} INFO - [2026-02-25T23:33:27.669-0500] {dag.py:3047} INFO - Sync 2 DAGs
[2026-02-25T23:33:27.681-0500] {logging_mixin.py:188} INFO - [2026-02-25T23:33:27.681-0500] {dag.py:3834} INFO - Setting next_dagrun for example_external_task_marker_child to None, run_after=None
[2026-02-25T23:33:27.683-0500] {logging_mixin.py:188} INFO - [2026-02-25T23:33:27.683-0500] {dag.py:3834} INFO - Setting next_dagrun for example_external_task_marker_parent to None, run_after=None
[2026-02-25T23:33:27.700-0500] {processor.py:183} INFO - Processing /home/dawson/miniconda3/envs/snc_dev/lib/python3.9/site-packages/airflow/example_dags/example_external_task_marker_dag.py took 0.079 seconds
[2026-02-25T23:34:16.420-0500] {processor.py:161} INFO - Started process (PID=91406) to work on /home/dawson/miniconda3/envs/snc_dev/lib/python3.9/site-packages/airflow/example_dags/example_external_task_marker_dag.py
[2026-02-25T23:34:16.422-0500] {processor.py:830} INFO - Processing file /home/dawson/miniconda3/envs/snc_dev/lib/python3.9/site-packages/airflow/example_dags/example_external_task_marker_dag.py for tasks to queue
[2026-02-25T23:34:16.424-0500] {logging_mixin.py:188} INFO - [2026-02-25T23:34:16.423-0500] {dagbag.py:540} INFO - Filling up the DagBag from /home/dawson/miniconda3/envs/snc_dev/lib/python3.9/site-packages/airflow/example_dags/example_external_task_marker_dag.py
[2026-02-25T23:34:16.434-0500] {processor.py:840} INFO - DAG(s) 'example_external_task_marker_parent', 'example_external_task_marker_child' retrieved from /home/dawson/miniconda3/envs/snc_dev/lib/python3.9/site-packages/airflow/example_dags/example_external_task_marker_dag.py
[2026-02-25T23:34:16.461-0500] {logging_mixin.py:188} INFO - [2026-02-25T23:34:16.461-0500] {dag.py:3047} INFO - Sync 2 DAGs
[2026-02-25T23:34:16.474-0500] {logging_mixin.py:188} INFO - [2026-02-25T23:34:16.474-0500] {dag.py:3834} INFO - Setting next_dagrun for example_external_task_marker_child to None, run_after=None
[2026-02-25T23:34:16.476-0500] {logging_mixin.py:188} INFO - [2026-02-25T23:34:16.476-0500] {dag.py:3834} INFO - Setting next_dagrun for example_external_task_marker_parent to None, run_after=None
[2026-02-25T23:34:16.493-0500] {processor.py:183} INFO - Processing /home/dawson/miniconda3/envs/snc_dev/lib/python3.9/site-packages/airflow/example_dags/example_external_task_marker_dag.py took 0.081 seconds
