[2026-02-25T23:29:26.464-0500] {processor.py:161} INFO - Started process (PID=90400) to work on /home/dawson/miniconda3/envs/snc_dev/lib/python3.9/site-packages/airflow/example_dags/example_branch_labels.py
[2026-02-25T23:29:26.465-0500] {processor.py:830} INFO - Processing file /home/dawson/miniconda3/envs/snc_dev/lib/python3.9/site-packages/airflow/example_dags/example_branch_labels.py for tasks to queue
[2026-02-25T23:29:26.466-0500] {logging_mixin.py:188} INFO - [2026-02-25T23:29:26.466-0500] {dagbag.py:540} INFO - Filling up the DagBag from /home/dawson/miniconda3/envs/snc_dev/lib/python3.9/site-packages/airflow/example_dags/example_branch_labels.py
[2026-02-25T23:29:26.477-0500] {processor.py:840} INFO - DAG(s) 'example_branch_labels' retrieved from /home/dawson/miniconda3/envs/snc_dev/lib/python3.9/site-packages/airflow/example_dags/example_branch_labels.py
[2026-02-25T23:29:26.682-0500] {logging_mixin.py:188} INFO - [2026-02-25T23:29:26.682-0500] {dag.py:3047} INFO - Sync 1 DAGs
[2026-02-25T23:29:26.693-0500] {logging_mixin.py:188} INFO - [2026-02-25T23:29:26.693-0500] {dag.py:3834} INFO - Setting next_dagrun for example_branch_labels to 2026-02-25 00:00:00+00:00, run_after=2026-02-26 00:00:00+00:00
[2026-02-25T23:29:26.707-0500] {processor.py:183} INFO - Processing /home/dawson/miniconda3/envs/snc_dev/lib/python3.9/site-packages/airflow/example_dags/example_branch_labels.py took 0.249 seconds
[2026-02-25T23:30:30.861-0500] {processor.py:161} INFO - Started process (PID=90551) to work on /home/dawson/miniconda3/envs/snc_dev/lib/python3.9/site-packages/airflow/example_dags/example_branch_labels.py
[2026-02-25T23:30:30.863-0500] {processor.py:830} INFO - Processing file /home/dawson/miniconda3/envs/snc_dev/lib/python3.9/site-packages/airflow/example_dags/example_branch_labels.py for tasks to queue
[2026-02-25T23:30:30.864-0500] {logging_mixin.py:188} INFO - [2026-02-25T23:30:30.863-0500] {dagbag.py:540} INFO - Filling up the DagBag from /home/dawson/miniconda3/envs/snc_dev/lib/python3.9/site-packages/airflow/example_dags/example_branch_labels.py
[2026-02-25T23:30:30.876-0500] {processor.py:840} INFO - DAG(s) 'example_branch_labels' retrieved from /home/dawson/miniconda3/envs/snc_dev/lib/python3.9/site-packages/airflow/example_dags/example_branch_labels.py
[2026-02-25T23:30:30.902-0500] {logging_mixin.py:188} INFO - [2026-02-25T23:30:30.902-0500] {dag.py:3047} INFO - Sync 1 DAGs
[2026-02-25T23:30:30.922-0500] {logging_mixin.py:188} INFO - [2026-02-25T23:30:30.922-0500] {dag.py:3834} INFO - Setting next_dagrun for example_branch_labels to 2026-02-25 00:00:00+00:00, run_after=2026-02-26 00:00:00+00:00
[2026-02-25T23:30:30.942-0500] {processor.py:183} INFO - Processing /home/dawson/miniconda3/envs/snc_dev/lib/python3.9/site-packages/airflow/example_dags/example_branch_labels.py took 0.088 seconds
[2026-02-25T23:31:26.283-0500] {processor.py:161} INFO - Started process (PID=90634) to work on /home/dawson/miniconda3/envs/snc_dev/lib/python3.9/site-packages/airflow/example_dags/example_branch_labels.py
[2026-02-25T23:31:26.285-0500] {processor.py:830} INFO - Processing file /home/dawson/miniconda3/envs/snc_dev/lib/python3.9/site-packages/airflow/example_dags/example_branch_labels.py for tasks to queue
[2026-02-25T23:31:26.287-0500] {logging_mixin.py:188} INFO - [2026-02-25T23:31:26.286-0500] {dagbag.py:540} INFO - Filling up the DagBag from /home/dawson/miniconda3/envs/snc_dev/lib/python3.9/site-packages/airflow/example_dags/example_branch_labels.py
[2026-02-25T23:31:26.299-0500] {processor.py:840} INFO - DAG(s) 'example_branch_labels' retrieved from /home/dawson/miniconda3/envs/snc_dev/lib/python3.9/site-packages/airflow/example_dags/example_branch_labels.py
[2026-02-25T23:31:26.324-0500] {logging_mixin.py:188} INFO - [2026-02-25T23:31:26.324-0500] {dag.py:3047} INFO - Sync 1 DAGs
[2026-02-25T23:31:26.345-0500] {logging_mixin.py:188} INFO - [2026-02-25T23:31:26.344-0500] {dag.py:3834} INFO - Setting next_dagrun for example_branch_labels to 2026-02-25 00:00:00+00:00, run_after=2026-02-26 00:00:00+00:00
[2026-02-25T23:31:26.363-0500] {processor.py:183} INFO - Processing /home/dawson/miniconda3/envs/snc_dev/lib/python3.9/site-packages/airflow/example_dags/example_branch_labels.py took 0.086 seconds
[2026-02-25T23:32:17.915-0500] {processor.py:161} INFO - Started process (PID=91241) to work on /home/dawson/miniconda3/envs/snc_dev/lib/python3.9/site-packages/airflow/example_dags/example_branch_labels.py
[2026-02-25T23:32:17.917-0500] {processor.py:830} INFO - Processing file /home/dawson/miniconda3/envs/snc_dev/lib/python3.9/site-packages/airflow/example_dags/example_branch_labels.py for tasks to queue
[2026-02-25T23:32:17.918-0500] {logging_mixin.py:188} INFO - [2026-02-25T23:32:17.918-0500] {dagbag.py:540} INFO - Filling up the DagBag from /home/dawson/miniconda3/envs/snc_dev/lib/python3.9/site-packages/airflow/example_dags/example_branch_labels.py
[2026-02-25T23:32:17.933-0500] {processor.py:840} INFO - DAG(s) 'example_branch_labels' retrieved from /home/dawson/miniconda3/envs/snc_dev/lib/python3.9/site-packages/airflow/example_dags/example_branch_labels.py
[2026-02-25T23:32:17.958-0500] {logging_mixin.py:188} INFO - [2026-02-25T23:32:17.958-0500] {dag.py:3047} INFO - Sync 1 DAGs
[2026-02-25T23:32:17.977-0500] {logging_mixin.py:188} INFO - [2026-02-25T23:32:17.977-0500] {dag.py:3834} INFO - Setting next_dagrun for example_branch_labels to 2026-02-25 00:00:00+00:00, run_after=2026-02-26 00:00:00+00:00
[2026-02-25T23:32:17.993-0500] {processor.py:183} INFO - Processing /home/dawson/miniconda3/envs/snc_dev/lib/python3.9/site-packages/airflow/example_dags/example_branch_labels.py took 0.085 seconds
[2026-02-25T23:33:07.333-0500] {processor.py:161} INFO - Started process (PID=91312) to work on /home/dawson/miniconda3/envs/snc_dev/lib/python3.9/site-packages/airflow/example_dags/example_branch_labels.py
[2026-02-25T23:33:07.335-0500] {processor.py:830} INFO - Processing file /home/dawson/miniconda3/envs/snc_dev/lib/python3.9/site-packages/airflow/example_dags/example_branch_labels.py for tasks to queue
[2026-02-25T23:33:07.337-0500] {logging_mixin.py:188} INFO - [2026-02-25T23:33:07.336-0500] {dagbag.py:540} INFO - Filling up the DagBag from /home/dawson/miniconda3/envs/snc_dev/lib/python3.9/site-packages/airflow/example_dags/example_branch_labels.py
[2026-02-25T23:33:07.348-0500] {processor.py:840} INFO - DAG(s) 'example_branch_labels' retrieved from /home/dawson/miniconda3/envs/snc_dev/lib/python3.9/site-packages/airflow/example_dags/example_branch_labels.py
[2026-02-25T23:33:07.372-0500] {logging_mixin.py:188} INFO - [2026-02-25T23:33:07.372-0500] {dag.py:3047} INFO - Sync 1 DAGs
[2026-02-25T23:33:07.391-0500] {logging_mixin.py:188} INFO - [2026-02-25T23:33:07.391-0500] {dag.py:3834} INFO - Setting next_dagrun for example_branch_labels to 2026-02-25 00:00:00+00:00, run_after=2026-02-26 00:00:00+00:00
[2026-02-25T23:33:07.411-0500] {processor.py:183} INFO - Processing /home/dawson/miniconda3/envs/snc_dev/lib/python3.9/site-packages/airflow/example_dags/example_branch_labels.py took 0.084 seconds
[2026-02-25T23:33:59.156-0500] {processor.py:161} INFO - Started process (PID=91381) to work on /home/dawson/miniconda3/envs/snc_dev/lib/python3.9/site-packages/airflow/example_dags/example_branch_labels.py
[2026-02-25T23:33:59.160-0500] {processor.py:830} INFO - Processing file /home/dawson/miniconda3/envs/snc_dev/lib/python3.9/site-packages/airflow/example_dags/example_branch_labels.py for tasks to queue
[2026-02-25T23:33:59.161-0500] {logging_mixin.py:188} INFO - [2026-02-25T23:33:59.161-0500] {dagbag.py:540} INFO - Filling up the DagBag from /home/dawson/miniconda3/envs/snc_dev/lib/python3.9/site-packages/airflow/example_dags/example_branch_labels.py
[2026-02-25T23:33:59.173-0500] {processor.py:840} INFO - DAG(s) 'example_branch_labels' retrieved from /home/dawson/miniconda3/envs/snc_dev/lib/python3.9/site-packages/airflow/example_dags/example_branch_labels.py
[2026-02-25T23:33:59.197-0500] {logging_mixin.py:188} INFO - [2026-02-25T23:33:59.196-0500] {dag.py:3047} INFO - Sync 1 DAGs
[2026-02-25T23:33:59.215-0500] {logging_mixin.py:188} INFO - [2026-02-25T23:33:59.215-0500] {dag.py:3834} INFO - Setting next_dagrun for example_branch_labels to 2026-02-25 00:00:00+00:00, run_after=2026-02-26 00:00:00+00:00
[2026-02-25T23:33:59.234-0500] {processor.py:183} INFO - Processing /home/dawson/miniconda3/envs/snc_dev/lib/python3.9/site-packages/airflow/example_dags/example_branch_labels.py took 0.083 seconds
[2026-02-25T23:34:49.890-0500] {processor.py:161} INFO - Started process (PID=91449) to work on /home/dawson/miniconda3/envs/snc_dev/lib/python3.9/site-packages/airflow/example_dags/example_branch_labels.py
[2026-02-25T23:34:49.892-0500] {processor.py:830} INFO - Processing file /home/dawson/miniconda3/envs/snc_dev/lib/python3.9/site-packages/airflow/example_dags/example_branch_labels.py for tasks to queue
[2026-02-25T23:34:49.894-0500] {logging_mixin.py:188} INFO - [2026-02-25T23:34:49.893-0500] {dagbag.py:540} INFO - Filling up the DagBag from /home/dawson/miniconda3/envs/snc_dev/lib/python3.9/site-packages/airflow/example_dags/example_branch_labels.py
[2026-02-25T23:34:49.905-0500] {processor.py:840} INFO - DAG(s) 'example_branch_labels' retrieved from /home/dawson/miniconda3/envs/snc_dev/lib/python3.9/site-packages/airflow/example_dags/example_branch_labels.py
[2026-02-25T23:34:49.930-0500] {logging_mixin.py:188} INFO - [2026-02-25T23:34:49.930-0500] {dag.py:3047} INFO - Sync 1 DAGs
[2026-02-25T23:34:49.948-0500] {logging_mixin.py:188} INFO - [2026-02-25T23:34:49.948-0500] {dag.py:3834} INFO - Setting next_dagrun for example_branch_labels to 2026-02-25 00:00:00+00:00, run_after=2026-02-26 00:00:00+00:00
[2026-02-25T23:34:49.965-0500] {processor.py:183} INFO - Processing /home/dawson/miniconda3/envs/snc_dev/lib/python3.9/site-packages/airflow/example_dags/example_branch_labels.py took 0.081 seconds
