[2026-02-25T23:29:28.177-0500] {processor.py:161} INFO - Started process (PID=90406) to work on /home/dawson/miniconda3/envs/snc_dev/lib/python3.9/site-packages/airflow/example_dags/example_branch_datetime_operator.py
[2026-02-25T23:29:28.178-0500] {processor.py:830} INFO - Processing file /home/dawson/miniconda3/envs/snc_dev/lib/python3.9/site-packages/airflow/example_dags/example_branch_datetime_operator.py for tasks to queue
[2026-02-25T23:29:28.179-0500] {logging_mixin.py:188} INFO - [2026-02-25T23:29:28.179-0500] {dagbag.py:540} INFO - Filling up the DagBag from /home/dawson/miniconda3/envs/snc_dev/lib/python3.9/site-packages/airflow/example_dags/example_branch_datetime_operator.py
[2026-02-25T23:29:28.193-0500] {processor.py:840} INFO - DAG(s) 'example_branch_datetime_operator', 'example_branch_datetime_operator_3', 'example_branch_datetime_operator_2' retrieved from /home/dawson/miniconda3/envs/snc_dev/lib/python3.9/site-packages/airflow/example_dags/example_branch_datetime_operator.py
[2026-02-25T23:29:28.402-0500] {logging_mixin.py:188} INFO - [2026-02-25T23:29:28.401-0500] {dag.py:3047} INFO - Sync 3 DAGs
[2026-02-25T23:29:28.412-0500] {logging_mixin.py:188} INFO - [2026-02-25T23:29:28.412-0500] {dag.py:3834} INFO - Setting next_dagrun for example_branch_datetime_operator to 2026-02-25 00:00:00+00:00, run_after=2026-02-26 00:00:00+00:00
[2026-02-25T23:29:28.415-0500] {logging_mixin.py:188} INFO - [2026-02-25T23:29:28.415-0500] {dag.py:3834} INFO - Setting next_dagrun for example_branch_datetime_operator_2 to 2026-02-25 00:00:00+00:00, run_after=2026-02-26 00:00:00+00:00
[2026-02-25T23:29:28.416-0500] {logging_mixin.py:188} INFO - [2026-02-25T23:29:28.416-0500] {dag.py:3834} INFO - Setting next_dagrun for example_branch_datetime_operator_3 to 2026-02-25 00:00:00+00:00, run_after=2026-02-26 00:00:00+00:00
[2026-02-25T23:29:28.430-0500] {processor.py:183} INFO - Processing /home/dawson/miniconda3/envs/snc_dev/lib/python3.9/site-packages/airflow/example_dags/example_branch_datetime_operator.py took 0.259 seconds
[2026-02-25T23:30:33.160-0500] {processor.py:161} INFO - Started process (PID=90554) to work on /home/dawson/miniconda3/envs/snc_dev/lib/python3.9/site-packages/airflow/example_dags/example_branch_datetime_operator.py
[2026-02-25T23:30:33.162-0500] {processor.py:830} INFO - Processing file /home/dawson/miniconda3/envs/snc_dev/lib/python3.9/site-packages/airflow/example_dags/example_branch_datetime_operator.py for tasks to queue
[2026-02-25T23:30:33.164-0500] {logging_mixin.py:188} INFO - [2026-02-25T23:30:33.163-0500] {dagbag.py:540} INFO - Filling up the DagBag from /home/dawson/miniconda3/envs/snc_dev/lib/python3.9/site-packages/airflow/example_dags/example_branch_datetime_operator.py
[2026-02-25T23:30:33.178-0500] {processor.py:840} INFO - DAG(s) 'example_branch_datetime_operator_3', 'example_branch_datetime_operator_2', 'example_branch_datetime_operator' retrieved from /home/dawson/miniconda3/envs/snc_dev/lib/python3.9/site-packages/airflow/example_dags/example_branch_datetime_operator.py
[2026-02-25T23:30:33.206-0500] {logging_mixin.py:188} INFO - [2026-02-25T23:30:33.206-0500] {dag.py:3047} INFO - Sync 3 DAGs
[2026-02-25T23:30:33.228-0500] {logging_mixin.py:188} INFO - [2026-02-25T23:30:33.228-0500] {dag.py:3834} INFO - Setting next_dagrun for example_branch_datetime_operator to 2026-02-25 00:00:00+00:00, run_after=2026-02-26 00:00:00+00:00
[2026-02-25T23:30:33.231-0500] {logging_mixin.py:188} INFO - [2026-02-25T23:30:33.231-0500] {dag.py:3834} INFO - Setting next_dagrun for example_branch_datetime_operator_2 to 2026-02-25 00:00:00+00:00, run_after=2026-02-26 00:00:00+00:00
[2026-02-25T23:30:33.232-0500] {logging_mixin.py:188} INFO - [2026-02-25T23:30:33.232-0500] {dag.py:3834} INFO - Setting next_dagrun for example_branch_datetime_operator_3 to 2026-02-25 00:00:00+00:00, run_after=2026-02-26 00:00:00+00:00
[2026-02-25T23:30:33.247-0500] {processor.py:183} INFO - Processing /home/dawson/miniconda3/envs/snc_dev/lib/python3.9/site-packages/airflow/example_dags/example_branch_datetime_operator.py took 0.093 seconds
[2026-02-25T23:31:28.581-0500] {processor.py:161} INFO - Started process (PID=90638) to work on /home/dawson/miniconda3/envs/snc_dev/lib/python3.9/site-packages/airflow/example_dags/example_branch_datetime_operator.py
[2026-02-25T23:31:28.583-0500] {processor.py:830} INFO - Processing file /home/dawson/miniconda3/envs/snc_dev/lib/python3.9/site-packages/airflow/example_dags/example_branch_datetime_operator.py for tasks to queue
[2026-02-25T23:31:28.584-0500] {logging_mixin.py:188} INFO - [2026-02-25T23:31:28.583-0500] {dagbag.py:540} INFO - Filling up the DagBag from /home/dawson/miniconda3/envs/snc_dev/lib/python3.9/site-packages/airflow/example_dags/example_branch_datetime_operator.py
[2026-02-25T23:31:28.598-0500] {processor.py:840} INFO - DAG(s) 'example_branch_datetime_operator_2', 'example_branch_datetime_operator_3', 'example_branch_datetime_operator' retrieved from /home/dawson/miniconda3/envs/snc_dev/lib/python3.9/site-packages/airflow/example_dags/example_branch_datetime_operator.py
[2026-02-25T23:31:28.628-0500] {logging_mixin.py:188} INFO - [2026-02-25T23:31:28.627-0500] {dag.py:3047} INFO - Sync 3 DAGs
[2026-02-25T23:31:28.648-0500] {logging_mixin.py:188} INFO - [2026-02-25T23:31:28.648-0500] {dag.py:3834} INFO - Setting next_dagrun for example_branch_datetime_operator to 2026-02-25 00:00:00+00:00, run_after=2026-02-26 00:00:00+00:00
[2026-02-25T23:31:28.651-0500] {logging_mixin.py:188} INFO - [2026-02-25T23:31:28.651-0500] {dag.py:3834} INFO - Setting next_dagrun for example_branch_datetime_operator_2 to 2026-02-25 00:00:00+00:00, run_after=2026-02-26 00:00:00+00:00
[2026-02-25T23:31:28.652-0500] {logging_mixin.py:188} INFO - [2026-02-25T23:31:28.652-0500] {dag.py:3834} INFO - Setting next_dagrun for example_branch_datetime_operator_3 to 2026-02-25 00:00:00+00:00, run_after=2026-02-26 00:00:00+00:00
[2026-02-25T23:31:28.670-0500] {processor.py:183} INFO - Processing /home/dawson/miniconda3/envs/snc_dev/lib/python3.9/site-packages/airflow/example_dags/example_branch_datetime_operator.py took 0.096 seconds
[2026-02-25T23:32:20.213-0500] {processor.py:161} INFO - Started process (PID=91243) to work on /home/dawson/miniconda3/envs/snc_dev/lib/python3.9/site-packages/airflow/example_dags/example_branch_datetime_operator.py
[2026-02-25T23:32:20.215-0500] {processor.py:830} INFO - Processing file /home/dawson/miniconda3/envs/snc_dev/lib/python3.9/site-packages/airflow/example_dags/example_branch_datetime_operator.py for tasks to queue
[2026-02-25T23:32:20.216-0500] {logging_mixin.py:188} INFO - [2026-02-25T23:32:20.216-0500] {dagbag.py:540} INFO - Filling up the DagBag from /home/dawson/miniconda3/envs/snc_dev/lib/python3.9/site-packages/airflow/example_dags/example_branch_datetime_operator.py
[2026-02-25T23:32:20.232-0500] {processor.py:840} INFO - DAG(s) 'example_branch_datetime_operator_3', 'example_branch_datetime_operator', 'example_branch_datetime_operator_2' retrieved from /home/dawson/miniconda3/envs/snc_dev/lib/python3.9/site-packages/airflow/example_dags/example_branch_datetime_operator.py
[2026-02-25T23:32:20.261-0500] {logging_mixin.py:188} INFO - [2026-02-25T23:32:20.261-0500] {dag.py:3047} INFO - Sync 3 DAGs
[2026-02-25T23:32:20.281-0500] {logging_mixin.py:188} INFO - [2026-02-25T23:32:20.281-0500] {dag.py:3834} INFO - Setting next_dagrun for example_branch_datetime_operator to 2026-02-25 00:00:00+00:00, run_after=2026-02-26 00:00:00+00:00
[2026-02-25T23:32:20.284-0500] {logging_mixin.py:188} INFO - [2026-02-25T23:32:20.284-0500] {dag.py:3834} INFO - Setting next_dagrun for example_branch_datetime_operator_2 to 2026-02-25 00:00:00+00:00, run_after=2026-02-26 00:00:00+00:00
[2026-02-25T23:32:20.285-0500] {logging_mixin.py:188} INFO - [2026-02-25T23:32:20.285-0500] {dag.py:3834} INFO - Setting next_dagrun for example_branch_datetime_operator_3 to 2026-02-25 00:00:00+00:00, run_after=2026-02-26 00:00:00+00:00
[2026-02-25T23:32:20.302-0500] {processor.py:183} INFO - Processing /home/dawson/miniconda3/envs/snc_dev/lib/python3.9/site-packages/airflow/example_dags/example_branch_datetime_operator.py took 0.095 seconds
[2026-02-25T23:33:09.343-0500] {processor.py:161} INFO - Started process (PID=91314) to work on /home/dawson/miniconda3/envs/snc_dev/lib/python3.9/site-packages/airflow/example_dags/example_branch_datetime_operator.py
[2026-02-25T23:33:09.345-0500] {processor.py:830} INFO - Processing file /home/dawson/miniconda3/envs/snc_dev/lib/python3.9/site-packages/airflow/example_dags/example_branch_datetime_operator.py for tasks to queue
[2026-02-25T23:33:09.346-0500] {logging_mixin.py:188} INFO - [2026-02-25T23:33:09.345-0500] {dagbag.py:540} INFO - Filling up the DagBag from /home/dawson/miniconda3/envs/snc_dev/lib/python3.9/site-packages/airflow/example_dags/example_branch_datetime_operator.py
[2026-02-25T23:33:09.359-0500] {processor.py:840} INFO - DAG(s) 'example_branch_datetime_operator_3', 'example_branch_datetime_operator', 'example_branch_datetime_operator_2' retrieved from /home/dawson/miniconda3/envs/snc_dev/lib/python3.9/site-packages/airflow/example_dags/example_branch_datetime_operator.py
[2026-02-25T23:33:09.389-0500] {logging_mixin.py:188} INFO - [2026-02-25T23:33:09.388-0500] {dag.py:3047} INFO - Sync 3 DAGs
[2026-02-25T23:33:09.407-0500] {logging_mixin.py:188} INFO - [2026-02-25T23:33:09.406-0500] {dag.py:3834} INFO - Setting next_dagrun for example_branch_datetime_operator to 2026-02-25 00:00:00+00:00, run_after=2026-02-26 00:00:00+00:00
[2026-02-25T23:33:09.409-0500] {logging_mixin.py:188} INFO - [2026-02-25T23:33:09.409-0500] {dag.py:3834} INFO - Setting next_dagrun for example_branch_datetime_operator_2 to 2026-02-25 00:00:00+00:00, run_after=2026-02-26 00:00:00+00:00
[2026-02-25T23:33:09.410-0500] {logging_mixin.py:188} INFO - [2026-02-25T23:33:09.410-0500] {dag.py:3834} INFO - Setting next_dagrun for example_branch_datetime_operator_3 to 2026-02-25 00:00:00+00:00, run_after=2026-02-26 00:00:00+00:00
[2026-02-25T23:33:09.428-0500] {processor.py:183} INFO - Processing /home/dawson/miniconda3/envs/snc_dev/lib/python3.9/site-packages/airflow/example_dags/example_branch_datetime_operator.py took 0.093 seconds
[2026-02-25T23:34:00.857-0500] {processor.py:161} INFO - Started process (PID=91385) to work on /home/dawson/miniconda3/envs/snc_dev/lib/python3.9/site-packages/airflow/example_dags/example_branch_datetime_operator.py
[2026-02-25T23:34:00.859-0500] {processor.py:830} INFO - Processing file /home/dawson/miniconda3/envs/snc_dev/lib/python3.9/site-packages/airflow/example_dags/example_branch_datetime_operator.py for tasks to queue
[2026-02-25T23:34:00.860-0500] {logging_mixin.py:188} INFO - [2026-02-25T23:34:00.859-0500] {dagbag.py:540} INFO - Filling up the DagBag from /home/dawson/miniconda3/envs/snc_dev/lib/python3.9/site-packages/airflow/example_dags/example_branch_datetime_operator.py
[2026-02-25T23:34:00.876-0500] {processor.py:840} INFO - DAG(s) 'example_branch_datetime_operator_2', 'example_branch_datetime_operator_3', 'example_branch_datetime_operator' retrieved from /home/dawson/miniconda3/envs/snc_dev/lib/python3.9/site-packages/airflow/example_dags/example_branch_datetime_operator.py
[2026-02-25T23:34:00.906-0500] {logging_mixin.py:188} INFO - [2026-02-25T23:34:00.905-0500] {dag.py:3047} INFO - Sync 3 DAGs
[2026-02-25T23:34:00.926-0500] {logging_mixin.py:188} INFO - [2026-02-25T23:34:00.925-0500] {dag.py:3834} INFO - Setting next_dagrun for example_branch_datetime_operator to 2026-02-25 00:00:00+00:00, run_after=2026-02-26 00:00:00+00:00
[2026-02-25T23:34:00.930-0500] {logging_mixin.py:188} INFO - [2026-02-25T23:34:00.930-0500] {dag.py:3834} INFO - Setting next_dagrun for example_branch_datetime_operator_2 to 2026-02-25 00:00:00+00:00, run_after=2026-02-26 00:00:00+00:00
[2026-02-25T23:34:00.931-0500] {logging_mixin.py:188} INFO - [2026-02-25T23:34:00.931-0500] {dag.py:3834} INFO - Setting next_dagrun for example_branch_datetime_operator_3 to 2026-02-25 00:00:00+00:00, run_after=2026-02-26 00:00:00+00:00
[2026-02-25T23:34:00.948-0500] {processor.py:183} INFO - Processing /home/dawson/miniconda3/envs/snc_dev/lib/python3.9/site-packages/airflow/example_dags/example_branch_datetime_operator.py took 0.097 seconds
[2026-02-25T23:34:52.175-0500] {processor.py:161} INFO - Started process (PID=91453) to work on /home/dawson/miniconda3/envs/snc_dev/lib/python3.9/site-packages/airflow/example_dags/example_branch_datetime_operator.py
[2026-02-25T23:34:52.177-0500] {processor.py:830} INFO - Processing file /home/dawson/miniconda3/envs/snc_dev/lib/python3.9/site-packages/airflow/example_dags/example_branch_datetime_operator.py for tasks to queue
[2026-02-25T23:34:52.179-0500] {logging_mixin.py:188} INFO - [2026-02-25T23:34:52.178-0500] {dagbag.py:540} INFO - Filling up the DagBag from /home/dawson/miniconda3/envs/snc_dev/lib/python3.9/site-packages/airflow/example_dags/example_branch_datetime_operator.py
[2026-02-25T23:34:52.191-0500] {processor.py:840} INFO - DAG(s) 'example_branch_datetime_operator_2', 'example_branch_datetime_operator', 'example_branch_datetime_operator_3' retrieved from /home/dawson/miniconda3/envs/snc_dev/lib/python3.9/site-packages/airflow/example_dags/example_branch_datetime_operator.py
[2026-02-25T23:34:52.220-0500] {logging_mixin.py:188} INFO - [2026-02-25T23:34:52.220-0500] {dag.py:3047} INFO - Sync 3 DAGs
[2026-02-25T23:34:52.239-0500] {logging_mixin.py:188} INFO - [2026-02-25T23:34:52.239-0500] {dag.py:3834} INFO - Setting next_dagrun for example_branch_datetime_operator to 2026-02-25 00:00:00+00:00, run_after=2026-02-26 00:00:00+00:00
[2026-02-25T23:34:52.242-0500] {logging_mixin.py:188} INFO - [2026-02-25T23:34:52.242-0500] {dag.py:3834} INFO - Setting next_dagrun for example_branch_datetime_operator_2 to 2026-02-25 00:00:00+00:00, run_after=2026-02-26 00:00:00+00:00
[2026-02-25T23:34:52.243-0500] {logging_mixin.py:188} INFO - [2026-02-25T23:34:52.243-0500] {dag.py:3834} INFO - Setting next_dagrun for example_branch_datetime_operator_3 to 2026-02-25 00:00:00+00:00, run_after=2026-02-26 00:00:00+00:00
[2026-02-25T23:34:52.258-0500] {processor.py:183} INFO - Processing /home/dawson/miniconda3/envs/snc_dev/lib/python3.9/site-packages/airflow/example_dags/example_branch_datetime_operator.py took 0.088 seconds
