[2026-02-25T23:29:13.634-0500] {processor.py:161} INFO - Started process (PID=90368) to work on /home/dawson/miniconda3/envs/snc_dev/lib/python3.9/site-packages/airflow/example_dags/example_latest_only.py
[2026-02-25T23:29:13.636-0500] {processor.py:830} INFO - Processing file /home/dawson/miniconda3/envs/snc_dev/lib/python3.9/site-packages/airflow/example_dags/example_latest_only.py for tasks to queue
[2026-02-25T23:29:13.638-0500] {logging_mixin.py:188} INFO - [2026-02-25T23:29:13.637-0500] {dagbag.py:540} INFO - Filling up the DagBag from /home/dawson/miniconda3/envs/snc_dev/lib/python3.9/site-packages/airflow/example_dags/example_latest_only.py
[2026-02-25T23:29:13.649-0500] {processor.py:840} INFO - DAG(s) 'latest_only' retrieved from /home/dawson/miniconda3/envs/snc_dev/lib/python3.9/site-packages/airflow/example_dags/example_latest_only.py
[2026-02-25T23:29:13.867-0500] {logging_mixin.py:188} INFO - [2026-02-25T23:29:13.867-0500] {dag.py:3047} INFO - Sync 1 DAGs
[2026-02-25T23:29:13.879-0500] {logging_mixin.py:188} INFO - [2026-02-25T23:29:13.879-0500] {dag.py:3834} INFO - Setting next_dagrun for latest_only to 2026-02-26 00:00:00+00:00, run_after=2026-02-26 04:00:00+00:00
[2026-02-25T23:29:13.892-0500] {processor.py:183} INFO - Processing /home/dawson/miniconda3/envs/snc_dev/lib/python3.9/site-packages/airflow/example_dags/example_latest_only.py took 0.265 seconds
[2026-02-25T23:30:07.492-0500] {processor.py:161} INFO - Started process (PID=90513) to work on /home/dawson/miniconda3/envs/snc_dev/lib/python3.9/site-packages/airflow/example_dags/example_latest_only.py
[2026-02-25T23:30:07.494-0500] {processor.py:830} INFO - Processing file /home/dawson/miniconda3/envs/snc_dev/lib/python3.9/site-packages/airflow/example_dags/example_latest_only.py for tasks to queue
[2026-02-25T23:30:07.495-0500] {logging_mixin.py:188} INFO - [2026-02-25T23:30:07.495-0500] {dagbag.py:540} INFO - Filling up the DagBag from /home/dawson/miniconda3/envs/snc_dev/lib/python3.9/site-packages/airflow/example_dags/example_latest_only.py
[2026-02-25T23:30:07.506-0500] {processor.py:840} INFO - DAG(s) 'latest_only' retrieved from /home/dawson/miniconda3/envs/snc_dev/lib/python3.9/site-packages/airflow/example_dags/example_latest_only.py
[2026-02-25T23:30:07.528-0500] {logging_mixin.py:188} INFO - [2026-02-25T23:30:07.528-0500] {dag.py:3047} INFO - Sync 1 DAGs
[2026-02-25T23:30:07.547-0500] {logging_mixin.py:188} INFO - [2026-02-25T23:30:07.547-0500] {dag.py:3834} INFO - Setting next_dagrun for latest_only to 2026-02-26 00:00:00+00:00, run_after=2026-02-26 04:00:00+00:00
[2026-02-25T23:30:07.564-0500] {processor.py:183} INFO - Processing /home/dawson/miniconda3/envs/snc_dev/lib/python3.9/site-packages/airflow/example_dags/example_latest_only.py took 0.078 seconds
[2026-02-25T23:30:56.035-0500] {processor.py:161} INFO - Started process (PID=90586) to work on /home/dawson/miniconda3/envs/snc_dev/lib/python3.9/site-packages/airflow/example_dags/example_latest_only.py
[2026-02-25T23:30:56.037-0500] {processor.py:830} INFO - Processing file /home/dawson/miniconda3/envs/snc_dev/lib/python3.9/site-packages/airflow/example_dags/example_latest_only.py for tasks to queue
[2026-02-25T23:30:56.038-0500] {logging_mixin.py:188} INFO - [2026-02-25T23:30:56.037-0500] {dagbag.py:540} INFO - Filling up the DagBag from /home/dawson/miniconda3/envs/snc_dev/lib/python3.9/site-packages/airflow/example_dags/example_latest_only.py
[2026-02-25T23:30:56.048-0500] {processor.py:840} INFO - DAG(s) 'latest_only' retrieved from /home/dawson/miniconda3/envs/snc_dev/lib/python3.9/site-packages/airflow/example_dags/example_latest_only.py
[2026-02-25T23:30:56.073-0500] {logging_mixin.py:188} INFO - [2026-02-25T23:30:56.072-0500] {dag.py:3047} INFO - Sync 1 DAGs
[2026-02-25T23:30:56.091-0500] {logging_mixin.py:188} INFO - [2026-02-25T23:30:56.091-0500] {dag.py:3834} INFO - Setting next_dagrun for latest_only to 2026-02-26 00:00:00+00:00, run_after=2026-02-26 04:00:00+00:00
[2026-02-25T23:30:56.108-0500] {processor.py:183} INFO - Processing /home/dawson/miniconda3/envs/snc_dev/lib/python3.9/site-packages/airflow/example_dags/example_latest_only.py took 0.079 seconds
[2026-02-25T23:31:46.167-0500] {processor.py:161} INFO - Started process (PID=90662) to work on /home/dawson/miniconda3/envs/snc_dev/lib/python3.9/site-packages/airflow/example_dags/example_latest_only.py
[2026-02-25T23:31:46.169-0500] {processor.py:830} INFO - Processing file /home/dawson/miniconda3/envs/snc_dev/lib/python3.9/site-packages/airflow/example_dags/example_latest_only.py for tasks to queue
[2026-02-25T23:31:46.171-0500] {logging_mixin.py:188} INFO - [2026-02-25T23:31:46.170-0500] {dagbag.py:540} INFO - Filling up the DagBag from /home/dawson/miniconda3/envs/snc_dev/lib/python3.9/site-packages/airflow/example_dags/example_latest_only.py
[2026-02-25T23:31:46.181-0500] {processor.py:840} INFO - DAG(s) 'latest_only' retrieved from /home/dawson/miniconda3/envs/snc_dev/lib/python3.9/site-packages/airflow/example_dags/example_latest_only.py
[2026-02-25T23:31:46.206-0500] {logging_mixin.py:188} INFO - [2026-02-25T23:31:46.206-0500] {dag.py:3047} INFO - Sync 1 DAGs
[2026-02-25T23:31:46.227-0500] {logging_mixin.py:188} INFO - [2026-02-25T23:31:46.226-0500] {dag.py:3834} INFO - Setting next_dagrun for latest_only to 2026-02-26 00:00:00+00:00, run_after=2026-02-26 04:00:00+00:00
[2026-02-25T23:31:46.243-0500] {processor.py:183} INFO - Processing /home/dawson/miniconda3/envs/snc_dev/lib/python3.9/site-packages/airflow/example_dags/example_latest_only.py took 0.082 seconds
[2026-02-25T23:32:35.669-0500] {processor.py:161} INFO - Started process (PID=91264) to work on /home/dawson/miniconda3/envs/snc_dev/lib/python3.9/site-packages/airflow/example_dags/example_latest_only.py
[2026-02-25T23:32:35.672-0500] {processor.py:830} INFO - Processing file /home/dawson/miniconda3/envs/snc_dev/lib/python3.9/site-packages/airflow/example_dags/example_latest_only.py for tasks to queue
[2026-02-25T23:32:35.673-0500] {logging_mixin.py:188} INFO - [2026-02-25T23:32:35.673-0500] {dagbag.py:540} INFO - Filling up the DagBag from /home/dawson/miniconda3/envs/snc_dev/lib/python3.9/site-packages/airflow/example_dags/example_latest_only.py
[2026-02-25T23:32:35.683-0500] {processor.py:840} INFO - DAG(s) 'latest_only' retrieved from /home/dawson/miniconda3/envs/snc_dev/lib/python3.9/site-packages/airflow/example_dags/example_latest_only.py
[2026-02-25T23:32:35.706-0500] {logging_mixin.py:188} INFO - [2026-02-25T23:32:35.706-0500] {dag.py:3047} INFO - Sync 1 DAGs
[2026-02-25T23:32:35.725-0500] {logging_mixin.py:188} INFO - [2026-02-25T23:32:35.724-0500] {dag.py:3834} INFO - Setting next_dagrun for latest_only to 2026-02-26 00:00:00+00:00, run_after=2026-02-26 04:00:00+00:00
[2026-02-25T23:32:35.746-0500] {processor.py:183} INFO - Processing /home/dawson/miniconda3/envs/snc_dev/lib/python3.9/site-packages/airflow/example_dags/example_latest_only.py took 0.084 seconds
[2026-02-25T23:33:26.055-0500] {processor.py:161} INFO - Started process (PID=91336) to work on /home/dawson/miniconda3/envs/snc_dev/lib/python3.9/site-packages/airflow/example_dags/example_latest_only.py
[2026-02-25T23:33:26.057-0500] {processor.py:830} INFO - Processing file /home/dawson/miniconda3/envs/snc_dev/lib/python3.9/site-packages/airflow/example_dags/example_latest_only.py for tasks to queue
[2026-02-25T23:33:26.058-0500] {logging_mixin.py:188} INFO - [2026-02-25T23:33:26.058-0500] {dagbag.py:540} INFO - Filling up the DagBag from /home/dawson/miniconda3/envs/snc_dev/lib/python3.9/site-packages/airflow/example_dags/example_latest_only.py
[2026-02-25T23:33:26.068-0500] {processor.py:840} INFO - DAG(s) 'latest_only' retrieved from /home/dawson/miniconda3/envs/snc_dev/lib/python3.9/site-packages/airflow/example_dags/example_latest_only.py
[2026-02-25T23:33:26.093-0500] {logging_mixin.py:188} INFO - [2026-02-25T23:33:26.092-0500] {dag.py:3047} INFO - Sync 1 DAGs
[2026-02-25T23:33:26.111-0500] {logging_mixin.py:188} INFO - [2026-02-25T23:33:26.111-0500] {dag.py:3834} INFO - Setting next_dagrun for latest_only to 2026-02-26 00:00:00+00:00, run_after=2026-02-26 04:00:00+00:00
[2026-02-25T23:33:26.128-0500] {processor.py:183} INFO - Processing /home/dawson/miniconda3/envs/snc_dev/lib/python3.9/site-packages/airflow/example_dags/example_latest_only.py took 0.079 seconds
[2026-02-25T23:34:14.713-0500] {processor.py:161} INFO - Started process (PID=91404) to work on /home/dawson/miniconda3/envs/snc_dev/lib/python3.9/site-packages/airflow/example_dags/example_latest_only.py
[2026-02-25T23:34:14.714-0500] {processor.py:830} INFO - Processing file /home/dawson/miniconda3/envs/snc_dev/lib/python3.9/site-packages/airflow/example_dags/example_latest_only.py for tasks to queue
[2026-02-25T23:34:14.716-0500] {logging_mixin.py:188} INFO - [2026-02-25T23:34:14.715-0500] {dagbag.py:540} INFO - Filling up the DagBag from /home/dawson/miniconda3/envs/snc_dev/lib/python3.9/site-packages/airflow/example_dags/example_latest_only.py
[2026-02-25T23:34:14.725-0500] {processor.py:840} INFO - DAG(s) 'latest_only' retrieved from /home/dawson/miniconda3/envs/snc_dev/lib/python3.9/site-packages/airflow/example_dags/example_latest_only.py
[2026-02-25T23:34:14.748-0500] {logging_mixin.py:188} INFO - [2026-02-25T23:34:14.748-0500] {dag.py:3047} INFO - Sync 1 DAGs
[2026-02-25T23:34:14.769-0500] {logging_mixin.py:188} INFO - [2026-02-25T23:34:14.769-0500] {dag.py:3834} INFO - Setting next_dagrun for latest_only to 2026-02-26 00:00:00+00:00, run_after=2026-02-26 04:00:00+00:00
[2026-02-25T23:34:14.788-0500] {processor.py:183} INFO - Processing /home/dawson/miniconda3/envs/snc_dev/lib/python3.9/site-packages/airflow/example_dags/example_latest_only.py took 0.081 seconds
