[2026-02-25T23:29:18.826-0500] {processor.py:161} INFO - Started process (PID=90377) to work on /home/dawson/miniconda3/envs/snc_dev/lib/python3.9/site-packages/airflow/example_dags/example_dynamic_task_mapping.py
[2026-02-25T23:29:18.828-0500] {processor.py:830} INFO - Processing file /home/dawson/miniconda3/envs/snc_dev/lib/python3.9/site-packages/airflow/example_dags/example_dynamic_task_mapping.py for tasks to queue
[2026-02-25T23:29:18.829-0500] {logging_mixin.py:188} INFO - [2026-02-25T23:29:18.829-0500] {dagbag.py:540} INFO - Filling up the DagBag from /home/dawson/miniconda3/envs/snc_dev/lib/python3.9/site-packages/airflow/example_dags/example_dynamic_task_mapping.py
[2026-02-25T23:29:18.842-0500] {processor.py:840} INFO - DAG(s) 'example_dynamic_task_mapping' retrieved from /home/dawson/miniconda3/envs/snc_dev/lib/python3.9/site-packages/airflow/example_dags/example_dynamic_task_mapping.py
[2026-02-25T23:29:19.035-0500] {logging_mixin.py:188} INFO - [2026-02-25T23:29:19.034-0500] {dag.py:3047} INFO - Sync 1 DAGs
[2026-02-25T23:29:19.046-0500] {logging_mixin.py:188} INFO - [2026-02-25T23:29:19.046-0500] {dag.py:3834} INFO - Setting next_dagrun for example_dynamic_task_mapping to 2022-03-04 00:00:00+00:00, run_after=2022-03-05 00:00:00+00:00
[2026-02-25T23:29:19.060-0500] {processor.py:183} INFO - Processing /home/dawson/miniconda3/envs/snc_dev/lib/python3.9/site-packages/airflow/example_dags/example_dynamic_task_mapping.py took 0.239 seconds
[2026-02-25T23:30:11.501-0500] {processor.py:161} INFO - Started process (PID=90522) to work on /home/dawson/miniconda3/envs/snc_dev/lib/python3.9/site-packages/airflow/example_dags/example_dynamic_task_mapping.py
[2026-02-25T23:30:11.504-0500] {processor.py:830} INFO - Processing file /home/dawson/miniconda3/envs/snc_dev/lib/python3.9/site-packages/airflow/example_dags/example_dynamic_task_mapping.py for tasks to queue
[2026-02-25T23:30:11.506-0500] {logging_mixin.py:188} INFO - [2026-02-25T23:30:11.505-0500] {dagbag.py:540} INFO - Filling up the DagBag from /home/dawson/miniconda3/envs/snc_dev/lib/python3.9/site-packages/airflow/example_dags/example_dynamic_task_mapping.py
[2026-02-25T23:30:11.519-0500] {processor.py:840} INFO - DAG(s) 'example_dynamic_task_mapping' retrieved from /home/dawson/miniconda3/envs/snc_dev/lib/python3.9/site-packages/airflow/example_dags/example_dynamic_task_mapping.py
[2026-02-25T23:30:11.541-0500] {logging_mixin.py:188} INFO - [2026-02-25T23:30:11.541-0500] {dag.py:3047} INFO - Sync 1 DAGs
[2026-02-25T23:30:11.561-0500] {logging_mixin.py:188} INFO - [2026-02-25T23:30:11.561-0500] {dag.py:3834} INFO - Setting next_dagrun for example_dynamic_task_mapping to 2022-03-04 00:00:00+00:00, run_after=2022-03-05 00:00:00+00:00
[2026-02-25T23:30:11.579-0500] {processor.py:183} INFO - Processing /home/dawson/miniconda3/envs/snc_dev/lib/python3.9/site-packages/airflow/example_dags/example_dynamic_task_mapping.py took 0.084 seconds
[2026-02-25T23:31:05.724-0500] {processor.py:161} INFO - Started process (PID=90600) to work on /home/dawson/miniconda3/envs/snc_dev/lib/python3.9/site-packages/airflow/example_dags/example_dynamic_task_mapping.py
[2026-02-25T23:31:05.726-0500] {processor.py:830} INFO - Processing file /home/dawson/miniconda3/envs/snc_dev/lib/python3.9/site-packages/airflow/example_dags/example_dynamic_task_mapping.py for tasks to queue
[2026-02-25T23:31:05.728-0500] {logging_mixin.py:188} INFO - [2026-02-25T23:31:05.727-0500] {dagbag.py:540} INFO - Filling up the DagBag from /home/dawson/miniconda3/envs/snc_dev/lib/python3.9/site-packages/airflow/example_dags/example_dynamic_task_mapping.py
[2026-02-25T23:31:05.741-0500] {processor.py:840} INFO - DAG(s) 'example_dynamic_task_mapping' retrieved from /home/dawson/miniconda3/envs/snc_dev/lib/python3.9/site-packages/airflow/example_dags/example_dynamic_task_mapping.py
[2026-02-25T23:31:05.763-0500] {logging_mixin.py:188} INFO - [2026-02-25T23:31:05.763-0500] {dag.py:3047} INFO - Sync 1 DAGs
[2026-02-25T23:31:05.784-0500] {logging_mixin.py:188} INFO - [2026-02-25T23:31:05.783-0500] {dag.py:3834} INFO - Setting next_dagrun for example_dynamic_task_mapping to 2022-03-04 00:00:00+00:00, run_after=2022-03-05 00:00:00+00:00
[2026-02-25T23:31:05.800-0500] {processor.py:183} INFO - Processing /home/dawson/miniconda3/envs/snc_dev/lib/python3.9/site-packages/airflow/example_dags/example_dynamic_task_mapping.py took 0.081 seconds
[2026-02-25T23:32:00.741-0500] {processor.py:161} INFO - Started process (PID=90975) to work on /home/dawson/miniconda3/envs/snc_dev/lib/python3.9/site-packages/airflow/example_dags/example_dynamic_task_mapping.py
[2026-02-25T23:32:00.744-0500] {processor.py:830} INFO - Processing file /home/dawson/miniconda3/envs/snc_dev/lib/python3.9/site-packages/airflow/example_dags/example_dynamic_task_mapping.py for tasks to queue
[2026-02-25T23:32:00.745-0500] {logging_mixin.py:188} INFO - [2026-02-25T23:32:00.744-0500] {dagbag.py:540} INFO - Filling up the DagBag from /home/dawson/miniconda3/envs/snc_dev/lib/python3.9/site-packages/airflow/example_dags/example_dynamic_task_mapping.py
[2026-02-25T23:32:00.758-0500] {processor.py:840} INFO - DAG(s) 'example_dynamic_task_mapping' retrieved from /home/dawson/miniconda3/envs/snc_dev/lib/python3.9/site-packages/airflow/example_dags/example_dynamic_task_mapping.py
[2026-02-25T23:32:00.782-0500] {logging_mixin.py:188} INFO - [2026-02-25T23:32:00.782-0500] {dag.py:3047} INFO - Sync 1 DAGs
[2026-02-25T23:32:00.802-0500] {logging_mixin.py:188} INFO - [2026-02-25T23:32:00.802-0500] {dag.py:3834} INFO - Setting next_dagrun for example_dynamic_task_mapping to 2022-03-04 00:00:00+00:00, run_after=2022-03-05 00:00:00+00:00
[2026-02-25T23:32:00.819-0500] {processor.py:183} INFO - Processing /home/dawson/miniconda3/envs/snc_dev/lib/python3.9/site-packages/airflow/example_dags/example_dynamic_task_mapping.py took 0.085 seconds
[2026-02-25T23:32:49.884-0500] {processor.py:161} INFO - Started process (PID=91283) to work on /home/dawson/miniconda3/envs/snc_dev/lib/python3.9/site-packages/airflow/example_dags/example_dynamic_task_mapping.py
[2026-02-25T23:32:49.886-0500] {processor.py:830} INFO - Processing file /home/dawson/miniconda3/envs/snc_dev/lib/python3.9/site-packages/airflow/example_dags/example_dynamic_task_mapping.py for tasks to queue
[2026-02-25T23:32:49.887-0500] {logging_mixin.py:188} INFO - [2026-02-25T23:32:49.887-0500] {dagbag.py:540} INFO - Filling up the DagBag from /home/dawson/miniconda3/envs/snc_dev/lib/python3.9/site-packages/airflow/example_dags/example_dynamic_task_mapping.py
[2026-02-25T23:32:49.903-0500] {processor.py:840} INFO - DAG(s) 'example_dynamic_task_mapping' retrieved from /home/dawson/miniconda3/envs/snc_dev/lib/python3.9/site-packages/airflow/example_dags/example_dynamic_task_mapping.py
[2026-02-25T23:32:49.925-0500] {logging_mixin.py:188} INFO - [2026-02-25T23:32:49.924-0500] {dag.py:3047} INFO - Sync 1 DAGs
[2026-02-25T23:32:49.943-0500] {logging_mixin.py:188} INFO - [2026-02-25T23:32:49.943-0500] {dag.py:3834} INFO - Setting next_dagrun for example_dynamic_task_mapping to 2022-03-04 00:00:00+00:00, run_after=2022-03-05 00:00:00+00:00
[2026-02-25T23:32:49.962-0500] {processor.py:183} INFO - Processing /home/dawson/miniconda3/envs/snc_dev/lib/python3.9/site-packages/airflow/example_dags/example_dynamic_task_mapping.py took 0.085 seconds
[2026-02-25T23:33:41.720-0500] {processor.py:161} INFO - Started process (PID=91359) to work on /home/dawson/miniconda3/envs/snc_dev/lib/python3.9/site-packages/airflow/example_dags/example_dynamic_task_mapping.py
[2026-02-25T23:33:41.722-0500] {processor.py:830} INFO - Processing file /home/dawson/miniconda3/envs/snc_dev/lib/python3.9/site-packages/airflow/example_dags/example_dynamic_task_mapping.py for tasks to queue
[2026-02-25T23:33:41.723-0500] {logging_mixin.py:188} INFO - [2026-02-25T23:33:41.723-0500] {dagbag.py:540} INFO - Filling up the DagBag from /home/dawson/miniconda3/envs/snc_dev/lib/python3.9/site-packages/airflow/example_dags/example_dynamic_task_mapping.py
[2026-02-25T23:33:41.737-0500] {processor.py:840} INFO - DAG(s) 'example_dynamic_task_mapping' retrieved from /home/dawson/miniconda3/envs/snc_dev/lib/python3.9/site-packages/airflow/example_dags/example_dynamic_task_mapping.py
[2026-02-25T23:33:41.759-0500] {logging_mixin.py:188} INFO - [2026-02-25T23:33:41.759-0500] {dag.py:3047} INFO - Sync 1 DAGs
[2026-02-25T23:33:41.778-0500] {logging_mixin.py:188} INFO - [2026-02-25T23:33:41.778-0500] {dag.py:3834} INFO - Setting next_dagrun for example_dynamic_task_mapping to 2022-03-04 00:00:00+00:00, run_after=2022-03-05 00:00:00+00:00
[2026-02-25T23:33:41.799-0500] {processor.py:183} INFO - Processing /home/dawson/miniconda3/envs/snc_dev/lib/python3.9/site-packages/airflow/example_dags/example_dynamic_task_mapping.py took 0.086 seconds
[2026-02-25T23:34:31.876-0500] {processor.py:161} INFO - Started process (PID=91426) to work on /home/dawson/miniconda3/envs/snc_dev/lib/python3.9/site-packages/airflow/example_dags/example_dynamic_task_mapping.py
[2026-02-25T23:34:31.878-0500] {processor.py:830} INFO - Processing file /home/dawson/miniconda3/envs/snc_dev/lib/python3.9/site-packages/airflow/example_dags/example_dynamic_task_mapping.py for tasks to queue
[2026-02-25T23:34:31.880-0500] {logging_mixin.py:188} INFO - [2026-02-25T23:34:31.879-0500] {dagbag.py:540} INFO - Filling up the DagBag from /home/dawson/miniconda3/envs/snc_dev/lib/python3.9/site-packages/airflow/example_dags/example_dynamic_task_mapping.py
[2026-02-25T23:34:31.894-0500] {processor.py:840} INFO - DAG(s) 'example_dynamic_task_mapping' retrieved from /home/dawson/miniconda3/envs/snc_dev/lib/python3.9/site-packages/airflow/example_dags/example_dynamic_task_mapping.py
[2026-02-25T23:34:31.916-0500] {logging_mixin.py:188} INFO - [2026-02-25T23:34:31.916-0500] {dag.py:3047} INFO - Sync 1 DAGs
[2026-02-25T23:34:31.935-0500] {logging_mixin.py:188} INFO - [2026-02-25T23:34:31.934-0500] {dag.py:3834} INFO - Setting next_dagrun for example_dynamic_task_mapping to 2022-03-04 00:00:00+00:00, run_after=2022-03-05 00:00:00+00:00
[2026-02-25T23:34:31.951-0500] {processor.py:183} INFO - Processing /home/dawson/miniconda3/envs/snc_dev/lib/python3.9/site-packages/airflow/example_dags/example_dynamic_task_mapping.py took 0.080 seconds
