[2026-02-25T23:28:51.280-0500] {processor.py:161} INFO - Started process (PID=90280) to work on /home/dawson/miniconda3/envs/snc_dev/lib/python3.9/site-packages/airflow/example_dags/example_xcomargs.py
[2026-02-25T23:28:51.282-0500] {processor.py:830} INFO - Processing file /home/dawson/miniconda3/envs/snc_dev/lib/python3.9/site-packages/airflow/example_dags/example_xcomargs.py for tasks to queue
[2026-02-25T23:28:51.283-0500] {logging_mixin.py:188} INFO - [2026-02-25T23:28:51.282-0500] {dagbag.py:540} INFO - Filling up the DagBag from /home/dawson/miniconda3/envs/snc_dev/lib/python3.9/site-packages/airflow/example_dags/example_xcomargs.py
[2026-02-25T23:28:51.300-0500] {processor.py:840} INFO - DAG(s) 'example_xcom_args', 'example_xcom_args_with_operators' retrieved from /home/dawson/miniconda3/envs/snc_dev/lib/python3.9/site-packages/airflow/example_dags/example_xcomargs.py
[2026-02-25T23:28:51.312-0500] {logging_mixin.py:188} INFO - [2026-02-25T23:28:51.311-0500] {dag.py:3047} INFO - Sync 2 DAGs
[2026-02-25T23:28:51.325-0500] {logging_mixin.py:188} INFO - [2026-02-25T23:28:51.325-0500] {dag.py:3834} INFO - Setting next_dagrun for example_xcom_args to None, run_after=None
[2026-02-25T23:28:51.327-0500] {logging_mixin.py:188} INFO - [2026-02-25T23:28:51.327-0500] {dag.py:3834} INFO - Setting next_dagrun for example_xcom_args_with_operators to None, run_after=None
[2026-02-25T23:28:51.343-0500] {processor.py:183} INFO - Processing /home/dawson/miniconda3/envs/snc_dev/lib/python3.9/site-packages/airflow/example_dags/example_xcomargs.py took 0.069 seconds
[2026-02-25T23:29:41.158-0500] {processor.py:161} INFO - Started process (PID=90428) to work on /home/dawson/miniconda3/envs/snc_dev/lib/python3.9/site-packages/airflow/example_dags/example_xcomargs.py
[2026-02-25T23:29:41.160-0500] {processor.py:830} INFO - Processing file /home/dawson/miniconda3/envs/snc_dev/lib/python3.9/site-packages/airflow/example_dags/example_xcomargs.py for tasks to queue
[2026-02-25T23:29:41.162-0500] {logging_mixin.py:188} INFO - [2026-02-25T23:29:41.161-0500] {dagbag.py:540} INFO - Filling up the DagBag from /home/dawson/miniconda3/envs/snc_dev/lib/python3.9/site-packages/airflow/example_dags/example_xcomargs.py
[2026-02-25T23:29:41.174-0500] {processor.py:840} INFO - DAG(s) 'example_xcom_args', 'example_xcom_args_with_operators' retrieved from /home/dawson/miniconda3/envs/snc_dev/lib/python3.9/site-packages/airflow/example_dags/example_xcomargs.py
[2026-02-25T23:29:41.376-0500] {logging_mixin.py:188} INFO - [2026-02-25T23:29:41.375-0500] {dag.py:3047} INFO - Sync 2 DAGs
[2026-02-25T23:29:41.381-0500] {logging_mixin.py:188} INFO - [2026-02-25T23:29:41.381-0500] {dag.py:3834} INFO - Setting next_dagrun for example_xcom_args to None, run_after=None
[2026-02-25T23:29:41.383-0500] {logging_mixin.py:188} INFO - [2026-02-25T23:29:41.383-0500] {dag.py:3834} INFO - Setting next_dagrun for example_xcom_args_with_operators to None, run_after=None
[2026-02-25T23:29:41.396-0500] {processor.py:183} INFO - Processing /home/dawson/miniconda3/envs/snc_dev/lib/python3.9/site-packages/airflow/example_dags/example_xcomargs.py took 0.244 seconds
[2026-02-25T23:30:24.560-0500] {processor.py:161} INFO - Started process (PID=90542) to work on /home/dawson/miniconda3/envs/snc_dev/lib/python3.9/site-packages/airflow/example_dags/example_xcomargs.py
[2026-02-25T23:30:24.562-0500] {processor.py:830} INFO - Processing file /home/dawson/miniconda3/envs/snc_dev/lib/python3.9/site-packages/airflow/example_dags/example_xcomargs.py for tasks to queue
[2026-02-25T23:30:24.563-0500] {logging_mixin.py:188} INFO - [2026-02-25T23:30:24.563-0500] {dagbag.py:540} INFO - Filling up the DagBag from /home/dawson/miniconda3/envs/snc_dev/lib/python3.9/site-packages/airflow/example_dags/example_xcomargs.py
[2026-02-25T23:30:24.577-0500] {processor.py:840} INFO - DAG(s) 'example_xcom_args', 'example_xcom_args_with_operators' retrieved from /home/dawson/miniconda3/envs/snc_dev/lib/python3.9/site-packages/airflow/example_dags/example_xcomargs.py
[2026-02-25T23:30:24.601-0500] {logging_mixin.py:188} INFO - [2026-02-25T23:30:24.601-0500] {dag.py:3047} INFO - Sync 2 DAGs
[2026-02-25T23:30:24.614-0500] {logging_mixin.py:188} INFO - [2026-02-25T23:30:24.614-0500] {dag.py:3834} INFO - Setting next_dagrun for example_xcom_args to None, run_after=None
[2026-02-25T23:30:24.617-0500] {logging_mixin.py:188} INFO - [2026-02-25T23:30:24.617-0500] {dag.py:3834} INFO - Setting next_dagrun for example_xcom_args_with_operators to None, run_after=None
[2026-02-25T23:30:24.633-0500] {processor.py:183} INFO - Processing /home/dawson/miniconda3/envs/snc_dev/lib/python3.9/site-packages/airflow/example_dags/example_xcomargs.py took 0.079 seconds
[2026-02-25T23:31:15.727-0500] {processor.py:161} INFO - Started process (PID=90614) to work on /home/dawson/miniconda3/envs/snc_dev/lib/python3.9/site-packages/airflow/example_dags/example_xcomargs.py
[2026-02-25T23:31:15.729-0500] {processor.py:830} INFO - Processing file /home/dawson/miniconda3/envs/snc_dev/lib/python3.9/site-packages/airflow/example_dags/example_xcomargs.py for tasks to queue
[2026-02-25T23:31:15.731-0500] {logging_mixin.py:188} INFO - [2026-02-25T23:31:15.730-0500] {dagbag.py:540} INFO - Filling up the DagBag from /home/dawson/miniconda3/envs/snc_dev/lib/python3.9/site-packages/airflow/example_dags/example_xcomargs.py
[2026-02-25T23:31:15.744-0500] {processor.py:840} INFO - DAG(s) 'example_xcom_args_with_operators', 'example_xcom_args' retrieved from /home/dawson/miniconda3/envs/snc_dev/lib/python3.9/site-packages/airflow/example_dags/example_xcomargs.py
[2026-02-25T23:31:15.771-0500] {logging_mixin.py:188} INFO - [2026-02-25T23:31:15.770-0500] {dag.py:3047} INFO - Sync 2 DAGs
[2026-02-25T23:31:15.782-0500] {logging_mixin.py:188} INFO - [2026-02-25T23:31:15.782-0500] {dag.py:3834} INFO - Setting next_dagrun for example_xcom_args to None, run_after=None
[2026-02-25T23:31:15.785-0500] {logging_mixin.py:188} INFO - [2026-02-25T23:31:15.785-0500] {dag.py:3834} INFO - Setting next_dagrun for example_xcom_args_with_operators to None, run_after=None
[2026-02-25T23:31:15.802-0500] {processor.py:183} INFO - Processing /home/dawson/miniconda3/envs/snc_dev/lib/python3.9/site-packages/airflow/example_dags/example_xcomargs.py took 0.081 seconds
[2026-02-25T23:31:55.591-0500] {processor.py:161} INFO - Started process (PID=90684) to work on /home/dawson/miniconda3/envs/snc_dev/lib/python3.9/site-packages/airflow/example_dags/example_xcomargs.py
[2026-02-25T23:31:55.594-0500] {processor.py:830} INFO - Processing file /home/dawson/miniconda3/envs/snc_dev/lib/python3.9/site-packages/airflow/example_dags/example_xcomargs.py for tasks to queue
[2026-02-25T23:31:55.595-0500] {logging_mixin.py:188} INFO - [2026-02-25T23:31:55.595-0500] {dagbag.py:540} INFO - Filling up the DagBag from /home/dawson/miniconda3/envs/snc_dev/lib/python3.9/site-packages/airflow/example_dags/example_xcomargs.py
[2026-02-25T23:31:55.608-0500] {processor.py:840} INFO - DAG(s) 'example_xcom_args_with_operators', 'example_xcom_args' retrieved from /home/dawson/miniconda3/envs/snc_dev/lib/python3.9/site-packages/airflow/example_dags/example_xcomargs.py
[2026-02-25T23:31:55.632-0500] {logging_mixin.py:188} INFO - [2026-02-25T23:31:55.631-0500] {dag.py:3047} INFO - Sync 2 DAGs
[2026-02-25T23:31:55.643-0500] {logging_mixin.py:188} INFO - [2026-02-25T23:31:55.642-0500] {dag.py:3834} INFO - Setting next_dagrun for example_xcom_args to None, run_after=None
[2026-02-25T23:31:55.645-0500] {logging_mixin.py:188} INFO - [2026-02-25T23:31:55.645-0500] {dag.py:3834} INFO - Setting next_dagrun for example_xcom_args_with_operators to None, run_after=None
[2026-02-25T23:31:55.661-0500] {processor.py:183} INFO - Processing /home/dawson/miniconda3/envs/snc_dev/lib/python3.9/site-packages/airflow/example_dags/example_xcomargs.py took 0.075 seconds
[2026-02-25T23:32:44.735-0500] {processor.py:161} INFO - Started process (PID=91278) to work on /home/dawson/miniconda3/envs/snc_dev/lib/python3.9/site-packages/airflow/example_dags/example_xcomargs.py
[2026-02-25T23:32:44.737-0500] {processor.py:830} INFO - Processing file /home/dawson/miniconda3/envs/snc_dev/lib/python3.9/site-packages/airflow/example_dags/example_xcomargs.py for tasks to queue
[2026-02-25T23:32:44.739-0500] {logging_mixin.py:188} INFO - [2026-02-25T23:32:44.738-0500] {dagbag.py:540} INFO - Filling up the DagBag from /home/dawson/miniconda3/envs/snc_dev/lib/python3.9/site-packages/airflow/example_dags/example_xcomargs.py
[2026-02-25T23:32:44.752-0500] {processor.py:840} INFO - DAG(s) 'example_xcom_args_with_operators', 'example_xcom_args' retrieved from /home/dawson/miniconda3/envs/snc_dev/lib/python3.9/site-packages/airflow/example_dags/example_xcomargs.py
[2026-02-25T23:32:44.778-0500] {logging_mixin.py:188} INFO - [2026-02-25T23:32:44.778-0500] {dag.py:3047} INFO - Sync 2 DAGs
[2026-02-25T23:32:44.790-0500] {logging_mixin.py:188} INFO - [2026-02-25T23:32:44.789-0500] {dag.py:3834} INFO - Setting next_dagrun for example_xcom_args to None, run_after=None
[2026-02-25T23:32:44.792-0500] {logging_mixin.py:188} INFO - [2026-02-25T23:32:44.792-0500] {dag.py:3834} INFO - Setting next_dagrun for example_xcom_args_with_operators to None, run_after=None
[2026-02-25T23:32:44.809-0500] {processor.py:183} INFO - Processing /home/dawson/miniconda3/envs/snc_dev/lib/python3.9/site-packages/airflow/example_dags/example_xcomargs.py took 0.080 seconds
[2026-02-25T23:33:36.243-0500] {processor.py:161} INFO - Started process (PID=91349) to work on /home/dawson/miniconda3/envs/snc_dev/lib/python3.9/site-packages/airflow/example_dags/example_xcomargs.py
[2026-02-25T23:33:36.245-0500] {processor.py:830} INFO - Processing file /home/dawson/miniconda3/envs/snc_dev/lib/python3.9/site-packages/airflow/example_dags/example_xcomargs.py for tasks to queue
[2026-02-25T23:33:36.247-0500] {logging_mixin.py:188} INFO - [2026-02-25T23:33:36.246-0500] {dagbag.py:540} INFO - Filling up the DagBag from /home/dawson/miniconda3/envs/snc_dev/lib/python3.9/site-packages/airflow/example_dags/example_xcomargs.py
[2026-02-25T23:33:36.260-0500] {processor.py:840} INFO - DAG(s) 'example_xcom_args_with_operators', 'example_xcom_args' retrieved from /home/dawson/miniconda3/envs/snc_dev/lib/python3.9/site-packages/airflow/example_dags/example_xcomargs.py
[2026-02-25T23:33:36.285-0500] {logging_mixin.py:188} INFO - [2026-02-25T23:33:36.284-0500] {dag.py:3047} INFO - Sync 2 DAGs
[2026-02-25T23:33:36.296-0500] {logging_mixin.py:188} INFO - [2026-02-25T23:33:36.296-0500] {dag.py:3834} INFO - Setting next_dagrun for example_xcom_args to None, run_after=None
[2026-02-25T23:33:36.299-0500] {logging_mixin.py:188} INFO - [2026-02-25T23:33:36.299-0500] {dag.py:3834} INFO - Setting next_dagrun for example_xcom_args_with_operators to None, run_after=None
[2026-02-25T23:33:36.316-0500] {processor.py:183} INFO - Processing /home/dawson/miniconda3/envs/snc_dev/lib/python3.9/site-packages/airflow/example_dags/example_xcomargs.py took 0.079 seconds
[2026-02-25T23:34:24.989-0500] {processor.py:161} INFO - Started process (PID=91417) to work on /home/dawson/miniconda3/envs/snc_dev/lib/python3.9/site-packages/airflow/example_dags/example_xcomargs.py
[2026-02-25T23:34:24.990-0500] {processor.py:830} INFO - Processing file /home/dawson/miniconda3/envs/snc_dev/lib/python3.9/site-packages/airflow/example_dags/example_xcomargs.py for tasks to queue
[2026-02-25T23:34:24.992-0500] {logging_mixin.py:188} INFO - [2026-02-25T23:34:24.991-0500] {dagbag.py:540} INFO - Filling up the DagBag from /home/dawson/miniconda3/envs/snc_dev/lib/python3.9/site-packages/airflow/example_dags/example_xcomargs.py
[2026-02-25T23:34:25.005-0500] {processor.py:840} INFO - DAG(s) 'example_xcom_args', 'example_xcom_args_with_operators' retrieved from /home/dawson/miniconda3/envs/snc_dev/lib/python3.9/site-packages/airflow/example_dags/example_xcomargs.py
[2026-02-25T23:34:25.027-0500] {logging_mixin.py:188} INFO - [2026-02-25T23:34:25.027-0500] {dag.py:3047} INFO - Sync 2 DAGs
[2026-02-25T23:34:25.041-0500] {logging_mixin.py:188} INFO - [2026-02-25T23:34:25.040-0500] {dag.py:3834} INFO - Setting next_dagrun for example_xcom_args to None, run_after=None
[2026-02-25T23:34:25.043-0500] {logging_mixin.py:188} INFO - [2026-02-25T23:34:25.043-0500] {dag.py:3834} INFO - Setting next_dagrun for example_xcom_args_with_operators to None, run_after=None
[2026-02-25T23:34:25.059-0500] {processor.py:183} INFO - Processing /home/dawson/miniconda3/envs/snc_dev/lib/python3.9/site-packages/airflow/example_dags/example_xcomargs.py took 0.076 seconds
