[2026-02-25T23:29:10.775-0500] {processor.py:161} INFO - Started process (PID=90362) to work on /home/dawson/miniconda3/envs/snc_dev/lib/python3.9/site-packages/airflow/example_dags/example_nested_branch_dag.py
[2026-02-25T23:29:10.777-0500] {processor.py:830} INFO - Processing file /home/dawson/miniconda3/envs/snc_dev/lib/python3.9/site-packages/airflow/example_dags/example_nested_branch_dag.py for tasks to queue
[2026-02-25T23:29:10.779-0500] {logging_mixin.py:188} INFO - [2026-02-25T23:29:10.779-0500] {dagbag.py:540} INFO - Filling up the DagBag from /home/dawson/miniconda3/envs/snc_dev/lib/python3.9/site-packages/airflow/example_dags/example_nested_branch_dag.py
[2026-02-25T23:29:10.793-0500] {processor.py:840} INFO - DAG(s) 'example_nested_branch_dag' retrieved from /home/dawson/miniconda3/envs/snc_dev/lib/python3.9/site-packages/airflow/example_dags/example_nested_branch_dag.py
[2026-02-25T23:29:11.008-0500] {logging_mixin.py:188} INFO - [2026-02-25T23:29:11.008-0500] {dag.py:3047} INFO - Sync 1 DAGs
[2026-02-25T23:29:11.020-0500] {logging_mixin.py:188} INFO - [2026-02-25T23:29:11.020-0500] {dag.py:3834} INFO - Setting next_dagrun for example_nested_branch_dag to 2026-02-25 00:00:00+00:00, run_after=2026-02-26 00:00:00+00:00
[2026-02-25T23:29:11.034-0500] {processor.py:183} INFO - Processing /home/dawson/miniconda3/envs/snc_dev/lib/python3.9/site-packages/airflow/example_dags/example_nested_branch_dag.py took 0.264 seconds
[2026-02-25T23:30:04.268-0500] {processor.py:161} INFO - Started process (PID=90503) to work on /home/dawson/miniconda3/envs/snc_dev/lib/python3.9/site-packages/airflow/example_dags/example_nested_branch_dag.py
[2026-02-25T23:30:04.270-0500] {processor.py:830} INFO - Processing file /home/dawson/miniconda3/envs/snc_dev/lib/python3.9/site-packages/airflow/example_dags/example_nested_branch_dag.py for tasks to queue
[2026-02-25T23:30:04.271-0500] {logging_mixin.py:188} INFO - [2026-02-25T23:30:04.271-0500] {dagbag.py:540} INFO - Filling up the DagBag from /home/dawson/miniconda3/envs/snc_dev/lib/python3.9/site-packages/airflow/example_dags/example_nested_branch_dag.py
[2026-02-25T23:30:04.289-0500] {processor.py:840} INFO - DAG(s) 'example_nested_branch_dag' retrieved from /home/dawson/miniconda3/envs/snc_dev/lib/python3.9/site-packages/airflow/example_dags/example_nested_branch_dag.py
[2026-02-25T23:30:04.312-0500] {logging_mixin.py:188} INFO - [2026-02-25T23:30:04.312-0500] {dag.py:3047} INFO - Sync 1 DAGs
[2026-02-25T23:30:04.332-0500] {logging_mixin.py:188} INFO - [2026-02-25T23:30:04.332-0500] {dag.py:3834} INFO - Setting next_dagrun for example_nested_branch_dag to 2026-02-25 00:00:00+00:00, run_after=2026-02-26 00:00:00+00:00
[2026-02-25T23:30:04.349-0500] {processor.py:183} INFO - Processing /home/dawson/miniconda3/envs/snc_dev/lib/python3.9/site-packages/airflow/example_dags/example_nested_branch_dag.py took 0.087 seconds
[2026-02-25T23:30:48.679-0500] {processor.py:161} INFO - Started process (PID=90577) to work on /home/dawson/miniconda3/envs/snc_dev/lib/python3.9/site-packages/airflow/example_dags/example_nested_branch_dag.py
[2026-02-25T23:30:48.681-0500] {processor.py:830} INFO - Processing file /home/dawson/miniconda3/envs/snc_dev/lib/python3.9/site-packages/airflow/example_dags/example_nested_branch_dag.py for tasks to queue
[2026-02-25T23:30:48.683-0500] {logging_mixin.py:188} INFO - [2026-02-25T23:30:48.682-0500] {dagbag.py:540} INFO - Filling up the DagBag from /home/dawson/miniconda3/envs/snc_dev/lib/python3.9/site-packages/airflow/example_dags/example_nested_branch_dag.py
[2026-02-25T23:30:48.699-0500] {processor.py:840} INFO - DAG(s) 'example_nested_branch_dag' retrieved from /home/dawson/miniconda3/envs/snc_dev/lib/python3.9/site-packages/airflow/example_dags/example_nested_branch_dag.py
[2026-02-25T23:30:48.722-0500] {logging_mixin.py:188} INFO - [2026-02-25T23:30:48.722-0500] {dag.py:3047} INFO - Sync 1 DAGs
[2026-02-25T23:30:48.742-0500] {logging_mixin.py:188} INFO - [2026-02-25T23:30:48.742-0500] {dag.py:3834} INFO - Setting next_dagrun for example_nested_branch_dag to 2026-02-25 00:00:00+00:00, run_after=2026-02-26 00:00:00+00:00
[2026-02-25T23:30:48.759-0500] {processor.py:183} INFO - Processing /home/dawson/miniconda3/envs/snc_dev/lib/python3.9/site-packages/airflow/example_dags/example_nested_branch_dag.py took 0.087 seconds
[2026-02-25T23:31:43.428-0500] {processor.py:161} INFO - Started process (PID=90659) to work on /home/dawson/miniconda3/envs/snc_dev/lib/python3.9/site-packages/airflow/example_dags/example_nested_branch_dag.py
[2026-02-25T23:31:43.430-0500] {processor.py:830} INFO - Processing file /home/dawson/miniconda3/envs/snc_dev/lib/python3.9/site-packages/airflow/example_dags/example_nested_branch_dag.py for tasks to queue
[2026-02-25T23:31:43.432-0500] {logging_mixin.py:188} INFO - [2026-02-25T23:31:43.431-0500] {dagbag.py:540} INFO - Filling up the DagBag from /home/dawson/miniconda3/envs/snc_dev/lib/python3.9/site-packages/airflow/example_dags/example_nested_branch_dag.py
[2026-02-25T23:31:43.449-0500] {processor.py:840} INFO - DAG(s) 'example_nested_branch_dag' retrieved from /home/dawson/miniconda3/envs/snc_dev/lib/python3.9/site-packages/airflow/example_dags/example_nested_branch_dag.py
[2026-02-25T23:31:43.473-0500] {logging_mixin.py:188} INFO - [2026-02-25T23:31:43.472-0500] {dag.py:3047} INFO - Sync 1 DAGs
[2026-02-25T23:31:43.494-0500] {logging_mixin.py:188} INFO - [2026-02-25T23:31:43.494-0500] {dag.py:3834} INFO - Setting next_dagrun for example_nested_branch_dag to 2026-02-25 00:00:00+00:00, run_after=2026-02-26 00:00:00+00:00
[2026-02-25T23:31:43.513-0500] {processor.py:183} INFO - Processing /home/dawson/miniconda3/envs/snc_dev/lib/python3.9/site-packages/airflow/example_dags/example_nested_branch_dag.py took 0.090 seconds
[2026-02-25T23:32:32.908-0500] {processor.py:161} INFO - Started process (PID=91261) to work on /home/dawson/miniconda3/envs/snc_dev/lib/python3.9/site-packages/airflow/example_dags/example_nested_branch_dag.py
[2026-02-25T23:32:32.910-0500] {processor.py:830} INFO - Processing file /home/dawson/miniconda3/envs/snc_dev/lib/python3.9/site-packages/airflow/example_dags/example_nested_branch_dag.py for tasks to queue
[2026-02-25T23:32:32.911-0500] {logging_mixin.py:188} INFO - [2026-02-25T23:32:32.910-0500] {dagbag.py:540} INFO - Filling up the DagBag from /home/dawson/miniconda3/envs/snc_dev/lib/python3.9/site-packages/airflow/example_dags/example_nested_branch_dag.py
[2026-02-25T23:32:32.926-0500] {processor.py:840} INFO - DAG(s) 'example_nested_branch_dag' retrieved from /home/dawson/miniconda3/envs/snc_dev/lib/python3.9/site-packages/airflow/example_dags/example_nested_branch_dag.py
[2026-02-25T23:32:32.948-0500] {logging_mixin.py:188} INFO - [2026-02-25T23:32:32.948-0500] {dag.py:3047} INFO - Sync 1 DAGs
[2026-02-25T23:32:32.969-0500] {logging_mixin.py:188} INFO - [2026-02-25T23:32:32.968-0500] {dag.py:3834} INFO - Setting next_dagrun for example_nested_branch_dag to 2026-02-25 00:00:00+00:00, run_after=2026-02-26 00:00:00+00:00
[2026-02-25T23:32:32.986-0500] {processor.py:183} INFO - Processing /home/dawson/miniconda3/envs/snc_dev/lib/python3.9/site-packages/airflow/example_dags/example_nested_branch_dag.py took 0.084 seconds
[2026-02-25T23:33:23.259-0500] {processor.py:161} INFO - Started process (PID=91331) to work on /home/dawson/miniconda3/envs/snc_dev/lib/python3.9/site-packages/airflow/example_dags/example_nested_branch_dag.py
[2026-02-25T23:33:23.261-0500] {processor.py:830} INFO - Processing file /home/dawson/miniconda3/envs/snc_dev/lib/python3.9/site-packages/airflow/example_dags/example_nested_branch_dag.py for tasks to queue
[2026-02-25T23:33:23.262-0500] {logging_mixin.py:188} INFO - [2026-02-25T23:33:23.262-0500] {dagbag.py:540} INFO - Filling up the DagBag from /home/dawson/miniconda3/envs/snc_dev/lib/python3.9/site-packages/airflow/example_dags/example_nested_branch_dag.py
[2026-02-25T23:33:23.278-0500] {processor.py:840} INFO - DAG(s) 'example_nested_branch_dag' retrieved from /home/dawson/miniconda3/envs/snc_dev/lib/python3.9/site-packages/airflow/example_dags/example_nested_branch_dag.py
[2026-02-25T23:33:23.300-0500] {logging_mixin.py:188} INFO - [2026-02-25T23:33:23.300-0500] {dag.py:3047} INFO - Sync 1 DAGs
[2026-02-25T23:33:23.321-0500] {logging_mixin.py:188} INFO - [2026-02-25T23:33:23.320-0500] {dag.py:3834} INFO - Setting next_dagrun for example_nested_branch_dag to 2026-02-25 00:00:00+00:00, run_after=2026-02-26 00:00:00+00:00
[2026-02-25T23:33:23.340-0500] {processor.py:183} INFO - Processing /home/dawson/miniconda3/envs/snc_dev/lib/python3.9/site-packages/airflow/example_dags/example_nested_branch_dag.py took 0.087 seconds
[2026-02-25T23:34:11.268-0500] {processor.py:161} INFO - Started process (PID=91397) to work on /home/dawson/miniconda3/envs/snc_dev/lib/python3.9/site-packages/airflow/example_dags/example_nested_branch_dag.py
[2026-02-25T23:34:11.271-0500] {processor.py:830} INFO - Processing file /home/dawson/miniconda3/envs/snc_dev/lib/python3.9/site-packages/airflow/example_dags/example_nested_branch_dag.py for tasks to queue
[2026-02-25T23:34:11.272-0500] {logging_mixin.py:188} INFO - [2026-02-25T23:34:11.272-0500] {dagbag.py:540} INFO - Filling up the DagBag from /home/dawson/miniconda3/envs/snc_dev/lib/python3.9/site-packages/airflow/example_dags/example_nested_branch_dag.py
[2026-02-25T23:34:11.287-0500] {processor.py:840} INFO - DAG(s) 'example_nested_branch_dag' retrieved from /home/dawson/miniconda3/envs/snc_dev/lib/python3.9/site-packages/airflow/example_dags/example_nested_branch_dag.py
[2026-02-25T23:34:11.310-0500] {logging_mixin.py:188} INFO - [2026-02-25T23:34:11.310-0500] {dag.py:3047} INFO - Sync 1 DAGs
[2026-02-25T23:34:11.329-0500] {logging_mixin.py:188} INFO - [2026-02-25T23:34:11.329-0500] {dag.py:3834} INFO - Setting next_dagrun for example_nested_branch_dag to 2026-02-25 00:00:00+00:00, run_after=2026-02-26 00:00:00+00:00
[2026-02-25T23:34:11.349-0500] {processor.py:183} INFO - Processing /home/dawson/miniconda3/envs/snc_dev/lib/python3.9/site-packages/airflow/example_dags/example_nested_branch_dag.py took 0.088 seconds
