[2026-02-25T23:29:01.421-0500] {processor.py:161} INFO - Started process (PID=90305) to work on /home/dawson/miniconda3/envs/snc_dev/lib/python3.9/site-packages/airflow/example_dags/example_short_circuit_decorator.py
[2026-02-25T23:29:01.423-0500] {processor.py:830} INFO - Processing file /home/dawson/miniconda3/envs/snc_dev/lib/python3.9/site-packages/airflow/example_dags/example_short_circuit_decorator.py for tasks to queue
[2026-02-25T23:29:01.424-0500] {logging_mixin.py:188} INFO - [2026-02-25T23:29:01.423-0500] {dagbag.py:540} INFO - Filling up the DagBag from /home/dawson/miniconda3/envs/snc_dev/lib/python3.9/site-packages/airflow/example_dags/example_short_circuit_decorator.py
[2026-02-25T23:29:01.436-0500] {processor.py:840} INFO - DAG(s) 'example_short_circuit_decorator' retrieved from /home/dawson/miniconda3/envs/snc_dev/lib/python3.9/site-packages/airflow/example_dags/example_short_circuit_decorator.py
[2026-02-25T23:29:01.448-0500] {logging_mixin.py:188} INFO - [2026-02-25T23:29:01.448-0500] {dag.py:3047} INFO - Sync 1 DAGs
[2026-02-25T23:29:01.466-0500] {logging_mixin.py:188} INFO - [2026-02-25T23:29:01.465-0500] {dag.py:3834} INFO - Setting next_dagrun for example_short_circuit_decorator to 2026-02-25 00:00:00+00:00, run_after=2026-02-26 00:00:00+00:00
[2026-02-25T23:29:01.483-0500] {processor.py:183} INFO - Processing /home/dawson/miniconda3/envs/snc_dev/lib/python3.9/site-packages/airflow/example_dags/example_short_circuit_decorator.py took 0.069 seconds
[2026-02-25T23:29:54.022-0500] {processor.py:161} INFO - Started process (PID=90452) to work on /home/dawson/miniconda3/envs/snc_dev/lib/python3.9/site-packages/airflow/example_dags/example_short_circuit_decorator.py
[2026-02-25T23:29:54.024-0500] {processor.py:830} INFO - Processing file /home/dawson/miniconda3/envs/snc_dev/lib/python3.9/site-packages/airflow/example_dags/example_short_circuit_decorator.py for tasks to queue
[2026-02-25T23:29:54.025-0500] {logging_mixin.py:188} INFO - [2026-02-25T23:29:54.024-0500] {dagbag.py:540} INFO - Filling up the DagBag from /home/dawson/miniconda3/envs/snc_dev/lib/python3.9/site-packages/airflow/example_dags/example_short_circuit_decorator.py
[2026-02-25T23:29:54.040-0500] {processor.py:840} INFO - DAG(s) 'example_short_circuit_decorator' retrieved from /home/dawson/miniconda3/envs/snc_dev/lib/python3.9/site-packages/airflow/example_dags/example_short_circuit_decorator.py
[2026-02-25T23:29:54.257-0500] {logging_mixin.py:188} INFO - [2026-02-25T23:29:54.256-0500] {dag.py:3047} INFO - Sync 1 DAGs
[2026-02-25T23:29:54.268-0500] {logging_mixin.py:188} INFO - [2026-02-25T23:29:54.267-0500] {dag.py:3834} INFO - Setting next_dagrun for example_short_circuit_decorator to 2026-02-25 00:00:00+00:00, run_after=2026-02-26 00:00:00+00:00
[2026-02-25T23:29:54.281-0500] {processor.py:183} INFO - Processing /home/dawson/miniconda3/envs/snc_dev/lib/python3.9/site-packages/airflow/example_dags/example_short_circuit_decorator.py took 0.266 seconds
[2026-02-25T23:30:41.028-0500] {processor.py:161} INFO - Started process (PID=90565) to work on /home/dawson/miniconda3/envs/snc_dev/lib/python3.9/site-packages/airflow/example_dags/example_short_circuit_decorator.py
[2026-02-25T23:30:41.031-0500] {processor.py:830} INFO - Processing file /home/dawson/miniconda3/envs/snc_dev/lib/python3.9/site-packages/airflow/example_dags/example_short_circuit_decorator.py for tasks to queue
[2026-02-25T23:30:41.032-0500] {logging_mixin.py:188} INFO - [2026-02-25T23:30:41.031-0500] {dagbag.py:540} INFO - Filling up the DagBag from /home/dawson/miniconda3/envs/snc_dev/lib/python3.9/site-packages/airflow/example_dags/example_short_circuit_decorator.py
[2026-02-25T23:30:41.047-0500] {processor.py:840} INFO - DAG(s) 'example_short_circuit_decorator' retrieved from /home/dawson/miniconda3/envs/snc_dev/lib/python3.9/site-packages/airflow/example_dags/example_short_circuit_decorator.py
[2026-02-25T23:30:41.071-0500] {logging_mixin.py:188} INFO - [2026-02-25T23:30:41.070-0500] {dag.py:3047} INFO - Sync 1 DAGs
[2026-02-25T23:30:41.093-0500] {logging_mixin.py:188} INFO - [2026-02-25T23:30:41.093-0500] {dag.py:3834} INFO - Setting next_dagrun for example_short_circuit_decorator to 2026-02-25 00:00:00+00:00, run_after=2026-02-26 00:00:00+00:00
[2026-02-25T23:30:41.113-0500] {processor.py:183} INFO - Processing /home/dawson/miniconda3/envs/snc_dev/lib/python3.9/site-packages/airflow/example_dags/example_short_circuit_decorator.py took 0.090 seconds
[2026-02-25T23:31:34.879-0500] {processor.py:161} INFO - Started process (PID=90645) to work on /home/dawson/miniconda3/envs/snc_dev/lib/python3.9/site-packages/airflow/example_dags/example_short_circuit_decorator.py
[2026-02-25T23:31:34.881-0500] {processor.py:830} INFO - Processing file /home/dawson/miniconda3/envs/snc_dev/lib/python3.9/site-packages/airflow/example_dags/example_short_circuit_decorator.py for tasks to queue
[2026-02-25T23:31:34.882-0500] {logging_mixin.py:188} INFO - [2026-02-25T23:31:34.882-0500] {dagbag.py:540} INFO - Filling up the DagBag from /home/dawson/miniconda3/envs/snc_dev/lib/python3.9/site-packages/airflow/example_dags/example_short_circuit_decorator.py
[2026-02-25T23:31:34.897-0500] {processor.py:840} INFO - DAG(s) 'example_short_circuit_decorator' retrieved from /home/dawson/miniconda3/envs/snc_dev/lib/python3.9/site-packages/airflow/example_dags/example_short_circuit_decorator.py
[2026-02-25T23:31:34.919-0500] {logging_mixin.py:188} INFO - [2026-02-25T23:31:34.919-0500] {dag.py:3047} INFO - Sync 1 DAGs
[2026-02-25T23:31:34.937-0500] {logging_mixin.py:188} INFO - [2026-02-25T23:31:34.937-0500] {dag.py:3834} INFO - Setting next_dagrun for example_short_circuit_decorator to 2026-02-25 00:00:00+00:00, run_after=2026-02-26 00:00:00+00:00
[2026-02-25T23:31:34.954-0500] {processor.py:183} INFO - Processing /home/dawson/miniconda3/envs/snc_dev/lib/python3.9/site-packages/airflow/example_dags/example_short_circuit_decorator.py took 0.081 seconds
[2026-02-25T23:32:15.062-0500] {processor.py:161} INFO - Started process (PID=91237) to work on /home/dawson/miniconda3/envs/snc_dev/lib/python3.9/site-packages/airflow/example_dags/example_short_circuit_decorator.py
[2026-02-25T23:32:15.064-0500] {processor.py:830} INFO - Processing file /home/dawson/miniconda3/envs/snc_dev/lib/python3.9/site-packages/airflow/example_dags/example_short_circuit_decorator.py for tasks to queue
[2026-02-25T23:32:15.065-0500] {logging_mixin.py:188} INFO - [2026-02-25T23:32:15.065-0500] {dagbag.py:540} INFO - Filling up the DagBag from /home/dawson/miniconda3/envs/snc_dev/lib/python3.9/site-packages/airflow/example_dags/example_short_circuit_decorator.py
[2026-02-25T23:32:15.081-0500] {processor.py:840} INFO - DAG(s) 'example_short_circuit_decorator' retrieved from /home/dawson/miniconda3/envs/snc_dev/lib/python3.9/site-packages/airflow/example_dags/example_short_circuit_decorator.py
[2026-02-25T23:32:15.105-0500] {logging_mixin.py:188} INFO - [2026-02-25T23:32:15.105-0500] {dag.py:3047} INFO - Sync 1 DAGs
[2026-02-25T23:32:15.124-0500] {logging_mixin.py:188} INFO - [2026-02-25T23:32:15.124-0500] {dag.py:3834} INFO - Setting next_dagrun for example_short_circuit_decorator to 2026-02-25 00:00:00+00:00, run_after=2026-02-26 00:00:00+00:00
[2026-02-25T23:32:15.142-0500] {processor.py:183} INFO - Processing /home/dawson/miniconda3/envs/snc_dev/lib/python3.9/site-packages/airflow/example_dags/example_short_circuit_decorator.py took 0.085 seconds
[2026-02-25T23:33:04.189-0500] {processor.py:161} INFO - Started process (PID=91308) to work on /home/dawson/miniconda3/envs/snc_dev/lib/python3.9/site-packages/airflow/example_dags/example_short_circuit_decorator.py
[2026-02-25T23:33:04.191-0500] {processor.py:830} INFO - Processing file /home/dawson/miniconda3/envs/snc_dev/lib/python3.9/site-packages/airflow/example_dags/example_short_circuit_decorator.py for tasks to queue
[2026-02-25T23:33:04.192-0500] {logging_mixin.py:188} INFO - [2026-02-25T23:33:04.192-0500] {dagbag.py:540} INFO - Filling up the DagBag from /home/dawson/miniconda3/envs/snc_dev/lib/python3.9/site-packages/airflow/example_dags/example_short_circuit_decorator.py
[2026-02-25T23:33:04.207-0500] {processor.py:840} INFO - DAG(s) 'example_short_circuit_decorator' retrieved from /home/dawson/miniconda3/envs/snc_dev/lib/python3.9/site-packages/airflow/example_dags/example_short_circuit_decorator.py
[2026-02-25T23:33:04.231-0500] {logging_mixin.py:188} INFO - [2026-02-25T23:33:04.231-0500] {dag.py:3047} INFO - Sync 1 DAGs
[2026-02-25T23:33:04.254-0500] {logging_mixin.py:188} INFO - [2026-02-25T23:33:04.254-0500] {dag.py:3834} INFO - Setting next_dagrun for example_short_circuit_decorator to 2026-02-25 00:00:00+00:00, run_after=2026-02-26 00:00:00+00:00
[2026-02-25T23:33:04.274-0500] {processor.py:183} INFO - Processing /home/dawson/miniconda3/envs/snc_dev/lib/python3.9/site-packages/airflow/example_dags/example_short_circuit_decorator.py took 0.091 seconds
[2026-02-25T23:33:52.410-0500] {processor.py:161} INFO - Started process (PID=91372) to work on /home/dawson/miniconda3/envs/snc_dev/lib/python3.9/site-packages/airflow/example_dags/example_short_circuit_decorator.py
[2026-02-25T23:33:52.412-0500] {processor.py:830} INFO - Processing file /home/dawson/miniconda3/envs/snc_dev/lib/python3.9/site-packages/airflow/example_dags/example_short_circuit_decorator.py for tasks to queue
[2026-02-25T23:33:52.413-0500] {logging_mixin.py:188} INFO - [2026-02-25T23:33:52.412-0500] {dagbag.py:540} INFO - Filling up the DagBag from /home/dawson/miniconda3/envs/snc_dev/lib/python3.9/site-packages/airflow/example_dags/example_short_circuit_decorator.py
[2026-02-25T23:33:52.429-0500] {processor.py:840} INFO - DAG(s) 'example_short_circuit_decorator' retrieved from /home/dawson/miniconda3/envs/snc_dev/lib/python3.9/site-packages/airflow/example_dags/example_short_circuit_decorator.py
[2026-02-25T23:33:52.451-0500] {logging_mixin.py:188} INFO - [2026-02-25T23:33:52.451-0500] {dag.py:3047} INFO - Sync 1 DAGs
[2026-02-25T23:33:52.471-0500] {logging_mixin.py:188} INFO - [2026-02-25T23:33:52.471-0500] {dag.py:3834} INFO - Setting next_dagrun for example_short_circuit_decorator to 2026-02-25 00:00:00+00:00, run_after=2026-02-26 00:00:00+00:00
[2026-02-25T23:33:52.490-0500] {processor.py:183} INFO - Processing /home/dawson/miniconda3/envs/snc_dev/lib/python3.9/site-packages/airflow/example_dags/example_short_circuit_decorator.py took 0.086 seconds
[2026-02-25T23:34:42.821-0500] {processor.py:161} INFO - Started process (PID=91442) to work on /home/dawson/miniconda3/envs/snc_dev/lib/python3.9/site-packages/airflow/example_dags/example_short_circuit_decorator.py
[2026-02-25T23:34:42.823-0500] {processor.py:830} INFO - Processing file /home/dawson/miniconda3/envs/snc_dev/lib/python3.9/site-packages/airflow/example_dags/example_short_circuit_decorator.py for tasks to queue
[2026-02-25T23:34:42.825-0500] {logging_mixin.py:188} INFO - [2026-02-25T23:34:42.824-0500] {dagbag.py:540} INFO - Filling up the DagBag from /home/dawson/miniconda3/envs/snc_dev/lib/python3.9/site-packages/airflow/example_dags/example_short_circuit_decorator.py
[2026-02-25T23:34:42.839-0500] {processor.py:840} INFO - DAG(s) 'example_short_circuit_decorator' retrieved from /home/dawson/miniconda3/envs/snc_dev/lib/python3.9/site-packages/airflow/example_dags/example_short_circuit_decorator.py
[2026-02-25T23:34:42.863-0500] {logging_mixin.py:188} INFO - [2026-02-25T23:34:42.863-0500] {dag.py:3047} INFO - Sync 1 DAGs
[2026-02-25T23:34:42.884-0500] {logging_mixin.py:188} INFO - [2026-02-25T23:34:42.883-0500] {dag.py:3834} INFO - Setting next_dagrun for example_short_circuit_decorator to 2026-02-25 00:00:00+00:00, run_after=2026-02-26 00:00:00+00:00
[2026-02-25T23:34:42.900-0500] {processor.py:183} INFO - Processing /home/dawson/miniconda3/envs/snc_dev/lib/python3.9/site-packages/airflow/example_dags/example_short_circuit_decorator.py took 0.085 seconds
