[2026-02-25T23:29:21.626-0500] {processor.py:161} INFO - Started process (PID=90387) to work on /home/dawson/miniconda3/envs/snc_dev/lib/python3.9/site-packages/airflow/example_dags/example_dag_decorator.py
[2026-02-25T23:29:21.628-0500] {processor.py:830} INFO - Processing file /home/dawson/miniconda3/envs/snc_dev/lib/python3.9/site-packages/airflow/example_dags/example_dag_decorator.py for tasks to queue
[2026-02-25T23:29:21.629-0500] {logging_mixin.py:188} INFO - [2026-02-25T23:29:21.629-0500] {dagbag.py:540} INFO - Filling up the DagBag from /home/dawson/miniconda3/envs/snc_dev/lib/python3.9/site-packages/airflow/example_dags/example_dag_decorator.py
[2026-02-25T23:29:21.792-0500] {processor.py:840} INFO - DAG(s) 'example_dag_decorator' retrieved from /home/dawson/miniconda3/envs/snc_dev/lib/python3.9/site-packages/airflow/example_dags/example_dag_decorator.py
[2026-02-25T23:29:21.852-0500] {logging_mixin.py:188} INFO - [2026-02-25T23:29:21.852-0500] {dag.py:3047} INFO - Sync 1 DAGs
[2026-02-25T23:29:21.859-0500] {logging_mixin.py:188} INFO - [2026-02-25T23:29:21.859-0500] {dag.py:3834} INFO - Setting next_dagrun for example_dag_decorator to None, run_after=None
[2026-02-25T23:29:21.874-0500] {processor.py:183} INFO - Processing /home/dawson/miniconda3/envs/snc_dev/lib/python3.9/site-packages/airflow/example_dags/example_dag_decorator.py took 0.254 seconds
[2026-02-25T23:30:13.019-0500] {processor.py:161} INFO - Started process (PID=90524) to work on /home/dawson/miniconda3/envs/snc_dev/lib/python3.9/site-packages/airflow/example_dags/example_dag_decorator.py
[2026-02-25T23:30:13.021-0500] {processor.py:830} INFO - Processing file /home/dawson/miniconda3/envs/snc_dev/lib/python3.9/site-packages/airflow/example_dags/example_dag_decorator.py for tasks to queue
[2026-02-25T23:30:13.022-0500] {logging_mixin.py:188} INFO - [2026-02-25T23:30:13.021-0500] {dagbag.py:540} INFO - Filling up the DagBag from /home/dawson/miniconda3/envs/snc_dev/lib/python3.9/site-packages/airflow/example_dags/example_dag_decorator.py
[2026-02-25T23:30:13.080-0500] {processor.py:840} INFO - DAG(s) 'example_dag_decorator' retrieved from /home/dawson/miniconda3/envs/snc_dev/lib/python3.9/site-packages/airflow/example_dags/example_dag_decorator.py
[2026-02-25T23:30:13.166-0500] {logging_mixin.py:188} INFO - [2026-02-25T23:30:13.165-0500] {dag.py:3047} INFO - Sync 1 DAGs
[2026-02-25T23:30:13.172-0500] {logging_mixin.py:188} INFO - [2026-02-25T23:30:13.172-0500] {dag.py:3834} INFO - Setting next_dagrun for example_dag_decorator to None, run_after=None
[2026-02-25T23:30:13.188-0500] {processor.py:183} INFO - Processing /home/dawson/miniconda3/envs/snc_dev/lib/python3.9/site-packages/airflow/example_dags/example_dag_decorator.py took 0.175 seconds
[2026-02-25T23:31:08.130-0500] {processor.py:161} INFO - Started process (PID=90602) to work on /home/dawson/miniconda3/envs/snc_dev/lib/python3.9/site-packages/airflow/example_dags/example_dag_decorator.py
[2026-02-25T23:31:08.132-0500] {processor.py:830} INFO - Processing file /home/dawson/miniconda3/envs/snc_dev/lib/python3.9/site-packages/airflow/example_dags/example_dag_decorator.py for tasks to queue
[2026-02-25T23:31:08.134-0500] {logging_mixin.py:188} INFO - [2026-02-25T23:31:08.133-0500] {dagbag.py:540} INFO - Filling up the DagBag from /home/dawson/miniconda3/envs/snc_dev/lib/python3.9/site-packages/airflow/example_dags/example_dag_decorator.py
[2026-02-25T23:31:08.181-0500] {processor.py:840} INFO - DAG(s) 'example_dag_decorator' retrieved from /home/dawson/miniconda3/envs/snc_dev/lib/python3.9/site-packages/airflow/example_dags/example_dag_decorator.py
[2026-02-25T23:31:08.267-0500] {logging_mixin.py:188} INFO - [2026-02-25T23:31:08.266-0500] {dag.py:3047} INFO - Sync 1 DAGs
[2026-02-25T23:31:08.276-0500] {logging_mixin.py:188} INFO - [2026-02-25T23:31:08.276-0500] {dag.py:3834} INFO - Setting next_dagrun for example_dag_decorator to None, run_after=None
[2026-02-25T23:31:08.293-0500] {processor.py:183} INFO - Processing /home/dawson/miniconda3/envs/snc_dev/lib/python3.9/site-packages/airflow/example_dags/example_dag_decorator.py took 0.169 seconds
[2026-02-25T23:32:02.453-0500] {processor.py:161} INFO - Started process (PID=91180) to work on /home/dawson/miniconda3/envs/snc_dev/lib/python3.9/site-packages/airflow/example_dags/example_dag_decorator.py
[2026-02-25T23:32:02.455-0500] {processor.py:830} INFO - Processing file /home/dawson/miniconda3/envs/snc_dev/lib/python3.9/site-packages/airflow/example_dags/example_dag_decorator.py for tasks to queue
[2026-02-25T23:32:02.457-0500] {logging_mixin.py:188} INFO - [2026-02-25T23:32:02.456-0500] {dagbag.py:540} INFO - Filling up the DagBag from /home/dawson/miniconda3/envs/snc_dev/lib/python3.9/site-packages/airflow/example_dags/example_dag_decorator.py
[2026-02-25T23:32:02.512-0500] {processor.py:840} INFO - DAG(s) 'example_dag_decorator' retrieved from /home/dawson/miniconda3/envs/snc_dev/lib/python3.9/site-packages/airflow/example_dags/example_dag_decorator.py
[2026-02-25T23:32:02.596-0500] {logging_mixin.py:188} INFO - [2026-02-25T23:32:02.596-0500] {dag.py:3047} INFO - Sync 1 DAGs
[2026-02-25T23:32:02.605-0500] {logging_mixin.py:188} INFO - [2026-02-25T23:32:02.604-0500] {dag.py:3834} INFO - Setting next_dagrun for example_dag_decorator to None, run_after=None
[2026-02-25T23:32:02.622-0500] {processor.py:183} INFO - Processing /home/dawson/miniconda3/envs/snc_dev/lib/python3.9/site-packages/airflow/example_dags/example_dag_decorator.py took 0.175 seconds
[2026-02-25T23:32:51.607-0500] {processor.py:161} INFO - Started process (PID=91286) to work on /home/dawson/miniconda3/envs/snc_dev/lib/python3.9/site-packages/airflow/example_dags/example_dag_decorator.py
[2026-02-25T23:32:51.610-0500] {processor.py:830} INFO - Processing file /home/dawson/miniconda3/envs/snc_dev/lib/python3.9/site-packages/airflow/example_dags/example_dag_decorator.py for tasks to queue
[2026-02-25T23:32:51.611-0500] {logging_mixin.py:188} INFO - [2026-02-25T23:32:51.611-0500] {dagbag.py:540} INFO - Filling up the DagBag from /home/dawson/miniconda3/envs/snc_dev/lib/python3.9/site-packages/airflow/example_dags/example_dag_decorator.py
[2026-02-25T23:32:51.661-0500] {processor.py:840} INFO - DAG(s) 'example_dag_decorator' retrieved from /home/dawson/miniconda3/envs/snc_dev/lib/python3.9/site-packages/airflow/example_dags/example_dag_decorator.py
[2026-02-25T23:32:51.749-0500] {logging_mixin.py:188} INFO - [2026-02-25T23:32:51.748-0500] {dag.py:3047} INFO - Sync 1 DAGs
[2026-02-25T23:32:51.756-0500] {logging_mixin.py:188} INFO - [2026-02-25T23:32:51.756-0500] {dag.py:3834} INFO - Setting next_dagrun for example_dag_decorator to None, run_after=None
[2026-02-25T23:32:51.775-0500] {processor.py:183} INFO - Processing /home/dawson/miniconda3/envs/snc_dev/lib/python3.9/site-packages/airflow/example_dags/example_dag_decorator.py took 0.174 seconds
[2026-02-25T23:33:43.827-0500] {processor.py:161} INFO - Started process (PID=91361) to work on /home/dawson/miniconda3/envs/snc_dev/lib/python3.9/site-packages/airflow/example_dags/example_dag_decorator.py
[2026-02-25T23:33:43.829-0500] {processor.py:830} INFO - Processing file /home/dawson/miniconda3/envs/snc_dev/lib/python3.9/site-packages/airflow/example_dags/example_dag_decorator.py for tasks to queue
[2026-02-25T23:33:43.830-0500] {logging_mixin.py:188} INFO - [2026-02-25T23:33:43.830-0500] {dagbag.py:540} INFO - Filling up the DagBag from /home/dawson/miniconda3/envs/snc_dev/lib/python3.9/site-packages/airflow/example_dags/example_dag_decorator.py
[2026-02-25T23:33:43.887-0500] {processor.py:840} INFO - DAG(s) 'example_dag_decorator' retrieved from /home/dawson/miniconda3/envs/snc_dev/lib/python3.9/site-packages/airflow/example_dags/example_dag_decorator.py
[2026-02-25T23:33:43.984-0500] {logging_mixin.py:188} INFO - [2026-02-25T23:33:43.983-0500] {dag.py:3047} INFO - Sync 1 DAGs
[2026-02-25T23:33:43.991-0500] {logging_mixin.py:188} INFO - [2026-02-25T23:33:43.991-0500] {dag.py:3834} INFO - Setting next_dagrun for example_dag_decorator to None, run_after=None
[2026-02-25T23:33:44.006-0500] {processor.py:183} INFO - Processing /home/dawson/miniconda3/envs/snc_dev/lib/python3.9/site-packages/airflow/example_dags/example_dag_decorator.py took 0.185 seconds
[2026-02-25T23:34:34.279-0500] {processor.py:161} INFO - Started process (PID=91429) to work on /home/dawson/miniconda3/envs/snc_dev/lib/python3.9/site-packages/airflow/example_dags/example_dag_decorator.py
[2026-02-25T23:34:34.282-0500] {processor.py:830} INFO - Processing file /home/dawson/miniconda3/envs/snc_dev/lib/python3.9/site-packages/airflow/example_dags/example_dag_decorator.py for tasks to queue
[2026-02-25T23:34:34.283-0500] {logging_mixin.py:188} INFO - [2026-02-25T23:34:34.282-0500] {dagbag.py:540} INFO - Filling up the DagBag from /home/dawson/miniconda3/envs/snc_dev/lib/python3.9/site-packages/airflow/example_dags/example_dag_decorator.py
[2026-02-25T23:34:34.328-0500] {processor.py:840} INFO - DAG(s) 'example_dag_decorator' retrieved from /home/dawson/miniconda3/envs/snc_dev/lib/python3.9/site-packages/airflow/example_dags/example_dag_decorator.py
[2026-02-25T23:34:34.350-0500] {logging_mixin.py:188} INFO - [2026-02-25T23:34:34.350-0500] {dag.py:3047} INFO - Sync 1 DAGs
[2026-02-25T23:34:34.362-0500] {logging_mixin.py:188} INFO - [2026-02-25T23:34:34.362-0500] {dag.py:3834} INFO - Setting next_dagrun for example_dag_decorator to None, run_after=None
[2026-02-25T23:34:34.381-0500] {processor.py:183} INFO - Processing /home/dawson/miniconda3/envs/snc_dev/lib/python3.9/site-packages/airflow/example_dags/example_dag_decorator.py took 0.111 seconds
