[2026-02-25T23:29:17.473-0500] {processor.py:161} INFO - Started process (PID=90376) to work on /home/dawson/miniconda3/envs/snc_dev/lib/python3.9/site-packages/airflow/example_dags/example_dynamic_task_mapping_with_no_taskflow_operators.py
[2026-02-25T23:29:17.474-0500] {processor.py:830} INFO - Processing file /home/dawson/miniconda3/envs/snc_dev/lib/python3.9/site-packages/airflow/example_dags/example_dynamic_task_mapping_with_no_taskflow_operators.py for tasks to queue
[2026-02-25T23:29:17.475-0500] {logging_mixin.py:188} INFO - [2026-02-25T23:29:17.475-0500] {dagbag.py:540} INFO - Filling up the DagBag from /home/dawson/miniconda3/envs/snc_dev/lib/python3.9/site-packages/airflow/example_dags/example_dynamic_task_mapping_with_no_taskflow_operators.py
[2026-02-25T23:29:17.488-0500] {processor.py:840} INFO - DAG(s) 'example_dynamic_task_mapping_with_no_taskflow_operators' retrieved from /home/dawson/miniconda3/envs/snc_dev/lib/python3.9/site-packages/airflow/example_dags/example_dynamic_task_mapping_with_no_taskflow_operators.py
[2026-02-25T23:29:17.682-0500] {logging_mixin.py:188} INFO - [2026-02-25T23:29:17.681-0500] {dag.py:3047} INFO - Sync 1 DAGs
[2026-02-25T23:29:17.692-0500] {logging_mixin.py:188} INFO - [2026-02-25T23:29:17.692-0500] {dag.py:3834} INFO - Setting next_dagrun for example_dynamic_task_mapping_with_no_taskflow_operators to 2026-02-25 00:00:00+00:00, run_after=2026-02-26 00:00:00+00:00
[2026-02-25T23:29:17.707-0500] {processor.py:183} INFO - Processing /home/dawson/miniconda3/envs/snc_dev/lib/python3.9/site-packages/airflow/example_dags/example_dynamic_task_mapping_with_no_taskflow_operators.py took 0.240 seconds
[2026-02-25T23:30:10.350-0500] {processor.py:161} INFO - Started process (PID=90517) to work on /home/dawson/miniconda3/envs/snc_dev/lib/python3.9/site-packages/airflow/example_dags/example_dynamic_task_mapping_with_no_taskflow_operators.py
[2026-02-25T23:30:10.352-0500] {processor.py:830} INFO - Processing file /home/dawson/miniconda3/envs/snc_dev/lib/python3.9/site-packages/airflow/example_dags/example_dynamic_task_mapping_with_no_taskflow_operators.py for tasks to queue
[2026-02-25T23:30:10.354-0500] {logging_mixin.py:188} INFO - [2026-02-25T23:30:10.353-0500] {dagbag.py:540} INFO - Filling up the DagBag from /home/dawson/miniconda3/envs/snc_dev/lib/python3.9/site-packages/airflow/example_dags/example_dynamic_task_mapping_with_no_taskflow_operators.py
[2026-02-25T23:30:10.367-0500] {processor.py:840} INFO - DAG(s) 'example_dynamic_task_mapping_with_no_taskflow_operators' retrieved from /home/dawson/miniconda3/envs/snc_dev/lib/python3.9/site-packages/airflow/example_dags/example_dynamic_task_mapping_with_no_taskflow_operators.py
[2026-02-25T23:30:10.389-0500] {logging_mixin.py:188} INFO - [2026-02-25T23:30:10.389-0500] {dag.py:3047} INFO - Sync 1 DAGs
[2026-02-25T23:30:10.410-0500] {logging_mixin.py:188} INFO - [2026-02-25T23:30:10.409-0500] {dag.py:3834} INFO - Setting next_dagrun for example_dynamic_task_mapping_with_no_taskflow_operators to 2026-02-25 00:00:00+00:00, run_after=2026-02-26 00:00:00+00:00
[2026-02-25T23:30:10.428-0500] {processor.py:183} INFO - Processing /home/dawson/miniconda3/envs/snc_dev/lib/python3.9/site-packages/airflow/example_dags/example_dynamic_task_mapping_with_no_taskflow_operators.py took 0.083 seconds
[2026-02-25T23:30:58.553-0500] {processor.py:161} INFO - Started process (PID=90595) to work on /home/dawson/miniconda3/envs/snc_dev/lib/python3.9/site-packages/airflow/example_dags/example_dynamic_task_mapping_with_no_taskflow_operators.py
[2026-02-25T23:30:58.555-0500] {processor.py:830} INFO - Processing file /home/dawson/miniconda3/envs/snc_dev/lib/python3.9/site-packages/airflow/example_dags/example_dynamic_task_mapping_with_no_taskflow_operators.py for tasks to queue
[2026-02-25T23:30:58.557-0500] {logging_mixin.py:188} INFO - [2026-02-25T23:30:58.556-0500] {dagbag.py:540} INFO - Filling up the DagBag from /home/dawson/miniconda3/envs/snc_dev/lib/python3.9/site-packages/airflow/example_dags/example_dynamic_task_mapping_with_no_taskflow_operators.py
[2026-02-25T23:30:58.570-0500] {processor.py:840} INFO - DAG(s) 'example_dynamic_task_mapping_with_no_taskflow_operators' retrieved from /home/dawson/miniconda3/envs/snc_dev/lib/python3.9/site-packages/airflow/example_dags/example_dynamic_task_mapping_with_no_taskflow_operators.py
[2026-02-25T23:30:58.593-0500] {logging_mixin.py:188} INFO - [2026-02-25T23:30:58.592-0500] {dag.py:3047} INFO - Sync 1 DAGs
[2026-02-25T23:30:58.611-0500] {logging_mixin.py:188} INFO - [2026-02-25T23:30:58.611-0500] {dag.py:3834} INFO - Setting next_dagrun for example_dynamic_task_mapping_with_no_taskflow_operators to 2026-02-25 00:00:00+00:00, run_after=2026-02-26 00:00:00+00:00
[2026-02-25T23:30:58.629-0500] {processor.py:183} INFO - Processing /home/dawson/miniconda3/envs/snc_dev/lib/python3.9/site-packages/airflow/example_dags/example_dynamic_task_mapping_with_no_taskflow_operators.py took 0.082 seconds
[2026-02-25T23:31:49.296-0500] {processor.py:161} INFO - Started process (PID=90665) to work on /home/dawson/miniconda3/envs/snc_dev/lib/python3.9/site-packages/airflow/example_dags/example_dynamic_task_mapping_with_no_taskflow_operators.py
[2026-02-25T23:31:49.298-0500] {processor.py:830} INFO - Processing file /home/dawson/miniconda3/envs/snc_dev/lib/python3.9/site-packages/airflow/example_dags/example_dynamic_task_mapping_with_no_taskflow_operators.py for tasks to queue
[2026-02-25T23:31:49.300-0500] {logging_mixin.py:188} INFO - [2026-02-25T23:31:49.299-0500] {dagbag.py:540} INFO - Filling up the DagBag from /home/dawson/miniconda3/envs/snc_dev/lib/python3.9/site-packages/airflow/example_dags/example_dynamic_task_mapping_with_no_taskflow_operators.py
[2026-02-25T23:31:49.312-0500] {processor.py:840} INFO - DAG(s) 'example_dynamic_task_mapping_with_no_taskflow_operators' retrieved from /home/dawson/miniconda3/envs/snc_dev/lib/python3.9/site-packages/airflow/example_dags/example_dynamic_task_mapping_with_no_taskflow_operators.py
[2026-02-25T23:31:49.336-0500] {logging_mixin.py:188} INFO - [2026-02-25T23:31:49.336-0500] {dag.py:3047} INFO - Sync 1 DAGs
[2026-02-25T23:31:49.356-0500] {logging_mixin.py:188} INFO - [2026-02-25T23:31:49.356-0500] {dag.py:3834} INFO - Setting next_dagrun for example_dynamic_task_mapping_with_no_taskflow_operators to 2026-02-25 00:00:00+00:00, run_after=2026-02-26 00:00:00+00:00
[2026-02-25T23:31:49.376-0500] {processor.py:183} INFO - Processing /home/dawson/miniconda3/envs/snc_dev/lib/python3.9/site-packages/airflow/example_dags/example_dynamic_task_mapping_with_no_taskflow_operators.py took 0.085 seconds
[2026-02-25T23:32:38.046-0500] {processor.py:161} INFO - Started process (PID=91268) to work on /home/dawson/miniconda3/envs/snc_dev/lib/python3.9/site-packages/airflow/example_dags/example_dynamic_task_mapping_with_no_taskflow_operators.py
[2026-02-25T23:32:38.048-0500] {processor.py:830} INFO - Processing file /home/dawson/miniconda3/envs/snc_dev/lib/python3.9/site-packages/airflow/example_dags/example_dynamic_task_mapping_with_no_taskflow_operators.py for tasks to queue
[2026-02-25T23:32:38.051-0500] {logging_mixin.py:188} INFO - [2026-02-25T23:32:38.050-0500] {dagbag.py:540} INFO - Filling up the DagBag from /home/dawson/miniconda3/envs/snc_dev/lib/python3.9/site-packages/airflow/example_dags/example_dynamic_task_mapping_with_no_taskflow_operators.py
[2026-02-25T23:32:38.064-0500] {processor.py:840} INFO - DAG(s) 'example_dynamic_task_mapping_with_no_taskflow_operators' retrieved from /home/dawson/miniconda3/envs/snc_dev/lib/python3.9/site-packages/airflow/example_dags/example_dynamic_task_mapping_with_no_taskflow_operators.py
[2026-02-25T23:32:38.085-0500] {logging_mixin.py:188} INFO - [2026-02-25T23:32:38.085-0500] {dag.py:3047} INFO - Sync 1 DAGs
[2026-02-25T23:32:38.103-0500] {logging_mixin.py:188} INFO - [2026-02-25T23:32:38.103-0500] {dag.py:3834} INFO - Setting next_dagrun for example_dynamic_task_mapping_with_no_taskflow_operators to 2026-02-25 00:00:00+00:00, run_after=2026-02-26 00:00:00+00:00
[2026-02-25T23:32:38.119-0500] {processor.py:183} INFO - Processing /home/dawson/miniconda3/envs/snc_dev/lib/python3.9/site-packages/airflow/example_dags/example_dynamic_task_mapping_with_no_taskflow_operators.py took 0.079 seconds
[2026-02-25T23:33:28.780-0500] {processor.py:161} INFO - Started process (PID=91341) to work on /home/dawson/miniconda3/envs/snc_dev/lib/python3.9/site-packages/airflow/example_dags/example_dynamic_task_mapping_with_no_taskflow_operators.py
[2026-02-25T23:33:28.782-0500] {processor.py:830} INFO - Processing file /home/dawson/miniconda3/envs/snc_dev/lib/python3.9/site-packages/airflow/example_dags/example_dynamic_task_mapping_with_no_taskflow_operators.py for tasks to queue
[2026-02-25T23:33:28.784-0500] {logging_mixin.py:188} INFO - [2026-02-25T23:33:28.783-0500] {dagbag.py:540} INFO - Filling up the DagBag from /home/dawson/miniconda3/envs/snc_dev/lib/python3.9/site-packages/airflow/example_dags/example_dynamic_task_mapping_with_no_taskflow_operators.py
[2026-02-25T23:33:28.796-0500] {processor.py:840} INFO - DAG(s) 'example_dynamic_task_mapping_with_no_taskflow_operators' retrieved from /home/dawson/miniconda3/envs/snc_dev/lib/python3.9/site-packages/airflow/example_dags/example_dynamic_task_mapping_with_no_taskflow_operators.py
[2026-02-25T23:33:28.821-0500] {logging_mixin.py:188} INFO - [2026-02-25T23:33:28.820-0500] {dag.py:3047} INFO - Sync 1 DAGs
[2026-02-25T23:33:28.839-0500] {logging_mixin.py:188} INFO - [2026-02-25T23:33:28.839-0500] {dag.py:3834} INFO - Setting next_dagrun for example_dynamic_task_mapping_with_no_taskflow_operators to 2026-02-25 00:00:00+00:00, run_after=2026-02-26 00:00:00+00:00
[2026-02-25T23:33:28.859-0500] {processor.py:183} INFO - Processing /home/dawson/miniconda3/envs/snc_dev/lib/python3.9/site-packages/airflow/example_dags/example_dynamic_task_mapping_with_no_taskflow_operators.py took 0.085 seconds
[2026-02-25T23:34:17.574-0500] {processor.py:161} INFO - Started process (PID=91407) to work on /home/dawson/miniconda3/envs/snc_dev/lib/python3.9/site-packages/airflow/example_dags/example_dynamic_task_mapping_with_no_taskflow_operators.py
[2026-02-25T23:34:17.576-0500] {processor.py:830} INFO - Processing file /home/dawson/miniconda3/envs/snc_dev/lib/python3.9/site-packages/airflow/example_dags/example_dynamic_task_mapping_with_no_taskflow_operators.py for tasks to queue
[2026-02-25T23:34:17.577-0500] {logging_mixin.py:188} INFO - [2026-02-25T23:34:17.577-0500] {dagbag.py:540} INFO - Filling up the DagBag from /home/dawson/miniconda3/envs/snc_dev/lib/python3.9/site-packages/airflow/example_dags/example_dynamic_task_mapping_with_no_taskflow_operators.py
[2026-02-25T23:34:17.589-0500] {processor.py:840} INFO - DAG(s) 'example_dynamic_task_mapping_with_no_taskflow_operators' retrieved from /home/dawson/miniconda3/envs/snc_dev/lib/python3.9/site-packages/airflow/example_dags/example_dynamic_task_mapping_with_no_taskflow_operators.py
[2026-02-25T23:34:17.611-0500] {logging_mixin.py:188} INFO - [2026-02-25T23:34:17.611-0500] {dag.py:3047} INFO - Sync 1 DAGs
[2026-02-25T23:34:17.630-0500] {logging_mixin.py:188} INFO - [2026-02-25T23:34:17.630-0500] {dag.py:3834} INFO - Setting next_dagrun for example_dynamic_task_mapping_with_no_taskflow_operators to 2026-02-25 00:00:00+00:00, run_after=2026-02-26 00:00:00+00:00
[2026-02-25T23:34:17.647-0500] {processor.py:183} INFO - Processing /home/dawson/miniconda3/envs/snc_dev/lib/python3.9/site-packages/airflow/example_dags/example_dynamic_task_mapping_with_no_taskflow_operators.py took 0.078 seconds
