[2026-02-25T23:28:56.833-0500] {processor.py:161} INFO - Started process (PID=90301) to work on /home/dawson/miniconda3/envs/snc_dev/lib/python3.9/site-packages/airflow/example_dags/example_subdag_operator.py
[2026-02-25T23:28:56.835-0500] {processor.py:830} INFO - Processing file /home/dawson/miniconda3/envs/snc_dev/lib/python3.9/site-packages/airflow/example_dags/example_subdag_operator.py for tasks to queue
[2026-02-25T23:28:56.836-0500] {logging_mixin.py:188} INFO - [2026-02-25T23:28:56.836-0500] {dagbag.py:540} INFO - Filling up the DagBag from /home/dawson/miniconda3/envs/snc_dev/lib/python3.9/site-packages/airflow/example_dags/example_subdag_operator.py
[2026-02-25T23:28:56.869-0500] {processor.py:840} INFO - DAG(s) 'example_subdag_operator.section-1', 'example_subdag_operator.section-2', 'example_subdag_operator' retrieved from /home/dawson/miniconda3/envs/snc_dev/lib/python3.9/site-packages/airflow/example_dags/example_subdag_operator.py
[2026-02-25T23:28:56.872-0500] {logging_mixin.py:188} INFO - [2026-02-25T23:28:56.872-0500] {dag.py:3047} INFO - Sync 3 DAGs
[2026-02-25T23:28:56.892-0500] {logging_mixin.py:188} INFO - [2026-02-25T23:28:56.892-0500] {dag.py:3834} INFO - Setting next_dagrun for example_subdag_operator to 2022-01-01 00:00:00+00:00, run_after=2022-01-01 00:00:00+00:00
[2026-02-25T23:28:56.895-0500] {logging_mixin.py:188} INFO - [2026-02-25T23:28:56.895-0500] {dag.py:3834} INFO - Setting next_dagrun for example_subdag_operator.section-1 to None, run_after=None
[2026-02-25T23:28:56.895-0500] {logging_mixin.py:188} INFO - [2026-02-25T23:28:56.895-0500] {dag.py:3834} INFO - Setting next_dagrun for example_subdag_operator.section-2 to None, run_after=None
[2026-02-25T23:28:56.900-0500] {logging_mixin.py:188} INFO - [2026-02-25T23:28:56.899-0500] {dag.py:3047} INFO - Sync 2 DAGs
[2026-02-25T23:28:56.902-0500] {logging_mixin.py:188} INFO - [2026-02-25T23:28:56.902-0500] {dag.py:3834} INFO - Setting next_dagrun for example_subdag_operator.section-1 to None, run_after=None
[2026-02-25T23:28:56.902-0500] {logging_mixin.py:188} INFO - [2026-02-25T23:28:56.902-0500] {dag.py:3834} INFO - Setting next_dagrun for example_subdag_operator.section-2 to None, run_after=None
[2026-02-25T23:28:56.914-0500] {processor.py:183} INFO - Processing /home/dawson/miniconda3/envs/snc_dev/lib/python3.9/site-packages/airflow/example_dags/example_subdag_operator.py took 0.088 seconds
[2026-02-25T23:29:49.136-0500] {processor.py:161} INFO - Started process (PID=90441) to work on /home/dawson/miniconda3/envs/snc_dev/lib/python3.9/site-packages/airflow/example_dags/example_subdag_operator.py
[2026-02-25T23:29:49.139-0500] {processor.py:830} INFO - Processing file /home/dawson/miniconda3/envs/snc_dev/lib/python3.9/site-packages/airflow/example_dags/example_subdag_operator.py for tasks to queue
[2026-02-25T23:29:49.140-0500] {logging_mixin.py:188} INFO - [2026-02-25T23:29:49.139-0500] {dagbag.py:540} INFO - Filling up the DagBag from /home/dawson/miniconda3/envs/snc_dev/lib/python3.9/site-packages/airflow/example_dags/example_subdag_operator.py
[2026-02-25T23:29:49.171-0500] {processor.py:840} INFO - DAG(s) 'example_subdag_operator.section-1', 'example_subdag_operator.section-2', 'example_subdag_operator' retrieved from /home/dawson/miniconda3/envs/snc_dev/lib/python3.9/site-packages/airflow/example_dags/example_subdag_operator.py
[2026-02-25T23:29:49.385-0500] {logging_mixin.py:188} INFO - [2026-02-25T23:29:49.385-0500] {dag.py:3047} INFO - Sync 3 DAGs
[2026-02-25T23:29:49.396-0500] {logging_mixin.py:188} INFO - [2026-02-25T23:29:49.395-0500] {dag.py:3834} INFO - Setting next_dagrun for example_subdag_operator to 2022-01-01 00:00:00+00:00, run_after=2022-01-01 00:00:00+00:00
[2026-02-25T23:29:49.397-0500] {logging_mixin.py:188} INFO - [2026-02-25T23:29:49.397-0500] {dag.py:3834} INFO - Setting next_dagrun for example_subdag_operator.section-1 to None, run_after=None
[2026-02-25T23:29:49.398-0500] {logging_mixin.py:188} INFO - [2026-02-25T23:29:49.398-0500] {dag.py:3834} INFO - Setting next_dagrun for example_subdag_operator.section-2 to None, run_after=None
[2026-02-25T23:29:49.403-0500] {logging_mixin.py:188} INFO - [2026-02-25T23:29:49.402-0500] {dag.py:3047} INFO - Sync 2 DAGs
[2026-02-25T23:29:49.405-0500] {logging_mixin.py:188} INFO - [2026-02-25T23:29:49.405-0500] {dag.py:3834} INFO - Setting next_dagrun for example_subdag_operator.section-1 to None, run_after=None
[2026-02-25T23:29:49.406-0500] {logging_mixin.py:188} INFO - [2026-02-25T23:29:49.406-0500] {dag.py:3834} INFO - Setting next_dagrun for example_subdag_operator.section-2 to None, run_after=None
[2026-02-25T23:29:49.418-0500] {processor.py:183} INFO - Processing /home/dawson/miniconda3/envs/snc_dev/lib/python3.9/site-packages/airflow/example_dags/example_subdag_operator.py took 0.287 seconds
[2026-02-25T23:30:37.028-0500] {processor.py:161} INFO - Started process (PID=90560) to work on /home/dawson/miniconda3/envs/snc_dev/lib/python3.9/site-packages/airflow/example_dags/example_subdag_operator.py
[2026-02-25T23:30:37.030-0500] {processor.py:830} INFO - Processing file /home/dawson/miniconda3/envs/snc_dev/lib/python3.9/site-packages/airflow/example_dags/example_subdag_operator.py for tasks to queue
[2026-02-25T23:30:37.032-0500] {logging_mixin.py:188} INFO - [2026-02-25T23:30:37.031-0500] {dagbag.py:540} INFO - Filling up the DagBag from /home/dawson/miniconda3/envs/snc_dev/lib/python3.9/site-packages/airflow/example_dags/example_subdag_operator.py
[2026-02-25T23:30:37.062-0500] {processor.py:840} INFO - DAG(s) 'example_subdag_operator.section-1', 'example_subdag_operator.section-2', 'example_subdag_operator' retrieved from /home/dawson/miniconda3/envs/snc_dev/lib/python3.9/site-packages/airflow/example_dags/example_subdag_operator.py
[2026-02-25T23:30:37.079-0500] {logging_mixin.py:188} INFO - [2026-02-25T23:30:37.079-0500] {dag.py:3047} INFO - Sync 3 DAGs
[2026-02-25T23:30:37.097-0500] {logging_mixin.py:188} INFO - [2026-02-25T23:30:37.097-0500] {dag.py:3834} INFO - Setting next_dagrun for example_subdag_operator to 2022-01-01 00:00:00+00:00, run_after=2022-01-01 00:00:00+00:00
[2026-02-25T23:30:37.099-0500] {logging_mixin.py:188} INFO - [2026-02-25T23:30:37.099-0500] {dag.py:3834} INFO - Setting next_dagrun for example_subdag_operator.section-1 to None, run_after=None
[2026-02-25T23:30:37.100-0500] {logging_mixin.py:188} INFO - [2026-02-25T23:30:37.100-0500] {dag.py:3834} INFO - Setting next_dagrun for example_subdag_operator.section-2 to None, run_after=None
[2026-02-25T23:30:37.106-0500] {logging_mixin.py:188} INFO - [2026-02-25T23:30:37.106-0500] {dag.py:3047} INFO - Sync 2 DAGs
[2026-02-25T23:30:37.109-0500] {logging_mixin.py:188} INFO - [2026-02-25T23:30:37.109-0500] {dag.py:3834} INFO - Setting next_dagrun for example_subdag_operator.section-1 to None, run_after=None
[2026-02-25T23:30:37.109-0500] {logging_mixin.py:188} INFO - [2026-02-25T23:30:37.109-0500] {dag.py:3834} INFO - Setting next_dagrun for example_subdag_operator.section-2 to None, run_after=None
[2026-02-25T23:30:37.121-0500] {processor.py:183} INFO - Processing /home/dawson/miniconda3/envs/snc_dev/lib/python3.9/site-packages/airflow/example_dags/example_subdag_operator.py took 0.099 seconds
[2026-02-25T23:31:21.030-0500] {processor.py:161} INFO - Started process (PID=90621) to work on /home/dawson/miniconda3/envs/snc_dev/lib/python3.9/site-packages/airflow/example_dags/example_subdag_operator.py
[2026-02-25T23:31:21.032-0500] {processor.py:830} INFO - Processing file /home/dawson/miniconda3/envs/snc_dev/lib/python3.9/site-packages/airflow/example_dags/example_subdag_operator.py for tasks to queue
[2026-02-25T23:31:21.033-0500] {logging_mixin.py:188} INFO - [2026-02-25T23:31:21.032-0500] {dagbag.py:540} INFO - Filling up the DagBag from /home/dawson/miniconda3/envs/snc_dev/lib/python3.9/site-packages/airflow/example_dags/example_subdag_operator.py
[2026-02-25T23:31:21.062-0500] {processor.py:840} INFO - DAG(s) 'example_subdag_operator.section-1', 'example_subdag_operator.section-2', 'example_subdag_operator' retrieved from /home/dawson/miniconda3/envs/snc_dev/lib/python3.9/site-packages/airflow/example_dags/example_subdag_operator.py
[2026-02-25T23:31:21.078-0500] {logging_mixin.py:188} INFO - [2026-02-25T23:31:21.078-0500] {dag.py:3047} INFO - Sync 3 DAGs
[2026-02-25T23:31:21.096-0500] {logging_mixin.py:188} INFO - [2026-02-25T23:31:21.096-0500] {dag.py:3834} INFO - Setting next_dagrun for example_subdag_operator to 2022-01-01 00:00:00+00:00, run_after=2022-01-01 00:00:00+00:00
[2026-02-25T23:31:21.099-0500] {logging_mixin.py:188} INFO - [2026-02-25T23:31:21.098-0500] {dag.py:3834} INFO - Setting next_dagrun for example_subdag_operator.section-1 to None, run_after=None
[2026-02-25T23:31:21.099-0500] {logging_mixin.py:188} INFO - [2026-02-25T23:31:21.099-0500] {dag.py:3834} INFO - Setting next_dagrun for example_subdag_operator.section-2 to None, run_after=None
[2026-02-25T23:31:21.104-0500] {logging_mixin.py:188} INFO - [2026-02-25T23:31:21.104-0500] {dag.py:3047} INFO - Sync 2 DAGs
[2026-02-25T23:31:21.107-0500] {logging_mixin.py:188} INFO - [2026-02-25T23:31:21.107-0500] {dag.py:3834} INFO - Setting next_dagrun for example_subdag_operator.section-1 to None, run_after=None
[2026-02-25T23:31:21.107-0500] {logging_mixin.py:188} INFO - [2026-02-25T23:31:21.107-0500] {dag.py:3834} INFO - Setting next_dagrun for example_subdag_operator.section-2 to None, run_after=None
[2026-02-25T23:31:21.120-0500] {processor.py:183} INFO - Processing /home/dawson/miniconda3/envs/snc_dev/lib/python3.9/site-packages/airflow/example_dags/example_subdag_operator.py took 0.096 seconds
[2026-02-25T23:32:11.051-0500] {processor.py:161} INFO - Started process (PID=91229) to work on /home/dawson/miniconda3/envs/snc_dev/lib/python3.9/site-packages/airflow/example_dags/example_subdag_operator.py
[2026-02-25T23:32:11.053-0500] {processor.py:830} INFO - Processing file /home/dawson/miniconda3/envs/snc_dev/lib/python3.9/site-packages/airflow/example_dags/example_subdag_operator.py for tasks to queue
[2026-02-25T23:32:11.054-0500] {logging_mixin.py:188} INFO - [2026-02-25T23:32:11.053-0500] {dagbag.py:540} INFO - Filling up the DagBag from /home/dawson/miniconda3/envs/snc_dev/lib/python3.9/site-packages/airflow/example_dags/example_subdag_operator.py
[2026-02-25T23:32:11.083-0500] {processor.py:840} INFO - DAG(s) 'example_subdag_operator.section-1', 'example_subdag_operator.section-2', 'example_subdag_operator' retrieved from /home/dawson/miniconda3/envs/snc_dev/lib/python3.9/site-packages/airflow/example_dags/example_subdag_operator.py
[2026-02-25T23:32:11.096-0500] {logging_mixin.py:188} INFO - [2026-02-25T23:32:11.096-0500] {dag.py:3047} INFO - Sync 3 DAGs
[2026-02-25T23:32:11.114-0500] {logging_mixin.py:188} INFO - [2026-02-25T23:32:11.114-0500] {dag.py:3834} INFO - Setting next_dagrun for example_subdag_operator to 2022-01-01 00:00:00+00:00, run_after=2022-01-01 00:00:00+00:00
[2026-02-25T23:32:11.116-0500] {logging_mixin.py:188} INFO - [2026-02-25T23:32:11.116-0500] {dag.py:3834} INFO - Setting next_dagrun for example_subdag_operator.section-1 to None, run_after=None
[2026-02-25T23:32:11.117-0500] {logging_mixin.py:188} INFO - [2026-02-25T23:32:11.117-0500] {dag.py:3834} INFO - Setting next_dagrun for example_subdag_operator.section-2 to None, run_after=None
[2026-02-25T23:32:11.121-0500] {logging_mixin.py:188} INFO - [2026-02-25T23:32:11.121-0500] {dag.py:3047} INFO - Sync 2 DAGs
[2026-02-25T23:32:11.125-0500] {logging_mixin.py:188} INFO - [2026-02-25T23:32:11.124-0500] {dag.py:3834} INFO - Setting next_dagrun for example_subdag_operator.section-1 to None, run_after=None
[2026-02-25T23:32:11.125-0500] {logging_mixin.py:188} INFO - [2026-02-25T23:32:11.125-0500] {dag.py:3834} INFO - Setting next_dagrun for example_subdag_operator.section-2 to None, run_after=None
[2026-02-25T23:32:11.135-0500] {processor.py:183} INFO - Processing /home/dawson/miniconda3/envs/snc_dev/lib/python3.9/site-packages/airflow/example_dags/example_subdag_operator.py took 0.091 seconds
[2026-02-25T23:33:00.189-0500] {processor.py:161} INFO - Started process (PID=91303) to work on /home/dawson/miniconda3/envs/snc_dev/lib/python3.9/site-packages/airflow/example_dags/example_subdag_operator.py
[2026-02-25T23:33:00.191-0500] {processor.py:830} INFO - Processing file /home/dawson/miniconda3/envs/snc_dev/lib/python3.9/site-packages/airflow/example_dags/example_subdag_operator.py for tasks to queue
[2026-02-25T23:33:00.192-0500] {logging_mixin.py:188} INFO - [2026-02-25T23:33:00.192-0500] {dagbag.py:540} INFO - Filling up the DagBag from /home/dawson/miniconda3/envs/snc_dev/lib/python3.9/site-packages/airflow/example_dags/example_subdag_operator.py
[2026-02-25T23:33:00.224-0500] {processor.py:840} INFO - DAG(s) 'example_subdag_operator.section-1', 'example_subdag_operator.section-2', 'example_subdag_operator' retrieved from /home/dawson/miniconda3/envs/snc_dev/lib/python3.9/site-packages/airflow/example_dags/example_subdag_operator.py
[2026-02-25T23:33:00.240-0500] {logging_mixin.py:188} INFO - [2026-02-25T23:33:00.239-0500] {dag.py:3047} INFO - Sync 3 DAGs
[2026-02-25T23:33:00.256-0500] {logging_mixin.py:188} INFO - [2026-02-25T23:33:00.256-0500] {dag.py:3834} INFO - Setting next_dagrun for example_subdag_operator to 2022-01-01 00:00:00+00:00, run_after=2022-01-01 00:00:00+00:00
[2026-02-25T23:33:00.259-0500] {logging_mixin.py:188} INFO - [2026-02-25T23:33:00.259-0500] {dag.py:3834} INFO - Setting next_dagrun for example_subdag_operator.section-1 to None, run_after=None
[2026-02-25T23:33:00.260-0500] {logging_mixin.py:188} INFO - [2026-02-25T23:33:00.260-0500] {dag.py:3834} INFO - Setting next_dagrun for example_subdag_operator.section-2 to None, run_after=None
[2026-02-25T23:33:00.268-0500] {logging_mixin.py:188} INFO - [2026-02-25T23:33:00.267-0500] {dag.py:3047} INFO - Sync 2 DAGs
[2026-02-25T23:33:00.270-0500] {logging_mixin.py:188} INFO - [2026-02-25T23:33:00.270-0500] {dag.py:3834} INFO - Setting next_dagrun for example_subdag_operator.section-1 to None, run_after=None
[2026-02-25T23:33:00.270-0500] {logging_mixin.py:188} INFO - [2026-02-25T23:33:00.270-0500] {dag.py:3834} INFO - Setting next_dagrun for example_subdag_operator.section-2 to None, run_after=None
[2026-02-25T23:33:00.285-0500] {processor.py:183} INFO - Processing /home/dawson/miniconda3/envs/snc_dev/lib/python3.9/site-packages/airflow/example_dags/example_subdag_operator.py took 0.102 seconds
[2026-02-25T23:33:49.070-0500] {processor.py:161} INFO - Started process (PID=91367) to work on /home/dawson/miniconda3/envs/snc_dev/lib/python3.9/site-packages/airflow/example_dags/example_subdag_operator.py
[2026-02-25T23:33:49.072-0500] {processor.py:830} INFO - Processing file /home/dawson/miniconda3/envs/snc_dev/lib/python3.9/site-packages/airflow/example_dags/example_subdag_operator.py for tasks to queue
[2026-02-25T23:33:49.073-0500] {logging_mixin.py:188} INFO - [2026-02-25T23:33:49.072-0500] {dagbag.py:540} INFO - Filling up the DagBag from /home/dawson/miniconda3/envs/snc_dev/lib/python3.9/site-packages/airflow/example_dags/example_subdag_operator.py
[2026-02-25T23:33:49.101-0500] {processor.py:840} INFO - DAG(s) 'example_subdag_operator.section-1', 'example_subdag_operator.section-2', 'example_subdag_operator' retrieved from /home/dawson/miniconda3/envs/snc_dev/lib/python3.9/site-packages/airflow/example_dags/example_subdag_operator.py
[2026-02-25T23:33:49.115-0500] {logging_mixin.py:188} INFO - [2026-02-25T23:33:49.115-0500] {dag.py:3047} INFO - Sync 3 DAGs
[2026-02-25T23:33:49.133-0500] {logging_mixin.py:188} INFO - [2026-02-25T23:33:49.133-0500] {dag.py:3834} INFO - Setting next_dagrun for example_subdag_operator to 2022-01-01 00:00:00+00:00, run_after=2022-01-01 00:00:00+00:00
[2026-02-25T23:33:49.135-0500] {logging_mixin.py:188} INFO - [2026-02-25T23:33:49.135-0500] {dag.py:3834} INFO - Setting next_dagrun for example_subdag_operator.section-1 to None, run_after=None
[2026-02-25T23:33:49.136-0500] {logging_mixin.py:188} INFO - [2026-02-25T23:33:49.136-0500] {dag.py:3834} INFO - Setting next_dagrun for example_subdag_operator.section-2 to None, run_after=None
[2026-02-25T23:33:49.140-0500] {logging_mixin.py:188} INFO - [2026-02-25T23:33:49.140-0500] {dag.py:3047} INFO - Sync 2 DAGs
[2026-02-25T23:33:49.143-0500] {logging_mixin.py:188} INFO - [2026-02-25T23:33:49.143-0500] {dag.py:3834} INFO - Setting next_dagrun for example_subdag_operator.section-1 to None, run_after=None
[2026-02-25T23:33:49.143-0500] {logging_mixin.py:188} INFO - [2026-02-25T23:33:49.143-0500] {dag.py:3834} INFO - Setting next_dagrun for example_subdag_operator.section-2 to None, run_after=None
[2026-02-25T23:33:49.155-0500] {processor.py:183} INFO - Processing /home/dawson/miniconda3/envs/snc_dev/lib/python3.9/site-packages/airflow/example_dags/example_subdag_operator.py took 0.092 seconds
[2026-02-25T23:34:39.746-0500] {processor.py:161} INFO - Started process (PID=91436) to work on /home/dawson/miniconda3/envs/snc_dev/lib/python3.9/site-packages/airflow/example_dags/example_subdag_operator.py
[2026-02-25T23:34:39.748-0500] {processor.py:830} INFO - Processing file /home/dawson/miniconda3/envs/snc_dev/lib/python3.9/site-packages/airflow/example_dags/example_subdag_operator.py for tasks to queue
[2026-02-25T23:34:39.749-0500] {logging_mixin.py:188} INFO - [2026-02-25T23:34:39.748-0500] {dagbag.py:540} INFO - Filling up the DagBag from /home/dawson/miniconda3/envs/snc_dev/lib/python3.9/site-packages/airflow/example_dags/example_subdag_operator.py
[2026-02-25T23:34:39.778-0500] {processor.py:840} INFO - DAG(s) 'example_subdag_operator.section-1', 'example_subdag_operator.section-2', 'example_subdag_operator' retrieved from /home/dawson/miniconda3/envs/snc_dev/lib/python3.9/site-packages/airflow/example_dags/example_subdag_operator.py
[2026-02-25T23:34:39.792-0500] {logging_mixin.py:188} INFO - [2026-02-25T23:34:39.792-0500] {dag.py:3047} INFO - Sync 3 DAGs
[2026-02-25T23:34:39.811-0500] {logging_mixin.py:188} INFO - [2026-02-25T23:34:39.811-0500] {dag.py:3834} INFO - Setting next_dagrun for example_subdag_operator to 2022-01-01 00:00:00+00:00, run_after=2022-01-01 00:00:00+00:00
[2026-02-25T23:34:39.813-0500] {logging_mixin.py:188} INFO - [2026-02-25T23:34:39.813-0500] {dag.py:3834} INFO - Setting next_dagrun for example_subdag_operator.section-1 to None, run_after=None
[2026-02-25T23:34:39.813-0500] {logging_mixin.py:188} INFO - [2026-02-25T23:34:39.813-0500] {dag.py:3834} INFO - Setting next_dagrun for example_subdag_operator.section-2 to None, run_after=None
[2026-02-25T23:34:39.818-0500] {logging_mixin.py:188} INFO - [2026-02-25T23:34:39.818-0500] {dag.py:3047} INFO - Sync 2 DAGs
[2026-02-25T23:34:39.820-0500] {logging_mixin.py:188} INFO - [2026-02-25T23:34:39.820-0500] {dag.py:3834} INFO - Setting next_dagrun for example_subdag_operator.section-1 to None, run_after=None
[2026-02-25T23:34:39.821-0500] {logging_mixin.py:188} INFO - [2026-02-25T23:34:39.821-0500] {dag.py:3834} INFO - Setting next_dagrun for example_subdag_operator.section-2 to None, run_after=None
[2026-02-25T23:34:39.832-0500] {processor.py:183} INFO - Processing /home/dawson/miniconda3/envs/snc_dev/lib/python3.9/site-packages/airflow/example_dags/example_subdag_operator.py took 0.092 seconds
