[2026-02-25T23:29:09.429-0500] {processor.py:161} INFO - Started process (PID=90357) to work on /home/dawson/miniconda3/envs/snc_dev/lib/python3.9/site-packages/airflow/example_dags/example_params_trigger_ui.py
[2026-02-25T23:29:09.431-0500] {processor.py:830} INFO - Processing file /home/dawson/miniconda3/envs/snc_dev/lib/python3.9/site-packages/airflow/example_dags/example_params_trigger_ui.py for tasks to queue
[2026-02-25T23:29:09.432-0500] {logging_mixin.py:188} INFO - [2026-02-25T23:29:09.432-0500] {dagbag.py:540} INFO - Filling up the DagBag from /home/dawson/miniconda3/envs/snc_dev/lib/python3.9/site-packages/airflow/example_dags/example_params_trigger_ui.py
[2026-02-25T23:29:09.453-0500] {processor.py:840} INFO - DAG(s) 'example_params_trigger_ui' retrieved from /home/dawson/miniconda3/envs/snc_dev/lib/python3.9/site-packages/airflow/example_dags/example_params_trigger_ui.py
[2026-02-25T23:29:09.665-0500] {logging_mixin.py:188} INFO - [2026-02-25T23:29:09.665-0500] {dag.py:3047} INFO - Sync 1 DAGs
[2026-02-25T23:29:09.672-0500] {logging_mixin.py:188} INFO - [2026-02-25T23:29:09.672-0500] {dag.py:3834} INFO - Setting next_dagrun for example_params_trigger_ui to None, run_after=None
[2026-02-25T23:29:09.687-0500] {processor.py:183} INFO - Processing /home/dawson/miniconda3/envs/snc_dev/lib/python3.9/site-packages/airflow/example_dags/example_params_trigger_ui.py took 0.264 seconds
[2026-02-25T23:30:03.021-0500] {processor.py:161} INFO - Started process (PID=90501) to work on /home/dawson/miniconda3/envs/snc_dev/lib/python3.9/site-packages/airflow/example_dags/example_params_trigger_ui.py
[2026-02-25T23:30:03.023-0500] {processor.py:830} INFO - Processing file /home/dawson/miniconda3/envs/snc_dev/lib/python3.9/site-packages/airflow/example_dags/example_params_trigger_ui.py for tasks to queue
[2026-02-25T23:30:03.024-0500] {logging_mixin.py:188} INFO - [2026-02-25T23:30:03.024-0500] {dagbag.py:540} INFO - Filling up the DagBag from /home/dawson/miniconda3/envs/snc_dev/lib/python3.9/site-packages/airflow/example_dags/example_params_trigger_ui.py
[2026-02-25T23:30:03.048-0500] {processor.py:840} INFO - DAG(s) 'example_params_trigger_ui' retrieved from /home/dawson/miniconda3/envs/snc_dev/lib/python3.9/site-packages/airflow/example_dags/example_params_trigger_ui.py
[2026-02-25T23:30:03.085-0500] {logging_mixin.py:188} INFO - [2026-02-25T23:30:03.085-0500] {dag.py:3047} INFO - Sync 1 DAGs
[2026-02-25T23:30:03.096-0500] {logging_mixin.py:188} INFO - [2026-02-25T23:30:03.096-0500] {dag.py:3834} INFO - Setting next_dagrun for example_params_trigger_ui to None, run_after=None
[2026-02-25T23:30:03.115-0500] {processor.py:183} INFO - Processing /home/dawson/miniconda3/envs/snc_dev/lib/python3.9/site-packages/airflow/example_dags/example_params_trigger_ui.py took 0.100 seconds
[2026-02-25T23:30:47.434-0500] {processor.py:161} INFO - Started process (PID=90576) to work on /home/dawson/miniconda3/envs/snc_dev/lib/python3.9/site-packages/airflow/example_dags/example_params_trigger_ui.py
[2026-02-25T23:30:47.436-0500] {processor.py:830} INFO - Processing file /home/dawson/miniconda3/envs/snc_dev/lib/python3.9/site-packages/airflow/example_dags/example_params_trigger_ui.py for tasks to queue
[2026-02-25T23:30:47.437-0500] {logging_mixin.py:188} INFO - [2026-02-25T23:30:47.436-0500] {dagbag.py:540} INFO - Filling up the DagBag from /home/dawson/miniconda3/envs/snc_dev/lib/python3.9/site-packages/airflow/example_dags/example_params_trigger_ui.py
[2026-02-25T23:30:47.459-0500] {processor.py:840} INFO - DAG(s) 'example_params_trigger_ui' retrieved from /home/dawson/miniconda3/envs/snc_dev/lib/python3.9/site-packages/airflow/example_dags/example_params_trigger_ui.py
[2026-02-25T23:30:47.493-0500] {logging_mixin.py:188} INFO - [2026-02-25T23:30:47.493-0500] {dag.py:3047} INFO - Sync 1 DAGs
[2026-02-25T23:30:47.505-0500] {logging_mixin.py:188} INFO - [2026-02-25T23:30:47.504-0500] {dag.py:3834} INFO - Setting next_dagrun for example_params_trigger_ui to None, run_after=None
[2026-02-25T23:30:47.523-0500] {processor.py:183} INFO - Processing /home/dawson/miniconda3/envs/snc_dev/lib/python3.9/site-packages/airflow/example_dags/example_params_trigger_ui.py took 0.095 seconds
[2026-02-25T23:31:42.176-0500] {processor.py:161} INFO - Started process (PID=90658) to work on /home/dawson/miniconda3/envs/snc_dev/lib/python3.9/site-packages/airflow/example_dags/example_params_trigger_ui.py
[2026-02-25T23:31:42.178-0500] {processor.py:830} INFO - Processing file /home/dawson/miniconda3/envs/snc_dev/lib/python3.9/site-packages/airflow/example_dags/example_params_trigger_ui.py for tasks to queue
[2026-02-25T23:31:42.180-0500] {logging_mixin.py:188} INFO - [2026-02-25T23:31:42.179-0500] {dagbag.py:540} INFO - Filling up the DagBag from /home/dawson/miniconda3/envs/snc_dev/lib/python3.9/site-packages/airflow/example_dags/example_params_trigger_ui.py
[2026-02-25T23:31:42.203-0500] {processor.py:840} INFO - DAG(s) 'example_params_trigger_ui' retrieved from /home/dawson/miniconda3/envs/snc_dev/lib/python3.9/site-packages/airflow/example_dags/example_params_trigger_ui.py
[2026-02-25T23:31:42.238-0500] {logging_mixin.py:188} INFO - [2026-02-25T23:31:42.238-0500] {dag.py:3047} INFO - Sync 1 DAGs
[2026-02-25T23:31:42.251-0500] {logging_mixin.py:188} INFO - [2026-02-25T23:31:42.251-0500] {dag.py:3834} INFO - Setting next_dagrun for example_params_trigger_ui to None, run_after=None
[2026-02-25T23:31:42.271-0500] {processor.py:183} INFO - Processing /home/dawson/miniconda3/envs/snc_dev/lib/python3.9/site-packages/airflow/example_dags/example_params_trigger_ui.py took 0.101 seconds
[2026-02-25T23:32:31.665-0500] {processor.py:161} INFO - Started process (PID=91259) to work on /home/dawson/miniconda3/envs/snc_dev/lib/python3.9/site-packages/airflow/example_dags/example_params_trigger_ui.py
[2026-02-25T23:32:31.667-0500] {processor.py:830} INFO - Processing file /home/dawson/miniconda3/envs/snc_dev/lib/python3.9/site-packages/airflow/example_dags/example_params_trigger_ui.py for tasks to queue
[2026-02-25T23:32:31.668-0500] {logging_mixin.py:188} INFO - [2026-02-25T23:32:31.667-0500] {dagbag.py:540} INFO - Filling up the DagBag from /home/dawson/miniconda3/envs/snc_dev/lib/python3.9/site-packages/airflow/example_dags/example_params_trigger_ui.py
[2026-02-25T23:32:31.690-0500] {processor.py:840} INFO - DAG(s) 'example_params_trigger_ui' retrieved from /home/dawson/miniconda3/envs/snc_dev/lib/python3.9/site-packages/airflow/example_dags/example_params_trigger_ui.py
[2026-02-25T23:32:31.723-0500] {logging_mixin.py:188} INFO - [2026-02-25T23:32:31.722-0500] {dag.py:3047} INFO - Sync 1 DAGs
[2026-02-25T23:32:31.734-0500] {logging_mixin.py:188} INFO - [2026-02-25T23:32:31.734-0500] {dag.py:3834} INFO - Setting next_dagrun for example_params_trigger_ui to None, run_after=None
[2026-02-25T23:32:31.754-0500] {processor.py:183} INFO - Processing /home/dawson/miniconda3/envs/snc_dev/lib/python3.9/site-packages/airflow/example_dags/example_params_trigger_ui.py took 0.095 seconds
[2026-02-25T23:33:22.007-0500] {processor.py:161} INFO - Started process (PID=91330) to work on /home/dawson/miniconda3/envs/snc_dev/lib/python3.9/site-packages/airflow/example_dags/example_params_trigger_ui.py
[2026-02-25T23:33:22.009-0500] {processor.py:830} INFO - Processing file /home/dawson/miniconda3/envs/snc_dev/lib/python3.9/site-packages/airflow/example_dags/example_params_trigger_ui.py for tasks to queue
[2026-02-25T23:33:22.011-0500] {logging_mixin.py:188} INFO - [2026-02-25T23:33:22.010-0500] {dagbag.py:540} INFO - Filling up the DagBag from /home/dawson/miniconda3/envs/snc_dev/lib/python3.9/site-packages/airflow/example_dags/example_params_trigger_ui.py
[2026-02-25T23:33:22.033-0500] {processor.py:840} INFO - DAG(s) 'example_params_trigger_ui' retrieved from /home/dawson/miniconda3/envs/snc_dev/lib/python3.9/site-packages/airflow/example_dags/example_params_trigger_ui.py
[2026-02-25T23:33:22.069-0500] {logging_mixin.py:188} INFO - [2026-02-25T23:33:22.068-0500] {dag.py:3047} INFO - Sync 1 DAGs
[2026-02-25T23:33:22.081-0500] {logging_mixin.py:188} INFO - [2026-02-25T23:33:22.081-0500] {dag.py:3834} INFO - Setting next_dagrun for example_params_trigger_ui to None, run_after=None
[2026-02-25T23:33:22.100-0500] {processor.py:183} INFO - Processing /home/dawson/miniconda3/envs/snc_dev/lib/python3.9/site-packages/airflow/example_dags/example_params_trigger_ui.py took 0.098 seconds
[2026-02-25T23:34:10.554-0500] {processor.py:161} INFO - Started process (PID=91396) to work on /home/dawson/miniconda3/envs/snc_dev/lib/python3.9/site-packages/airflow/example_dags/example_params_trigger_ui.py
[2026-02-25T23:34:10.556-0500] {processor.py:830} INFO - Processing file /home/dawson/miniconda3/envs/snc_dev/lib/python3.9/site-packages/airflow/example_dags/example_params_trigger_ui.py for tasks to queue
[2026-02-25T23:34:10.557-0500] {logging_mixin.py:188} INFO - [2026-02-25T23:34:10.557-0500] {dagbag.py:540} INFO - Filling up the DagBag from /home/dawson/miniconda3/envs/snc_dev/lib/python3.9/site-packages/airflow/example_dags/example_params_trigger_ui.py
[2026-02-25T23:34:10.578-0500] {processor.py:840} INFO - DAG(s) 'example_params_trigger_ui' retrieved from /home/dawson/miniconda3/envs/snc_dev/lib/python3.9/site-packages/airflow/example_dags/example_params_trigger_ui.py
[2026-02-25T23:34:10.611-0500] {logging_mixin.py:188} INFO - [2026-02-25T23:34:10.611-0500] {dag.py:3047} INFO - Sync 1 DAGs
[2026-02-25T23:34:10.621-0500] {logging_mixin.py:188} INFO - [2026-02-25T23:34:10.621-0500] {dag.py:3834} INFO - Setting next_dagrun for example_params_trigger_ui to None, run_after=None
[2026-02-25T23:34:10.639-0500] {processor.py:183} INFO - Processing /home/dawson/miniconda3/envs/snc_dev/lib/python3.9/site-packages/airflow/example_dags/example_params_trigger_ui.py took 0.092 seconds
