[2026-02-25T23:29:01.827-0500] {processor.py:161} INFO - Started process (PID=90306) to work on /home/dawson/miniconda3/envs/snc_dev/lib/python3.9/site-packages/airflow/example_dags/example_setup_teardown_taskflow.py
[2026-02-25T23:29:01.829-0500] {processor.py:830} INFO - Processing file /home/dawson/miniconda3/envs/snc_dev/lib/python3.9/site-packages/airflow/example_dags/example_setup_teardown_taskflow.py for tasks to queue
[2026-02-25T23:29:01.830-0500] {logging_mixin.py:188} INFO - [2026-02-25T23:29:01.829-0500] {dagbag.py:540} INFO - Filling up the DagBag from /home/dawson/miniconda3/envs/snc_dev/lib/python3.9/site-packages/airflow/example_dags/example_setup_teardown_taskflow.py
[2026-02-25T23:29:01.844-0500] {processor.py:840} INFO - DAG(s) 'example_setup_teardown_taskflow' retrieved from /home/dawson/miniconda3/envs/snc_dev/lib/python3.9/site-packages/airflow/example_dags/example_setup_teardown_taskflow.py
[2026-02-25T23:29:01.856-0500] {logging_mixin.py:188} INFO - [2026-02-25T23:29:01.856-0500] {dag.py:3047} INFO - Sync 1 DAGs
[2026-02-25T23:29:01.875-0500] {logging_mixin.py:188} INFO - [2026-02-25T23:29:01.875-0500] {dag.py:3834} INFO - Setting next_dagrun for example_setup_teardown_taskflow to 2026-02-25 00:00:00+00:00, run_after=2026-02-26 00:00:00+00:00
[2026-02-25T23:29:01.891-0500] {processor.py:183} INFO - Processing /home/dawson/miniconda3/envs/snc_dev/lib/python3.9/site-packages/airflow/example_dags/example_setup_teardown_taskflow.py took 0.070 seconds
[2026-02-25T23:29:54.488-0500] {processor.py:161} INFO - Started process (PID=90484) to work on /home/dawson/miniconda3/envs/snc_dev/lib/python3.9/site-packages/airflow/example_dags/example_setup_teardown_taskflow.py
[2026-02-25T23:29:54.490-0500] {processor.py:830} INFO - Processing file /home/dawson/miniconda3/envs/snc_dev/lib/python3.9/site-packages/airflow/example_dags/example_setup_teardown_taskflow.py for tasks to queue
[2026-02-25T23:29:54.492-0500] {logging_mixin.py:188} INFO - [2026-02-25T23:29:54.491-0500] {dagbag.py:540} INFO - Filling up the DagBag from /home/dawson/miniconda3/envs/snc_dev/lib/python3.9/site-packages/airflow/example_dags/example_setup_teardown_taskflow.py
[2026-02-25T23:29:54.506-0500] {processor.py:840} INFO - DAG(s) 'example_setup_teardown_taskflow' retrieved from /home/dawson/miniconda3/envs/snc_dev/lib/python3.9/site-packages/airflow/example_dags/example_setup_teardown_taskflow.py
[2026-02-25T23:29:54.703-0500] {logging_mixin.py:188} INFO - [2026-02-25T23:29:54.703-0500] {dag.py:3047} INFO - Sync 1 DAGs
[2026-02-25T23:29:54.712-0500] {logging_mixin.py:188} INFO - [2026-02-25T23:29:54.712-0500] {dag.py:3834} INFO - Setting next_dagrun for example_setup_teardown_taskflow to 2026-02-25 00:00:00+00:00, run_after=2026-02-26 00:00:00+00:00
[2026-02-25T23:29:54.728-0500] {processor.py:183} INFO - Processing /home/dawson/miniconda3/envs/snc_dev/lib/python3.9/site-packages/airflow/example_dags/example_setup_teardown_taskflow.py took 0.245 seconds
[2026-02-25T23:30:41.673-0500] {processor.py:161} INFO - Started process (PID=90568) to work on /home/dawson/miniconda3/envs/snc_dev/lib/python3.9/site-packages/airflow/example_dags/example_setup_teardown_taskflow.py
[2026-02-25T23:30:41.675-0500] {processor.py:830} INFO - Processing file /home/dawson/miniconda3/envs/snc_dev/lib/python3.9/site-packages/airflow/example_dags/example_setup_teardown_taskflow.py for tasks to queue
[2026-02-25T23:30:41.676-0500] {logging_mixin.py:188} INFO - [2026-02-25T23:30:41.676-0500] {dagbag.py:540} INFO - Filling up the DagBag from /home/dawson/miniconda3/envs/snc_dev/lib/python3.9/site-packages/airflow/example_dags/example_setup_teardown_taskflow.py
[2026-02-25T23:30:41.691-0500] {processor.py:840} INFO - DAG(s) 'example_setup_teardown_taskflow' retrieved from /home/dawson/miniconda3/envs/snc_dev/lib/python3.9/site-packages/airflow/example_dags/example_setup_teardown_taskflow.py
[2026-02-25T23:30:41.715-0500] {logging_mixin.py:188} INFO - [2026-02-25T23:30:41.714-0500] {dag.py:3047} INFO - Sync 1 DAGs
[2026-02-25T23:30:41.734-0500] {logging_mixin.py:188} INFO - [2026-02-25T23:30:41.734-0500] {dag.py:3834} INFO - Setting next_dagrun for example_setup_teardown_taskflow to 2026-02-25 00:00:00+00:00, run_after=2026-02-26 00:00:00+00:00
[2026-02-25T23:30:41.752-0500] {processor.py:183} INFO - Processing /home/dawson/miniconda3/envs/snc_dev/lib/python3.9/site-packages/airflow/example_dags/example_setup_teardown_taskflow.py took 0.085 seconds
[2026-02-25T23:31:35.872-0500] {processor.py:161} INFO - Started process (PID=90646) to work on /home/dawson/miniconda3/envs/snc_dev/lib/python3.9/site-packages/airflow/example_dags/example_setup_teardown_taskflow.py
[2026-02-25T23:31:35.875-0500] {processor.py:830} INFO - Processing file /home/dawson/miniconda3/envs/snc_dev/lib/python3.9/site-packages/airflow/example_dags/example_setup_teardown_taskflow.py for tasks to queue
[2026-02-25T23:31:35.876-0500] {logging_mixin.py:188} INFO - [2026-02-25T23:31:35.875-0500] {dagbag.py:540} INFO - Filling up the DagBag from /home/dawson/miniconda3/envs/snc_dev/lib/python3.9/site-packages/airflow/example_dags/example_setup_teardown_taskflow.py
[2026-02-25T23:31:35.891-0500] {processor.py:840} INFO - DAG(s) 'example_setup_teardown_taskflow' retrieved from /home/dawson/miniconda3/envs/snc_dev/lib/python3.9/site-packages/airflow/example_dags/example_setup_teardown_taskflow.py
[2026-02-25T23:31:35.914-0500] {logging_mixin.py:188} INFO - [2026-02-25T23:31:35.914-0500] {dag.py:3047} INFO - Sync 1 DAGs
[2026-02-25T23:31:35.934-0500] {logging_mixin.py:188} INFO - [2026-02-25T23:31:35.933-0500] {dag.py:3834} INFO - Setting next_dagrun for example_setup_teardown_taskflow to 2026-02-25 00:00:00+00:00, run_after=2026-02-26 00:00:00+00:00
[2026-02-25T23:31:35.952-0500] {processor.py:183} INFO - Processing /home/dawson/miniconda3/envs/snc_dev/lib/python3.9/site-packages/airflow/example_dags/example_setup_teardown_taskflow.py took 0.086 seconds
[2026-02-25T23:32:16.213-0500] {processor.py:161} INFO - Started process (PID=91238) to work on /home/dawson/miniconda3/envs/snc_dev/lib/python3.9/site-packages/airflow/example_dags/example_setup_teardown_taskflow.py
[2026-02-25T23:32:16.215-0500] {processor.py:830} INFO - Processing file /home/dawson/miniconda3/envs/snc_dev/lib/python3.9/site-packages/airflow/example_dags/example_setup_teardown_taskflow.py for tasks to queue
[2026-02-25T23:32:16.216-0500] {logging_mixin.py:188} INFO - [2026-02-25T23:32:16.216-0500] {dagbag.py:540} INFO - Filling up the DagBag from /home/dawson/miniconda3/envs/snc_dev/lib/python3.9/site-packages/airflow/example_dags/example_setup_teardown_taskflow.py
[2026-02-25T23:32:16.232-0500] {processor.py:840} INFO - DAG(s) 'example_setup_teardown_taskflow' retrieved from /home/dawson/miniconda3/envs/snc_dev/lib/python3.9/site-packages/airflow/example_dags/example_setup_teardown_taskflow.py
[2026-02-25T23:32:16.253-0500] {logging_mixin.py:188} INFO - [2026-02-25T23:32:16.253-0500] {dag.py:3047} INFO - Sync 1 DAGs
[2026-02-25T23:32:16.271-0500] {logging_mixin.py:188} INFO - [2026-02-25T23:32:16.271-0500] {dag.py:3834} INFO - Setting next_dagrun for example_setup_teardown_taskflow to 2026-02-25 00:00:00+00:00, run_after=2026-02-26 00:00:00+00:00
[2026-02-25T23:32:16.288-0500] {processor.py:183} INFO - Processing /home/dawson/miniconda3/envs/snc_dev/lib/python3.9/site-packages/airflow/example_dags/example_setup_teardown_taskflow.py took 0.081 seconds
[2026-02-25T23:33:05.341-0500] {processor.py:161} INFO - Started process (PID=91309) to work on /home/dawson/miniconda3/envs/snc_dev/lib/python3.9/site-packages/airflow/example_dags/example_setup_teardown_taskflow.py
[2026-02-25T23:33:05.343-0500] {processor.py:830} INFO - Processing file /home/dawson/miniconda3/envs/snc_dev/lib/python3.9/site-packages/airflow/example_dags/example_setup_teardown_taskflow.py for tasks to queue
[2026-02-25T23:33:05.344-0500] {logging_mixin.py:188} INFO - [2026-02-25T23:33:05.344-0500] {dagbag.py:540} INFO - Filling up the DagBag from /home/dawson/miniconda3/envs/snc_dev/lib/python3.9/site-packages/airflow/example_dags/example_setup_teardown_taskflow.py
[2026-02-25T23:33:05.359-0500] {processor.py:840} INFO - DAG(s) 'example_setup_teardown_taskflow' retrieved from /home/dawson/miniconda3/envs/snc_dev/lib/python3.9/site-packages/airflow/example_dags/example_setup_teardown_taskflow.py
[2026-02-25T23:33:05.383-0500] {logging_mixin.py:188} INFO - [2026-02-25T23:33:05.383-0500] {dag.py:3047} INFO - Sync 1 DAGs
[2026-02-25T23:33:05.403-0500] {logging_mixin.py:188} INFO - [2026-02-25T23:33:05.402-0500] {dag.py:3834} INFO - Setting next_dagrun for example_setup_teardown_taskflow to 2026-02-25 00:00:00+00:00, run_after=2026-02-26 00:00:00+00:00
[2026-02-25T23:33:05.423-0500] {processor.py:183} INFO - Processing /home/dawson/miniconda3/envs/snc_dev/lib/python3.9/site-packages/airflow/example_dags/example_setup_teardown_taskflow.py took 0.088 seconds
[2026-02-25T23:33:53.557-0500] {processor.py:161} INFO - Started process (PID=91374) to work on /home/dawson/miniconda3/envs/snc_dev/lib/python3.9/site-packages/airflow/example_dags/example_setup_teardown_taskflow.py
[2026-02-25T23:33:53.560-0500] {processor.py:830} INFO - Processing file /home/dawson/miniconda3/envs/snc_dev/lib/python3.9/site-packages/airflow/example_dags/example_setup_teardown_taskflow.py for tasks to queue
[2026-02-25T23:33:53.561-0500] {logging_mixin.py:188} INFO - [2026-02-25T23:33:53.560-0500] {dagbag.py:540} INFO - Filling up the DagBag from /home/dawson/miniconda3/envs/snc_dev/lib/python3.9/site-packages/airflow/example_dags/example_setup_teardown_taskflow.py
[2026-02-25T23:33:53.576-0500] {processor.py:840} INFO - DAG(s) 'example_setup_teardown_taskflow' retrieved from /home/dawson/miniconda3/envs/snc_dev/lib/python3.9/site-packages/airflow/example_dags/example_setup_teardown_taskflow.py
[2026-02-25T23:33:53.598-0500] {logging_mixin.py:188} INFO - [2026-02-25T23:33:53.598-0500] {dag.py:3047} INFO - Sync 1 DAGs
[2026-02-25T23:33:53.616-0500] {logging_mixin.py:188} INFO - [2026-02-25T23:33:53.615-0500] {dag.py:3834} INFO - Setting next_dagrun for example_setup_teardown_taskflow to 2026-02-25 00:00:00+00:00, run_after=2026-02-26 00:00:00+00:00
[2026-02-25T23:33:53.632-0500] {processor.py:183} INFO - Processing /home/dawson/miniconda3/envs/snc_dev/lib/python3.9/site-packages/airflow/example_dags/example_setup_teardown_taskflow.py took 0.081 seconds
[2026-02-25T23:34:43.969-0500] {processor.py:161} INFO - Started process (PID=91443) to work on /home/dawson/miniconda3/envs/snc_dev/lib/python3.9/site-packages/airflow/example_dags/example_setup_teardown_taskflow.py
[2026-02-25T23:34:43.971-0500] {processor.py:830} INFO - Processing file /home/dawson/miniconda3/envs/snc_dev/lib/python3.9/site-packages/airflow/example_dags/example_setup_teardown_taskflow.py for tasks to queue
[2026-02-25T23:34:43.972-0500] {logging_mixin.py:188} INFO - [2026-02-25T23:34:43.971-0500] {dagbag.py:540} INFO - Filling up the DagBag from /home/dawson/miniconda3/envs/snc_dev/lib/python3.9/site-packages/airflow/example_dags/example_setup_teardown_taskflow.py
[2026-02-25T23:34:43.986-0500] {processor.py:840} INFO - DAG(s) 'example_setup_teardown_taskflow' retrieved from /home/dawson/miniconda3/envs/snc_dev/lib/python3.9/site-packages/airflow/example_dags/example_setup_teardown_taskflow.py
[2026-02-25T23:34:44.008-0500] {logging_mixin.py:188} INFO - [2026-02-25T23:34:44.007-0500] {dag.py:3047} INFO - Sync 1 DAGs
[2026-02-25T23:34:44.025-0500] {logging_mixin.py:188} INFO - [2026-02-25T23:34:44.025-0500] {dag.py:3834} INFO - Setting next_dagrun for example_setup_teardown_taskflow to 2026-02-25 00:00:00+00:00, run_after=2026-02-26 00:00:00+00:00
[2026-02-25T23:34:44.042-0500] {processor.py:183} INFO - Processing /home/dawson/miniconda3/envs/snc_dev/lib/python3.9/site-packages/airflow/example_dags/example_setup_teardown_taskflow.py took 0.080 seconds
