[2026-02-25T23:29:00.274-0500] {processor.py:161} INFO - Started process (PID=90304) to work on /home/dawson/miniconda3/envs/snc_dev/lib/python3.9/site-packages/airflow/example_dags/example_short_circuit_operator.py
[2026-02-25T23:29:00.276-0500] {processor.py:830} INFO - Processing file /home/dawson/miniconda3/envs/snc_dev/lib/python3.9/site-packages/airflow/example_dags/example_short_circuit_operator.py for tasks to queue
[2026-02-25T23:29:00.277-0500] {logging_mixin.py:188} INFO - [2026-02-25T23:29:00.277-0500] {dagbag.py:540} INFO - Filling up the DagBag from /home/dawson/miniconda3/envs/snc_dev/lib/python3.9/site-packages/airflow/example_dags/example_short_circuit_operator.py
[2026-02-25T23:29:00.288-0500] {processor.py:840} INFO - DAG(s) 'example_short_circuit_operator' retrieved from /home/dawson/miniconda3/envs/snc_dev/lib/python3.9/site-packages/airflow/example_dags/example_short_circuit_operator.py
[2026-02-25T23:29:00.300-0500] {logging_mixin.py:188} INFO - [2026-02-25T23:29:00.300-0500] {dag.py:3047} INFO - Sync 1 DAGs
[2026-02-25T23:29:00.320-0500] {logging_mixin.py:188} INFO - [2026-02-25T23:29:00.320-0500] {dag.py:3834} INFO - Setting next_dagrun for example_short_circuit_operator to 2026-02-25 00:00:00+00:00, run_after=2026-02-26 00:00:00+00:00
[2026-02-25T23:29:00.337-0500] {processor.py:183} INFO - Processing /home/dawson/miniconda3/envs/snc_dev/lib/python3.9/site-packages/airflow/example_dags/example_short_circuit_operator.py took 0.068 seconds
[2026-02-25T23:29:52.677-0500] {processor.py:161} INFO - Started process (PID=90447) to work on /home/dawson/miniconda3/envs/snc_dev/lib/python3.9/site-packages/airflow/example_dags/example_short_circuit_operator.py
[2026-02-25T23:29:52.679-0500] {processor.py:830} INFO - Processing file /home/dawson/miniconda3/envs/snc_dev/lib/python3.9/site-packages/airflow/example_dags/example_short_circuit_operator.py for tasks to queue
[2026-02-25T23:29:52.680-0500] {logging_mixin.py:188} INFO - [2026-02-25T23:29:52.680-0500] {dagbag.py:540} INFO - Filling up the DagBag from /home/dawson/miniconda3/envs/snc_dev/lib/python3.9/site-packages/airflow/example_dags/example_short_circuit_operator.py
[2026-02-25T23:29:52.693-0500] {processor.py:840} INFO - DAG(s) 'example_short_circuit_operator' retrieved from /home/dawson/miniconda3/envs/snc_dev/lib/python3.9/site-packages/airflow/example_dags/example_short_circuit_operator.py
[2026-02-25T23:29:52.902-0500] {logging_mixin.py:188} INFO - [2026-02-25T23:29:52.902-0500] {dag.py:3047} INFO - Sync 1 DAGs
[2026-02-25T23:29:52.915-0500] {logging_mixin.py:188} INFO - [2026-02-25T23:29:52.915-0500] {dag.py:3834} INFO - Setting next_dagrun for example_short_circuit_operator to 2026-02-25 00:00:00+00:00, run_after=2026-02-26 00:00:00+00:00
[2026-02-25T23:29:52.929-0500] {processor.py:183} INFO - Processing /home/dawson/miniconda3/envs/snc_dev/lib/python3.9/site-packages/airflow/example_dags/example_short_circuit_operator.py took 0.259 seconds
[2026-02-25T23:30:40.565-0500] {processor.py:161} INFO - Started process (PID=90564) to work on /home/dawson/miniconda3/envs/snc_dev/lib/python3.9/site-packages/airflow/example_dags/example_short_circuit_operator.py
[2026-02-25T23:30:40.567-0500] {processor.py:830} INFO - Processing file /home/dawson/miniconda3/envs/snc_dev/lib/python3.9/site-packages/airflow/example_dags/example_short_circuit_operator.py for tasks to queue
[2026-02-25T23:30:40.569-0500] {logging_mixin.py:188} INFO - [2026-02-25T23:30:40.568-0500] {dagbag.py:540} INFO - Filling up the DagBag from /home/dawson/miniconda3/envs/snc_dev/lib/python3.9/site-packages/airflow/example_dags/example_short_circuit_operator.py
[2026-02-25T23:30:40.582-0500] {processor.py:840} INFO - DAG(s) 'example_short_circuit_operator' retrieved from /home/dawson/miniconda3/envs/snc_dev/lib/python3.9/site-packages/airflow/example_dags/example_short_circuit_operator.py
[2026-02-25T23:30:40.609-0500] {logging_mixin.py:188} INFO - [2026-02-25T23:30:40.609-0500] {dag.py:3047} INFO - Sync 1 DAGs
[2026-02-25T23:30:40.629-0500] {logging_mixin.py:188} INFO - [2026-02-25T23:30:40.629-0500] {dag.py:3834} INFO - Setting next_dagrun for example_short_circuit_operator to 2026-02-25 00:00:00+00:00, run_after=2026-02-26 00:00:00+00:00
[2026-02-25T23:30:40.648-0500] {processor.py:183} INFO - Processing /home/dawson/miniconda3/envs/snc_dev/lib/python3.9/site-packages/airflow/example_dags/example_short_circuit_operator.py took 0.089 seconds
[2026-02-25T23:31:24.574-0500] {processor.py:161} INFO - Started process (PID=90631) to work on /home/dawson/miniconda3/envs/snc_dev/lib/python3.9/site-packages/airflow/example_dags/example_short_circuit_operator.py
[2026-02-25T23:31:24.577-0500] {processor.py:830} INFO - Processing file /home/dawson/miniconda3/envs/snc_dev/lib/python3.9/site-packages/airflow/example_dags/example_short_circuit_operator.py for tasks to queue
[2026-02-25T23:31:24.578-0500] {logging_mixin.py:188} INFO - [2026-02-25T23:31:24.577-0500] {dagbag.py:540} INFO - Filling up the DagBag from /home/dawson/miniconda3/envs/snc_dev/lib/python3.9/site-packages/airflow/example_dags/example_short_circuit_operator.py
[2026-02-25T23:31:24.590-0500] {processor.py:840} INFO - DAG(s) 'example_short_circuit_operator' retrieved from /home/dawson/miniconda3/envs/snc_dev/lib/python3.9/site-packages/airflow/example_dags/example_short_circuit_operator.py
[2026-02-25T23:31:24.615-0500] {logging_mixin.py:188} INFO - [2026-02-25T23:31:24.615-0500] {dag.py:3047} INFO - Sync 1 DAGs
[2026-02-25T23:31:24.634-0500] {logging_mixin.py:188} INFO - [2026-02-25T23:31:24.634-0500] {dag.py:3834} INFO - Setting next_dagrun for example_short_circuit_operator to 2026-02-25 00:00:00+00:00, run_after=2026-02-26 00:00:00+00:00
[2026-02-25T23:31:24.652-0500] {processor.py:183} INFO - Processing /home/dawson/miniconda3/envs/snc_dev/lib/python3.9/site-packages/airflow/example_dags/example_short_circuit_operator.py took 0.083 seconds
[2026-02-25T23:32:13.915-0500] {processor.py:161} INFO - Started process (PID=91236) to work on /home/dawson/miniconda3/envs/snc_dev/lib/python3.9/site-packages/airflow/example_dags/example_short_circuit_operator.py
[2026-02-25T23:32:13.917-0500] {processor.py:830} INFO - Processing file /home/dawson/miniconda3/envs/snc_dev/lib/python3.9/site-packages/airflow/example_dags/example_short_circuit_operator.py for tasks to queue
[2026-02-25T23:32:13.918-0500] {logging_mixin.py:188} INFO - [2026-02-25T23:32:13.917-0500] {dagbag.py:540} INFO - Filling up the DagBag from /home/dawson/miniconda3/envs/snc_dev/lib/python3.9/site-packages/airflow/example_dags/example_short_circuit_operator.py
[2026-02-25T23:32:13.931-0500] {processor.py:840} INFO - DAG(s) 'example_short_circuit_operator' retrieved from /home/dawson/miniconda3/envs/snc_dev/lib/python3.9/site-packages/airflow/example_dags/example_short_circuit_operator.py
[2026-02-25T23:32:13.954-0500] {logging_mixin.py:188} INFO - [2026-02-25T23:32:13.954-0500] {dag.py:3047} INFO - Sync 1 DAGs
[2026-02-25T23:32:13.972-0500] {logging_mixin.py:188} INFO - [2026-02-25T23:32:13.972-0500] {dag.py:3834} INFO - Setting next_dagrun for example_short_circuit_operator to 2026-02-25 00:00:00+00:00, run_after=2026-02-26 00:00:00+00:00
[2026-02-25T23:32:13.990-0500] {processor.py:183} INFO - Processing /home/dawson/miniconda3/envs/snc_dev/lib/python3.9/site-packages/airflow/example_dags/example_short_circuit_operator.py took 0.081 seconds
[2026-02-25T23:33:03.726-0500] {processor.py:161} INFO - Started process (PID=91306) to work on /home/dawson/miniconda3/envs/snc_dev/lib/python3.9/site-packages/airflow/example_dags/example_short_circuit_operator.py
[2026-02-25T23:33:03.728-0500] {processor.py:830} INFO - Processing file /home/dawson/miniconda3/envs/snc_dev/lib/python3.9/site-packages/airflow/example_dags/example_short_circuit_operator.py for tasks to queue
[2026-02-25T23:33:03.730-0500] {logging_mixin.py:188} INFO - [2026-02-25T23:33:03.729-0500] {dagbag.py:540} INFO - Filling up the DagBag from /home/dawson/miniconda3/envs/snc_dev/lib/python3.9/site-packages/airflow/example_dags/example_short_circuit_operator.py
[2026-02-25T23:33:03.744-0500] {processor.py:840} INFO - DAG(s) 'example_short_circuit_operator' retrieved from /home/dawson/miniconda3/envs/snc_dev/lib/python3.9/site-packages/airflow/example_dags/example_short_circuit_operator.py
[2026-02-25T23:33:03.769-0500] {logging_mixin.py:188} INFO - [2026-02-25T23:33:03.769-0500] {dag.py:3047} INFO - Sync 1 DAGs
[2026-02-25T23:33:03.789-0500] {logging_mixin.py:188} INFO - [2026-02-25T23:33:03.789-0500] {dag.py:3834} INFO - Setting next_dagrun for example_short_circuit_operator to 2026-02-25 00:00:00+00:00, run_after=2026-02-26 00:00:00+00:00
[2026-02-25T23:33:03.809-0500] {processor.py:183} INFO - Processing /home/dawson/miniconda3/envs/snc_dev/lib/python3.9/site-packages/airflow/example_dags/example_short_circuit_operator.py took 0.088 seconds
[2026-02-25T23:33:51.700-0500] {processor.py:161} INFO - Started process (PID=91371) to work on /home/dawson/miniconda3/envs/snc_dev/lib/python3.9/site-packages/airflow/example_dags/example_short_circuit_operator.py
[2026-02-25T23:33:51.702-0500] {processor.py:830} INFO - Processing file /home/dawson/miniconda3/envs/snc_dev/lib/python3.9/site-packages/airflow/example_dags/example_short_circuit_operator.py for tasks to queue
[2026-02-25T23:33:51.703-0500] {logging_mixin.py:188} INFO - [2026-02-25T23:33:51.703-0500] {dagbag.py:540} INFO - Filling up the DagBag from /home/dawson/miniconda3/envs/snc_dev/lib/python3.9/site-packages/airflow/example_dags/example_short_circuit_operator.py
[2026-02-25T23:33:51.718-0500] {processor.py:840} INFO - DAG(s) 'example_short_circuit_operator' retrieved from /home/dawson/miniconda3/envs/snc_dev/lib/python3.9/site-packages/airflow/example_dags/example_short_circuit_operator.py
[2026-02-25T23:33:51.743-0500] {logging_mixin.py:188} INFO - [2026-02-25T23:33:51.743-0500] {dag.py:3047} INFO - Sync 1 DAGs
[2026-02-25T23:33:51.763-0500] {logging_mixin.py:188} INFO - [2026-02-25T23:33:51.763-0500] {dag.py:3834} INFO - Setting next_dagrun for example_short_circuit_operator to 2026-02-25 00:00:00+00:00, run_after=2026-02-26 00:00:00+00:00
[2026-02-25T23:33:51.785-0500] {processor.py:183} INFO - Processing /home/dawson/miniconda3/envs/snc_dev/lib/python3.9/site-packages/airflow/example_dags/example_short_circuit_operator.py took 0.091 seconds
[2026-02-25T23:34:42.183-0500] {processor.py:161} INFO - Started process (PID=91441) to work on /home/dawson/miniconda3/envs/snc_dev/lib/python3.9/site-packages/airflow/example_dags/example_short_circuit_operator.py
[2026-02-25T23:34:42.185-0500] {processor.py:830} INFO - Processing file /home/dawson/miniconda3/envs/snc_dev/lib/python3.9/site-packages/airflow/example_dags/example_short_circuit_operator.py for tasks to queue
[2026-02-25T23:34:42.186-0500] {logging_mixin.py:188} INFO - [2026-02-25T23:34:42.186-0500] {dagbag.py:540} INFO - Filling up the DagBag from /home/dawson/miniconda3/envs/snc_dev/lib/python3.9/site-packages/airflow/example_dags/example_short_circuit_operator.py
[2026-02-25T23:34:42.198-0500] {processor.py:840} INFO - DAG(s) 'example_short_circuit_operator' retrieved from /home/dawson/miniconda3/envs/snc_dev/lib/python3.9/site-packages/airflow/example_dags/example_short_circuit_operator.py
[2026-02-25T23:34:42.221-0500] {logging_mixin.py:188} INFO - [2026-02-25T23:34:42.221-0500] {dag.py:3047} INFO - Sync 1 DAGs
[2026-02-25T23:34:42.239-0500] {logging_mixin.py:188} INFO - [2026-02-25T23:34:42.239-0500] {dag.py:3834} INFO - Setting next_dagrun for example_short_circuit_operator to 2026-02-25 00:00:00+00:00, run_after=2026-02-26 00:00:00+00:00
[2026-02-25T23:34:42.256-0500] {processor.py:183} INFO - Processing /home/dawson/miniconda3/envs/snc_dev/lib/python3.9/site-packages/airflow/example_dags/example_short_circuit_operator.py took 0.079 seconds
