[2026-02-25T23:29:20.172-0500] {processor.py:161} INFO - Started process (PID=90382) to work on /home/dawson/miniconda3/envs/snc_dev/lib/python3.9/site-packages/airflow/example_dags/example_datasets.py
[2026-02-25T23:29:20.174-0500] {processor.py:830} INFO - Processing file /home/dawson/miniconda3/envs/snc_dev/lib/python3.9/site-packages/airflow/example_dags/example_datasets.py for tasks to queue
[2026-02-25T23:29:20.175-0500] {logging_mixin.py:188} INFO - [2026-02-25T23:29:20.174-0500] {dagbag.py:540} INFO - Filling up the DagBag from /home/dawson/miniconda3/envs/snc_dev/lib/python3.9/site-packages/airflow/example_dags/example_datasets.py
[2026-02-25T23:29:20.188-0500] {processor.py:840} INFO - DAG(s) 'dataset_produces_2', 'dataset_consumes_unknown_never_scheduled', 'dataset_consumes_1_never_scheduled', 'dataset_consumes_1_and_2', 'dataset_produces_1', 'dataset_consumes_1' retrieved from /home/dawson/miniconda3/envs/snc_dev/lib/python3.9/site-packages/airflow/example_dags/example_datasets.py
[2026-02-25T23:29:20.406-0500] {logging_mixin.py:188} INFO - [2026-02-25T23:29:20.405-0500] {dag.py:3047} INFO - Sync 6 DAGs
[2026-02-25T23:29:20.420-0500] {logging_mixin.py:188} INFO - [2026-02-25T23:29:20.419-0500] {dag.py:3834} INFO - Setting next_dagrun for dataset_consumes_1 to None, run_after=None
[2026-02-25T23:29:20.421-0500] {logging_mixin.py:188} INFO - [2026-02-25T23:29:20.421-0500] {dag.py:3834} INFO - Setting next_dagrun for dataset_consumes_1_and_2 to None, run_after=None
[2026-02-25T23:29:20.422-0500] {logging_mixin.py:188} INFO - [2026-02-25T23:29:20.422-0500] {dag.py:3834} INFO - Setting next_dagrun for dataset_consumes_1_never_scheduled to None, run_after=None
[2026-02-25T23:29:20.423-0500] {logging_mixin.py:188} INFO - [2026-02-25T23:29:20.423-0500] {dag.py:3834} INFO - Setting next_dagrun for dataset_consumes_unknown_never_scheduled to None, run_after=None
[2026-02-25T23:29:20.424-0500] {logging_mixin.py:188} INFO - [2026-02-25T23:29:20.424-0500] {dag.py:3834} INFO - Setting next_dagrun for dataset_produces_1 to 2026-02-25 00:00:00+00:00, run_after=2026-02-26 00:00:00+00:00
[2026-02-25T23:29:20.425-0500] {logging_mixin.py:188} INFO - [2026-02-25T23:29:20.425-0500] {dag.py:3834} INFO - Setting next_dagrun for dataset_produces_2 to None, run_after=None
[2026-02-25T23:29:20.446-0500] {processor.py:183} INFO - Processing /home/dawson/miniconda3/envs/snc_dev/lib/python3.9/site-packages/airflow/example_dags/example_datasets.py took 0.281 seconds
[2026-02-25T23:30:12.644-0500] {processor.py:161} INFO - Started process (PID=90523) to work on /home/dawson/miniconda3/envs/snc_dev/lib/python3.9/site-packages/airflow/example_dags/example_datasets.py
[2026-02-25T23:30:12.646-0500] {processor.py:830} INFO - Processing file /home/dawson/miniconda3/envs/snc_dev/lib/python3.9/site-packages/airflow/example_dags/example_datasets.py for tasks to queue
[2026-02-25T23:30:12.648-0500] {logging_mixin.py:188} INFO - [2026-02-25T23:30:12.647-0500] {dagbag.py:540} INFO - Filling up the DagBag from /home/dawson/miniconda3/envs/snc_dev/lib/python3.9/site-packages/airflow/example_dags/example_datasets.py
[2026-02-25T23:30:12.663-0500] {processor.py:840} INFO - DAG(s) 'dataset_produces_1', 'dataset_consumes_1_and_2', 'dataset_consumes_1_never_scheduled', 'dataset_consumes_1', 'dataset_consumes_unknown_never_scheduled', 'dataset_produces_2' retrieved from /home/dawson/miniconda3/envs/snc_dev/lib/python3.9/site-packages/airflow/example_dags/example_datasets.py
[2026-02-25T23:30:12.692-0500] {logging_mixin.py:188} INFO - [2026-02-25T23:30:12.692-0500] {dag.py:3047} INFO - Sync 6 DAGs
[2026-02-25T23:30:12.713-0500] {logging_mixin.py:188} INFO - [2026-02-25T23:30:12.713-0500] {dag.py:3834} INFO - Setting next_dagrun for dataset_consumes_1 to None, run_after=None
[2026-02-25T23:30:12.715-0500] {logging_mixin.py:188} INFO - [2026-02-25T23:30:12.715-0500] {dag.py:3834} INFO - Setting next_dagrun for dataset_consumes_1_and_2 to None, run_after=None
[2026-02-25T23:30:12.716-0500] {logging_mixin.py:188} INFO - [2026-02-25T23:30:12.716-0500] {dag.py:3834} INFO - Setting next_dagrun for dataset_consumes_1_never_scheduled to None, run_after=None
[2026-02-25T23:30:12.716-0500] {logging_mixin.py:188} INFO - [2026-02-25T23:30:12.716-0500] {dag.py:3834} INFO - Setting next_dagrun for dataset_consumes_unknown_never_scheduled to None, run_after=None
[2026-02-25T23:30:12.718-0500] {logging_mixin.py:188} INFO - [2026-02-25T23:30:12.718-0500] {dag.py:3834} INFO - Setting next_dagrun for dataset_produces_1 to 2026-02-25 00:00:00+00:00, run_after=2026-02-26 00:00:00+00:00
[2026-02-25T23:30:12.719-0500] {logging_mixin.py:188} INFO - [2026-02-25T23:30:12.718-0500] {dag.py:3834} INFO - Setting next_dagrun for dataset_produces_2 to None, run_after=None
[2026-02-25T23:30:12.742-0500] {processor.py:183} INFO - Processing /home/dawson/miniconda3/envs/snc_dev/lib/python3.9/site-packages/airflow/example_dags/example_datasets.py took 0.105 seconds
[2026-02-25T23:31:06.882-0500] {processor.py:161} INFO - Started process (PID=90601) to work on /home/dawson/miniconda3/envs/snc_dev/lib/python3.9/site-packages/airflow/example_dags/example_datasets.py
[2026-02-25T23:31:06.884-0500] {processor.py:830} INFO - Processing file /home/dawson/miniconda3/envs/snc_dev/lib/python3.9/site-packages/airflow/example_dags/example_datasets.py for tasks to queue
[2026-02-25T23:31:06.886-0500] {logging_mixin.py:188} INFO - [2026-02-25T23:31:06.885-0500] {dagbag.py:540} INFO - Filling up the DagBag from /home/dawson/miniconda3/envs/snc_dev/lib/python3.9/site-packages/airflow/example_dags/example_datasets.py
[2026-02-25T23:31:06.901-0500] {processor.py:840} INFO - DAG(s) 'dataset_produces_1', 'dataset_consumes_unknown_never_scheduled', 'dataset_produces_2', 'dataset_consumes_1_never_scheduled', 'dataset_consumes_1_and_2', 'dataset_consumes_1' retrieved from /home/dawson/miniconda3/envs/snc_dev/lib/python3.9/site-packages/airflow/example_dags/example_datasets.py
[2026-02-25T23:31:06.930-0500] {logging_mixin.py:188} INFO - [2026-02-25T23:31:06.930-0500] {dag.py:3047} INFO - Sync 6 DAGs
[2026-02-25T23:31:06.951-0500] {logging_mixin.py:188} INFO - [2026-02-25T23:31:06.951-0500] {dag.py:3834} INFO - Setting next_dagrun for dataset_consumes_1 to None, run_after=None
[2026-02-25T23:31:06.954-0500] {logging_mixin.py:188} INFO - [2026-02-25T23:31:06.954-0500] {dag.py:3834} INFO - Setting next_dagrun for dataset_consumes_1_and_2 to None, run_after=None
[2026-02-25T23:31:06.954-0500] {logging_mixin.py:188} INFO - [2026-02-25T23:31:06.954-0500] {dag.py:3834} INFO - Setting next_dagrun for dataset_consumes_1_never_scheduled to None, run_after=None
[2026-02-25T23:31:06.955-0500] {logging_mixin.py:188} INFO - [2026-02-25T23:31:06.955-0500] {dag.py:3834} INFO - Setting next_dagrun for dataset_consumes_unknown_never_scheduled to None, run_after=None
[2026-02-25T23:31:06.957-0500] {logging_mixin.py:188} INFO - [2026-02-25T23:31:06.956-0500] {dag.py:3834} INFO - Setting next_dagrun for dataset_produces_1 to 2026-02-25 00:00:00+00:00, run_after=2026-02-26 00:00:00+00:00
[2026-02-25T23:31:06.957-0500] {logging_mixin.py:188} INFO - [2026-02-25T23:31:06.957-0500] {dag.py:3834} INFO - Setting next_dagrun for dataset_produces_2 to None, run_after=None
[2026-02-25T23:31:06.982-0500] {processor.py:183} INFO - Processing /home/dawson/miniconda3/envs/snc_dev/lib/python3.9/site-packages/airflow/example_dags/example_datasets.py took 0.106 seconds
[2026-02-25T23:32:01.884-0500] {processor.py:161} INFO - Started process (PID=91138) to work on /home/dawson/miniconda3/envs/snc_dev/lib/python3.9/site-packages/airflow/example_dags/example_datasets.py
[2026-02-25T23:32:01.886-0500] {processor.py:830} INFO - Processing file /home/dawson/miniconda3/envs/snc_dev/lib/python3.9/site-packages/airflow/example_dags/example_datasets.py for tasks to queue
[2026-02-25T23:32:01.887-0500] {logging_mixin.py:188} INFO - [2026-02-25T23:32:01.886-0500] {dagbag.py:540} INFO - Filling up the DagBag from /home/dawson/miniconda3/envs/snc_dev/lib/python3.9/site-packages/airflow/example_dags/example_datasets.py
[2026-02-25T23:32:01.901-0500] {processor.py:840} INFO - DAG(s) 'dataset_consumes_unknown_never_scheduled', 'dataset_produces_2', 'dataset_consumes_1_and_2', 'dataset_produces_1', 'dataset_consumes_1', 'dataset_consumes_1_never_scheduled' retrieved from /home/dawson/miniconda3/envs/snc_dev/lib/python3.9/site-packages/airflow/example_dags/example_datasets.py
[2026-02-25T23:32:01.930-0500] {logging_mixin.py:188} INFO - [2026-02-25T23:32:01.929-0500] {dag.py:3047} INFO - Sync 6 DAGs
[2026-02-25T23:32:01.948-0500] {logging_mixin.py:188} INFO - [2026-02-25T23:32:01.948-0500] {dag.py:3834} INFO - Setting next_dagrun for dataset_consumes_1 to None, run_after=None
[2026-02-25T23:32:01.950-0500] {logging_mixin.py:188} INFO - [2026-02-25T23:32:01.950-0500] {dag.py:3834} INFO - Setting next_dagrun for dataset_consumes_1_and_2 to None, run_after=None
[2026-02-25T23:32:01.951-0500] {logging_mixin.py:188} INFO - [2026-02-25T23:32:01.951-0500] {dag.py:3834} INFO - Setting next_dagrun for dataset_consumes_1_never_scheduled to None, run_after=None
[2026-02-25T23:32:01.951-0500] {logging_mixin.py:188} INFO - [2026-02-25T23:32:01.951-0500] {dag.py:3834} INFO - Setting next_dagrun for dataset_consumes_unknown_never_scheduled to None, run_after=None
[2026-02-25T23:32:01.953-0500] {logging_mixin.py:188} INFO - [2026-02-25T23:32:01.953-0500] {dag.py:3834} INFO - Setting next_dagrun for dataset_produces_1 to 2026-02-25 00:00:00+00:00, run_after=2026-02-26 00:00:00+00:00
[2026-02-25T23:32:01.954-0500] {logging_mixin.py:188} INFO - [2026-02-25T23:32:01.954-0500] {dag.py:3834} INFO - Setting next_dagrun for dataset_produces_2 to None, run_after=None
[2026-02-25T23:32:01.980-0500] {processor.py:183} INFO - Processing /home/dawson/miniconda3/envs/snc_dev/lib/python3.9/site-packages/airflow/example_dags/example_datasets.py took 0.102 seconds
[2026-02-25T23:32:51.030-0500] {processor.py:161} INFO - Started process (PID=91285) to work on /home/dawson/miniconda3/envs/snc_dev/lib/python3.9/site-packages/airflow/example_dags/example_datasets.py
[2026-02-25T23:32:51.032-0500] {processor.py:830} INFO - Processing file /home/dawson/miniconda3/envs/snc_dev/lib/python3.9/site-packages/airflow/example_dags/example_datasets.py for tasks to queue
[2026-02-25T23:32:51.034-0500] {logging_mixin.py:188} INFO - [2026-02-25T23:32:51.032-0500] {dagbag.py:540} INFO - Filling up the DagBag from /home/dawson/miniconda3/envs/snc_dev/lib/python3.9/site-packages/airflow/example_dags/example_datasets.py
[2026-02-25T23:32:51.051-0500] {processor.py:840} INFO - DAG(s) 'dataset_consumes_1_never_scheduled', 'dataset_consumes_1_and_2', 'dataset_consumes_1', 'dataset_produces_2', 'dataset_produces_1', 'dataset_consumes_unknown_never_scheduled' retrieved from /home/dawson/miniconda3/envs/snc_dev/lib/python3.9/site-packages/airflow/example_dags/example_datasets.py
[2026-02-25T23:32:51.079-0500] {logging_mixin.py:188} INFO - [2026-02-25T23:32:51.078-0500] {dag.py:3047} INFO - Sync 6 DAGs
[2026-02-25T23:32:51.100-0500] {logging_mixin.py:188} INFO - [2026-02-25T23:32:51.099-0500] {dag.py:3834} INFO - Setting next_dagrun for dataset_consumes_1 to None, run_after=None
[2026-02-25T23:32:51.101-0500] {logging_mixin.py:188} INFO - [2026-02-25T23:32:51.101-0500] {dag.py:3834} INFO - Setting next_dagrun for dataset_consumes_1_and_2 to None, run_after=None
[2026-02-25T23:32:51.102-0500] {logging_mixin.py:188} INFO - [2026-02-25T23:32:51.102-0500] {dag.py:3834} INFO - Setting next_dagrun for dataset_consumes_1_never_scheduled to None, run_after=None
[2026-02-25T23:32:51.103-0500] {logging_mixin.py:188} INFO - [2026-02-25T23:32:51.103-0500] {dag.py:3834} INFO - Setting next_dagrun for dataset_consumes_unknown_never_scheduled to None, run_after=None
[2026-02-25T23:32:51.104-0500] {logging_mixin.py:188} INFO - [2026-02-25T23:32:51.104-0500] {dag.py:3834} INFO - Setting next_dagrun for dataset_produces_1 to 2026-02-25 00:00:00+00:00, run_after=2026-02-26 00:00:00+00:00
[2026-02-25T23:32:51.105-0500] {logging_mixin.py:188} INFO - [2026-02-25T23:32:51.105-0500] {dag.py:3834} INFO - Setting next_dagrun for dataset_produces_2 to None, run_after=None
[2026-02-25T23:32:51.130-0500] {processor.py:183} INFO - Processing /home/dawson/miniconda3/envs/snc_dev/lib/python3.9/site-packages/airflow/example_dags/example_datasets.py took 0.108 seconds
[2026-02-25T23:33:42.575-0500] {processor.py:161} INFO - Started process (PID=91360) to work on /home/dawson/miniconda3/envs/snc_dev/lib/python3.9/site-packages/airflow/example_dags/example_datasets.py
[2026-02-25T23:33:42.578-0500] {processor.py:830} INFO - Processing file /home/dawson/miniconda3/envs/snc_dev/lib/python3.9/site-packages/airflow/example_dags/example_datasets.py for tasks to queue
[2026-02-25T23:33:42.580-0500] {logging_mixin.py:188} INFO - [2026-02-25T23:33:42.579-0500] {dagbag.py:540} INFO - Filling up the DagBag from /home/dawson/miniconda3/envs/snc_dev/lib/python3.9/site-packages/airflow/example_dags/example_datasets.py
[2026-02-25T23:33:42.596-0500] {processor.py:840} INFO - DAG(s) 'dataset_consumes_unknown_never_scheduled', 'dataset_consumes_1_and_2', 'dataset_consumes_1_never_scheduled', 'dataset_consumes_1', 'dataset_produces_2', 'dataset_produces_1' retrieved from /home/dawson/miniconda3/envs/snc_dev/lib/python3.9/site-packages/airflow/example_dags/example_datasets.py
[2026-02-25T23:33:42.624-0500] {logging_mixin.py:188} INFO - [2026-02-25T23:33:42.624-0500] {dag.py:3047} INFO - Sync 6 DAGs
[2026-02-25T23:33:42.646-0500] {logging_mixin.py:188} INFO - [2026-02-25T23:33:42.646-0500] {dag.py:3834} INFO - Setting next_dagrun for dataset_consumes_1 to None, run_after=None
[2026-02-25T23:33:42.649-0500] {logging_mixin.py:188} INFO - [2026-02-25T23:33:42.649-0500] {dag.py:3834} INFO - Setting next_dagrun for dataset_consumes_1_and_2 to None, run_after=None
[2026-02-25T23:33:42.650-0500] {logging_mixin.py:188} INFO - [2026-02-25T23:33:42.650-0500] {dag.py:3834} INFO - Setting next_dagrun for dataset_consumes_1_never_scheduled to None, run_after=None
[2026-02-25T23:33:42.650-0500] {logging_mixin.py:188} INFO - [2026-02-25T23:33:42.650-0500] {dag.py:3834} INFO - Setting next_dagrun for dataset_consumes_unknown_never_scheduled to None, run_after=None
[2026-02-25T23:33:42.652-0500] {logging_mixin.py:188} INFO - [2026-02-25T23:33:42.652-0500] {dag.py:3834} INFO - Setting next_dagrun for dataset_produces_1 to 2026-02-25 00:00:00+00:00, run_after=2026-02-26 00:00:00+00:00
[2026-02-25T23:33:42.653-0500] {logging_mixin.py:188} INFO - [2026-02-25T23:33:42.652-0500] {dag.py:3834} INFO - Setting next_dagrun for dataset_produces_2 to None, run_after=None
[2026-02-25T23:33:42.679-0500] {processor.py:183} INFO - Processing /home/dawson/miniconda3/envs/snc_dev/lib/python3.9/site-packages/airflow/example_dags/example_datasets.py took 0.109 seconds
[2026-02-25T23:34:33.032-0500] {processor.py:161} INFO - Started process (PID=91428) to work on /home/dawson/miniconda3/envs/snc_dev/lib/python3.9/site-packages/airflow/example_dags/example_datasets.py
[2026-02-25T23:34:33.033-0500] {processor.py:830} INFO - Processing file /home/dawson/miniconda3/envs/snc_dev/lib/python3.9/site-packages/airflow/example_dags/example_datasets.py for tasks to queue
[2026-02-25T23:34:33.035-0500] {logging_mixin.py:188} INFO - [2026-02-25T23:34:33.034-0500] {dagbag.py:540} INFO - Filling up the DagBag from /home/dawson/miniconda3/envs/snc_dev/lib/python3.9/site-packages/airflow/example_dags/example_datasets.py
[2026-02-25T23:34:33.049-0500] {processor.py:840} INFO - DAG(s) 'dataset_consumes_1', 'dataset_produces_1', 'dataset_consumes_1_and_2', 'dataset_consumes_unknown_never_scheduled', 'dataset_produces_2', 'dataset_consumes_1_never_scheduled' retrieved from /home/dawson/miniconda3/envs/snc_dev/lib/python3.9/site-packages/airflow/example_dags/example_datasets.py
[2026-02-25T23:34:33.079-0500] {logging_mixin.py:188} INFO - [2026-02-25T23:34:33.079-0500] {dag.py:3047} INFO - Sync 6 DAGs
[2026-02-25T23:34:33.097-0500] {logging_mixin.py:188} INFO - [2026-02-25T23:34:33.096-0500] {dag.py:3834} INFO - Setting next_dagrun for dataset_consumes_1 to None, run_after=None
[2026-02-25T23:34:33.099-0500] {logging_mixin.py:188} INFO - [2026-02-25T23:34:33.099-0500] {dag.py:3834} INFO - Setting next_dagrun for dataset_consumes_1_and_2 to None, run_after=None
[2026-02-25T23:34:33.099-0500] {logging_mixin.py:188} INFO - [2026-02-25T23:34:33.099-0500] {dag.py:3834} INFO - Setting next_dagrun for dataset_consumes_1_never_scheduled to None, run_after=None
[2026-02-25T23:34:33.100-0500] {logging_mixin.py:188} INFO - [2026-02-25T23:34:33.100-0500] {dag.py:3834} INFO - Setting next_dagrun for dataset_consumes_unknown_never_scheduled to None, run_after=None
[2026-02-25T23:34:33.101-0500] {logging_mixin.py:188} INFO - [2026-02-25T23:34:33.101-0500] {dag.py:3834} INFO - Setting next_dagrun for dataset_produces_1 to 2026-02-25 00:00:00+00:00, run_after=2026-02-26 00:00:00+00:00
[2026-02-25T23:34:33.102-0500] {logging_mixin.py:188} INFO - [2026-02-25T23:34:33.102-0500] {dag.py:3834} INFO - Setting next_dagrun for dataset_produces_2 to None, run_after=None
[2026-02-25T23:34:33.126-0500] {processor.py:183} INFO - Processing /home/dawson/miniconda3/envs/snc_dev/lib/python3.9/site-packages/airflow/example_dags/example_datasets.py took 0.100 seconds
