[2026-02-25T23:28:52.826-0500] {processor.py:161} INFO - Started process (PID=90282) to work on /home/dawson/miniconda3/envs/snc_dev/lib/python3.9/site-packages/airflow/example_dags/example_trigger_target_dag.py
[2026-02-25T23:28:52.828-0500] {processor.py:830} INFO - Processing file /home/dawson/miniconda3/envs/snc_dev/lib/python3.9/site-packages/airflow/example_dags/example_trigger_target_dag.py for tasks to queue
[2026-02-25T23:28:52.829-0500] {logging_mixin.py:188} INFO - [2026-02-25T23:28:52.828-0500] {dagbag.py:540} INFO - Filling up the DagBag from /home/dawson/miniconda3/envs/snc_dev/lib/python3.9/site-packages/airflow/example_dags/example_trigger_target_dag.py
[2026-02-25T23:28:52.842-0500] {processor.py:840} INFO - DAG(s) 'example_trigger_target_dag' retrieved from /home/dawson/miniconda3/envs/snc_dev/lib/python3.9/site-packages/airflow/example_dags/example_trigger_target_dag.py
[2026-02-25T23:28:52.854-0500] {logging_mixin.py:188} INFO - [2026-02-25T23:28:52.854-0500] {dag.py:3047} INFO - Sync 1 DAGs
[2026-02-25T23:28:52.870-0500] {logging_mixin.py:188} INFO - [2026-02-25T23:28:52.869-0500] {dag.py:3834} INFO - Setting next_dagrun for example_trigger_target_dag to None, run_after=None
[2026-02-25T23:28:52.886-0500] {processor.py:183} INFO - Processing /home/dawson/miniconda3/envs/snc_dev/lib/python3.9/site-packages/airflow/example_dags/example_trigger_target_dag.py took 0.066 seconds
[2026-02-25T23:29:42.329-0500] {processor.py:161} INFO - Started process (PID=90432) to work on /home/dawson/miniconda3/envs/snc_dev/lib/python3.9/site-packages/airflow/example_dags/example_trigger_target_dag.py
[2026-02-25T23:29:42.331-0500] {processor.py:830} INFO - Processing file /home/dawson/miniconda3/envs/snc_dev/lib/python3.9/site-packages/airflow/example_dags/example_trigger_target_dag.py for tasks to queue
[2026-02-25T23:29:42.333-0500] {logging_mixin.py:188} INFO - [2026-02-25T23:29:42.332-0500] {dagbag.py:540} INFO - Filling up the DagBag from /home/dawson/miniconda3/envs/snc_dev/lib/python3.9/site-packages/airflow/example_dags/example_trigger_target_dag.py
[2026-02-25T23:29:42.344-0500] {processor.py:840} INFO - DAG(s) 'example_trigger_target_dag' retrieved from /home/dawson/miniconda3/envs/snc_dev/lib/python3.9/site-packages/airflow/example_dags/example_trigger_target_dag.py
[2026-02-25T23:29:42.562-0500] {logging_mixin.py:188} INFO - [2026-02-25T23:29:42.562-0500] {dag.py:3047} INFO - Sync 1 DAGs
[2026-02-25T23:29:42.567-0500] {logging_mixin.py:188} INFO - [2026-02-25T23:29:42.567-0500] {dag.py:3834} INFO - Setting next_dagrun for example_trigger_target_dag to None, run_after=None
[2026-02-25T23:29:42.583-0500] {processor.py:183} INFO - Processing /home/dawson/miniconda3/envs/snc_dev/lib/python3.9/site-packages/airflow/example_dags/example_trigger_target_dag.py took 0.264 seconds
[2026-02-25T23:30:26.860-0500] {processor.py:161} INFO - Started process (PID=90546) to work on /home/dawson/miniconda3/envs/snc_dev/lib/python3.9/site-packages/airflow/example_dags/example_trigger_target_dag.py
[2026-02-25T23:30:26.862-0500] {processor.py:830} INFO - Processing file /home/dawson/miniconda3/envs/snc_dev/lib/python3.9/site-packages/airflow/example_dags/example_trigger_target_dag.py for tasks to queue
[2026-02-25T23:30:26.864-0500] {logging_mixin.py:188} INFO - [2026-02-25T23:30:26.863-0500] {dagbag.py:540} INFO - Filling up the DagBag from /home/dawson/miniconda3/envs/snc_dev/lib/python3.9/site-packages/airflow/example_dags/example_trigger_target_dag.py
[2026-02-25T23:30:26.875-0500] {processor.py:840} INFO - DAG(s) 'example_trigger_target_dag' retrieved from /home/dawson/miniconda3/envs/snc_dev/lib/python3.9/site-packages/airflow/example_dags/example_trigger_target_dag.py
[2026-02-25T23:30:26.898-0500] {logging_mixin.py:188} INFO - [2026-02-25T23:30:26.897-0500] {dag.py:3047} INFO - Sync 1 DAGs
[2026-02-25T23:30:26.908-0500] {logging_mixin.py:188} INFO - [2026-02-25T23:30:26.908-0500] {dag.py:3834} INFO - Setting next_dagrun for example_trigger_target_dag to None, run_after=None
[2026-02-25T23:30:26.925-0500] {processor.py:183} INFO - Processing /home/dawson/miniconda3/envs/snc_dev/lib/python3.9/site-packages/airflow/example_dags/example_trigger_target_dag.py took 0.070 seconds
[2026-02-25T23:31:17.032-0500] {processor.py:161} INFO - Started process (PID=90616) to work on /home/dawson/miniconda3/envs/snc_dev/lib/python3.9/site-packages/airflow/example_dags/example_trigger_target_dag.py
[2026-02-25T23:31:17.034-0500] {processor.py:830} INFO - Processing file /home/dawson/miniconda3/envs/snc_dev/lib/python3.9/site-packages/airflow/example_dags/example_trigger_target_dag.py for tasks to queue
[2026-02-25T23:31:17.035-0500] {logging_mixin.py:188} INFO - [2026-02-25T23:31:17.035-0500] {dagbag.py:540} INFO - Filling up the DagBag from /home/dawson/miniconda3/envs/snc_dev/lib/python3.9/site-packages/airflow/example_dags/example_trigger_target_dag.py
[2026-02-25T23:31:17.046-0500] {processor.py:840} INFO - DAG(s) 'example_trigger_target_dag' retrieved from /home/dawson/miniconda3/envs/snc_dev/lib/python3.9/site-packages/airflow/example_dags/example_trigger_target_dag.py
[2026-02-25T23:31:17.069-0500] {logging_mixin.py:188} INFO - [2026-02-25T23:31:17.069-0500] {dag.py:3047} INFO - Sync 1 DAGs
[2026-02-25T23:31:17.081-0500] {logging_mixin.py:188} INFO - [2026-02-25T23:31:17.081-0500] {dag.py:3834} INFO - Setting next_dagrun for example_trigger_target_dag to None, run_after=None
[2026-02-25T23:31:17.100-0500] {processor.py:183} INFO - Processing /home/dawson/miniconda3/envs/snc_dev/lib/python3.9/site-packages/airflow/example_dags/example_trigger_target_dag.py took 0.076 seconds
[2026-02-25T23:31:57.300-0500] {processor.py:161} INFO - Started process (PID=90688) to work on /home/dawson/miniconda3/envs/snc_dev/lib/python3.9/site-packages/airflow/example_dags/example_trigger_target_dag.py
[2026-02-25T23:31:57.302-0500] {processor.py:830} INFO - Processing file /home/dawson/miniconda3/envs/snc_dev/lib/python3.9/site-packages/airflow/example_dags/example_trigger_target_dag.py for tasks to queue
[2026-02-25T23:31:57.303-0500] {logging_mixin.py:188} INFO - [2026-02-25T23:31:57.303-0500] {dagbag.py:540} INFO - Filling up the DagBag from /home/dawson/miniconda3/envs/snc_dev/lib/python3.9/site-packages/airflow/example_dags/example_trigger_target_dag.py
[2026-02-25T23:31:57.315-0500] {processor.py:840} INFO - DAG(s) 'example_trigger_target_dag' retrieved from /home/dawson/miniconda3/envs/snc_dev/lib/python3.9/site-packages/airflow/example_dags/example_trigger_target_dag.py
[2026-02-25T23:31:57.335-0500] {logging_mixin.py:188} INFO - [2026-02-25T23:31:57.335-0500] {dag.py:3047} INFO - Sync 1 DAGs
[2026-02-25T23:31:57.348-0500] {logging_mixin.py:188} INFO - [2026-02-25T23:31:57.348-0500] {dag.py:3834} INFO - Setting next_dagrun for example_trigger_target_dag to None, run_after=None
[2026-02-25T23:31:57.364-0500] {processor.py:183} INFO - Processing /home/dawson/miniconda3/envs/snc_dev/lib/python3.9/site-packages/airflow/example_dags/example_trigger_target_dag.py took 0.070 seconds
[2026-02-25T23:32:47.033-0500] {processor.py:161} INFO - Started process (PID=91280) to work on /home/dawson/miniconda3/envs/snc_dev/lib/python3.9/site-packages/airflow/example_dags/example_trigger_target_dag.py
[2026-02-25T23:32:47.036-0500] {processor.py:830} INFO - Processing file /home/dawson/miniconda3/envs/snc_dev/lib/python3.9/site-packages/airflow/example_dags/example_trigger_target_dag.py for tasks to queue
[2026-02-25T23:32:47.038-0500] {logging_mixin.py:188} INFO - [2026-02-25T23:32:47.037-0500] {dagbag.py:540} INFO - Filling up the DagBag from /home/dawson/miniconda3/envs/snc_dev/lib/python3.9/site-packages/airflow/example_dags/example_trigger_target_dag.py
[2026-02-25T23:32:47.049-0500] {processor.py:840} INFO - DAG(s) 'example_trigger_target_dag' retrieved from /home/dawson/miniconda3/envs/snc_dev/lib/python3.9/site-packages/airflow/example_dags/example_trigger_target_dag.py
[2026-02-25T23:32:47.072-0500] {logging_mixin.py:188} INFO - [2026-02-25T23:32:47.072-0500] {dag.py:3047} INFO - Sync 1 DAGs
[2026-02-25T23:32:47.083-0500] {logging_mixin.py:188} INFO - [2026-02-25T23:32:47.083-0500] {dag.py:3834} INFO - Setting next_dagrun for example_trigger_target_dag to None, run_after=None
[2026-02-25T23:32:47.103-0500] {processor.py:183} INFO - Processing /home/dawson/miniconda3/envs/snc_dev/lib/python3.9/site-packages/airflow/example_dags/example_trigger_target_dag.py took 0.076 seconds
[2026-02-25T23:33:37.778-0500] {processor.py:161} INFO - Started process (PID=91351) to work on /home/dawson/miniconda3/envs/snc_dev/lib/python3.9/site-packages/airflow/example_dags/example_trigger_target_dag.py
[2026-02-25T23:33:37.781-0500] {processor.py:830} INFO - Processing file /home/dawson/miniconda3/envs/snc_dev/lib/python3.9/site-packages/airflow/example_dags/example_trigger_target_dag.py for tasks to queue
[2026-02-25T23:33:37.783-0500] {logging_mixin.py:188} INFO - [2026-02-25T23:33:37.782-0500] {dagbag.py:540} INFO - Filling up the DagBag from /home/dawson/miniconda3/envs/snc_dev/lib/python3.9/site-packages/airflow/example_dags/example_trigger_target_dag.py
[2026-02-25T23:33:37.794-0500] {processor.py:840} INFO - DAG(s) 'example_trigger_target_dag' retrieved from /home/dawson/miniconda3/envs/snc_dev/lib/python3.9/site-packages/airflow/example_dags/example_trigger_target_dag.py
[2026-02-25T23:33:37.818-0500] {logging_mixin.py:188} INFO - [2026-02-25T23:33:37.818-0500] {dag.py:3047} INFO - Sync 1 DAGs
[2026-02-25T23:33:37.833-0500] {logging_mixin.py:188} INFO - [2026-02-25T23:33:37.833-0500] {dag.py:3834} INFO - Setting next_dagrun for example_trigger_target_dag to None, run_after=None
[2026-02-25T23:33:37.852-0500] {processor.py:183} INFO - Processing /home/dawson/miniconda3/envs/snc_dev/lib/python3.9/site-packages/airflow/example_dags/example_trigger_target_dag.py took 0.079 seconds
[2026-02-25T23:34:26.726-0500] {processor.py:161} INFO - Started process (PID=91421) to work on /home/dawson/miniconda3/envs/snc_dev/lib/python3.9/site-packages/airflow/example_dags/example_trigger_target_dag.py
[2026-02-25T23:34:26.728-0500] {processor.py:830} INFO - Processing file /home/dawson/miniconda3/envs/snc_dev/lib/python3.9/site-packages/airflow/example_dags/example_trigger_target_dag.py for tasks to queue
[2026-02-25T23:34:26.729-0500] {logging_mixin.py:188} INFO - [2026-02-25T23:34:26.728-0500] {dagbag.py:540} INFO - Filling up the DagBag from /home/dawson/miniconda3/envs/snc_dev/lib/python3.9/site-packages/airflow/example_dags/example_trigger_target_dag.py
[2026-02-25T23:34:26.739-0500] {processor.py:840} INFO - DAG(s) 'example_trigger_target_dag' retrieved from /home/dawson/miniconda3/envs/snc_dev/lib/python3.9/site-packages/airflow/example_dags/example_trigger_target_dag.py
[2026-02-25T23:34:26.761-0500] {logging_mixin.py:188} INFO - [2026-02-25T23:34:26.761-0500] {dag.py:3047} INFO - Sync 1 DAGs
[2026-02-25T23:34:26.771-0500] {logging_mixin.py:188} INFO - [2026-02-25T23:34:26.771-0500] {dag.py:3834} INFO - Setting next_dagrun for example_trigger_target_dag to None, run_after=None
[2026-02-25T23:34:26.792-0500] {processor.py:183} INFO - Processing /home/dawson/miniconda3/envs/snc_dev/lib/python3.9/site-packages/airflow/example_dags/example_trigger_target_dag.py took 0.074 seconds
