[2026-02-25T23:29:04.280-0500] {processor.py:161} INFO - Started process (PID=90319) to work on /home/dawson/miniconda3/envs/snc_dev/lib/python3.9/site-packages/airflow/example_dags/example_sensor_decorator.py
[2026-02-25T23:29:04.281-0500] {processor.py:830} INFO - Processing file /home/dawson/miniconda3/envs/snc_dev/lib/python3.9/site-packages/airflow/example_dags/example_sensor_decorator.py for tasks to queue
[2026-02-25T23:29:04.282-0500] {logging_mixin.py:188} INFO - [2026-02-25T23:29:04.282-0500] {dagbag.py:540} INFO - Filling up the DagBag from /home/dawson/miniconda3/envs/snc_dev/lib/python3.9/site-packages/airflow/example_dags/example_sensor_decorator.py
[2026-02-25T23:29:04.294-0500] {processor.py:840} INFO - DAG(s) 'example_sensor_decorator' retrieved from /home/dawson/miniconda3/envs/snc_dev/lib/python3.9/site-packages/airflow/example_dags/example_sensor_decorator.py
[2026-02-25T23:29:04.307-0500] {logging_mixin.py:188} INFO - [2026-02-25T23:29:04.307-0500] {dag.py:3047} INFO - Sync 1 DAGs
[2026-02-25T23:29:04.322-0500] {logging_mixin.py:188} INFO - [2026-02-25T23:29:04.322-0500] {dag.py:3834} INFO - Setting next_dagrun for example_sensor_decorator to None, run_after=None
[2026-02-25T23:29:04.342-0500] {processor.py:183} INFO - Processing /home/dawson/miniconda3/envs/snc_dev/lib/python3.9/site-packages/airflow/example_dags/example_sensor_decorator.py took 0.068 seconds
[2026-02-25T23:29:57.674-0500] {processor.py:161} INFO - Started process (PID=90494) to work on /home/dawson/miniconda3/envs/snc_dev/lib/python3.9/site-packages/airflow/example_dags/example_sensor_decorator.py
[2026-02-25T23:29:57.676-0500] {processor.py:830} INFO - Processing file /home/dawson/miniconda3/envs/snc_dev/lib/python3.9/site-packages/airflow/example_dags/example_sensor_decorator.py for tasks to queue
[2026-02-25T23:29:57.677-0500] {logging_mixin.py:188} INFO - [2026-02-25T23:29:57.677-0500] {dagbag.py:540} INFO - Filling up the DagBag from /home/dawson/miniconda3/envs/snc_dev/lib/python3.9/site-packages/airflow/example_dags/example_sensor_decorator.py
[2026-02-25T23:29:57.820-0500] {processor.py:840} INFO - DAG(s) 'example_sensor_decorator' retrieved from /home/dawson/miniconda3/envs/snc_dev/lib/python3.9/site-packages/airflow/example_dags/example_sensor_decorator.py
[2026-02-25T23:29:57.880-0500] {logging_mixin.py:188} INFO - [2026-02-25T23:29:57.880-0500] {dag.py:3047} INFO - Sync 1 DAGs
[2026-02-25T23:29:57.886-0500] {logging_mixin.py:188} INFO - [2026-02-25T23:29:57.886-0500] {dag.py:3834} INFO - Setting next_dagrun for example_sensor_decorator to None, run_after=None
[2026-02-25T23:29:57.900-0500] {processor.py:183} INFO - Processing /home/dawson/miniconda3/envs/snc_dev/lib/python3.9/site-packages/airflow/example_dags/example_sensor_decorator.py took 0.232 seconds
[2026-02-25T23:30:43.408-0500] {processor.py:161} INFO - Started process (PID=90571) to work on /home/dawson/miniconda3/envs/snc_dev/lib/python3.9/site-packages/airflow/example_dags/example_sensor_decorator.py
[2026-02-25T23:30:43.411-0500] {processor.py:830} INFO - Processing file /home/dawson/miniconda3/envs/snc_dev/lib/python3.9/site-packages/airflow/example_dags/example_sensor_decorator.py for tasks to queue
[2026-02-25T23:30:43.412-0500] {logging_mixin.py:188} INFO - [2026-02-25T23:30:43.411-0500] {dagbag.py:540} INFO - Filling up the DagBag from /home/dawson/miniconda3/envs/snc_dev/lib/python3.9/site-packages/airflow/example_dags/example_sensor_decorator.py
[2026-02-25T23:30:43.424-0500] {processor.py:840} INFO - DAG(s) 'example_sensor_decorator' retrieved from /home/dawson/miniconda3/envs/snc_dev/lib/python3.9/site-packages/airflow/example_dags/example_sensor_decorator.py
[2026-02-25T23:30:43.447-0500] {logging_mixin.py:188} INFO - [2026-02-25T23:30:43.447-0500] {dag.py:3047} INFO - Sync 1 DAGs
[2026-02-25T23:30:43.458-0500] {logging_mixin.py:188} INFO - [2026-02-25T23:30:43.458-0500] {dag.py:3834} INFO - Setting next_dagrun for example_sensor_decorator to None, run_after=None
[2026-02-25T23:30:43.476-0500] {processor.py:183} INFO - Processing /home/dawson/miniconda3/envs/snc_dev/lib/python3.9/site-packages/airflow/example_dags/example_sensor_decorator.py took 0.074 seconds
[2026-02-25T23:31:37.741-0500] {processor.py:161} INFO - Started process (PID=90649) to work on /home/dawson/miniconda3/envs/snc_dev/lib/python3.9/site-packages/airflow/example_dags/example_sensor_decorator.py
[2026-02-25T23:31:37.743-0500] {processor.py:830} INFO - Processing file /home/dawson/miniconda3/envs/snc_dev/lib/python3.9/site-packages/airflow/example_dags/example_sensor_decorator.py for tasks to queue
[2026-02-25T23:31:37.745-0500] {logging_mixin.py:188} INFO - [2026-02-25T23:31:37.744-0500] {dagbag.py:540} INFO - Filling up the DagBag from /home/dawson/miniconda3/envs/snc_dev/lib/python3.9/site-packages/airflow/example_dags/example_sensor_decorator.py
[2026-02-25T23:31:37.756-0500] {processor.py:840} INFO - DAG(s) 'example_sensor_decorator' retrieved from /home/dawson/miniconda3/envs/snc_dev/lib/python3.9/site-packages/airflow/example_dags/example_sensor_decorator.py
[2026-02-25T23:31:37.782-0500] {logging_mixin.py:188} INFO - [2026-02-25T23:31:37.782-0500] {dag.py:3047} INFO - Sync 1 DAGs
[2026-02-25T23:31:37.795-0500] {logging_mixin.py:188} INFO - [2026-02-25T23:31:37.795-0500] {dag.py:3834} INFO - Setting next_dagrun for example_sensor_decorator to None, run_after=None
[2026-02-25T23:31:37.813-0500] {processor.py:183} INFO - Processing /home/dawson/miniconda3/envs/snc_dev/lib/python3.9/site-packages/airflow/example_dags/example_sensor_decorator.py took 0.078 seconds
[2026-02-25T23:32:26.756-0500] {processor.py:161} INFO - Started process (PID=91254) to work on /home/dawson/miniconda3/envs/snc_dev/lib/python3.9/site-packages/airflow/example_dags/example_sensor_decorator.py
[2026-02-25T23:32:26.758-0500] {processor.py:830} INFO - Processing file /home/dawson/miniconda3/envs/snc_dev/lib/python3.9/site-packages/airflow/example_dags/example_sensor_decorator.py for tasks to queue
[2026-02-25T23:32:26.759-0500] {logging_mixin.py:188} INFO - [2026-02-25T23:32:26.758-0500] {dagbag.py:540} INFO - Filling up the DagBag from /home/dawson/miniconda3/envs/snc_dev/lib/python3.9/site-packages/airflow/example_dags/example_sensor_decorator.py
[2026-02-25T23:32:26.769-0500] {processor.py:840} INFO - DAG(s) 'example_sensor_decorator' retrieved from /home/dawson/miniconda3/envs/snc_dev/lib/python3.9/site-packages/airflow/example_dags/example_sensor_decorator.py
[2026-02-25T23:32:26.796-0500] {logging_mixin.py:188} INFO - [2026-02-25T23:32:26.796-0500] {dag.py:3047} INFO - Sync 1 DAGs
[2026-02-25T23:32:26.807-0500] {logging_mixin.py:188} INFO - [2026-02-25T23:32:26.807-0500] {dag.py:3834} INFO - Setting next_dagrun for example_sensor_decorator to None, run_after=None
[2026-02-25T23:32:26.825-0500] {processor.py:183} INFO - Processing /home/dawson/miniconda3/envs/snc_dev/lib/python3.9/site-packages/airflow/example_dags/example_sensor_decorator.py took 0.075 seconds
[2026-02-25T23:33:16.801-0500] {processor.py:161} INFO - Started process (PID=91325) to work on /home/dawson/miniconda3/envs/snc_dev/lib/python3.9/site-packages/airflow/example_dags/example_sensor_decorator.py
[2026-02-25T23:33:16.803-0500] {processor.py:830} INFO - Processing file /home/dawson/miniconda3/envs/snc_dev/lib/python3.9/site-packages/airflow/example_dags/example_sensor_decorator.py for tasks to queue
[2026-02-25T23:33:16.804-0500] {logging_mixin.py:188} INFO - [2026-02-25T23:33:16.803-0500] {dagbag.py:540} INFO - Filling up the DagBag from /home/dawson/miniconda3/envs/snc_dev/lib/python3.9/site-packages/airflow/example_dags/example_sensor_decorator.py
[2026-02-25T23:33:16.815-0500] {processor.py:840} INFO - DAG(s) 'example_sensor_decorator' retrieved from /home/dawson/miniconda3/envs/snc_dev/lib/python3.9/site-packages/airflow/example_dags/example_sensor_decorator.py
[2026-02-25T23:33:16.841-0500] {logging_mixin.py:188} INFO - [2026-02-25T23:33:16.841-0500] {dag.py:3047} INFO - Sync 1 DAGs
[2026-02-25T23:33:16.852-0500] {logging_mixin.py:188} INFO - [2026-02-25T23:33:16.852-0500] {dag.py:3834} INFO - Setting next_dagrun for example_sensor_decorator to None, run_after=None
[2026-02-25T23:33:16.872-0500] {processor.py:183} INFO - Processing /home/dawson/miniconda3/envs/snc_dev/lib/python3.9/site-packages/airflow/example_dags/example_sensor_decorator.py took 0.077 seconds
[2026-02-25T23:34:06.115-0500] {processor.py:161} INFO - Started process (PID=91391) to work on /home/dawson/miniconda3/envs/snc_dev/lib/python3.9/site-packages/airflow/example_dags/example_sensor_decorator.py
[2026-02-25T23:34:06.117-0500] {processor.py:830} INFO - Processing file /home/dawson/miniconda3/envs/snc_dev/lib/python3.9/site-packages/airflow/example_dags/example_sensor_decorator.py for tasks to queue
[2026-02-25T23:34:06.118-0500] {logging_mixin.py:188} INFO - [2026-02-25T23:34:06.117-0500] {dagbag.py:540} INFO - Filling up the DagBag from /home/dawson/miniconda3/envs/snc_dev/lib/python3.9/site-packages/airflow/example_dags/example_sensor_decorator.py
[2026-02-25T23:34:06.129-0500] {processor.py:840} INFO - DAG(s) 'example_sensor_decorator' retrieved from /home/dawson/miniconda3/envs/snc_dev/lib/python3.9/site-packages/airflow/example_dags/example_sensor_decorator.py
[2026-02-25T23:34:06.152-0500] {logging_mixin.py:188} INFO - [2026-02-25T23:34:06.152-0500] {dag.py:3047} INFO - Sync 1 DAGs
[2026-02-25T23:34:06.165-0500] {logging_mixin.py:188} INFO - [2026-02-25T23:34:06.165-0500] {dag.py:3834} INFO - Setting next_dagrun for example_sensor_decorator to None, run_after=None
[2026-02-25T23:34:06.184-0500] {processor.py:183} INFO - Processing /home/dawson/miniconda3/envs/snc_dev/lib/python3.9/site-packages/airflow/example_dags/example_sensor_decorator.py took 0.076 seconds
[2026-02-25T23:34:47.338-0500] {processor.py:161} INFO - Started process (PID=91446) to work on /home/dawson/miniconda3/envs/snc_dev/lib/python3.9/site-packages/airflow/example_dags/example_sensor_decorator.py
[2026-02-25T23:34:47.340-0500] {processor.py:830} INFO - Processing file /home/dawson/miniconda3/envs/snc_dev/lib/python3.9/site-packages/airflow/example_dags/example_sensor_decorator.py for tasks to queue
[2026-02-25T23:34:47.342-0500] {logging_mixin.py:188} INFO - [2026-02-25T23:34:47.341-0500] {dagbag.py:540} INFO - Filling up the DagBag from /home/dawson/miniconda3/envs/snc_dev/lib/python3.9/site-packages/airflow/example_dags/example_sensor_decorator.py
[2026-02-25T23:34:47.352-0500] {processor.py:840} INFO - DAG(s) 'example_sensor_decorator' retrieved from /home/dawson/miniconda3/envs/snc_dev/lib/python3.9/site-packages/airflow/example_dags/example_sensor_decorator.py
[2026-02-25T23:34:47.377-0500] {logging_mixin.py:188} INFO - [2026-02-25T23:34:47.376-0500] {dag.py:3047} INFO - Sync 1 DAGs
[2026-02-25T23:34:47.388-0500] {logging_mixin.py:188} INFO - [2026-02-25T23:34:47.388-0500] {dag.py:3834} INFO - Setting next_dagrun for example_sensor_decorator to None, run_after=None
[2026-02-25T23:34:47.406-0500] {processor.py:183} INFO - Processing /home/dawson/miniconda3/envs/snc_dev/lib/python3.9/site-packages/airflow/example_dags/example_sensor_decorator.py took 0.074 seconds
