[2026-02-25T23:29:24.178-0500] {processor.py:161} INFO - Started process (PID=90396) to work on /home/dawson/miniconda3/envs/snc_dev/lib/python3.9/site-packages/airflow/example_dags/example_branch_operator_decorator.py
[2026-02-25T23:29:24.179-0500] {processor.py:830} INFO - Processing file /home/dawson/miniconda3/envs/snc_dev/lib/python3.9/site-packages/airflow/example_dags/example_branch_operator_decorator.py for tasks to queue
[2026-02-25T23:29:24.181-0500] {logging_mixin.py:188} INFO - [2026-02-25T23:29:24.180-0500] {dagbag.py:540} INFO - Filling up the DagBag from /home/dawson/miniconda3/envs/snc_dev/lib/python3.9/site-packages/airflow/example_dags/example_branch_operator_decorator.py
[2026-02-25T23:29:24.187-0500] {processor.py:842} WARNING - No viable dags retrieved from /home/dawson/miniconda3/envs/snc_dev/lib/python3.9/site-packages/airflow/example_dags/example_branch_operator_decorator.py
[2026-02-25T23:29:24.204-0500] {processor.py:183} INFO - Processing /home/dawson/miniconda3/envs/snc_dev/lib/python3.9/site-packages/airflow/example_dags/example_branch_operator_decorator.py took 0.033 seconds
[2026-02-25T23:30:29.413-0500] {processor.py:161} INFO - Started process (PID=90549) to work on /home/dawson/miniconda3/envs/snc_dev/lib/python3.9/site-packages/airflow/example_dags/example_branch_operator_decorator.py
[2026-02-25T23:30:29.415-0500] {processor.py:830} INFO - Processing file /home/dawson/miniconda3/envs/snc_dev/lib/python3.9/site-packages/airflow/example_dags/example_branch_operator_decorator.py for tasks to queue
[2026-02-25T23:30:29.416-0500] {logging_mixin.py:188} INFO - [2026-02-25T23:30:29.415-0500] {dagbag.py:540} INFO - Filling up the DagBag from /home/dawson/miniconda3/envs/snc_dev/lib/python3.9/site-packages/airflow/example_dags/example_branch_operator_decorator.py
[2026-02-25T23:30:29.421-0500] {processor.py:842} WARNING - No viable dags retrieved from /home/dawson/miniconda3/envs/snc_dev/lib/python3.9/site-packages/airflow/example_dags/example_branch_operator_decorator.py
[2026-02-25T23:30:29.438-0500] {processor.py:183} INFO - Processing /home/dawson/miniconda3/envs/snc_dev/lib/python3.9/site-packages/airflow/example_dags/example_branch_operator_decorator.py took 0.032 seconds
[2026-02-25T23:31:25.722-0500] {processor.py:161} INFO - Started process (PID=90632) to work on /home/dawson/miniconda3/envs/snc_dev/lib/python3.9/site-packages/airflow/example_dags/example_branch_operator_decorator.py
[2026-02-25T23:31:25.724-0500] {processor.py:830} INFO - Processing file /home/dawson/miniconda3/envs/snc_dev/lib/python3.9/site-packages/airflow/example_dags/example_branch_operator_decorator.py for tasks to queue
[2026-02-25T23:31:25.726-0500] {logging_mixin.py:188} INFO - [2026-02-25T23:31:25.725-0500] {dagbag.py:540} INFO - Filling up the DagBag from /home/dawson/miniconda3/envs/snc_dev/lib/python3.9/site-packages/airflow/example_dags/example_branch_operator_decorator.py
[2026-02-25T23:31:25.731-0500] {processor.py:842} WARNING - No viable dags retrieved from /home/dawson/miniconda3/envs/snc_dev/lib/python3.9/site-packages/airflow/example_dags/example_branch_operator_decorator.py
[2026-02-25T23:31:25.748-0500] {processor.py:183} INFO - Processing /home/dawson/miniconda3/envs/snc_dev/lib/python3.9/site-packages/airflow/example_dags/example_branch_operator_decorator.py took 0.033 seconds
[2026-02-25T23:32:16.611-0500] {processor.py:161} INFO - Started process (PID=91239) to work on /home/dawson/miniconda3/envs/snc_dev/lib/python3.9/site-packages/airflow/example_dags/example_branch_operator_decorator.py
[2026-02-25T23:32:16.614-0500] {processor.py:830} INFO - Processing file /home/dawson/miniconda3/envs/snc_dev/lib/python3.9/site-packages/airflow/example_dags/example_branch_operator_decorator.py for tasks to queue
[2026-02-25T23:32:16.615-0500] {logging_mixin.py:188} INFO - [2026-02-25T23:32:16.615-0500] {dagbag.py:540} INFO - Filling up the DagBag from /home/dawson/miniconda3/envs/snc_dev/lib/python3.9/site-packages/airflow/example_dags/example_branch_operator_decorator.py
[2026-02-25T23:32:16.620-0500] {processor.py:842} WARNING - No viable dags retrieved from /home/dawson/miniconda3/envs/snc_dev/lib/python3.9/site-packages/airflow/example_dags/example_branch_operator_decorator.py
[2026-02-25T23:32:16.636-0500] {processor.py:183} INFO - Processing /home/dawson/miniconda3/envs/snc_dev/lib/python3.9/site-packages/airflow/example_dags/example_branch_operator_decorator.py took 0.032 seconds
[2026-02-25T23:33:06.487-0500] {processor.py:161} INFO - Started process (PID=91310) to work on /home/dawson/miniconda3/envs/snc_dev/lib/python3.9/site-packages/airflow/example_dags/example_branch_operator_decorator.py
[2026-02-25T23:33:06.489-0500] {processor.py:830} INFO - Processing file /home/dawson/miniconda3/envs/snc_dev/lib/python3.9/site-packages/airflow/example_dags/example_branch_operator_decorator.py for tasks to queue
[2026-02-25T23:33:06.491-0500] {logging_mixin.py:188} INFO - [2026-02-25T23:33:06.490-0500] {dagbag.py:540} INFO - Filling up the DagBag from /home/dawson/miniconda3/envs/snc_dev/lib/python3.9/site-packages/airflow/example_dags/example_branch_operator_decorator.py
[2026-02-25T23:33:06.496-0500] {processor.py:842} WARNING - No viable dags retrieved from /home/dawson/miniconda3/envs/snc_dev/lib/python3.9/site-packages/airflow/example_dags/example_branch_operator_decorator.py
[2026-02-25T23:33:06.512-0500] {processor.py:183} INFO - Processing /home/dawson/miniconda3/envs/snc_dev/lib/python3.9/site-packages/airflow/example_dags/example_branch_operator_decorator.py took 0.031 seconds
[2026-02-25T23:33:56.859-0500] {processor.py:161} INFO - Started process (PID=91379) to work on /home/dawson/miniconda3/envs/snc_dev/lib/python3.9/site-packages/airflow/example_dags/example_branch_operator_decorator.py
[2026-02-25T23:33:56.860-0500] {processor.py:830} INFO - Processing file /home/dawson/miniconda3/envs/snc_dev/lib/python3.9/site-packages/airflow/example_dags/example_branch_operator_decorator.py for tasks to queue
[2026-02-25T23:33:56.862-0500] {logging_mixin.py:188} INFO - [2026-02-25T23:33:56.861-0500] {dagbag.py:540} INFO - Filling up the DagBag from /home/dawson/miniconda3/envs/snc_dev/lib/python3.9/site-packages/airflow/example_dags/example_branch_operator_decorator.py
[2026-02-25T23:33:56.868-0500] {processor.py:842} WARNING - No viable dags retrieved from /home/dawson/miniconda3/envs/snc_dev/lib/python3.9/site-packages/airflow/example_dags/example_branch_operator_decorator.py
[2026-02-25T23:33:56.885-0500] {processor.py:183} INFO - Processing /home/dawson/miniconda3/envs/snc_dev/lib/python3.9/site-packages/airflow/example_dags/example_branch_operator_decorator.py took 0.033 seconds
[2026-02-25T23:34:48.488-0500] {processor.py:161} INFO - Started process (PID=91447) to work on /home/dawson/miniconda3/envs/snc_dev/lib/python3.9/site-packages/airflow/example_dags/example_branch_operator_decorator.py
[2026-02-25T23:34:48.490-0500] {processor.py:830} INFO - Processing file /home/dawson/miniconda3/envs/snc_dev/lib/python3.9/site-packages/airflow/example_dags/example_branch_operator_decorator.py for tasks to queue
[2026-02-25T23:34:48.492-0500] {logging_mixin.py:188} INFO - [2026-02-25T23:34:48.491-0500] {dagbag.py:540} INFO - Filling up the DagBag from /home/dawson/miniconda3/envs/snc_dev/lib/python3.9/site-packages/airflow/example_dags/example_branch_operator_decorator.py
[2026-02-25T23:34:48.497-0500] {processor.py:842} WARNING - No viable dags retrieved from /home/dawson/miniconda3/envs/snc_dev/lib/python3.9/site-packages/airflow/example_dags/example_branch_operator_decorator.py
[2026-02-25T23:34:48.513-0500] {processor.py:183} INFO - Processing /home/dawson/miniconda3/envs/snc_dev/lib/python3.9/site-packages/airflow/example_dags/example_branch_operator_decorator.py took 0.032 seconds
