[2026-02-25T23:29:12.282-0500] {processor.py:161} INFO - Started process (PID=90366) to work on /home/dawson/miniconda3/envs/snc_dev/lib/python3.9/site-packages/airflow/example_dags/example_latest_only_with_trigger.py
[2026-02-25T23:29:12.283-0500] {processor.py:830} INFO - Processing file /home/dawson/miniconda3/envs/snc_dev/lib/python3.9/site-packages/airflow/example_dags/example_latest_only_with_trigger.py for tasks to queue
[2026-02-25T23:29:12.285-0500] {logging_mixin.py:188} INFO - [2026-02-25T23:29:12.284-0500] {dagbag.py:540} INFO - Filling up the DagBag from /home/dawson/miniconda3/envs/snc_dev/lib/python3.9/site-packages/airflow/example_dags/example_latest_only_with_trigger.py
[2026-02-25T23:29:12.295-0500] {processor.py:840} INFO - DAG(s) 'latest_only_with_trigger' retrieved from /home/dawson/miniconda3/envs/snc_dev/lib/python3.9/site-packages/airflow/example_dags/example_latest_only_with_trigger.py
[2026-02-25T23:29:12.516-0500] {logging_mixin.py:188} INFO - [2026-02-25T23:29:12.516-0500] {dag.py:3047} INFO - Sync 1 DAGs
[2026-02-25T23:29:12.526-0500] {logging_mixin.py:188} INFO - [2026-02-25T23:29:12.526-0500] {dag.py:3834} INFO - Setting next_dagrun for latest_only_with_trigger to 2026-02-26 00:00:00+00:00, run_after=2026-02-26 04:00:00+00:00
[2026-02-25T23:29:12.539-0500] {processor.py:183} INFO - Processing /home/dawson/miniconda3/envs/snc_dev/lib/python3.9/site-packages/airflow/example_dags/example_latest_only_with_trigger.py took 0.263 seconds
[2026-02-25T23:30:06.349-0500] {processor.py:161} INFO - Started process (PID=90512) to work on /home/dawson/miniconda3/envs/snc_dev/lib/python3.9/site-packages/airflow/example_dags/example_latest_only_with_trigger.py
[2026-02-25T23:30:06.351-0500] {processor.py:830} INFO - Processing file /home/dawson/miniconda3/envs/snc_dev/lib/python3.9/site-packages/airflow/example_dags/example_latest_only_with_trigger.py for tasks to queue
[2026-02-25T23:30:06.353-0500] {logging_mixin.py:188} INFO - [2026-02-25T23:30:06.352-0500] {dagbag.py:540} INFO - Filling up the DagBag from /home/dawson/miniconda3/envs/snc_dev/lib/python3.9/site-packages/airflow/example_dags/example_latest_only_with_trigger.py
[2026-02-25T23:30:06.364-0500] {processor.py:840} INFO - DAG(s) 'latest_only_with_trigger' retrieved from /home/dawson/miniconda3/envs/snc_dev/lib/python3.9/site-packages/airflow/example_dags/example_latest_only_with_trigger.py
[2026-02-25T23:30:06.389-0500] {logging_mixin.py:188} INFO - [2026-02-25T23:30:06.389-0500] {dag.py:3047} INFO - Sync 1 DAGs
[2026-02-25T23:30:06.408-0500] {logging_mixin.py:188} INFO - [2026-02-25T23:30:06.408-0500] {dag.py:3834} INFO - Setting next_dagrun for latest_only_with_trigger to 2026-02-26 00:00:00+00:00, run_after=2026-02-26 04:00:00+00:00
[2026-02-25T23:30:06.426-0500] {processor.py:183} INFO - Processing /home/dawson/miniconda3/envs/snc_dev/lib/python3.9/site-packages/airflow/example_dags/example_latest_only_with_trigger.py took 0.083 seconds
[2026-02-25T23:30:54.892-0500] {processor.py:161} INFO - Started process (PID=90585) to work on /home/dawson/miniconda3/envs/snc_dev/lib/python3.9/site-packages/airflow/example_dags/example_latest_only_with_trigger.py
[2026-02-25T23:30:54.894-0500] {processor.py:830} INFO - Processing file /home/dawson/miniconda3/envs/snc_dev/lib/python3.9/site-packages/airflow/example_dags/example_latest_only_with_trigger.py for tasks to queue
[2026-02-25T23:30:54.895-0500] {logging_mixin.py:188} INFO - [2026-02-25T23:30:54.895-0500] {dagbag.py:540} INFO - Filling up the DagBag from /home/dawson/miniconda3/envs/snc_dev/lib/python3.9/site-packages/airflow/example_dags/example_latest_only_with_trigger.py
[2026-02-25T23:30:54.906-0500] {processor.py:840} INFO - DAG(s) 'latest_only_with_trigger' retrieved from /home/dawson/miniconda3/envs/snc_dev/lib/python3.9/site-packages/airflow/example_dags/example_latest_only_with_trigger.py
[2026-02-25T23:30:54.929-0500] {logging_mixin.py:188} INFO - [2026-02-25T23:30:54.929-0500] {dag.py:3047} INFO - Sync 1 DAGs
[2026-02-25T23:30:54.946-0500] {logging_mixin.py:188} INFO - [2026-02-25T23:30:54.946-0500] {dag.py:3834} INFO - Setting next_dagrun for latest_only_with_trigger to 2026-02-26 00:00:00+00:00, run_after=2026-02-26 04:00:00+00:00
[2026-02-25T23:30:54.962-0500] {processor.py:183} INFO - Processing /home/dawson/miniconda3/envs/snc_dev/lib/python3.9/site-packages/airflow/example_dags/example_latest_only_with_trigger.py took 0.077 seconds
[2026-02-25T23:31:45.725-0500] {processor.py:161} INFO - Started process (PID=90661) to work on /home/dawson/miniconda3/envs/snc_dev/lib/python3.9/site-packages/airflow/example_dags/example_latest_only_with_trigger.py
[2026-02-25T23:31:45.727-0500] {processor.py:830} INFO - Processing file /home/dawson/miniconda3/envs/snc_dev/lib/python3.9/site-packages/airflow/example_dags/example_latest_only_with_trigger.py for tasks to queue
[2026-02-25T23:31:45.729-0500] {logging_mixin.py:188} INFO - [2026-02-25T23:31:45.728-0500] {dagbag.py:540} INFO - Filling up the DagBag from /home/dawson/miniconda3/envs/snc_dev/lib/python3.9/site-packages/airflow/example_dags/example_latest_only_with_trigger.py
[2026-02-25T23:31:45.739-0500] {processor.py:840} INFO - DAG(s) 'latest_only_with_trigger' retrieved from /home/dawson/miniconda3/envs/snc_dev/lib/python3.9/site-packages/airflow/example_dags/example_latest_only_with_trigger.py
[2026-02-25T23:31:45.763-0500] {logging_mixin.py:188} INFO - [2026-02-25T23:31:45.763-0500] {dag.py:3047} INFO - Sync 1 DAGs
[2026-02-25T23:31:45.781-0500] {logging_mixin.py:188} INFO - [2026-02-25T23:31:45.781-0500] {dag.py:3834} INFO - Setting next_dagrun for latest_only_with_trigger to 2026-02-26 00:00:00+00:00, run_after=2026-02-26 04:00:00+00:00
[2026-02-25T23:31:45.800-0500] {processor.py:183} INFO - Processing /home/dawson/miniconda3/envs/snc_dev/lib/python3.9/site-packages/airflow/example_dags/example_latest_only_with_trigger.py took 0.082 seconds
[2026-02-25T23:32:34.525-0500] {processor.py:161} INFO - Started process (PID=91263) to work on /home/dawson/miniconda3/envs/snc_dev/lib/python3.9/site-packages/airflow/example_dags/example_latest_only_with_trigger.py
[2026-02-25T23:32:34.527-0500] {processor.py:830} INFO - Processing file /home/dawson/miniconda3/envs/snc_dev/lib/python3.9/site-packages/airflow/example_dags/example_latest_only_with_trigger.py for tasks to queue
[2026-02-25T23:32:34.528-0500] {logging_mixin.py:188} INFO - [2026-02-25T23:32:34.527-0500] {dagbag.py:540} INFO - Filling up the DagBag from /home/dawson/miniconda3/envs/snc_dev/lib/python3.9/site-packages/airflow/example_dags/example_latest_only_with_trigger.py
[2026-02-25T23:32:34.539-0500] {processor.py:840} INFO - DAG(s) 'latest_only_with_trigger' retrieved from /home/dawson/miniconda3/envs/snc_dev/lib/python3.9/site-packages/airflow/example_dags/example_latest_only_with_trigger.py
[2026-02-25T23:32:34.563-0500] {logging_mixin.py:188} INFO - [2026-02-25T23:32:34.562-0500] {dag.py:3047} INFO - Sync 1 DAGs
[2026-02-25T23:32:34.581-0500] {logging_mixin.py:188} INFO - [2026-02-25T23:32:34.581-0500] {dag.py:3834} INFO - Setting next_dagrun for latest_only_with_trigger to 2026-02-26 00:00:00+00:00, run_after=2026-02-26 04:00:00+00:00
[2026-02-25T23:32:34.602-0500] {processor.py:183} INFO - Processing /home/dawson/miniconda3/envs/snc_dev/lib/python3.9/site-packages/airflow/example_dags/example_latest_only_with_trigger.py took 0.083 seconds
[2026-02-25T23:33:24.907-0500] {processor.py:161} INFO - Started process (PID=91335) to work on /home/dawson/miniconda3/envs/snc_dev/lib/python3.9/site-packages/airflow/example_dags/example_latest_only_with_trigger.py
[2026-02-25T23:33:24.909-0500] {processor.py:830} INFO - Processing file /home/dawson/miniconda3/envs/snc_dev/lib/python3.9/site-packages/airflow/example_dags/example_latest_only_with_trigger.py for tasks to queue
[2026-02-25T23:33:24.910-0500] {logging_mixin.py:188} INFO - [2026-02-25T23:33:24.910-0500] {dagbag.py:540} INFO - Filling up the DagBag from /home/dawson/miniconda3/envs/snc_dev/lib/python3.9/site-packages/airflow/example_dags/example_latest_only_with_trigger.py
[2026-02-25T23:33:24.920-0500] {processor.py:840} INFO - DAG(s) 'latest_only_with_trigger' retrieved from /home/dawson/miniconda3/envs/snc_dev/lib/python3.9/site-packages/airflow/example_dags/example_latest_only_with_trigger.py
[2026-02-25T23:33:24.944-0500] {logging_mixin.py:188} INFO - [2026-02-25T23:33:24.944-0500] {dag.py:3047} INFO - Sync 1 DAGs
[2026-02-25T23:33:24.962-0500] {logging_mixin.py:188} INFO - [2026-02-25T23:33:24.962-0500] {dag.py:3834} INFO - Setting next_dagrun for latest_only_with_trigger to 2026-02-26 00:00:00+00:00, run_after=2026-02-26 04:00:00+00:00
[2026-02-25T23:33:24.980-0500] {processor.py:183} INFO - Processing /home/dawson/miniconda3/envs/snc_dev/lib/python3.9/site-packages/airflow/example_dags/example_latest_only_with_trigger.py took 0.081 seconds
[2026-02-25T23:34:13.568-0500] {processor.py:161} INFO - Started process (PID=91403) to work on /home/dawson/miniconda3/envs/snc_dev/lib/python3.9/site-packages/airflow/example_dags/example_latest_only_with_trigger.py
[2026-02-25T23:34:13.570-0500] {processor.py:830} INFO - Processing file /home/dawson/miniconda3/envs/snc_dev/lib/python3.9/site-packages/airflow/example_dags/example_latest_only_with_trigger.py for tasks to queue
[2026-02-25T23:34:13.572-0500] {logging_mixin.py:188} INFO - [2026-02-25T23:34:13.571-0500] {dagbag.py:540} INFO - Filling up the DagBag from /home/dawson/miniconda3/envs/snc_dev/lib/python3.9/site-packages/airflow/example_dags/example_latest_only_with_trigger.py
[2026-02-25T23:34:13.582-0500] {processor.py:840} INFO - DAG(s) 'latest_only_with_trigger' retrieved from /home/dawson/miniconda3/envs/snc_dev/lib/python3.9/site-packages/airflow/example_dags/example_latest_only_with_trigger.py
[2026-02-25T23:34:13.607-0500] {logging_mixin.py:188} INFO - [2026-02-25T23:34:13.607-0500] {dag.py:3047} INFO - Sync 1 DAGs
[2026-02-25T23:34:13.624-0500] {logging_mixin.py:188} INFO - [2026-02-25T23:34:13.624-0500] {dag.py:3834} INFO - Setting next_dagrun for latest_only_with_trigger to 2026-02-26 00:00:00+00:00, run_after=2026-02-26 04:00:00+00:00
[2026-02-25T23:34:13.641-0500] {processor.py:183} INFO - Processing /home/dawson/miniconda3/envs/snc_dev/lib/python3.9/site-packages/airflow/example_dags/example_latest_only_with_trigger.py took 0.079 seconds
