[2026-02-25T23:29:26.973-0500] {processor.py:161} INFO - Started process (PID=90405) to work on /home/dawson/miniconda3/envs/snc_dev/lib/python3.9/site-packages/airflow/example_dags/example_branch_day_of_week_operator.py
[2026-02-25T23:29:26.974-0500] {processor.py:830} INFO - Processing file /home/dawson/miniconda3/envs/snc_dev/lib/python3.9/site-packages/airflow/example_dags/example_branch_day_of_week_operator.py for tasks to queue
[2026-02-25T23:29:26.975-0500] {logging_mixin.py:188} INFO - [2026-02-25T23:29:26.975-0500] {dagbag.py:540} INFO - Filling up the DagBag from /home/dawson/miniconda3/envs/snc_dev/lib/python3.9/site-packages/airflow/example_dags/example_branch_day_of_week_operator.py
[2026-02-25T23:29:26.987-0500] {processor.py:840} INFO - DAG(s) 'example_weekday_branch_operator' retrieved from /home/dawson/miniconda3/envs/snc_dev/lib/python3.9/site-packages/airflow/example_dags/example_branch_day_of_week_operator.py
[2026-02-25T23:29:27.184-0500] {logging_mixin.py:188} INFO - [2026-02-25T23:29:27.184-0500] {dag.py:3047} INFO - Sync 1 DAGs
[2026-02-25T23:29:27.194-0500] {logging_mixin.py:188} INFO - [2026-02-25T23:29:27.194-0500] {dag.py:3834} INFO - Setting next_dagrun for example_weekday_branch_operator to 2026-02-25 00:00:00+00:00, run_after=2026-02-26 00:00:00+00:00
[2026-02-25T23:29:27.208-0500] {processor.py:183} INFO - Processing /home/dawson/miniconda3/envs/snc_dev/lib/python3.9/site-packages/airflow/example_dags/example_branch_day_of_week_operator.py took 0.241 seconds
[2026-02-25T23:30:32.016-0500] {processor.py:161} INFO - Started process (PID=90553) to work on /home/dawson/miniconda3/envs/snc_dev/lib/python3.9/site-packages/airflow/example_dags/example_branch_day_of_week_operator.py
[2026-02-25T23:30:32.018-0500] {processor.py:830} INFO - Processing file /home/dawson/miniconda3/envs/snc_dev/lib/python3.9/site-packages/airflow/example_dags/example_branch_day_of_week_operator.py for tasks to queue
[2026-02-25T23:30:32.019-0500] {logging_mixin.py:188} INFO - [2026-02-25T23:30:32.018-0500] {dagbag.py:540} INFO - Filling up the DagBag from /home/dawson/miniconda3/envs/snc_dev/lib/python3.9/site-packages/airflow/example_dags/example_branch_day_of_week_operator.py
[2026-02-25T23:30:32.030-0500] {processor.py:840} INFO - DAG(s) 'example_weekday_branch_operator' retrieved from /home/dawson/miniconda3/envs/snc_dev/lib/python3.9/site-packages/airflow/example_dags/example_branch_day_of_week_operator.py
[2026-02-25T23:30:32.053-0500] {logging_mixin.py:188} INFO - [2026-02-25T23:30:32.053-0500] {dag.py:3047} INFO - Sync 1 DAGs
[2026-02-25T23:30:32.073-0500] {logging_mixin.py:188} INFO - [2026-02-25T23:30:32.073-0500] {dag.py:3834} INFO - Setting next_dagrun for example_weekday_branch_operator to 2026-02-25 00:00:00+00:00, run_after=2026-02-26 00:00:00+00:00
[2026-02-25T23:30:32.091-0500] {processor.py:183} INFO - Processing /home/dawson/miniconda3/envs/snc_dev/lib/python3.9/site-packages/airflow/example_dags/example_branch_day_of_week_operator.py took 0.081 seconds
[2026-02-25T23:31:27.434-0500] {processor.py:161} INFO - Started process (PID=90637) to work on /home/dawson/miniconda3/envs/snc_dev/lib/python3.9/site-packages/airflow/example_dags/example_branch_day_of_week_operator.py
[2026-02-25T23:31:27.436-0500] {processor.py:830} INFO - Processing file /home/dawson/miniconda3/envs/snc_dev/lib/python3.9/site-packages/airflow/example_dags/example_branch_day_of_week_operator.py for tasks to queue
[2026-02-25T23:31:27.437-0500] {logging_mixin.py:188} INFO - [2026-02-25T23:31:27.436-0500] {dagbag.py:540} INFO - Filling up the DagBag from /home/dawson/miniconda3/envs/snc_dev/lib/python3.9/site-packages/airflow/example_dags/example_branch_day_of_week_operator.py
[2026-02-25T23:31:27.450-0500] {processor.py:840} INFO - DAG(s) 'example_weekday_branch_operator' retrieved from /home/dawson/miniconda3/envs/snc_dev/lib/python3.9/site-packages/airflow/example_dags/example_branch_day_of_week_operator.py
[2026-02-25T23:31:27.476-0500] {logging_mixin.py:188} INFO - [2026-02-25T23:31:27.476-0500] {dag.py:3047} INFO - Sync 1 DAGs
[2026-02-25T23:31:27.496-0500] {logging_mixin.py:188} INFO - [2026-02-25T23:31:27.496-0500] {dag.py:3834} INFO - Setting next_dagrun for example_weekday_branch_operator to 2026-02-25 00:00:00+00:00, run_after=2026-02-26 00:00:00+00:00
[2026-02-25T23:31:27.514-0500] {processor.py:183} INFO - Processing /home/dawson/miniconda3/envs/snc_dev/lib/python3.9/site-packages/airflow/example_dags/example_branch_day_of_week_operator.py took 0.086 seconds
[2026-02-25T23:32:19.066-0500] {processor.py:161} INFO - Started process (PID=91242) to work on /home/dawson/miniconda3/envs/snc_dev/lib/python3.9/site-packages/airflow/example_dags/example_branch_day_of_week_operator.py
[2026-02-25T23:32:19.069-0500] {processor.py:830} INFO - Processing file /home/dawson/miniconda3/envs/snc_dev/lib/python3.9/site-packages/airflow/example_dags/example_branch_day_of_week_operator.py for tasks to queue
[2026-02-25T23:32:19.071-0500] {logging_mixin.py:188} INFO - [2026-02-25T23:32:19.070-0500] {dagbag.py:540} INFO - Filling up the DagBag from /home/dawson/miniconda3/envs/snc_dev/lib/python3.9/site-packages/airflow/example_dags/example_branch_day_of_week_operator.py
[2026-02-25T23:32:19.082-0500] {processor.py:840} INFO - DAG(s) 'example_weekday_branch_operator' retrieved from /home/dawson/miniconda3/envs/snc_dev/lib/python3.9/site-packages/airflow/example_dags/example_branch_day_of_week_operator.py
[2026-02-25T23:32:19.107-0500] {logging_mixin.py:188} INFO - [2026-02-25T23:32:19.106-0500] {dag.py:3047} INFO - Sync 1 DAGs
[2026-02-25T23:32:19.128-0500] {logging_mixin.py:188} INFO - [2026-02-25T23:32:19.127-0500] {dag.py:3834} INFO - Setting next_dagrun for example_weekday_branch_operator to 2026-02-25 00:00:00+00:00, run_after=2026-02-26 00:00:00+00:00
[2026-02-25T23:32:19.144-0500] {processor.py:183} INFO - Processing /home/dawson/miniconda3/envs/snc_dev/lib/python3.9/site-packages/airflow/example_dags/example_branch_day_of_week_operator.py took 0.083 seconds
[2026-02-25T23:33:08.480-0500] {processor.py:161} INFO - Started process (PID=91313) to work on /home/dawson/miniconda3/envs/snc_dev/lib/python3.9/site-packages/airflow/example_dags/example_branch_day_of_week_operator.py
[2026-02-25T23:33:08.482-0500] {processor.py:830} INFO - Processing file /home/dawson/miniconda3/envs/snc_dev/lib/python3.9/site-packages/airflow/example_dags/example_branch_day_of_week_operator.py for tasks to queue
[2026-02-25T23:33:08.484-0500] {logging_mixin.py:188} INFO - [2026-02-25T23:33:08.483-0500] {dagbag.py:540} INFO - Filling up the DagBag from /home/dawson/miniconda3/envs/snc_dev/lib/python3.9/site-packages/airflow/example_dags/example_branch_day_of_week_operator.py
[2026-02-25T23:33:08.497-0500] {processor.py:840} INFO - DAG(s) 'example_weekday_branch_operator' retrieved from /home/dawson/miniconda3/envs/snc_dev/lib/python3.9/site-packages/airflow/example_dags/example_branch_day_of_week_operator.py
[2026-02-25T23:33:08.522-0500] {logging_mixin.py:188} INFO - [2026-02-25T23:33:08.522-0500] {dag.py:3047} INFO - Sync 1 DAGs
[2026-02-25T23:33:08.542-0500] {logging_mixin.py:188} INFO - [2026-02-25T23:33:08.542-0500] {dag.py:3834} INFO - Setting next_dagrun for example_weekday_branch_operator to 2026-02-25 00:00:00+00:00, run_after=2026-02-26 00:00:00+00:00
[2026-02-25T23:33:08.561-0500] {processor.py:183} INFO - Processing /home/dawson/miniconda3/envs/snc_dev/lib/python3.9/site-packages/airflow/example_dags/example_branch_day_of_week_operator.py took 0.086 seconds
[2026-02-25T23:34:00.302-0500] {processor.py:161} INFO - Started process (PID=91384) to work on /home/dawson/miniconda3/envs/snc_dev/lib/python3.9/site-packages/airflow/example_dags/example_branch_day_of_week_operator.py
[2026-02-25T23:34:00.304-0500] {processor.py:830} INFO - Processing file /home/dawson/miniconda3/envs/snc_dev/lib/python3.9/site-packages/airflow/example_dags/example_branch_day_of_week_operator.py for tasks to queue
[2026-02-25T23:34:00.307-0500] {logging_mixin.py:188} INFO - [2026-02-25T23:34:00.305-0500] {dagbag.py:540} INFO - Filling up the DagBag from /home/dawson/miniconda3/envs/snc_dev/lib/python3.9/site-packages/airflow/example_dags/example_branch_day_of_week_operator.py
[2026-02-25T23:34:00.318-0500] {processor.py:840} INFO - DAG(s) 'example_weekday_branch_operator' retrieved from /home/dawson/miniconda3/envs/snc_dev/lib/python3.9/site-packages/airflow/example_dags/example_branch_day_of_week_operator.py
[2026-02-25T23:34:00.344-0500] {logging_mixin.py:188} INFO - [2026-02-25T23:34:00.343-0500] {dag.py:3047} INFO - Sync 1 DAGs
[2026-02-25T23:34:00.362-0500] {logging_mixin.py:188} INFO - [2026-02-25T23:34:00.361-0500] {dag.py:3834} INFO - Setting next_dagrun for example_weekday_branch_operator to 2026-02-25 00:00:00+00:00, run_after=2026-02-26 00:00:00+00:00
[2026-02-25T23:34:00.379-0500] {processor.py:183} INFO - Processing /home/dawson/miniconda3/envs/snc_dev/lib/python3.9/site-packages/airflow/example_dags/example_branch_day_of_week_operator.py took 0.082 seconds
[2026-02-25T23:34:51.035-0500] {processor.py:161} INFO - Started process (PID=91451) to work on /home/dawson/miniconda3/envs/snc_dev/lib/python3.9/site-packages/airflow/example_dags/example_branch_day_of_week_operator.py
[2026-02-25T23:34:51.037-0500] {processor.py:830} INFO - Processing file /home/dawson/miniconda3/envs/snc_dev/lib/python3.9/site-packages/airflow/example_dags/example_branch_day_of_week_operator.py for tasks to queue
[2026-02-25T23:34:51.038-0500] {logging_mixin.py:188} INFO - [2026-02-25T23:34:51.038-0500] {dagbag.py:540} INFO - Filling up the DagBag from /home/dawson/miniconda3/envs/snc_dev/lib/python3.9/site-packages/airflow/example_dags/example_branch_day_of_week_operator.py
[2026-02-25T23:34:51.052-0500] {processor.py:840} INFO - DAG(s) 'example_weekday_branch_operator' retrieved from /home/dawson/miniconda3/envs/snc_dev/lib/python3.9/site-packages/airflow/example_dags/example_branch_day_of_week_operator.py
[2026-02-25T23:34:51.077-0500] {logging_mixin.py:188} INFO - [2026-02-25T23:34:51.076-0500] {dag.py:3047} INFO - Sync 1 DAGs
[2026-02-25T23:34:51.097-0500] {logging_mixin.py:188} INFO - [2026-02-25T23:34:51.097-0500] {dag.py:3834} INFO - Setting next_dagrun for example_weekday_branch_operator to 2026-02-25 00:00:00+00:00, run_after=2026-02-26 00:00:00+00:00
[2026-02-25T23:34:51.114-0500] {processor.py:183} INFO - Processing /home/dawson/miniconda3/envs/snc_dev/lib/python3.9/site-packages/airflow/example_dags/example_branch_day_of_week_operator.py took 0.084 seconds
