[2026-02-25T23:29:01.980-0500] {processor.py:161} INFO - Started process (PID=90307) to work on /home/dawson/miniconda3/envs/snc_dev/lib/python3.9/site-packages/airflow/example_dags/example_setup_teardown.py
[2026-02-25T23:29:01.981-0500] {processor.py:830} INFO - Processing file /home/dawson/miniconda3/envs/snc_dev/lib/python3.9/site-packages/airflow/example_dags/example_setup_teardown.py for tasks to queue
[2026-02-25T23:29:01.982-0500] {logging_mixin.py:188} INFO - [2026-02-25T23:29:01.982-0500] {dagbag.py:540} INFO - Filling up the DagBag from /home/dawson/miniconda3/envs/snc_dev/lib/python3.9/site-packages/airflow/example_dags/example_setup_teardown.py
[2026-02-25T23:29:01.994-0500] {processor.py:840} INFO - DAG(s) 'example_setup_teardown' retrieved from /home/dawson/miniconda3/envs/snc_dev/lib/python3.9/site-packages/airflow/example_dags/example_setup_teardown.py
[2026-02-25T23:29:02.007-0500] {logging_mixin.py:188} INFO - [2026-02-25T23:29:02.007-0500] {dag.py:3047} INFO - Sync 1 DAGs
[2026-02-25T23:29:02.027-0500] {logging_mixin.py:188} INFO - [2026-02-25T23:29:02.027-0500] {dag.py:3834} INFO - Setting next_dagrun for example_setup_teardown to 2026-02-25 00:00:00+00:00, run_after=2026-02-26 00:00:00+00:00
[2026-02-25T23:29:02.043-0500] {processor.py:183} INFO - Processing /home/dawson/miniconda3/envs/snc_dev/lib/python3.9/site-packages/airflow/example_dags/example_setup_teardown.py took 0.069 seconds
[2026-02-25T23:29:55.845-0500] {processor.py:161} INFO - Started process (PID=90490) to work on /home/dawson/miniconda3/envs/snc_dev/lib/python3.9/site-packages/airflow/example_dags/example_setup_teardown.py
[2026-02-25T23:29:55.847-0500] {processor.py:830} INFO - Processing file /home/dawson/miniconda3/envs/snc_dev/lib/python3.9/site-packages/airflow/example_dags/example_setup_teardown.py for tasks to queue
[2026-02-25T23:29:55.849-0500] {logging_mixin.py:188} INFO - [2026-02-25T23:29:55.848-0500] {dagbag.py:540} INFO - Filling up the DagBag from /home/dawson/miniconda3/envs/snc_dev/lib/python3.9/site-packages/airflow/example_dags/example_setup_teardown.py
[2026-02-25T23:29:55.863-0500] {processor.py:840} INFO - DAG(s) 'example_setup_teardown' retrieved from /home/dawson/miniconda3/envs/snc_dev/lib/python3.9/site-packages/airflow/example_dags/example_setup_teardown.py
[2026-02-25T23:29:56.073-0500] {logging_mixin.py:188} INFO - [2026-02-25T23:29:56.073-0500] {dag.py:3047} INFO - Sync 1 DAGs
[2026-02-25T23:29:56.084-0500] {logging_mixin.py:188} INFO - [2026-02-25T23:29:56.084-0500] {dag.py:3834} INFO - Setting next_dagrun for example_setup_teardown to 2026-02-25 00:00:00+00:00, run_after=2026-02-26 00:00:00+00:00
[2026-02-25T23:29:56.099-0500] {processor.py:183} INFO - Processing /home/dawson/miniconda3/envs/snc_dev/lib/python3.9/site-packages/airflow/example_dags/example_setup_teardown.py took 0.260 seconds
[2026-02-25T23:30:42.028-0500] {processor.py:161} INFO - Started process (PID=90569) to work on /home/dawson/miniconda3/envs/snc_dev/lib/python3.9/site-packages/airflow/example_dags/example_setup_teardown.py
[2026-02-25T23:30:42.030-0500] {processor.py:830} INFO - Processing file /home/dawson/miniconda3/envs/snc_dev/lib/python3.9/site-packages/airflow/example_dags/example_setup_teardown.py for tasks to queue
[2026-02-25T23:30:42.031-0500] {logging_mixin.py:188} INFO - [2026-02-25T23:30:42.031-0500] {dagbag.py:540} INFO - Filling up the DagBag from /home/dawson/miniconda3/envs/snc_dev/lib/python3.9/site-packages/airflow/example_dags/example_setup_teardown.py
[2026-02-25T23:30:42.044-0500] {processor.py:840} INFO - DAG(s) 'example_setup_teardown' retrieved from /home/dawson/miniconda3/envs/snc_dev/lib/python3.9/site-packages/airflow/example_dags/example_setup_teardown.py
[2026-02-25T23:30:42.066-0500] {logging_mixin.py:188} INFO - [2026-02-25T23:30:42.066-0500] {dag.py:3047} INFO - Sync 1 DAGs
[2026-02-25T23:30:42.086-0500] {logging_mixin.py:188} INFO - [2026-02-25T23:30:42.086-0500] {dag.py:3834} INFO - Setting next_dagrun for example_setup_teardown to 2026-02-25 00:00:00+00:00, run_after=2026-02-26 00:00:00+00:00
[2026-02-25T23:30:42.104-0500] {processor.py:183} INFO - Processing /home/dawson/miniconda3/envs/snc_dev/lib/python3.9/site-packages/airflow/example_dags/example_setup_teardown.py took 0.081 seconds
[2026-02-25T23:31:36.020-0500] {processor.py:161} INFO - Started process (PID=90647) to work on /home/dawson/miniconda3/envs/snc_dev/lib/python3.9/site-packages/airflow/example_dags/example_setup_teardown.py
[2026-02-25T23:31:36.023-0500] {processor.py:830} INFO - Processing file /home/dawson/miniconda3/envs/snc_dev/lib/python3.9/site-packages/airflow/example_dags/example_setup_teardown.py for tasks to queue
[2026-02-25T23:31:36.024-0500] {logging_mixin.py:188} INFO - [2026-02-25T23:31:36.023-0500] {dagbag.py:540} INFO - Filling up the DagBag from /home/dawson/miniconda3/envs/snc_dev/lib/python3.9/site-packages/airflow/example_dags/example_setup_teardown.py
[2026-02-25T23:31:36.038-0500] {processor.py:840} INFO - DAG(s) 'example_setup_teardown' retrieved from /home/dawson/miniconda3/envs/snc_dev/lib/python3.9/site-packages/airflow/example_dags/example_setup_teardown.py
[2026-02-25T23:31:36.061-0500] {logging_mixin.py:188} INFO - [2026-02-25T23:31:36.060-0500] {dag.py:3047} INFO - Sync 1 DAGs
[2026-02-25T23:31:36.080-0500] {logging_mixin.py:188} INFO - [2026-02-25T23:31:36.080-0500] {dag.py:3834} INFO - Setting next_dagrun for example_setup_teardown to 2026-02-25 00:00:00+00:00, run_after=2026-02-26 00:00:00+00:00
[2026-02-25T23:31:36.098-0500] {processor.py:183} INFO - Processing /home/dawson/miniconda3/envs/snc_dev/lib/python3.9/site-packages/airflow/example_dags/example_setup_teardown.py took 0.084 seconds
[2026-02-25T23:32:25.362-0500] {processor.py:161} INFO - Started process (PID=91250) to work on /home/dawson/miniconda3/envs/snc_dev/lib/python3.9/site-packages/airflow/example_dags/example_setup_teardown.py
[2026-02-25T23:32:25.364-0500] {processor.py:830} INFO - Processing file /home/dawson/miniconda3/envs/snc_dev/lib/python3.9/site-packages/airflow/example_dags/example_setup_teardown.py for tasks to queue
[2026-02-25T23:32:25.366-0500] {logging_mixin.py:188} INFO - [2026-02-25T23:32:25.365-0500] {dagbag.py:540} INFO - Filling up the DagBag from /home/dawson/miniconda3/envs/snc_dev/lib/python3.9/site-packages/airflow/example_dags/example_setup_teardown.py
[2026-02-25T23:32:25.380-0500] {processor.py:840} INFO - DAG(s) 'example_setup_teardown' retrieved from /home/dawson/miniconda3/envs/snc_dev/lib/python3.9/site-packages/airflow/example_dags/example_setup_teardown.py
[2026-02-25T23:32:25.403-0500] {logging_mixin.py:188} INFO - [2026-02-25T23:32:25.403-0500] {dag.py:3047} INFO - Sync 1 DAGs
[2026-02-25T23:32:25.421-0500] {logging_mixin.py:188} INFO - [2026-02-25T23:32:25.421-0500] {dag.py:3834} INFO - Setting next_dagrun for example_setup_teardown to 2026-02-25 00:00:00+00:00, run_after=2026-02-26 00:00:00+00:00
[2026-02-25T23:32:25.439-0500] {processor.py:183} INFO - Processing /home/dawson/miniconda3/envs/snc_dev/lib/python3.9/site-packages/airflow/example_dags/example_setup_teardown.py took 0.083 seconds
[2026-02-25T23:33:14.496-0500] {processor.py:161} INFO - Started process (PID=91323) to work on /home/dawson/miniconda3/envs/snc_dev/lib/python3.9/site-packages/airflow/example_dags/example_setup_teardown.py
[2026-02-25T23:33:14.498-0500] {processor.py:830} INFO - Processing file /home/dawson/miniconda3/envs/snc_dev/lib/python3.9/site-packages/airflow/example_dags/example_setup_teardown.py for tasks to queue
[2026-02-25T23:33:14.500-0500] {logging_mixin.py:188} INFO - [2026-02-25T23:33:14.499-0500] {dagbag.py:540} INFO - Filling up the DagBag from /home/dawson/miniconda3/envs/snc_dev/lib/python3.9/site-packages/airflow/example_dags/example_setup_teardown.py
[2026-02-25T23:33:14.512-0500] {processor.py:840} INFO - DAG(s) 'example_setup_teardown' retrieved from /home/dawson/miniconda3/envs/snc_dev/lib/python3.9/site-packages/airflow/example_dags/example_setup_teardown.py
[2026-02-25T23:33:14.536-0500] {logging_mixin.py:188} INFO - [2026-02-25T23:33:14.535-0500] {dag.py:3047} INFO - Sync 1 DAGs
[2026-02-25T23:33:14.554-0500] {logging_mixin.py:188} INFO - [2026-02-25T23:33:14.553-0500] {dag.py:3834} INFO - Setting next_dagrun for example_setup_teardown to 2026-02-25 00:00:00+00:00, run_after=2026-02-26 00:00:00+00:00
[2026-02-25T23:33:14.573-0500] {processor.py:183} INFO - Processing /home/dawson/miniconda3/envs/snc_dev/lib/python3.9/site-packages/airflow/example_dags/example_setup_teardown.py took 0.082 seconds
[2026-02-25T23:33:54.702-0500] {processor.py:161} INFO - Started process (PID=91375) to work on /home/dawson/miniconda3/envs/snc_dev/lib/python3.9/site-packages/airflow/example_dags/example_setup_teardown.py
[2026-02-25T23:33:54.704-0500] {processor.py:830} INFO - Processing file /home/dawson/miniconda3/envs/snc_dev/lib/python3.9/site-packages/airflow/example_dags/example_setup_teardown.py for tasks to queue
[2026-02-25T23:33:54.705-0500] {logging_mixin.py:188} INFO - [2026-02-25T23:33:54.705-0500] {dagbag.py:540} INFO - Filling up the DagBag from /home/dawson/miniconda3/envs/snc_dev/lib/python3.9/site-packages/airflow/example_dags/example_setup_teardown.py
[2026-02-25T23:33:54.718-0500] {processor.py:840} INFO - DAG(s) 'example_setup_teardown' retrieved from /home/dawson/miniconda3/envs/snc_dev/lib/python3.9/site-packages/airflow/example_dags/example_setup_teardown.py
[2026-02-25T23:33:54.745-0500] {logging_mixin.py:188} INFO - [2026-02-25T23:33:54.744-0500] {dag.py:3047} INFO - Sync 1 DAGs
[2026-02-25T23:33:54.766-0500] {logging_mixin.py:188} INFO - [2026-02-25T23:33:54.766-0500] {dag.py:3834} INFO - Setting next_dagrun for example_setup_teardown to 2026-02-25 00:00:00+00:00, run_after=2026-02-26 00:00:00+00:00
[2026-02-25T23:33:54.784-0500] {processor.py:183} INFO - Processing /home/dawson/miniconda3/envs/snc_dev/lib/python3.9/site-packages/airflow/example_dags/example_setup_teardown.py took 0.089 seconds
[2026-02-25T23:34:45.111-0500] {processor.py:161} INFO - Started process (PID=91444) to work on /home/dawson/miniconda3/envs/snc_dev/lib/python3.9/site-packages/airflow/example_dags/example_setup_teardown.py
[2026-02-25T23:34:45.113-0500] {processor.py:830} INFO - Processing file /home/dawson/miniconda3/envs/snc_dev/lib/python3.9/site-packages/airflow/example_dags/example_setup_teardown.py for tasks to queue
[2026-02-25T23:34:45.114-0500] {logging_mixin.py:188} INFO - [2026-02-25T23:34:45.113-0500] {dagbag.py:540} INFO - Filling up the DagBag from /home/dawson/miniconda3/envs/snc_dev/lib/python3.9/site-packages/airflow/example_dags/example_setup_teardown.py
[2026-02-25T23:34:45.128-0500] {processor.py:840} INFO - DAG(s) 'example_setup_teardown' retrieved from /home/dawson/miniconda3/envs/snc_dev/lib/python3.9/site-packages/airflow/example_dags/example_setup_teardown.py
[2026-02-25T23:34:45.150-0500] {logging_mixin.py:188} INFO - [2026-02-25T23:34:45.150-0500] {dag.py:3047} INFO - Sync 1 DAGs
[2026-02-25T23:34:45.168-0500] {logging_mixin.py:188} INFO - [2026-02-25T23:34:45.168-0500] {dag.py:3834} INFO - Setting next_dagrun for example_setup_teardown to 2026-02-25 00:00:00+00:00, run_after=2026-02-26 00:00:00+00:00
[2026-02-25T23:34:45.186-0500] {processor.py:183} INFO - Processing /home/dawson/miniconda3/envs/snc_dev/lib/python3.9/site-packages/airflow/example_dags/example_setup_teardown.py took 0.081 seconds
