[2026-02-25T23:28:51.674-0500] {processor.py:161} INFO - Started process (PID=90281) to work on /home/dawson/miniconda3/envs/snc_dev/lib/python3.9/site-packages/airflow/example_dags/example_xcom.py
[2026-02-25T23:28:51.676-0500] {processor.py:830} INFO - Processing file /home/dawson/miniconda3/envs/snc_dev/lib/python3.9/site-packages/airflow/example_dags/example_xcom.py for tasks to queue
[2026-02-25T23:28:51.677-0500] {logging_mixin.py:188} INFO - [2026-02-25T23:28:51.677-0500] {dagbag.py:540} INFO - Filling up the DagBag from /home/dawson/miniconda3/envs/snc_dev/lib/python3.9/site-packages/airflow/example_dags/example_xcom.py
[2026-02-25T23:28:51.694-0500] {processor.py:840} INFO - DAG(s) 'example_xcom' retrieved from /home/dawson/miniconda3/envs/snc_dev/lib/python3.9/site-packages/airflow/example_dags/example_xcom.py
[2026-02-25T23:28:51.705-0500] {logging_mixin.py:188} INFO - [2026-02-25T23:28:51.705-0500] {dag.py:3047} INFO - Sync 1 DAGs
[2026-02-25T23:28:51.728-0500] {logging_mixin.py:188} INFO - [2026-02-25T23:28:51.728-0500] {dag.py:3834} INFO - Setting next_dagrun for example_xcom to 2021-01-01 00:00:00+00:00, run_after=2021-01-01 00:00:00+00:00
[2026-02-25T23:28:51.747-0500] {processor.py:183} INFO - Processing /home/dawson/miniconda3/envs/snc_dev/lib/python3.9/site-packages/airflow/example_dags/example_xcom.py took 0.079 seconds
[2026-02-25T23:29:41.676-0500] {processor.py:161} INFO - Started process (PID=90431) to work on /home/dawson/miniconda3/envs/snc_dev/lib/python3.9/site-packages/airflow/example_dags/example_xcom.py
[2026-02-25T23:29:41.677-0500] {processor.py:830} INFO - Processing file /home/dawson/miniconda3/envs/snc_dev/lib/python3.9/site-packages/airflow/example_dags/example_xcom.py for tasks to queue
[2026-02-25T23:29:41.679-0500] {logging_mixin.py:188} INFO - [2026-02-25T23:29:41.678-0500] {dagbag.py:540} INFO - Filling up the DagBag from /home/dawson/miniconda3/envs/snc_dev/lib/python3.9/site-packages/airflow/example_dags/example_xcom.py
[2026-02-25T23:29:41.691-0500] {processor.py:840} INFO - DAG(s) 'example_xcom' retrieved from /home/dawson/miniconda3/envs/snc_dev/lib/python3.9/site-packages/airflow/example_dags/example_xcom.py
[2026-02-25T23:29:41.905-0500] {logging_mixin.py:188} INFO - [2026-02-25T23:29:41.905-0500] {dag.py:3047} INFO - Sync 1 DAGs
[2026-02-25T23:29:41.914-0500] {logging_mixin.py:188} INFO - [2026-02-25T23:29:41.914-0500] {dag.py:3834} INFO - Setting next_dagrun for example_xcom to 2021-01-01 00:00:00+00:00, run_after=2021-01-01 00:00:00+00:00
[2026-02-25T23:29:41.928-0500] {processor.py:183} INFO - Processing /home/dawson/miniconda3/envs/snc_dev/lib/python3.9/site-packages/airflow/example_dags/example_xcom.py took 0.261 seconds
[2026-02-25T23:30:25.706-0500] {processor.py:161} INFO - Started process (PID=90543) to work on /home/dawson/miniconda3/envs/snc_dev/lib/python3.9/site-packages/airflow/example_dags/example_xcom.py
[2026-02-25T23:30:25.708-0500] {processor.py:830} INFO - Processing file /home/dawson/miniconda3/envs/snc_dev/lib/python3.9/site-packages/airflow/example_dags/example_xcom.py for tasks to queue
[2026-02-25T23:30:25.709-0500] {logging_mixin.py:188} INFO - [2026-02-25T23:30:25.709-0500] {dagbag.py:540} INFO - Filling up the DagBag from /home/dawson/miniconda3/envs/snc_dev/lib/python3.9/site-packages/airflow/example_dags/example_xcom.py
[2026-02-25T23:30:25.721-0500] {processor.py:840} INFO - DAG(s) 'example_xcom' retrieved from /home/dawson/miniconda3/envs/snc_dev/lib/python3.9/site-packages/airflow/example_dags/example_xcom.py
[2026-02-25T23:30:25.743-0500] {logging_mixin.py:188} INFO - [2026-02-25T23:30:25.743-0500] {dag.py:3047} INFO - Sync 1 DAGs
[2026-02-25T23:30:25.760-0500] {logging_mixin.py:188} INFO - [2026-02-25T23:30:25.760-0500] {dag.py:3834} INFO - Setting next_dagrun for example_xcom to 2021-01-01 00:00:00+00:00, run_after=2021-01-01 00:00:00+00:00
[2026-02-25T23:30:25.781-0500] {processor.py:183} INFO - Processing /home/dawson/miniconda3/envs/snc_dev/lib/python3.9/site-packages/airflow/example_dags/example_xcom.py took 0.080 seconds
[2026-02-25T23:31:15.879-0500] {processor.py:161} INFO - Started process (PID=90615) to work on /home/dawson/miniconda3/envs/snc_dev/lib/python3.9/site-packages/airflow/example_dags/example_xcom.py
[2026-02-25T23:31:15.881-0500] {processor.py:830} INFO - Processing file /home/dawson/miniconda3/envs/snc_dev/lib/python3.9/site-packages/airflow/example_dags/example_xcom.py for tasks to queue
[2026-02-25T23:31:15.882-0500] {logging_mixin.py:188} INFO - [2026-02-25T23:31:15.881-0500] {dagbag.py:540} INFO - Filling up the DagBag from /home/dawson/miniconda3/envs/snc_dev/lib/python3.9/site-packages/airflow/example_dags/example_xcom.py
[2026-02-25T23:31:15.895-0500] {processor.py:840} INFO - DAG(s) 'example_xcom' retrieved from /home/dawson/miniconda3/envs/snc_dev/lib/python3.9/site-packages/airflow/example_dags/example_xcom.py
[2026-02-25T23:31:15.918-0500] {logging_mixin.py:188} INFO - [2026-02-25T23:31:15.917-0500] {dag.py:3047} INFO - Sync 1 DAGs
[2026-02-25T23:31:15.938-0500] {logging_mixin.py:188} INFO - [2026-02-25T23:31:15.937-0500] {dag.py:3834} INFO - Setting next_dagrun for example_xcom to 2021-01-01 00:00:00+00:00, run_after=2021-01-01 00:00:00+00:00
[2026-02-25T23:31:15.957-0500] {processor.py:183} INFO - Processing /home/dawson/miniconda3/envs/snc_dev/lib/python3.9/site-packages/airflow/example_dags/example_xcom.py took 0.085 seconds
[2026-02-25T23:31:56.316-0500] {processor.py:161} INFO - Started process (PID=90685) to work on /home/dawson/miniconda3/envs/snc_dev/lib/python3.9/site-packages/airflow/example_dags/example_xcom.py
[2026-02-25T23:31:56.318-0500] {processor.py:830} INFO - Processing file /home/dawson/miniconda3/envs/snc_dev/lib/python3.9/site-packages/airflow/example_dags/example_xcom.py for tasks to queue
[2026-02-25T23:31:56.319-0500] {logging_mixin.py:188} INFO - [2026-02-25T23:31:56.319-0500] {dagbag.py:540} INFO - Filling up the DagBag from /home/dawson/miniconda3/envs/snc_dev/lib/python3.9/site-packages/airflow/example_dags/example_xcom.py
[2026-02-25T23:31:56.333-0500] {processor.py:840} INFO - DAG(s) 'example_xcom' retrieved from /home/dawson/miniconda3/envs/snc_dev/lib/python3.9/site-packages/airflow/example_dags/example_xcom.py
[2026-02-25T23:31:56.359-0500] {logging_mixin.py:188} INFO - [2026-02-25T23:31:56.358-0500] {dag.py:3047} INFO - Sync 1 DAGs
[2026-02-25T23:31:56.376-0500] {logging_mixin.py:188} INFO - [2026-02-25T23:31:56.376-0500] {dag.py:3834} INFO - Setting next_dagrun for example_xcom to 2021-01-01 00:00:00+00:00, run_after=2021-01-01 00:00:00+00:00
[2026-02-25T23:31:56.395-0500] {processor.py:183} INFO - Processing /home/dawson/miniconda3/envs/snc_dev/lib/python3.9/site-packages/airflow/example_dags/example_xcom.py took 0.085 seconds
[2026-02-25T23:32:45.882-0500] {processor.py:161} INFO - Started process (PID=91279) to work on /home/dawson/miniconda3/envs/snc_dev/lib/python3.9/site-packages/airflow/example_dags/example_xcom.py
[2026-02-25T23:32:45.884-0500] {processor.py:830} INFO - Processing file /home/dawson/miniconda3/envs/snc_dev/lib/python3.9/site-packages/airflow/example_dags/example_xcom.py for tasks to queue
[2026-02-25T23:32:45.886-0500] {logging_mixin.py:188} INFO - [2026-02-25T23:32:45.885-0500] {dagbag.py:540} INFO - Filling up the DagBag from /home/dawson/miniconda3/envs/snc_dev/lib/python3.9/site-packages/airflow/example_dags/example_xcom.py
[2026-02-25T23:32:45.900-0500] {processor.py:840} INFO - DAG(s) 'example_xcom' retrieved from /home/dawson/miniconda3/envs/snc_dev/lib/python3.9/site-packages/airflow/example_dags/example_xcom.py
[2026-02-25T23:32:45.924-0500] {logging_mixin.py:188} INFO - [2026-02-25T23:32:45.923-0500] {dag.py:3047} INFO - Sync 1 DAGs
[2026-02-25T23:32:45.944-0500] {logging_mixin.py:188} INFO - [2026-02-25T23:32:45.944-0500] {dag.py:3834} INFO - Setting next_dagrun for example_xcom to 2021-01-01 00:00:00+00:00, run_after=2021-01-01 00:00:00+00:00
[2026-02-25T23:32:45.962-0500] {processor.py:183} INFO - Processing /home/dawson/miniconda3/envs/snc_dev/lib/python3.9/site-packages/airflow/example_dags/example_xcom.py took 0.086 seconds
[2026-02-25T23:33:37.259-0500] {processor.py:161} INFO - Started process (PID=91350) to work on /home/dawson/miniconda3/envs/snc_dev/lib/python3.9/site-packages/airflow/example_dags/example_xcom.py
[2026-02-25T23:33:37.261-0500] {processor.py:830} INFO - Processing file /home/dawson/miniconda3/envs/snc_dev/lib/python3.9/site-packages/airflow/example_dags/example_xcom.py for tasks to queue
[2026-02-25T23:33:37.263-0500] {logging_mixin.py:188} INFO - [2026-02-25T23:33:37.262-0500] {dagbag.py:540} INFO - Filling up the DagBag from /home/dawson/miniconda3/envs/snc_dev/lib/python3.9/site-packages/airflow/example_dags/example_xcom.py
[2026-02-25T23:33:37.276-0500] {processor.py:840} INFO - DAG(s) 'example_xcom' retrieved from /home/dawson/miniconda3/envs/snc_dev/lib/python3.9/site-packages/airflow/example_dags/example_xcom.py
[2026-02-25T23:33:37.300-0500] {logging_mixin.py:188} INFO - [2026-02-25T23:33:37.300-0500] {dag.py:3047} INFO - Sync 1 DAGs
[2026-02-25T23:33:37.322-0500] {logging_mixin.py:188} INFO - [2026-02-25T23:33:37.321-0500] {dag.py:3834} INFO - Setting next_dagrun for example_xcom to 2021-01-01 00:00:00+00:00, run_after=2021-01-01 00:00:00+00:00
[2026-02-25T23:33:37.342-0500] {processor.py:183} INFO - Processing /home/dawson/miniconda3/envs/snc_dev/lib/python3.9/site-packages/airflow/example_dags/example_xcom.py took 0.089 seconds
[2026-02-25T23:34:26.134-0500] {processor.py:161} INFO - Started process (PID=91418) to work on /home/dawson/miniconda3/envs/snc_dev/lib/python3.9/site-packages/airflow/example_dags/example_xcom.py
[2026-02-25T23:34:26.137-0500] {processor.py:830} INFO - Processing file /home/dawson/miniconda3/envs/snc_dev/lib/python3.9/site-packages/airflow/example_dags/example_xcom.py for tasks to queue
[2026-02-25T23:34:26.138-0500] {logging_mixin.py:188} INFO - [2026-02-25T23:34:26.138-0500] {dagbag.py:540} INFO - Filling up the DagBag from /home/dawson/miniconda3/envs/snc_dev/lib/python3.9/site-packages/airflow/example_dags/example_xcom.py
[2026-02-25T23:34:26.151-0500] {processor.py:840} INFO - DAG(s) 'example_xcom' retrieved from /home/dawson/miniconda3/envs/snc_dev/lib/python3.9/site-packages/airflow/example_dags/example_xcom.py
[2026-02-25T23:34:26.174-0500] {logging_mixin.py:188} INFO - [2026-02-25T23:34:26.174-0500] {dag.py:3047} INFO - Sync 1 DAGs
[2026-02-25T23:34:26.192-0500] {logging_mixin.py:188} INFO - [2026-02-25T23:34:26.192-0500] {dag.py:3834} INFO - Setting next_dagrun for example_xcom to 2021-01-01 00:00:00+00:00, run_after=2021-01-01 00:00:00+00:00
[2026-02-25T23:34:26.209-0500] {processor.py:183} INFO - Processing /home/dawson/miniconda3/envs/snc_dev/lib/python3.9/site-packages/airflow/example_dags/example_xcom.py took 0.080 seconds
