[2026-02-25T23:28:50.139-0500] {processor.py:161} INFO - Started process (PID=90279) to work on /home/dawson/miniconda3/envs/snc_dev/lib/python3.9/site-packages/airflow/example_dags/tutorial.py
[2026-02-25T23:28:50.141-0500] {processor.py:830} INFO - Processing file /home/dawson/miniconda3/envs/snc_dev/lib/python3.9/site-packages/airflow/example_dags/tutorial.py for tasks to queue
[2026-02-25T23:28:50.142-0500] {logging_mixin.py:188} INFO - [2026-02-25T23:28:50.141-0500] {dagbag.py:540} INFO - Filling up the DagBag from /home/dawson/miniconda3/envs/snc_dev/lib/python3.9/site-packages/airflow/example_dags/tutorial.py
[2026-02-25T23:28:50.160-0500] {processor.py:840} INFO - DAG(s) 'tutorial' retrieved from /home/dawson/miniconda3/envs/snc_dev/lib/python3.9/site-packages/airflow/example_dags/tutorial.py
[2026-02-25T23:28:50.171-0500] {logging_mixin.py:188} INFO - [2026-02-25T23:28:50.171-0500] {dag.py:3047} INFO - Sync 1 DAGs
[2026-02-25T23:28:50.191-0500] {logging_mixin.py:188} INFO - [2026-02-25T23:28:50.191-0500] {dag.py:3834} INFO - Setting next_dagrun for tutorial to 2026-02-25 00:00:00+00:00, run_after=2026-02-26 00:00:00+00:00
[2026-02-25T23:28:50.208-0500] {processor.py:183} INFO - Processing /home/dawson/miniconda3/envs/snc_dev/lib/python3.9/site-packages/airflow/example_dags/tutorial.py took 0.075 seconds
[2026-02-25T23:29:39.812-0500] {processor.py:161} INFO - Started process (PID=90427) to work on /home/dawson/miniconda3/envs/snc_dev/lib/python3.9/site-packages/airflow/example_dags/tutorial.py
[2026-02-25T23:29:39.814-0500] {processor.py:830} INFO - Processing file /home/dawson/miniconda3/envs/snc_dev/lib/python3.9/site-packages/airflow/example_dags/tutorial.py for tasks to queue
[2026-02-25T23:29:39.815-0500] {logging_mixin.py:188} INFO - [2026-02-25T23:29:39.814-0500] {dagbag.py:540} INFO - Filling up the DagBag from /home/dawson/miniconda3/envs/snc_dev/lib/python3.9/site-packages/airflow/example_dags/tutorial.py
[2026-02-25T23:29:39.826-0500] {processor.py:840} INFO - DAG(s) 'tutorial' retrieved from /home/dawson/miniconda3/envs/snc_dev/lib/python3.9/site-packages/airflow/example_dags/tutorial.py
[2026-02-25T23:29:40.014-0500] {logging_mixin.py:188} INFO - [2026-02-25T23:29:40.014-0500] {dag.py:3047} INFO - Sync 1 DAGs
[2026-02-25T23:29:40.024-0500] {logging_mixin.py:188} INFO - [2026-02-25T23:29:40.024-0500] {dag.py:3834} INFO - Setting next_dagrun for tutorial to 2026-02-25 00:00:00+00:00, run_after=2026-02-26 00:00:00+00:00
[2026-02-25T23:29:40.037-0500] {processor.py:183} INFO - Processing /home/dawson/miniconda3/envs/snc_dev/lib/python3.9/site-packages/airflow/example_dags/tutorial.py took 0.232 seconds
[2026-02-25T23:30:23.414-0500] {processor.py:161} INFO - Started process (PID=90540) to work on /home/dawson/miniconda3/envs/snc_dev/lib/python3.9/site-packages/airflow/example_dags/tutorial.py
[2026-02-25T23:30:23.416-0500] {processor.py:830} INFO - Processing file /home/dawson/miniconda3/envs/snc_dev/lib/python3.9/site-packages/airflow/example_dags/tutorial.py for tasks to queue
[2026-02-25T23:30:23.417-0500] {logging_mixin.py:188} INFO - [2026-02-25T23:30:23.416-0500] {dagbag.py:540} INFO - Filling up the DagBag from /home/dawson/miniconda3/envs/snc_dev/lib/python3.9/site-packages/airflow/example_dags/tutorial.py
[2026-02-25T23:30:23.428-0500] {processor.py:840} INFO - DAG(s) 'tutorial' retrieved from /home/dawson/miniconda3/envs/snc_dev/lib/python3.9/site-packages/airflow/example_dags/tutorial.py
[2026-02-25T23:30:23.450-0500] {logging_mixin.py:188} INFO - [2026-02-25T23:30:23.450-0500] {dag.py:3047} INFO - Sync 1 DAGs
[2026-02-25T23:30:23.468-0500] {logging_mixin.py:188} INFO - [2026-02-25T23:30:23.468-0500] {dag.py:3834} INFO - Setting next_dagrun for tutorial to 2026-02-25 00:00:00+00:00, run_after=2026-02-26 00:00:00+00:00
[2026-02-25T23:30:23.486-0500] {processor.py:183} INFO - Processing /home/dawson/miniconda3/envs/snc_dev/lib/python3.9/site-packages/airflow/example_dags/tutorial.py took 0.079 seconds
[2026-02-25T23:31:15.321-0500] {processor.py:161} INFO - Started process (PID=90613) to work on /home/dawson/miniconda3/envs/snc_dev/lib/python3.9/site-packages/airflow/example_dags/tutorial.py
[2026-02-25T23:31:15.323-0500] {processor.py:830} INFO - Processing file /home/dawson/miniconda3/envs/snc_dev/lib/python3.9/site-packages/airflow/example_dags/tutorial.py for tasks to queue
[2026-02-25T23:31:15.324-0500] {logging_mixin.py:188} INFO - [2026-02-25T23:31:15.323-0500] {dagbag.py:540} INFO - Filling up the DagBag from /home/dawson/miniconda3/envs/snc_dev/lib/python3.9/site-packages/airflow/example_dags/tutorial.py
[2026-02-25T23:31:15.337-0500] {processor.py:840} INFO - DAG(s) 'tutorial' retrieved from /home/dawson/miniconda3/envs/snc_dev/lib/python3.9/site-packages/airflow/example_dags/tutorial.py
[2026-02-25T23:31:15.359-0500] {logging_mixin.py:188} INFO - [2026-02-25T23:31:15.359-0500] {dag.py:3047} INFO - Sync 1 DAGs
[2026-02-25T23:31:15.379-0500] {logging_mixin.py:188} INFO - [2026-02-25T23:31:15.379-0500] {dag.py:3834} INFO - Setting next_dagrun for tutorial to 2026-02-25 00:00:00+00:00, run_after=2026-02-26 00:00:00+00:00
[2026-02-25T23:31:15.398-0500] {processor.py:183} INFO - Processing /home/dawson/miniconda3/envs/snc_dev/lib/python3.9/site-packages/airflow/example_dags/tutorial.py took 0.084 seconds
[2026-02-25T23:31:54.448-0500] {processor.py:161} INFO - Started process (PID=90683) to work on /home/dawson/miniconda3/envs/snc_dev/lib/python3.9/site-packages/airflow/example_dags/tutorial.py
[2026-02-25T23:31:54.452-0500] {processor.py:830} INFO - Processing file /home/dawson/miniconda3/envs/snc_dev/lib/python3.9/site-packages/airflow/example_dags/tutorial.py for tasks to queue
[2026-02-25T23:31:54.454-0500] {logging_mixin.py:188} INFO - [2026-02-25T23:31:54.453-0500] {dagbag.py:540} INFO - Filling up the DagBag from /home/dawson/miniconda3/envs/snc_dev/lib/python3.9/site-packages/airflow/example_dags/tutorial.py
[2026-02-25T23:31:54.466-0500] {processor.py:840} INFO - DAG(s) 'tutorial' retrieved from /home/dawson/miniconda3/envs/snc_dev/lib/python3.9/site-packages/airflow/example_dags/tutorial.py
[2026-02-25T23:31:54.488-0500] {logging_mixin.py:188} INFO - [2026-02-25T23:31:54.488-0500] {dag.py:3047} INFO - Sync 1 DAGs
[2026-02-25T23:31:54.507-0500] {logging_mixin.py:188} INFO - [2026-02-25T23:31:54.507-0500] {dag.py:3834} INFO - Setting next_dagrun for tutorial to 2026-02-25 00:00:00+00:00, run_after=2026-02-26 00:00:00+00:00
[2026-02-25T23:31:54.526-0500] {processor.py:183} INFO - Processing /home/dawson/miniconda3/envs/snc_dev/lib/python3.9/site-packages/airflow/example_dags/tutorial.py took 0.084 seconds
[2026-02-25T23:32:43.578-0500] {processor.py:161} INFO - Started process (PID=91277) to work on /home/dawson/miniconda3/envs/snc_dev/lib/python3.9/site-packages/airflow/example_dags/tutorial.py
[2026-02-25T23:32:43.580-0500] {processor.py:830} INFO - Processing file /home/dawson/miniconda3/envs/snc_dev/lib/python3.9/site-packages/airflow/example_dags/tutorial.py for tasks to queue
[2026-02-25T23:32:43.582-0500] {logging_mixin.py:188} INFO - [2026-02-25T23:32:43.581-0500] {dagbag.py:540} INFO - Filling up the DagBag from /home/dawson/miniconda3/envs/snc_dev/lib/python3.9/site-packages/airflow/example_dags/tutorial.py
[2026-02-25T23:32:43.594-0500] {processor.py:840} INFO - DAG(s) 'tutorial' retrieved from /home/dawson/miniconda3/envs/snc_dev/lib/python3.9/site-packages/airflow/example_dags/tutorial.py
[2026-02-25T23:32:43.616-0500] {logging_mixin.py:188} INFO - [2026-02-25T23:32:43.616-0500] {dag.py:3047} INFO - Sync 1 DAGs
[2026-02-25T23:32:43.635-0500] {logging_mixin.py:188} INFO - [2026-02-25T23:32:43.635-0500] {dag.py:3834} INFO - Setting next_dagrun for tutorial to 2026-02-25 00:00:00+00:00, run_after=2026-02-26 00:00:00+00:00
[2026-02-25T23:32:43.652-0500] {processor.py:183} INFO - Processing /home/dawson/miniconda3/envs/snc_dev/lib/python3.9/site-packages/airflow/example_dags/tutorial.py took 0.080 seconds
[2026-02-25T23:33:35.090-0500] {processor.py:161} INFO - Started process (PID=91348) to work on /home/dawson/miniconda3/envs/snc_dev/lib/python3.9/site-packages/airflow/example_dags/tutorial.py
[2026-02-25T23:33:35.092-0500] {processor.py:830} INFO - Processing file /home/dawson/miniconda3/envs/snc_dev/lib/python3.9/site-packages/airflow/example_dags/tutorial.py for tasks to queue
[2026-02-25T23:33:35.094-0500] {logging_mixin.py:188} INFO - [2026-02-25T23:33:35.093-0500] {dagbag.py:540} INFO - Filling up the DagBag from /home/dawson/miniconda3/envs/snc_dev/lib/python3.9/site-packages/airflow/example_dags/tutorial.py
[2026-02-25T23:33:35.106-0500] {processor.py:840} INFO - DAG(s) 'tutorial' retrieved from /home/dawson/miniconda3/envs/snc_dev/lib/python3.9/site-packages/airflow/example_dags/tutorial.py
[2026-02-25T23:33:35.129-0500] {logging_mixin.py:188} INFO - [2026-02-25T23:33:35.129-0500] {dag.py:3047} INFO - Sync 1 DAGs
[2026-02-25T23:33:35.149-0500] {logging_mixin.py:188} INFO - [2026-02-25T23:33:35.149-0500] {dag.py:3834} INFO - Setting next_dagrun for tutorial to 2026-02-25 00:00:00+00:00, run_after=2026-02-26 00:00:00+00:00
[2026-02-25T23:33:35.167-0500] {processor.py:183} INFO - Processing /home/dawson/miniconda3/envs/snc_dev/lib/python3.9/site-packages/airflow/example_dags/tutorial.py took 0.084 seconds
[2026-02-25T23:34:23.843-0500] {processor.py:161} INFO - Started process (PID=91416) to work on /home/dawson/miniconda3/envs/snc_dev/lib/python3.9/site-packages/airflow/example_dags/tutorial.py
[2026-02-25T23:34:23.845-0500] {processor.py:830} INFO - Processing file /home/dawson/miniconda3/envs/snc_dev/lib/python3.9/site-packages/airflow/example_dags/tutorial.py for tasks to queue
[2026-02-25T23:34:23.846-0500] {logging_mixin.py:188} INFO - [2026-02-25T23:34:23.846-0500] {dagbag.py:540} INFO - Filling up the DagBag from /home/dawson/miniconda3/envs/snc_dev/lib/python3.9/site-packages/airflow/example_dags/tutorial.py
[2026-02-25T23:34:23.858-0500] {processor.py:840} INFO - DAG(s) 'tutorial' retrieved from /home/dawson/miniconda3/envs/snc_dev/lib/python3.9/site-packages/airflow/example_dags/tutorial.py
[2026-02-25T23:34:23.880-0500] {logging_mixin.py:188} INFO - [2026-02-25T23:34:23.879-0500] {dag.py:3047} INFO - Sync 1 DAGs
[2026-02-25T23:34:23.897-0500] {logging_mixin.py:188} INFO - [2026-02-25T23:34:23.897-0500] {dag.py:3834} INFO - Setting next_dagrun for tutorial to 2026-02-25 00:00:00+00:00, run_after=2026-02-26 00:00:00+00:00
[2026-02-25T23:34:23.914-0500] {processor.py:183} INFO - Processing /home/dawson/miniconda3/envs/snc_dev/lib/python3.9/site-packages/airflow/example_dags/tutorial.py took 0.077 seconds
