[2026-02-25T23:28:48.990-0500] {processor.py:161} INFO - Started process (PID=90277) to work on /home/dawson/miniconda3/envs/snc_dev/lib/python3.9/site-packages/airflow/example_dags/tutorial_dag.py
[2026-02-25T23:28:48.992-0500] {processor.py:830} INFO - Processing file /home/dawson/miniconda3/envs/snc_dev/lib/python3.9/site-packages/airflow/example_dags/tutorial_dag.py for tasks to queue
[2026-02-25T23:28:48.993-0500] {logging_mixin.py:188} INFO - [2026-02-25T23:28:48.993-0500] {dagbag.py:540} INFO - Filling up the DagBag from /home/dawson/miniconda3/envs/snc_dev/lib/python3.9/site-packages/airflow/example_dags/tutorial_dag.py
[2026-02-25T23:28:49.009-0500] {processor.py:840} INFO - DAG(s) 'tutorial_dag' retrieved from /home/dawson/miniconda3/envs/snc_dev/lib/python3.9/site-packages/airflow/example_dags/tutorial_dag.py
[2026-02-25T23:28:49.021-0500] {logging_mixin.py:188} INFO - [2026-02-25T23:28:49.021-0500] {dag.py:3047} INFO - Sync 1 DAGs
[2026-02-25T23:28:49.035-0500] {logging_mixin.py:188} INFO - [2026-02-25T23:28:49.034-0500] {dag.py:3834} INFO - Setting next_dagrun for tutorial_dag to None, run_after=None
[2026-02-25T23:28:49.052-0500] {processor.py:183} INFO - Processing /home/dawson/miniconda3/envs/snc_dev/lib/python3.9/site-packages/airflow/example_dags/tutorial_dag.py took 0.068 seconds
[2026-02-25T23:29:38.456-0500] {processor.py:161} INFO - Started process (PID=90425) to work on /home/dawson/miniconda3/envs/snc_dev/lib/python3.9/site-packages/airflow/example_dags/tutorial_dag.py
[2026-02-25T23:29:38.458-0500] {processor.py:830} INFO - Processing file /home/dawson/miniconda3/envs/snc_dev/lib/python3.9/site-packages/airflow/example_dags/tutorial_dag.py for tasks to queue
[2026-02-25T23:29:38.460-0500] {logging_mixin.py:188} INFO - [2026-02-25T23:29:38.459-0500] {dagbag.py:540} INFO - Filling up the DagBag from /home/dawson/miniconda3/envs/snc_dev/lib/python3.9/site-packages/airflow/example_dags/tutorial_dag.py
[2026-02-25T23:29:38.470-0500] {processor.py:840} INFO - DAG(s) 'tutorial_dag' retrieved from /home/dawson/miniconda3/envs/snc_dev/lib/python3.9/site-packages/airflow/example_dags/tutorial_dag.py
[2026-02-25T23:29:38.690-0500] {logging_mixin.py:188} INFO - [2026-02-25T23:29:38.690-0500] {dag.py:3047} INFO - Sync 1 DAGs
[2026-02-25T23:29:38.696-0500] {logging_mixin.py:188} INFO - [2026-02-25T23:29:38.696-0500] {dag.py:3834} INFO - Setting next_dagrun for tutorial_dag to None, run_after=None
[2026-02-25T23:29:38.711-0500] {processor.py:183} INFO - Processing /home/dawson/miniconda3/envs/snc_dev/lib/python3.9/site-packages/airflow/example_dags/tutorial_dag.py took 0.260 seconds
[2026-02-25T23:30:22.946-0500] {processor.py:161} INFO - Started process (PID=90539) to work on /home/dawson/miniconda3/envs/snc_dev/lib/python3.9/site-packages/airflow/example_dags/tutorial_dag.py
[2026-02-25T23:30:22.948-0500] {processor.py:830} INFO - Processing file /home/dawson/miniconda3/envs/snc_dev/lib/python3.9/site-packages/airflow/example_dags/tutorial_dag.py for tasks to queue
[2026-02-25T23:30:22.950-0500] {logging_mixin.py:188} INFO - [2026-02-25T23:30:22.949-0500] {dagbag.py:540} INFO - Filling up the DagBag from /home/dawson/miniconda3/envs/snc_dev/lib/python3.9/site-packages/airflow/example_dags/tutorial_dag.py
[2026-02-25T23:30:22.959-0500] {processor.py:840} INFO - DAG(s) 'tutorial_dag' retrieved from /home/dawson/miniconda3/envs/snc_dev/lib/python3.9/site-packages/airflow/example_dags/tutorial_dag.py
[2026-02-25T23:30:22.983-0500] {logging_mixin.py:188} INFO - [2026-02-25T23:30:22.983-0500] {dag.py:3047} INFO - Sync 1 DAGs
[2026-02-25T23:30:22.995-0500] {logging_mixin.py:188} INFO - [2026-02-25T23:30:22.995-0500] {dag.py:3834} INFO - Setting next_dagrun for tutorial_dag to None, run_after=None
[2026-02-25T23:30:23.012-0500] {processor.py:183} INFO - Processing /home/dawson/miniconda3/envs/snc_dev/lib/python3.9/site-packages/airflow/example_dags/tutorial_dag.py took 0.072 seconds
[2026-02-25T23:31:14.172-0500] {processor.py:161} INFO - Started process (PID=90610) to work on /home/dawson/miniconda3/envs/snc_dev/lib/python3.9/site-packages/airflow/example_dags/tutorial_dag.py
[2026-02-25T23:31:14.174-0500] {processor.py:830} INFO - Processing file /home/dawson/miniconda3/envs/snc_dev/lib/python3.9/site-packages/airflow/example_dags/tutorial_dag.py for tasks to queue
[2026-02-25T23:31:14.175-0500] {logging_mixin.py:188} INFO - [2026-02-25T23:31:14.175-0500] {dagbag.py:540} INFO - Filling up the DagBag from /home/dawson/miniconda3/envs/snc_dev/lib/python3.9/site-packages/airflow/example_dags/tutorial_dag.py
[2026-02-25T23:31:14.185-0500] {processor.py:840} INFO - DAG(s) 'tutorial_dag' retrieved from /home/dawson/miniconda3/envs/snc_dev/lib/python3.9/site-packages/airflow/example_dags/tutorial_dag.py
[2026-02-25T23:31:14.209-0500] {logging_mixin.py:188} INFO - [2026-02-25T23:31:14.209-0500] {dag.py:3047} INFO - Sync 1 DAGs
[2026-02-25T23:31:14.222-0500] {logging_mixin.py:188} INFO - [2026-02-25T23:31:14.222-0500] {dag.py:3834} INFO - Setting next_dagrun for tutorial_dag to None, run_after=None
[2026-02-25T23:31:14.241-0500] {processor.py:183} INFO - Processing /home/dawson/miniconda3/envs/snc_dev/lib/python3.9/site-packages/airflow/example_dags/tutorial_dag.py took 0.075 seconds
[2026-02-25T23:31:53.301-0500] {processor.py:161} INFO - Started process (PID=90682) to work on /home/dawson/miniconda3/envs/snc_dev/lib/python3.9/site-packages/airflow/example_dags/tutorial_dag.py
[2026-02-25T23:31:53.303-0500] {processor.py:830} INFO - Processing file /home/dawson/miniconda3/envs/snc_dev/lib/python3.9/site-packages/airflow/example_dags/tutorial_dag.py for tasks to queue
[2026-02-25T23:31:53.305-0500] {logging_mixin.py:188} INFO - [2026-02-25T23:31:53.304-0500] {dagbag.py:540} INFO - Filling up the DagBag from /home/dawson/miniconda3/envs/snc_dev/lib/python3.9/site-packages/airflow/example_dags/tutorial_dag.py
[2026-02-25T23:31:53.315-0500] {processor.py:840} INFO - DAG(s) 'tutorial_dag' retrieved from /home/dawson/miniconda3/envs/snc_dev/lib/python3.9/site-packages/airflow/example_dags/tutorial_dag.py
[2026-02-25T23:31:53.337-0500] {logging_mixin.py:188} INFO - [2026-02-25T23:31:53.337-0500] {dag.py:3047} INFO - Sync 1 DAGs
[2026-02-25T23:31:53.348-0500] {logging_mixin.py:188} INFO - [2026-02-25T23:31:53.347-0500] {dag.py:3834} INFO - Setting next_dagrun for tutorial_dag to None, run_after=None
[2026-02-25T23:31:53.367-0500] {processor.py:183} INFO - Processing /home/dawson/miniconda3/envs/snc_dev/lib/python3.9/site-packages/airflow/example_dags/tutorial_dag.py took 0.072 seconds
[2026-02-25T23:32:42.426-0500] {processor.py:161} INFO - Started process (PID=91276) to work on /home/dawson/miniconda3/envs/snc_dev/lib/python3.9/site-packages/airflow/example_dags/tutorial_dag.py
[2026-02-25T23:32:42.428-0500] {processor.py:830} INFO - Processing file /home/dawson/miniconda3/envs/snc_dev/lib/python3.9/site-packages/airflow/example_dags/tutorial_dag.py for tasks to queue
[2026-02-25T23:32:42.429-0500] {logging_mixin.py:188} INFO - [2026-02-25T23:32:42.429-0500] {dagbag.py:540} INFO - Filling up the DagBag from /home/dawson/miniconda3/envs/snc_dev/lib/python3.9/site-packages/airflow/example_dags/tutorial_dag.py
[2026-02-25T23:32:42.439-0500] {processor.py:840} INFO - DAG(s) 'tutorial_dag' retrieved from /home/dawson/miniconda3/envs/snc_dev/lib/python3.9/site-packages/airflow/example_dags/tutorial_dag.py
[2026-02-25T23:32:42.467-0500] {logging_mixin.py:188} INFO - [2026-02-25T23:32:42.467-0500] {dag.py:3047} INFO - Sync 1 DAGs
[2026-02-25T23:32:42.480-0500] {logging_mixin.py:188} INFO - [2026-02-25T23:32:42.480-0500] {dag.py:3834} INFO - Setting next_dagrun for tutorial_dag to None, run_after=None
[2026-02-25T23:32:42.498-0500] {processor.py:183} INFO - Processing /home/dawson/miniconda3/envs/snc_dev/lib/python3.9/site-packages/airflow/example_dags/tutorial_dag.py took 0.078 seconds
[2026-02-25T23:33:34.521-0500] {processor.py:161} INFO - Started process (PID=91347) to work on /home/dawson/miniconda3/envs/snc_dev/lib/python3.9/site-packages/airflow/example_dags/tutorial_dag.py
[2026-02-25T23:33:34.522-0500] {processor.py:830} INFO - Processing file /home/dawson/miniconda3/envs/snc_dev/lib/python3.9/site-packages/airflow/example_dags/tutorial_dag.py for tasks to queue
[2026-02-25T23:33:34.524-0500] {logging_mixin.py:188} INFO - [2026-02-25T23:33:34.523-0500] {dagbag.py:540} INFO - Filling up the DagBag from /home/dawson/miniconda3/envs/snc_dev/lib/python3.9/site-packages/airflow/example_dags/tutorial_dag.py
[2026-02-25T23:33:34.534-0500] {processor.py:840} INFO - DAG(s) 'tutorial_dag' retrieved from /home/dawson/miniconda3/envs/snc_dev/lib/python3.9/site-packages/airflow/example_dags/tutorial_dag.py
[2026-02-25T23:33:34.558-0500] {logging_mixin.py:188} INFO - [2026-02-25T23:33:34.558-0500] {dag.py:3047} INFO - Sync 1 DAGs
[2026-02-25T23:33:34.570-0500] {logging_mixin.py:188} INFO - [2026-02-25T23:33:34.569-0500] {dag.py:3834} INFO - Setting next_dagrun for tutorial_dag to None, run_after=None
[2026-02-25T23:33:34.592-0500] {processor.py:183} INFO - Processing /home/dawson/miniconda3/envs/snc_dev/lib/python3.9/site-packages/airflow/example_dags/tutorial_dag.py took 0.077 seconds
[2026-02-25T23:34:22.699-0500] {processor.py:161} INFO - Started process (PID=91413) to work on /home/dawson/miniconda3/envs/snc_dev/lib/python3.9/site-packages/airflow/example_dags/tutorial_dag.py
[2026-02-25T23:34:22.701-0500] {processor.py:830} INFO - Processing file /home/dawson/miniconda3/envs/snc_dev/lib/python3.9/site-packages/airflow/example_dags/tutorial_dag.py for tasks to queue
[2026-02-25T23:34:22.702-0500] {logging_mixin.py:188} INFO - [2026-02-25T23:34:22.702-0500] {dagbag.py:540} INFO - Filling up the DagBag from /home/dawson/miniconda3/envs/snc_dev/lib/python3.9/site-packages/airflow/example_dags/tutorial_dag.py
[2026-02-25T23:34:22.713-0500] {processor.py:840} INFO - DAG(s) 'tutorial_dag' retrieved from /home/dawson/miniconda3/envs/snc_dev/lib/python3.9/site-packages/airflow/example_dags/tutorial_dag.py
[2026-02-25T23:34:22.736-0500] {logging_mixin.py:188} INFO - [2026-02-25T23:34:22.735-0500] {dag.py:3047} INFO - Sync 1 DAGs
[2026-02-25T23:34:22.749-0500] {logging_mixin.py:188} INFO - [2026-02-25T23:34:22.748-0500] {dag.py:3834} INFO - Setting next_dagrun for tutorial_dag to None, run_after=None
[2026-02-25T23:34:22.769-0500] {processor.py:183} INFO - Processing /home/dawson/miniconda3/envs/snc_dev/lib/python3.9/site-packages/airflow/example_dags/tutorial_dag.py took 0.076 seconds
[2026-02-25T23:34:57.573-0500] {processor.py:161} INFO - Started process (PID=91465) to work on /home/dawson/miniconda3/envs/snc_dev/lib/python3.9/site-packages/airflow/example_dags/tutorial_dag.py
[2026-02-25T23:34:57.575-0500] {processor.py:830} INFO - Processing file /home/dawson/miniconda3/envs/snc_dev/lib/python3.9/site-packages/airflow/example_dags/tutorial_dag.py for tasks to queue
[2026-02-25T23:34:57.576-0500] {logging_mixin.py:188} INFO - [2026-02-25T23:34:57.576-0500] {dagbag.py:540} INFO - Filling up the DagBag from /home/dawson/miniconda3/envs/snc_dev/lib/python3.9/site-packages/airflow/example_dags/tutorial_dag.py
[2026-02-25T23:34:57.586-0500] {processor.py:840} INFO - DAG(s) 'tutorial_dag' retrieved from /home/dawson/miniconda3/envs/snc_dev/lib/python3.9/site-packages/airflow/example_dags/tutorial_dag.py
[2026-02-25T23:34:57.610-0500] {logging_mixin.py:188} INFO - [2026-02-25T23:34:57.610-0500] {dag.py:3047} INFO - Sync 1 DAGs
[2026-02-25T23:34:57.622-0500] {logging_mixin.py:188} INFO - [2026-02-25T23:34:57.621-0500] {dag.py:3834} INFO - Setting next_dagrun for tutorial_dag to None, run_after=None
[2026-02-25T23:34:57.641-0500] {processor.py:183} INFO - Processing /home/dawson/miniconda3/envs/snc_dev/lib/python3.9/site-packages/airflow/example_dags/tutorial_dag.py took 0.074 seconds
