[2026-02-25T23:28:46.671-0500] {processor.py:161} INFO - Started process (PID=90275) to work on /home/dawson/miniconda3/envs/snc_dev/lib/python3.9/site-packages/airflow/example_dags/tutorial_taskflow_api.py
[2026-02-25T23:28:46.673-0500] {processor.py:830} INFO - Processing file /home/dawson/miniconda3/envs/snc_dev/lib/python3.9/site-packages/airflow/example_dags/tutorial_taskflow_api.py for tasks to queue
[2026-02-25T23:28:46.674-0500] {logging_mixin.py:188} INFO - [2026-02-25T23:28:46.674-0500] {dagbag.py:540} INFO - Filling up the DagBag from /home/dawson/miniconda3/envs/snc_dev/lib/python3.9/site-packages/airflow/example_dags/tutorial_taskflow_api.py
[2026-02-25T23:28:46.686-0500] {processor.py:840} INFO - DAG(s) 'tutorial_taskflow_api' retrieved from /home/dawson/miniconda3/envs/snc_dev/lib/python3.9/site-packages/airflow/example_dags/tutorial_taskflow_api.py
[2026-02-25T23:28:46.700-0500] {logging_mixin.py:188} INFO - [2026-02-25T23:28:46.700-0500] {dag.py:3047} INFO - Sync 1 DAGs
[2026-02-25T23:28:46.714-0500] {logging_mixin.py:188} INFO - [2026-02-25T23:28:46.714-0500] {dag.py:3834} INFO - Setting next_dagrun for tutorial_taskflow_api to None, run_after=None
[2026-02-25T23:28:46.733-0500] {processor.py:183} INFO - Processing /home/dawson/miniconda3/envs/snc_dev/lib/python3.9/site-packages/airflow/example_dags/tutorial_taskflow_api.py took 0.067 seconds
[2026-02-25T23:29:35.765-0500] {processor.py:161} INFO - Started process (PID=90422) to work on /home/dawson/miniconda3/envs/snc_dev/lib/python3.9/site-packages/airflow/example_dags/tutorial_taskflow_api.py
[2026-02-25T23:29:35.767-0500] {processor.py:830} INFO - Processing file /home/dawson/miniconda3/envs/snc_dev/lib/python3.9/site-packages/airflow/example_dags/tutorial_taskflow_api.py for tasks to queue
[2026-02-25T23:29:35.769-0500] {logging_mixin.py:188} INFO - [2026-02-25T23:29:35.768-0500] {dagbag.py:540} INFO - Filling up the DagBag from /home/dawson/miniconda3/envs/snc_dev/lib/python3.9/site-packages/airflow/example_dags/tutorial_taskflow_api.py
[2026-02-25T23:29:35.781-0500] {processor.py:840} INFO - DAG(s) 'tutorial_taskflow_api' retrieved from /home/dawson/miniconda3/envs/snc_dev/lib/python3.9/site-packages/airflow/example_dags/tutorial_taskflow_api.py
[2026-02-25T23:29:36.002-0500] {logging_mixin.py:188} INFO - [2026-02-25T23:29:36.002-0500] {dag.py:3047} INFO - Sync 1 DAGs
[2026-02-25T23:29:36.009-0500] {logging_mixin.py:188} INFO - [2026-02-25T23:29:36.008-0500] {dag.py:3834} INFO - Setting next_dagrun for tutorial_taskflow_api to None, run_after=None
[2026-02-25T23:29:36.024-0500] {processor.py:183} INFO - Processing /home/dawson/miniconda3/envs/snc_dev/lib/python3.9/site-packages/airflow/example_dags/tutorial_taskflow_api.py took 0.264 seconds
[2026-02-25T23:30:20.649-0500] {processor.py:161} INFO - Started process (PID=90536) to work on /home/dawson/miniconda3/envs/snc_dev/lib/python3.9/site-packages/airflow/example_dags/tutorial_taskflow_api.py
[2026-02-25T23:30:20.651-0500] {processor.py:830} INFO - Processing file /home/dawson/miniconda3/envs/snc_dev/lib/python3.9/site-packages/airflow/example_dags/tutorial_taskflow_api.py for tasks to queue
[2026-02-25T23:30:20.653-0500] {logging_mixin.py:188} INFO - [2026-02-25T23:30:20.652-0500] {dagbag.py:540} INFO - Filling up the DagBag from /home/dawson/miniconda3/envs/snc_dev/lib/python3.9/site-packages/airflow/example_dags/tutorial_taskflow_api.py
[2026-02-25T23:30:20.664-0500] {processor.py:840} INFO - DAG(s) 'tutorial_taskflow_api' retrieved from /home/dawson/miniconda3/envs/snc_dev/lib/python3.9/site-packages/airflow/example_dags/tutorial_taskflow_api.py
[2026-02-25T23:30:20.686-0500] {logging_mixin.py:188} INFO - [2026-02-25T23:30:20.685-0500] {dag.py:3047} INFO - Sync 1 DAGs
[2026-02-25T23:30:20.697-0500] {logging_mixin.py:188} INFO - [2026-02-25T23:30:20.697-0500] {dag.py:3834} INFO - Setting next_dagrun for tutorial_taskflow_api to None, run_after=None
[2026-02-25T23:30:20.713-0500] {processor.py:183} INFO - Processing /home/dawson/miniconda3/envs/snc_dev/lib/python3.9/site-packages/airflow/example_dags/tutorial_taskflow_api.py took 0.070 seconds
[2026-02-25T23:31:11.880-0500] {processor.py:161} INFO - Started process (PID=90608) to work on /home/dawson/miniconda3/envs/snc_dev/lib/python3.9/site-packages/airflow/example_dags/tutorial_taskflow_api.py
[2026-02-25T23:31:11.883-0500] {processor.py:830} INFO - Processing file /home/dawson/miniconda3/envs/snc_dev/lib/python3.9/site-packages/airflow/example_dags/tutorial_taskflow_api.py for tasks to queue
[2026-02-25T23:31:11.885-0500] {logging_mixin.py:188} INFO - [2026-02-25T23:31:11.884-0500] {dagbag.py:540} INFO - Filling up the DagBag from /home/dawson/miniconda3/envs/snc_dev/lib/python3.9/site-packages/airflow/example_dags/tutorial_taskflow_api.py
[2026-02-25T23:31:11.896-0500] {processor.py:840} INFO - DAG(s) 'tutorial_taskflow_api' retrieved from /home/dawson/miniconda3/envs/snc_dev/lib/python3.9/site-packages/airflow/example_dags/tutorial_taskflow_api.py
[2026-02-25T23:31:11.921-0500] {logging_mixin.py:188} INFO - [2026-02-25T23:31:11.921-0500] {dag.py:3047} INFO - Sync 1 DAGs
[2026-02-25T23:31:11.933-0500] {logging_mixin.py:188} INFO - [2026-02-25T23:31:11.933-0500] {dag.py:3834} INFO - Setting next_dagrun for tutorial_taskflow_api to None, run_after=None
[2026-02-25T23:31:11.951-0500] {processor.py:183} INFO - Processing /home/dawson/miniconda3/envs/snc_dev/lib/python3.9/site-packages/airflow/example_dags/tutorial_taskflow_api.py took 0.077 seconds
[2026-02-25T23:31:51.018-0500] {processor.py:161} INFO - Started process (PID=90668) to work on /home/dawson/miniconda3/envs/snc_dev/lib/python3.9/site-packages/airflow/example_dags/tutorial_taskflow_api.py
[2026-02-25T23:31:51.020-0500] {processor.py:830} INFO - Processing file /home/dawson/miniconda3/envs/snc_dev/lib/python3.9/site-packages/airflow/example_dags/tutorial_taskflow_api.py for tasks to queue
[2026-02-25T23:31:51.022-0500] {logging_mixin.py:188} INFO - [2026-02-25T23:31:51.021-0500] {dagbag.py:540} INFO - Filling up the DagBag from /home/dawson/miniconda3/envs/snc_dev/lib/python3.9/site-packages/airflow/example_dags/tutorial_taskflow_api.py
[2026-02-25T23:31:51.032-0500] {processor.py:840} INFO - DAG(s) 'tutorial_taskflow_api' retrieved from /home/dawson/miniconda3/envs/snc_dev/lib/python3.9/site-packages/airflow/example_dags/tutorial_taskflow_api.py
[2026-02-25T23:31:51.054-0500] {logging_mixin.py:188} INFO - [2026-02-25T23:31:51.054-0500] {dag.py:3047} INFO - Sync 1 DAGs
[2026-02-25T23:31:51.065-0500] {logging_mixin.py:188} INFO - [2026-02-25T23:31:51.065-0500] {dag.py:3834} INFO - Setting next_dagrun for tutorial_taskflow_api to None, run_after=None
[2026-02-25T23:31:51.085-0500] {processor.py:183} INFO - Processing /home/dawson/miniconda3/envs/snc_dev/lib/python3.9/site-packages/airflow/example_dags/tutorial_taskflow_api.py took 0.072 seconds
[2026-02-25T23:32:23.067-0500] {processor.py:161} INFO - Started process (PID=91247) to work on /home/dawson/miniconda3/envs/snc_dev/lib/python3.9/site-packages/airflow/example_dags/tutorial_taskflow_api.py
[2026-02-25T23:32:23.069-0500] {processor.py:830} INFO - Processing file /home/dawson/miniconda3/envs/snc_dev/lib/python3.9/site-packages/airflow/example_dags/tutorial_taskflow_api.py for tasks to queue
[2026-02-25T23:32:23.070-0500] {logging_mixin.py:188} INFO - [2026-02-25T23:32:23.070-0500] {dagbag.py:540} INFO - Filling up the DagBag from /home/dawson/miniconda3/envs/snc_dev/lib/python3.9/site-packages/airflow/example_dags/tutorial_taskflow_api.py
[2026-02-25T23:32:23.083-0500] {processor.py:840} INFO - DAG(s) 'tutorial_taskflow_api' retrieved from /home/dawson/miniconda3/envs/snc_dev/lib/python3.9/site-packages/airflow/example_dags/tutorial_taskflow_api.py
[2026-02-25T23:32:23.105-0500] {logging_mixin.py:188} INFO - [2026-02-25T23:32:23.105-0500] {dag.py:3047} INFO - Sync 1 DAGs
[2026-02-25T23:32:23.116-0500] {logging_mixin.py:188} INFO - [2026-02-25T23:32:23.116-0500] {dag.py:3834} INFO - Setting next_dagrun for tutorial_taskflow_api to None, run_after=None
[2026-02-25T23:32:23.133-0500] {processor.py:183} INFO - Processing /home/dawson/miniconda3/envs/snc_dev/lib/python3.9/site-packages/airflow/example_dags/tutorial_taskflow_api.py took 0.071 seconds
[2026-02-25T23:32:56.182-0500] {processor.py:161} INFO - Started process (PID=91297) to work on /home/dawson/miniconda3/envs/snc_dev/lib/python3.9/site-packages/airflow/example_dags/tutorial_taskflow_api.py
[2026-02-25T23:32:56.185-0500] {processor.py:830} INFO - Processing file /home/dawson/miniconda3/envs/snc_dev/lib/python3.9/site-packages/airflow/example_dags/tutorial_taskflow_api.py for tasks to queue
[2026-02-25T23:32:56.186-0500] {logging_mixin.py:188} INFO - [2026-02-25T23:32:56.186-0500] {dagbag.py:540} INFO - Filling up the DagBag from /home/dawson/miniconda3/envs/snc_dev/lib/python3.9/site-packages/airflow/example_dags/tutorial_taskflow_api.py
[2026-02-25T23:32:56.199-0500] {processor.py:840} INFO - DAG(s) 'tutorial_taskflow_api' retrieved from /home/dawson/miniconda3/envs/snc_dev/lib/python3.9/site-packages/airflow/example_dags/tutorial_taskflow_api.py
[2026-02-25T23:32:56.223-0500] {logging_mixin.py:188} INFO - [2026-02-25T23:32:56.222-0500] {dag.py:3047} INFO - Sync 1 DAGs
[2026-02-25T23:32:56.236-0500] {logging_mixin.py:188} INFO - [2026-02-25T23:32:56.235-0500] {dag.py:3834} INFO - Setting next_dagrun for tutorial_taskflow_api to None, run_after=None
[2026-02-25T23:32:56.253-0500] {processor.py:183} INFO - Processing /home/dawson/miniconda3/envs/snc_dev/lib/python3.9/site-packages/airflow/example_dags/tutorial_taskflow_api.py took 0.077 seconds
[2026-02-25T23:33:32.232-0500] {processor.py:161} INFO - Started process (PID=91344) to work on /home/dawson/miniconda3/envs/snc_dev/lib/python3.9/site-packages/airflow/example_dags/tutorial_taskflow_api.py
[2026-02-25T23:33:32.235-0500] {processor.py:830} INFO - Processing file /home/dawson/miniconda3/envs/snc_dev/lib/python3.9/site-packages/airflow/example_dags/tutorial_taskflow_api.py for tasks to queue
[2026-02-25T23:33:32.236-0500] {logging_mixin.py:188} INFO - [2026-02-25T23:33:32.236-0500] {dagbag.py:540} INFO - Filling up the DagBag from /home/dawson/miniconda3/envs/snc_dev/lib/python3.9/site-packages/airflow/example_dags/tutorial_taskflow_api.py
[2026-02-25T23:33:32.249-0500] {processor.py:840} INFO - DAG(s) 'tutorial_taskflow_api' retrieved from /home/dawson/miniconda3/envs/snc_dev/lib/python3.9/site-packages/airflow/example_dags/tutorial_taskflow_api.py
[2026-02-25T23:33:32.276-0500] {logging_mixin.py:188} INFO - [2026-02-25T23:33:32.276-0500] {dag.py:3047} INFO - Sync 1 DAGs
[2026-02-25T23:33:32.289-0500] {logging_mixin.py:188} INFO - [2026-02-25T23:33:32.288-0500] {dag.py:3834} INFO - Setting next_dagrun for tutorial_taskflow_api to None, run_after=None
[2026-02-25T23:33:32.308-0500] {processor.py:183} INFO - Processing /home/dawson/miniconda3/envs/snc_dev/lib/python3.9/site-packages/airflow/example_dags/tutorial_taskflow_api.py took 0.085 seconds
[2026-02-25T23:34:05.560-0500] {processor.py:161} INFO - Started process (PID=91390) to work on /home/dawson/miniconda3/envs/snc_dev/lib/python3.9/site-packages/airflow/example_dags/tutorial_taskflow_api.py
[2026-02-25T23:34:05.562-0500] {processor.py:830} INFO - Processing file /home/dawson/miniconda3/envs/snc_dev/lib/python3.9/site-packages/airflow/example_dags/tutorial_taskflow_api.py for tasks to queue
[2026-02-25T23:34:05.563-0500] {logging_mixin.py:188} INFO - [2026-02-25T23:34:05.562-0500] {dagbag.py:540} INFO - Filling up the DagBag from /home/dawson/miniconda3/envs/snc_dev/lib/python3.9/site-packages/airflow/example_dags/tutorial_taskflow_api.py
[2026-02-25T23:34:05.574-0500] {processor.py:840} INFO - DAG(s) 'tutorial_taskflow_api' retrieved from /home/dawson/miniconda3/envs/snc_dev/lib/python3.9/site-packages/airflow/example_dags/tutorial_taskflow_api.py
[2026-02-25T23:34:05.597-0500] {logging_mixin.py:188} INFO - [2026-02-25T23:34:05.597-0500] {dag.py:3047} INFO - Sync 1 DAGs
[2026-02-25T23:34:05.608-0500] {logging_mixin.py:188} INFO - [2026-02-25T23:34:05.608-0500] {dag.py:3834} INFO - Setting next_dagrun for tutorial_taskflow_api to None, run_after=None
[2026-02-25T23:34:05.626-0500] {processor.py:183} INFO - Processing /home/dawson/miniconda3/envs/snc_dev/lib/python3.9/site-packages/airflow/example_dags/tutorial_taskflow_api.py took 0.073 seconds
[2026-02-25T23:34:38.599-0500] {processor.py:161} INFO - Started process (PID=91434) to work on /home/dawson/miniconda3/envs/snc_dev/lib/python3.9/site-packages/airflow/example_dags/tutorial_taskflow_api.py
[2026-02-25T23:34:38.601-0500] {processor.py:830} INFO - Processing file /home/dawson/miniconda3/envs/snc_dev/lib/python3.9/site-packages/airflow/example_dags/tutorial_taskflow_api.py for tasks to queue
[2026-02-25T23:34:38.602-0500] {logging_mixin.py:188} INFO - [2026-02-25T23:34:38.602-0500] {dagbag.py:540} INFO - Filling up the DagBag from /home/dawson/miniconda3/envs/snc_dev/lib/python3.9/site-packages/airflow/example_dags/tutorial_taskflow_api.py
[2026-02-25T23:34:38.612-0500] {processor.py:840} INFO - DAG(s) 'tutorial_taskflow_api' retrieved from /home/dawson/miniconda3/envs/snc_dev/lib/python3.9/site-packages/airflow/example_dags/tutorial_taskflow_api.py
[2026-02-25T23:34:38.636-0500] {logging_mixin.py:188} INFO - [2026-02-25T23:34:38.636-0500] {dag.py:3047} INFO - Sync 1 DAGs
[2026-02-25T23:34:38.648-0500] {logging_mixin.py:188} INFO - [2026-02-25T23:34:38.648-0500] {dag.py:3834} INFO - Setting next_dagrun for tutorial_taskflow_api to None, run_after=None
[2026-02-25T23:34:38.666-0500] {processor.py:183} INFO - Processing /home/dawson/miniconda3/envs/snc_dev/lib/python3.9/site-packages/airflow/example_dags/tutorial_taskflow_api.py took 0.072 seconds
