[2026-02-25T23:28:47.844-0500] {processor.py:161} INFO - Started process (PID=90276) to work on /home/dawson/miniconda3/envs/snc_dev/lib/python3.9/site-packages/airflow/example_dags/tutorial_objectstorage.py
[2026-02-25T23:28:47.845-0500] {processor.py:830} INFO - Processing file /home/dawson/miniconda3/envs/snc_dev/lib/python3.9/site-packages/airflow/example_dags/tutorial_objectstorage.py for tasks to queue
[2026-02-25T23:28:47.848-0500] {logging_mixin.py:188} INFO - [2026-02-25T23:28:47.846-0500] {dagbag.py:540} INFO - Filling up the DagBag from /home/dawson/miniconda3/envs/snc_dev/lib/python3.9/site-packages/airflow/example_dags/tutorial_objectstorage.py
[2026-02-25T23:28:47.865-0500] {processor.py:840} INFO - DAG(s) 'tutorial_objectstorage' retrieved from /home/dawson/miniconda3/envs/snc_dev/lib/python3.9/site-packages/airflow/example_dags/tutorial_objectstorage.py
[2026-02-25T23:28:47.876-0500] {logging_mixin.py:188} INFO - [2026-02-25T23:28:47.876-0500] {dag.py:3047} INFO - Sync 1 DAGs
[2026-02-25T23:28:47.888-0500] {logging_mixin.py:188} INFO - [2026-02-25T23:28:47.888-0500] {dag.py:3834} INFO - Setting next_dagrun for tutorial_objectstorage to None, run_after=None
[2026-02-25T23:28:47.904-0500] {processor.py:183} INFO - Processing /home/dawson/miniconda3/envs/snc_dev/lib/python3.9/site-packages/airflow/example_dags/tutorial_objectstorage.py took 0.065 seconds
[2026-02-25T23:29:37.112-0500] {processor.py:161} INFO - Started process (PID=90424) to work on /home/dawson/miniconda3/envs/snc_dev/lib/python3.9/site-packages/airflow/example_dags/tutorial_objectstorage.py
[2026-02-25T23:29:37.114-0500] {processor.py:830} INFO - Processing file /home/dawson/miniconda3/envs/snc_dev/lib/python3.9/site-packages/airflow/example_dags/tutorial_objectstorage.py for tasks to queue
[2026-02-25T23:29:37.116-0500] {logging_mixin.py:188} INFO - [2026-02-25T23:29:37.115-0500] {dagbag.py:540} INFO - Filling up the DagBag from /home/dawson/miniconda3/envs/snc_dev/lib/python3.9/site-packages/airflow/example_dags/tutorial_objectstorage.py
[2026-02-25T23:29:37.128-0500] {processor.py:840} INFO - DAG(s) 'tutorial_objectstorage' retrieved from /home/dawson/miniconda3/envs/snc_dev/lib/python3.9/site-packages/airflow/example_dags/tutorial_objectstorage.py
[2026-02-25T23:29:37.329-0500] {logging_mixin.py:188} INFO - [2026-02-25T23:29:37.329-0500] {dag.py:3047} INFO - Sync 1 DAGs
[2026-02-25T23:29:37.335-0500] {logging_mixin.py:188} INFO - [2026-02-25T23:29:37.335-0500] {dag.py:3834} INFO - Setting next_dagrun for tutorial_objectstorage to None, run_after=None
[2026-02-25T23:29:37.349-0500] {processor.py:183} INFO - Processing /home/dawson/miniconda3/envs/snc_dev/lib/python3.9/site-packages/airflow/example_dags/tutorial_objectstorage.py took 0.242 seconds
[2026-02-25T23:30:21.803-0500] {processor.py:161} INFO - Started process (PID=90537) to work on /home/dawson/miniconda3/envs/snc_dev/lib/python3.9/site-packages/airflow/example_dags/tutorial_objectstorage.py
[2026-02-25T23:30:21.805-0500] {processor.py:830} INFO - Processing file /home/dawson/miniconda3/envs/snc_dev/lib/python3.9/site-packages/airflow/example_dags/tutorial_objectstorage.py for tasks to queue
[2026-02-25T23:30:21.807-0500] {logging_mixin.py:188} INFO - [2026-02-25T23:30:21.806-0500] {dagbag.py:540} INFO - Filling up the DagBag from /home/dawson/miniconda3/envs/snc_dev/lib/python3.9/site-packages/airflow/example_dags/tutorial_objectstorage.py
[2026-02-25T23:30:21.820-0500] {processor.py:840} INFO - DAG(s) 'tutorial_objectstorage' retrieved from /home/dawson/miniconda3/envs/snc_dev/lib/python3.9/site-packages/airflow/example_dags/tutorial_objectstorage.py
[2026-02-25T23:30:21.842-0500] {logging_mixin.py:188} INFO - [2026-02-25T23:30:21.841-0500] {dag.py:3047} INFO - Sync 1 DAGs
[2026-02-25T23:30:21.853-0500] {logging_mixin.py:188} INFO - [2026-02-25T23:30:21.853-0500] {dag.py:3834} INFO - Setting next_dagrun for tutorial_objectstorage to None, run_after=None
[2026-02-25T23:30:21.871-0500] {processor.py:183} INFO - Processing /home/dawson/miniconda3/envs/snc_dev/lib/python3.9/site-packages/airflow/example_dags/tutorial_objectstorage.py took 0.073 seconds
[2026-02-25T23:31:13.027-0500] {processor.py:161} INFO - Started process (PID=90609) to work on /home/dawson/miniconda3/envs/snc_dev/lib/python3.9/site-packages/airflow/example_dags/tutorial_objectstorage.py
[2026-02-25T23:31:13.029-0500] {processor.py:830} INFO - Processing file /home/dawson/miniconda3/envs/snc_dev/lib/python3.9/site-packages/airflow/example_dags/tutorial_objectstorage.py for tasks to queue
[2026-02-25T23:31:13.031-0500] {logging_mixin.py:188} INFO - [2026-02-25T23:31:13.030-0500] {dagbag.py:540} INFO - Filling up the DagBag from /home/dawson/miniconda3/envs/snc_dev/lib/python3.9/site-packages/airflow/example_dags/tutorial_objectstorage.py
[2026-02-25T23:31:13.044-0500] {processor.py:840} INFO - DAG(s) 'tutorial_objectstorage' retrieved from /home/dawson/miniconda3/envs/snc_dev/lib/python3.9/site-packages/airflow/example_dags/tutorial_objectstorage.py
[2026-02-25T23:31:13.067-0500] {logging_mixin.py:188} INFO - [2026-02-25T23:31:13.067-0500] {dag.py:3047} INFO - Sync 1 DAGs
[2026-02-25T23:31:13.079-0500] {logging_mixin.py:188} INFO - [2026-02-25T23:31:13.078-0500] {dag.py:3834} INFO - Setting next_dagrun for tutorial_objectstorage to None, run_after=None
[2026-02-25T23:31:13.095-0500] {processor.py:183} INFO - Processing /home/dawson/miniconda3/envs/snc_dev/lib/python3.9/site-packages/airflow/example_dags/tutorial_objectstorage.py took 0.074 seconds
[2026-02-25T23:31:52.150-0500] {processor.py:161} INFO - Started process (PID=90673) to work on /home/dawson/miniconda3/envs/snc_dev/lib/python3.9/site-packages/airflow/example_dags/tutorial_objectstorage.py
[2026-02-25T23:31:52.152-0500] {processor.py:830} INFO - Processing file /home/dawson/miniconda3/envs/snc_dev/lib/python3.9/site-packages/airflow/example_dags/tutorial_objectstorage.py for tasks to queue
[2026-02-25T23:31:52.154-0500] {logging_mixin.py:188} INFO - [2026-02-25T23:31:52.153-0500] {dagbag.py:540} INFO - Filling up the DagBag from /home/dawson/miniconda3/envs/snc_dev/lib/python3.9/site-packages/airflow/example_dags/tutorial_objectstorage.py
[2026-02-25T23:31:52.168-0500] {processor.py:840} INFO - DAG(s) 'tutorial_objectstorage' retrieved from /home/dawson/miniconda3/envs/snc_dev/lib/python3.9/site-packages/airflow/example_dags/tutorial_objectstorage.py
[2026-02-25T23:31:52.189-0500] {logging_mixin.py:188} INFO - [2026-02-25T23:31:52.189-0500] {dag.py:3047} INFO - Sync 1 DAGs
[2026-02-25T23:31:52.201-0500] {logging_mixin.py:188} INFO - [2026-02-25T23:31:52.201-0500] {dag.py:3834} INFO - Setting next_dagrun for tutorial_objectstorage to None, run_after=None
[2026-02-25T23:31:52.220-0500] {processor.py:183} INFO - Processing /home/dawson/miniconda3/envs/snc_dev/lib/python3.9/site-packages/airflow/example_dags/tutorial_objectstorage.py took 0.076 seconds
[2026-02-25T23:32:24.218-0500] {processor.py:161} INFO - Started process (PID=91249) to work on /home/dawson/miniconda3/envs/snc_dev/lib/python3.9/site-packages/airflow/example_dags/tutorial_objectstorage.py
[2026-02-25T23:32:24.220-0500] {processor.py:830} INFO - Processing file /home/dawson/miniconda3/envs/snc_dev/lib/python3.9/site-packages/airflow/example_dags/tutorial_objectstorage.py for tasks to queue
[2026-02-25T23:32:24.221-0500] {logging_mixin.py:188} INFO - [2026-02-25T23:32:24.221-0500] {dagbag.py:540} INFO - Filling up the DagBag from /home/dawson/miniconda3/envs/snc_dev/lib/python3.9/site-packages/airflow/example_dags/tutorial_objectstorage.py
[2026-02-25T23:32:24.235-0500] {processor.py:840} INFO - DAG(s) 'tutorial_objectstorage' retrieved from /home/dawson/miniconda3/envs/snc_dev/lib/python3.9/site-packages/airflow/example_dags/tutorial_objectstorage.py
[2026-02-25T23:32:24.256-0500] {logging_mixin.py:188} INFO - [2026-02-25T23:32:24.256-0500] {dag.py:3047} INFO - Sync 1 DAGs
[2026-02-25T23:32:24.268-0500] {logging_mixin.py:188} INFO - [2026-02-25T23:32:24.268-0500] {dag.py:3834} INFO - Setting next_dagrun for tutorial_objectstorage to None, run_after=None
[2026-02-25T23:32:24.285-0500] {processor.py:183} INFO - Processing /home/dawson/miniconda3/envs/snc_dev/lib/python3.9/site-packages/airflow/example_dags/tutorial_objectstorage.py took 0.073 seconds
[2026-02-25T23:32:57.183-0500] {processor.py:161} INFO - Started process (PID=91300) to work on /home/dawson/miniconda3/envs/snc_dev/lib/python3.9/site-packages/airflow/example_dags/tutorial_objectstorage.py
[2026-02-25T23:32:57.185-0500] {processor.py:830} INFO - Processing file /home/dawson/miniconda3/envs/snc_dev/lib/python3.9/site-packages/airflow/example_dags/tutorial_objectstorage.py for tasks to queue
[2026-02-25T23:32:57.187-0500] {logging_mixin.py:188} INFO - [2026-02-25T23:32:57.187-0500] {dagbag.py:540} INFO - Filling up the DagBag from /home/dawson/miniconda3/envs/snc_dev/lib/python3.9/site-packages/airflow/example_dags/tutorial_objectstorage.py
[2026-02-25T23:32:57.200-0500] {processor.py:840} INFO - DAG(s) 'tutorial_objectstorage' retrieved from /home/dawson/miniconda3/envs/snc_dev/lib/python3.9/site-packages/airflow/example_dags/tutorial_objectstorage.py
[2026-02-25T23:32:57.223-0500] {logging_mixin.py:188} INFO - [2026-02-25T23:32:57.223-0500] {dag.py:3047} INFO - Sync 1 DAGs
[2026-02-25T23:32:57.234-0500] {logging_mixin.py:188} INFO - [2026-02-25T23:32:57.234-0500] {dag.py:3834} INFO - Setting next_dagrun for tutorial_objectstorage to None, run_after=None
[2026-02-25T23:32:57.252-0500] {processor.py:183} INFO - Processing /home/dawson/miniconda3/envs/snc_dev/lib/python3.9/site-packages/airflow/example_dags/tutorial_objectstorage.py took 0.076 seconds
[2026-02-25T23:33:33.373-0500] {processor.py:161} INFO - Started process (PID=91346) to work on /home/dawson/miniconda3/envs/snc_dev/lib/python3.9/site-packages/airflow/example_dags/tutorial_objectstorage.py
[2026-02-25T23:33:33.375-0500] {processor.py:830} INFO - Processing file /home/dawson/miniconda3/envs/snc_dev/lib/python3.9/site-packages/airflow/example_dags/tutorial_objectstorage.py for tasks to queue
[2026-02-25T23:33:33.377-0500] {logging_mixin.py:188} INFO - [2026-02-25T23:33:33.376-0500] {dagbag.py:540} INFO - Filling up the DagBag from /home/dawson/miniconda3/envs/snc_dev/lib/python3.9/site-packages/airflow/example_dags/tutorial_objectstorage.py
[2026-02-25T23:33:33.391-0500] {processor.py:840} INFO - DAG(s) 'tutorial_objectstorage' retrieved from /home/dawson/miniconda3/envs/snc_dev/lib/python3.9/site-packages/airflow/example_dags/tutorial_objectstorage.py
[2026-02-25T23:33:33.417-0500] {logging_mixin.py:188} INFO - [2026-02-25T23:33:33.417-0500] {dag.py:3047} INFO - Sync 1 DAGs
[2026-02-25T23:33:33.431-0500] {logging_mixin.py:188} INFO - [2026-02-25T23:33:33.431-0500] {dag.py:3834} INFO - Setting next_dagrun for tutorial_objectstorage to None, run_after=None
[2026-02-25T23:33:33.449-0500] {processor.py:183} INFO - Processing /home/dawson/miniconda3/envs/snc_dev/lib/python3.9/site-packages/airflow/example_dags/tutorial_objectstorage.py took 0.082 seconds
[2026-02-25T23:34:21.574-0500] {processor.py:161} INFO - Started process (PID=91412) to work on /home/dawson/miniconda3/envs/snc_dev/lib/python3.9/site-packages/airflow/example_dags/tutorial_objectstorage.py
[2026-02-25T23:34:21.576-0500] {processor.py:830} INFO - Processing file /home/dawson/miniconda3/envs/snc_dev/lib/python3.9/site-packages/airflow/example_dags/tutorial_objectstorage.py for tasks to queue
[2026-02-25T23:34:21.577-0500] {logging_mixin.py:188} INFO - [2026-02-25T23:34:21.576-0500] {dagbag.py:540} INFO - Filling up the DagBag from /home/dawson/miniconda3/envs/snc_dev/lib/python3.9/site-packages/airflow/example_dags/tutorial_objectstorage.py
[2026-02-25T23:34:21.589-0500] {processor.py:840} INFO - DAG(s) 'tutorial_objectstorage' retrieved from /home/dawson/miniconda3/envs/snc_dev/lib/python3.9/site-packages/airflow/example_dags/tutorial_objectstorage.py
[2026-02-25T23:34:21.614-0500] {logging_mixin.py:188} INFO - [2026-02-25T23:34:21.613-0500] {dag.py:3047} INFO - Sync 1 DAGs
[2026-02-25T23:34:21.626-0500] {logging_mixin.py:188} INFO - [2026-02-25T23:34:21.625-0500] {dag.py:3834} INFO - Setting next_dagrun for tutorial_objectstorage to None, run_after=None
[2026-02-25T23:34:21.643-0500] {processor.py:183} INFO - Processing /home/dawson/miniconda3/envs/snc_dev/lib/python3.9/site-packages/airflow/example_dags/tutorial_objectstorage.py took 0.075 seconds
[2026-02-25T23:34:56.428-0500] {processor.py:161} INFO - Started process (PID=91462) to work on /home/dawson/miniconda3/envs/snc_dev/lib/python3.9/site-packages/airflow/example_dags/tutorial_objectstorage.py
[2026-02-25T23:34:56.430-0500] {processor.py:830} INFO - Processing file /home/dawson/miniconda3/envs/snc_dev/lib/python3.9/site-packages/airflow/example_dags/tutorial_objectstorage.py for tasks to queue
[2026-02-25T23:34:56.431-0500] {logging_mixin.py:188} INFO - [2026-02-25T23:34:56.430-0500] {dagbag.py:540} INFO - Filling up the DagBag from /home/dawson/miniconda3/envs/snc_dev/lib/python3.9/site-packages/airflow/example_dags/tutorial_objectstorage.py
[2026-02-25T23:34:56.443-0500] {processor.py:840} INFO - DAG(s) 'tutorial_objectstorage' retrieved from /home/dawson/miniconda3/envs/snc_dev/lib/python3.9/site-packages/airflow/example_dags/tutorial_objectstorage.py
[2026-02-25T23:34:56.466-0500] {logging_mixin.py:188} INFO - [2026-02-25T23:34:56.465-0500] {dag.py:3047} INFO - Sync 1 DAGs
[2026-02-25T23:34:56.476-0500] {logging_mixin.py:188} INFO - [2026-02-25T23:34:56.476-0500] {dag.py:3834} INFO - Setting next_dagrun for tutorial_objectstorage to None, run_after=None
[2026-02-25T23:34:56.495-0500] {processor.py:183} INFO - Processing /home/dawson/miniconda3/envs/snc_dev/lib/python3.9/site-packages/airflow/example_dags/tutorial_objectstorage.py took 0.073 seconds
