[2026-03-01T20:50:12.055-0500] {taskinstance.py:1979} INFO - Dependencies all met for dep_context=non-requeueable deps ti=<TaskInstance: tutorial.templated scheduled__2026-03-01T00:00:00+00:00 [queued]>
[2026-03-01T20:50:12.058-0500] {taskinstance.py:1979} INFO - Dependencies all met for dep_context=requeueable deps ti=<TaskInstance: tutorial.templated scheduled__2026-03-01T00:00:00+00:00 [queued]>
[2026-03-01T20:50:12.059-0500] {taskinstance.py:2193} INFO - Starting attempt 1 of 2
[2026-03-01T20:50:12.065-0500] {taskinstance.py:2217} INFO - Executing <Task(BashOperator): templated> on 2026-03-01 00:00:00+00:00
[2026-03-01T20:50:12.067-0500] {standard_task_runner.py:60} INFO - Started process 25945 to run task
[2026-03-01T20:50:12.069-0500] {standard_task_runner.py:87} INFO - Running: ['airflow', 'tasks', 'run', 'tutorial', 'templated', 'scheduled__2026-03-01T00:00:00+00:00', '--job-id', '32', '--raw', '--subdir', 'DAGS_FOLDER/test_dag.py', '--cfg-path', '/tmp/tmpjoirufn1']
[2026-03-01T20:50:12.070-0500] {standard_task_runner.py:88} INFO - Job 32: Subtask templated
[2026-03-01T20:50:12.091-0500] {task_command.py:423} INFO - Running <TaskInstance: tutorial.templated scheduled__2026-03-01T00:00:00+00:00 [running]> on host dawson-ubuntu
[2026-03-01T20:50:12.124-0500] {taskinstance.py:2513} INFO - Exporting env vars: AIRFLOW_CTX_DAG_EMAIL='airflow@example.com' AIRFLOW_CTX_DAG_OWNER='airflow' AIRFLOW_CTX_DAG_ID='tutorial' AIRFLOW_CTX_TASK_ID='templated' AIRFLOW_CTX_EXECUTION_DATE='2026-03-01T00:00:00+00:00' AIRFLOW_CTX_TRY_NUMBER='1' AIRFLOW_CTX_DAG_RUN_ID='scheduled__2026-03-01T00:00:00+00:00'
[2026-03-01T20:50:12.125-0500] {subprocess.py:63} INFO - Tmp dir root location: /tmp
[2026-03-01T20:50:12.125-0500] {subprocess.py:75} INFO - Running command: ['/usr/bin/bash', '-c', '\n\n    echo "2026-03-01"\n    echo "2026-03-08"\n\n    echo "2026-03-01"\n    echo "2026-03-08"\n\n    echo "2026-03-01"\n    echo "2026-03-08"\n\n    echo "2026-03-01"\n    echo "2026-03-08"\n\n    echo "2026-03-01"\n    echo "2026-03-08"\n']
[2026-03-01T20:50:12.132-0500] {subprocess.py:86} INFO - Output:
[2026-03-01T20:50:12.133-0500] {subprocess.py:93} INFO - 2026-03-01
[2026-03-01T20:50:12.134-0500] {subprocess.py:93} INFO - 2026-03-08
[2026-03-01T20:50:12.134-0500] {subprocess.py:93} INFO - 2026-03-01
[2026-03-01T20:50:12.134-0500] {subprocess.py:93} INFO - 2026-03-08
[2026-03-01T20:50:12.134-0500] {subprocess.py:93} INFO - 2026-03-01
[2026-03-01T20:50:12.134-0500] {subprocess.py:93} INFO - 2026-03-08
[2026-03-01T20:50:12.134-0500] {subprocess.py:93} INFO - 2026-03-01
[2026-03-01T20:50:12.134-0500] {subprocess.py:93} INFO - 2026-03-08
[2026-03-01T20:50:12.134-0500] {subprocess.py:93} INFO - 2026-03-01
[2026-03-01T20:50:12.134-0500] {subprocess.py:93} INFO - 2026-03-08
[2026-03-01T20:50:12.134-0500] {subprocess.py:97} INFO - Command exited with return code 0
[2026-03-01T20:50:12.144-0500] {taskinstance.py:1149} INFO - Marking task as SUCCESS. dag_id=tutorial, task_id=templated, execution_date=20260301T000000, start_date=20260302T015012, end_date=20260302T015012
[2026-03-01T20:50:12.161-0500] {local_task_job_runner.py:234} INFO - Task exited with return code 0
[2026-03-01T20:50:12.168-0500] {taskinstance.py:3312} INFO - 0 downstream tasks scheduled from follow-on schedule check
