[2026-03-01T17:49:48.090-0500] {taskinstance.py:1979} INFO - Dependencies all met for dep_context=non-requeueable deps ti=<TaskInstance: tutorial.print_date scheduled__2026-02-28T00:00:00+00:00 [queued]>
[2026-03-01T17:49:48.094-0500] {taskinstance.py:1979} INFO - Dependencies all met for dep_context=requeueable deps ti=<TaskInstance: tutorial.print_date scheduled__2026-02-28T00:00:00+00:00 [queued]>
[2026-03-01T17:49:48.094-0500] {taskinstance.py:2193} INFO - Starting attempt 2 of 2
[2026-03-01T17:49:48.102-0500] {taskinstance.py:2217} INFO - Executing <Task(BashOperator): print_date> on 2026-02-28 00:00:00+00:00
[2026-03-01T17:49:48.105-0500] {standard_task_runner.py:60} INFO - Started process 10152 to run task
[2026-03-01T17:49:48.107-0500] {standard_task_runner.py:87} INFO - Running: ['airflow', 'tasks', 'run', 'tutorial', 'print_date', 'scheduled__2026-02-28T00:00:00+00:00', '--job-id', '19', '--raw', '--subdir', 'DAGS_FOLDER/test_dag.py', '--cfg-path', '/tmp/tmp8dldunbe']
[2026-03-01T17:49:48.108-0500] {standard_task_runner.py:88} INFO - Job 19: Subtask print_date
[2026-03-01T17:49:48.127-0500] {task_command.py:423} INFO - Running <TaskInstance: tutorial.print_date scheduled__2026-02-28T00:00:00+00:00 [running]> on host dawson-ubuntu
[2026-03-01T17:49:48.152-0500] {taskinstance.py:2513} INFO - Exporting env vars: AIRFLOW_CTX_DAG_EMAIL='airflow@example.com' AIRFLOW_CTX_DAG_OWNER='airflow' AIRFLOW_CTX_DAG_ID='tutorial' AIRFLOW_CTX_TASK_ID='print_date' AIRFLOW_CTX_EXECUTION_DATE='2026-02-28T00:00:00+00:00' AIRFLOW_CTX_TRY_NUMBER='2' AIRFLOW_CTX_DAG_RUN_ID='scheduled__2026-02-28T00:00:00+00:00'
[2026-03-01T17:49:48.153-0500] {subprocess.py:63} INFO - Tmp dir root location: /tmp
[2026-03-01T17:49:48.153-0500] {subprocess.py:75} INFO - Running command: ['/usr/bin/bash', '-c', 'todate']
[2026-03-01T17:49:48.158-0500] {subprocess.py:86} INFO - Output:
[2026-03-01T17:49:48.159-0500] {subprocess.py:93} INFO - /usr/bin/bash: line 1: todate: command not found
[2026-03-01T17:49:48.159-0500] {subprocess.py:97} INFO - Command exited with return code 127
[2026-03-01T17:49:48.163-0500] {taskinstance.py:2731} ERROR - Task failed with exception
Traceback (most recent call last):
  File "/home/dawson/miniconda3/envs/snc_dev/lib/python3.9/site-packages/airflow/models/taskinstance.py", line 444, in _execute_task
    result = _execute_callable(context=context, **execute_callable_kwargs)
  File "/home/dawson/miniconda3/envs/snc_dev/lib/python3.9/site-packages/airflow/models/taskinstance.py", line 414, in _execute_callable
    return execute_callable(context=context, **execute_callable_kwargs)
  File "/home/dawson/miniconda3/envs/snc_dev/lib/python3.9/site-packages/airflow/operators/bash.py", line 212, in execute
    raise AirflowException(
airflow.exceptions.AirflowException: Bash command failed. The command returned a non-zero exit code 127.
[2026-03-01T17:49:48.165-0500] {taskinstance.py:1149} INFO - Marking task as FAILED. dag_id=tutorial, task_id=print_date, execution_date=20260228T000000, start_date=20260301T224948, end_date=20260301T224948
[2026-03-01T17:49:48.171-0500] {standard_task_runner.py:107} ERROR - Failed to execute job 19 for task print_date (Bash command failed. The command returned a non-zero exit code 127.; 10152)
[2026-03-01T17:49:48.199-0500] {local_task_job_runner.py:234} INFO - Task exited with return code 1
[2026-03-01T17:49:48.208-0500] {taskinstance.py:3312} INFO - 0 downstream tasks scheduled from follow-on schedule check
