[2026-03-01T18:12:05.192-0500] {taskinstance.py:1979} INFO - Dependencies all met for dep_context=non-requeueable deps ti=<TaskInstance: tutorial.templated manual__2026-03-01T23:06:55.495535+00:00 [queued]>
[2026-03-01T18:12:05.196-0500] {taskinstance.py:1979} INFO - Dependencies all met for dep_context=requeueable deps ti=<TaskInstance: tutorial.templated manual__2026-03-01T23:06:55.495535+00:00 [queued]>
[2026-03-01T18:12:05.196-0500] {taskinstance.py:2193} INFO - Starting attempt 1 of 2
[2026-03-01T18:12:05.206-0500] {taskinstance.py:2217} INFO - Executing <Task(BashOperator): templated> on 2026-03-01 23:06:55.495535+00:00
[2026-03-01T18:12:05.209-0500] {standard_task_runner.py:60} INFO - Started process 16346 to run task
[2026-03-01T18:12:05.212-0500] {standard_task_runner.py:87} INFO - Running: ['airflow', 'tasks', 'run', 'tutorial', 'templated', 'manual__2026-03-01T23:06:55.495535+00:00', '--job-id', '27', '--raw', '--subdir', 'DAGS_FOLDER/test_dag.py', '--cfg-path', '/tmp/tmpx9lm7hvx']
[2026-03-01T18:12:05.212-0500] {standard_task_runner.py:88} INFO - Job 27: Subtask templated
[2026-03-01T18:12:05.232-0500] {task_command.py:423} INFO - Running <TaskInstance: tutorial.templated manual__2026-03-01T23:06:55.495535+00:00 [running]> on host dawson-ubuntu
[2026-03-01T18:12:05.266-0500] {taskinstance.py:2513} INFO - Exporting env vars: AIRFLOW_CTX_DAG_EMAIL='airflow@example.com' AIRFLOW_CTX_DAG_OWNER='airflow' AIRFLOW_CTX_DAG_ID='tutorial' AIRFLOW_CTX_TASK_ID='templated' AIRFLOW_CTX_EXECUTION_DATE='2026-03-01T23:06:55.495535+00:00' AIRFLOW_CTX_TRY_NUMBER='1' AIRFLOW_CTX_DAG_RUN_ID='manual__2026-03-01T23:06:55.495535+00:00'
[2026-03-01T18:12:05.267-0500] {subprocess.py:63} INFO - Tmp dir root location: /tmp
[2026-03-01T18:12:05.267-0500] {subprocess.py:75} INFO - Running command: ['/usr/bin/bash', '-c', '\n\n    echo "2026-03-01"\n    echo "2026-03-08"\n\n    echo "2026-03-01"\n    echo "2026-03-08"\n\n    echo "2026-03-01"\n    echo "2026-03-08"\n\n    echo "2026-03-01"\n    echo "2026-03-08"\n\n    echo "2026-03-01"\n    echo "2026-03-08"\n']
[2026-03-01T18:12:05.272-0500] {subprocess.py:86} INFO - Output:
[2026-03-01T18:12:05.273-0500] {subprocess.py:93} INFO - 2026-03-01
[2026-03-01T18:12:05.273-0500] {subprocess.py:93} INFO - 2026-03-08
[2026-03-01T18:12:05.273-0500] {subprocess.py:93} INFO - 2026-03-01
[2026-03-01T18:12:05.273-0500] {subprocess.py:93} INFO - 2026-03-08
[2026-03-01T18:12:05.273-0500] {subprocess.py:93} INFO - 2026-03-01
[2026-03-01T18:12:05.273-0500] {subprocess.py:93} INFO - 2026-03-08
[2026-03-01T18:12:05.273-0500] {subprocess.py:93} INFO - 2026-03-01
[2026-03-01T18:12:05.273-0500] {subprocess.py:93} INFO - 2026-03-08
[2026-03-01T18:12:05.273-0500] {subprocess.py:93} INFO - 2026-03-01
[2026-03-01T18:12:05.273-0500] {subprocess.py:93} INFO - 2026-03-08
[2026-03-01T18:12:05.273-0500] {subprocess.py:97} INFO - Command exited with return code 0
[2026-03-01T18:12:05.282-0500] {taskinstance.py:1149} INFO - Marking task as SUCCESS. dag_id=tutorial, task_id=templated, execution_date=20260301T230655, start_date=20260301T231205, end_date=20260301T231205
[2026-03-01T18:12:05.303-0500] {local_task_job_runner.py:234} INFO - Task exited with return code 0
[2026-03-01T18:12:05.310-0500] {taskinstance.py:3312} INFO - 0 downstream tasks scheduled from follow-on schedule check
