[2026-03-01T18:06:57.029-0500] {taskinstance.py:1979} INFO - Dependencies all met for dep_context=non-requeueable deps ti=<TaskInstance: tutorial.print_date manual__2026-03-01T23:06:55.495535+00:00 [queued]>
[2026-03-01T18:06:57.033-0500] {taskinstance.py:1979} INFO - Dependencies all met for dep_context=requeueable deps ti=<TaskInstance: tutorial.print_date manual__2026-03-01T23:06:55.495535+00:00 [queued]>
[2026-03-01T18:06:57.033-0500] {taskinstance.py:2193} INFO - Starting attempt 1 of 2
[2026-03-01T18:06:57.039-0500] {taskinstance.py:2217} INFO - Executing <Task(BashOperator): print_date> on 2026-03-01 23:06:55.495535+00:00
[2026-03-01T18:06:57.042-0500] {standard_task_runner.py:60} INFO - Started process 12567 to run task
[2026-03-01T18:06:57.044-0500] {standard_task_runner.py:87} INFO - Running: ['airflow', 'tasks', 'run', 'tutorial', 'print_date', 'manual__2026-03-01T23:06:55.495535+00:00', '--job-id', '24', '--raw', '--subdir', 'DAGS_FOLDER/test_dag.py', '--cfg-path', '/tmp/tmp54xn9gan']
[2026-03-01T18:06:57.045-0500] {standard_task_runner.py:88} INFO - Job 24: Subtask print_date
[2026-03-01T18:06:57.065-0500] {task_command.py:423} INFO - Running <TaskInstance: tutorial.print_date manual__2026-03-01T23:06:55.495535+00:00 [running]> on host dawson-ubuntu
[2026-03-01T18:06:57.095-0500] {taskinstance.py:2513} INFO - Exporting env vars: AIRFLOW_CTX_DAG_EMAIL='airflow@example.com' AIRFLOW_CTX_DAG_OWNER='airflow' AIRFLOW_CTX_DAG_ID='tutorial' AIRFLOW_CTX_TASK_ID='print_date' AIRFLOW_CTX_EXECUTION_DATE='2026-03-01T23:06:55.495535+00:00' AIRFLOW_CTX_TRY_NUMBER='1' AIRFLOW_CTX_DAG_RUN_ID='manual__2026-03-01T23:06:55.495535+00:00'
[2026-03-01T18:06:57.096-0500] {subprocess.py:63} INFO - Tmp dir root location: /tmp
[2026-03-01T18:06:57.096-0500] {subprocess.py:75} INFO - Running command: ['/usr/bin/bash', '-c', 'todate']
[2026-03-01T18:06:57.102-0500] {subprocess.py:86} INFO - Output:
[2026-03-01T18:06:57.105-0500] {subprocess.py:93} INFO - /usr/bin/bash: line 1: todate: command not found
[2026-03-01T18:06:57.105-0500] {subprocess.py:97} INFO - Command exited with return code 127
[2026-03-01T18:06:57.109-0500] {taskinstance.py:2731} ERROR - Task failed with exception
Traceback (most recent call last):
  File "/home/dawson/miniconda3/envs/snc_dev/lib/python3.9/site-packages/airflow/models/taskinstance.py", line 444, in _execute_task
    result = _execute_callable(context=context, **execute_callable_kwargs)
  File "/home/dawson/miniconda3/envs/snc_dev/lib/python3.9/site-packages/airflow/models/taskinstance.py", line 414, in _execute_callable
    return execute_callable(context=context, **execute_callable_kwargs)
  File "/home/dawson/miniconda3/envs/snc_dev/lib/python3.9/site-packages/airflow/operators/bash.py", line 212, in execute
    raise AirflowException(
airflow.exceptions.AirflowException: Bash command failed. The command returned a non-zero exit code 127.
[2026-03-01T18:06:57.111-0500] {taskinstance.py:1149} INFO - Marking task as UP_FOR_RETRY. dag_id=tutorial, task_id=print_date, execution_date=20260301T230655, start_date=20260301T230657, end_date=20260301T230657
[2026-03-01T18:06:57.118-0500] {standard_task_runner.py:107} ERROR - Failed to execute job 24 for task print_date (Bash command failed. The command returned a non-zero exit code 127.; 12567)
[2026-03-01T18:06:57.136-0500] {local_task_job_runner.py:234} INFO - Task exited with return code 1
[2026-03-01T18:06:57.145-0500] {taskinstance.py:3312} INFO - 0 downstream tasks scheduled from follow-on schedule check
